                                      1 ;--------------------------------------------------------
                                      2 ; File Created by SDCC : free open source ISO C Compiler 
                                      3 ; Version 4.4.0 #14620 (MINGW64)
                                      4 ;--------------------------------------------------------
                                      5 	.module main
                                      6 	.optsdcc -mstm8
                                      7 	
                                      8 ;--------------------------------------------------------
                                      9 ; Public variables in this module
                                     10 ;--------------------------------------------------------
                                     11 	.globl _main
                                     12 	.globl _usb_tx
                                     13 ;--------------------------------------------------------
                                     14 ; ram data
                                     15 ;--------------------------------------------------------
                                     16 	.area DATA
                                     17 ;--------------------------------------------------------
                                     18 ; ram data
                                     19 ;--------------------------------------------------------
                                     20 	.area INITIALIZED
                                     21 ;--------------------------------------------------------
                                     22 ; Stack segment in internal ram
                                     23 ;--------------------------------------------------------
                                     24 	.area SSEG
      000000                         25 __start__stack:
      000000                         26 	.ds	1
                                     27 
                                     28 ;--------------------------------------------------------
                                     29 ; absolute external ram data
                                     30 ;--------------------------------------------------------
                                     31 	.area DABS (ABS)
                                     32 
                                     33 ; default segment ordering for linker
                                     34 	.area HOME
                                     35 	.area GSINIT
                                     36 	.area GSFINAL
                                     37 	.area CONST
                                     38 	.area INITIALIZER
                                     39 	.area CODE
                                     40 
                                     41 ;--------------------------------------------------------
                                     42 ; interrupt vector
                                     43 ;--------------------------------------------------------
                                     44 	.area HOME
      000000                         45 __interrupt_vect:
      000000 82v00u00u00             46 	int s_GSINIT ; reset
                                     47 ;--------------------------------------------------------
                                     48 ; global & static initialisations
                                     49 ;--------------------------------------------------------
                                     50 	.area HOME
                                     51 	.area GSINIT
                                     52 	.area GSFINAL
                                     53 	.area GSINIT
      000000 CDr00r00         [ 4]   54 	call	___sdcc_external_startup
      000003 4D               [ 1]   55 	tnz	a
      000004 27 03            [ 1]   56 	jreq	__sdcc_init_data
      000006 CCr00r04         [ 2]   57 	jp	__sdcc_program_startup
      000009                         58 __sdcc_init_data:
                                     59 ; stm8_genXINIT() start
      000009 AEr00r00         [ 2]   60 	ldw x, #l_DATA
      00000C 27 07            [ 1]   61 	jreq	00002$
      00000E                         62 00001$:
      00000E 72 4FuFFuFF      [ 1]   63 	clr (s_DATA - 1, x)
      000012 5A               [ 2]   64 	decw x
      000013 26 F9            [ 1]   65 	jrne	00001$
      000015                         66 00002$:
      000015 AEr00r00         [ 2]   67 	ldw	x, #l_INITIALIZER
      000018 27 09            [ 1]   68 	jreq	00004$
      00001A                         69 00003$:
      00001A D6uFFuFF         [ 1]   70 	ld	a, (s_INITIALIZER - 1, x)
      00001D D7uFFuFF         [ 1]   71 	ld	(s_INITIALIZED - 1, x), a
      000020 5A               [ 2]   72 	decw	x
      000021 26 F7            [ 1]   73 	jrne	00003$
      000023                         74 00004$:
                                     75 ; stm8_genXINIT() end
                                     76 	.area GSFINAL
      000000 CCr00r04         [ 2]   77 	jp	__sdcc_program_startup
                                     78 ;--------------------------------------------------------
                                     79 ; Home
                                     80 ;--------------------------------------------------------
                                     81 	.area HOME
                                     82 	.area HOME
      000004                         83 __sdcc_program_startup:
      000004 CCr00r00         [ 2]   84 	jp	_main
                                     85 ;	return from main will return to caller
                                     86 ;--------------------------------------------------------
                                     87 ; code
                                     88 ;--------------------------------------------------------
                                     89 	.area CODE
                                     90 ;	main.c: 3: void main(void)
                                     91 ;	-----------------------------------------
                                     92 ;	 function main
                                     93 ;	-----------------------------------------
      000000                         94 _main:
                                     95 ;	main.c: 5: while (1)
      000000                         96 00102$:
                                     97 ;	main.c: 7: usb_tx();
      000000 CDr00r00         [ 4]   98 	call	_usb_tx
      000003 20 FB            [ 2]   99 	jra	00102$
                                    100 ;	main.c: 10: }
      000005 81               [ 4]  101 	ret
                                    102 	.area CODE
                                    103 	.area CONST
                                    104 	.area INITIALIZER
                                    105 	.area CABS (ABS)
