No errors on assembly of 'd:\project\stm8_usb\simulate\mapping.asm'
No errors on assembly of 'd:\project\stm8_usb\simulate\mapping.asm'
No errors on assembly of 'd:\project\stm8_usb\simulate\mapping.asm'
No errors on assembly of 'd:\project\stm8_usb\simulate\main.asm'
No errors on assembly of 'd:\project\stm8_usb\simulate\main.asm'
No errors on assembly of 'd:\project\stm8_usb\simulate\main.asm'
No errors on assembly of 'd:\project\stm8_usb\simulate\main.asm'
No errors on assembly of 'd:\project\stm8_usb\simulate\main.asm'
No errors on assembly of 'd:\project\stm8_usb\simulate\main.asm'
No errors on assembly of 'd:\project\stm8_usb\simulate\main.asm'
No errors on assembly of 'd:\project\stm8_usb\simulate\main.asm'
No errors on assembly of 'd:\project\stm8_usb\simulate\main.asm'
No errors on assembly of 'd:\project\stm8_usb\simulate\main.asm'
No errors on assembly of 'd:\project\stm8_usb\simulate\mapping.asm'
No errors on assembly of 'd:\project\stm8_usb\simulate\mapping.asm'
No errors on assembly of 'd:\project\stm8_usb\simulate\mapping.asm'
No errors on assembly of 'd:\project\stm8_usb\simulate\mapping.asm'
No errors on assembly of 'd:\project\stm8_usb\simulate\main.asm'
No errors on assembly of 'd:\project\stm8_usb\simulate\main.asm'
No errors on assembly of 'd:\project\stm8_usb\simulate\main.asm'
No errors on assembly of 'd:\project\stm8_usb\simulate\main.asm'
No errors on assembly of 'd:\project\stm8_usb\simulate\main.asm'
No errors on assembly of 'd:\project\stm8_usb\simulate\main.asm'
No errors on assembly of 'd:\project\stm8_usb\simulate\main.asm'
No errors on assembly of 'd:\project\stm8_usb\simulate\main.asm'
No errors on assembly of 'd:\project\stm8_usb\simulate\main.asm'
No errors on assembly of 'd:\project\stm8_usb\simulate\main.asm'
No errors on assembly of 'd:\project\stm8_usb\simulate\main.asm'
No errors on assembly of 'd:\project\stm8_usb\simulate\main.asm'
No errors on assembly of 'd:\project\stm8_usb\simulate\main.asm'
No errors on assembly of 'd:\project\stm8_usb\simulate\main.asm'
No errors on assembly of 'd:\project\stm8_usb\simulate\main.asm'
d:\project\stm8_usb\simulate\main.asm(153): as1 : Error 54: Can't match Addressing mode '	cp var3 #$00'
1 error on assembly of 'd:\project\stm8_usb\simulate\main.asm'
d:\project\stm8_usb\simulate\main.asm(153): as1 : Error 54: Can't match Addressing mode '	cp var3 #$00'
1 error on assembly of 'd:\project\stm8_usb\simulate\main.asm'
d:\project\stm8_usb\simulate\main.asm(153): as1 : Error 54: Can't match Addressing mode '	cp var3 #$00'
1 error on assembly of 'd:\project\stm8_usb\simulate\main.asm'
d:\project\stm8_usb\simulate\main.asm(153): as1 : Error 54: Can't match Addressing mode '	cp var3 #$00'
1 error on assembly of 'd:\project\stm8_usb\simulate\main.asm'
d:\project\stm8_usb\simulate\main.asm(153): as1 : Error 54: Can't match Addressing mode '	cp var3 #$00'
1 error on assembly of 'd:\project\stm8_usb\simulate\main.asm'
d:\project\stm8_usb\simulate\main.asm(153): as1 : Error 54: Can't match Addressing mode '	cp var3 #$00'
1 error on assembly of 'd:\project\stm8_usb\simulate\main.asm'
d:\project\stm8_usb\simulate\main.asm(153): as1 : Error 54: Can't match Addressing mode '	cp var3 #$00'
1 error on assembly of 'd:\project\stm8_usb\simulate\main.asm'
No errors on assembly of 'd:\project\stm8_usb\simulate\main.asm'
No errors on assembly of 'd:\project\stm8_usb\simulate\main.asm'
d:\project\stm8_usb\simulate\main.asm(149): as1 : Error 54: Can't match Addressing mode '	inc xl;2'
1 error on assembly of 'd:\project\stm8_usb\simulate\main.asm'
d:\project\stm8_usb\simulate\main.asm(149): as1 : Error 54: Can't match Addressing mode '	inc xl;2'
1 error on assembly of 'd:\project\stm8_usb\simulate\main.asm'
d:\project\stm8_usb\simulate\main.asm(149): as1 : Error 54: Can't match Addressing mode '	inc XL;2'
1 error on assembly of 'd:\project\stm8_usb\simulate\main.asm'
d:\project\stm8_usb\simulate\main.asm(149): as1 : Error 54: Can't match Addressing mode '	inc XL;2'
1 error on assembly of 'd:\project\stm8_usb\simulate\main.asm'
d:\project\stm8_usb\simulate\main.asm(149): as1 : Error 54: Can't match Addressing mode '	inc X;2'
1 error on assembly of 'd:\project\stm8_usb\simulate\main.asm'
d:\project\stm8_usb\simulate\main.asm(149): as1 : Error 54: Can't match Addressing mode '	inc X;2'
1 error on assembly of 'd:\project\stm8_usb\simulate\main.asm'
No errors on assembly of 'd:\project\stm8_usb\simulate\main.asm'
No errors on assembly of 'd:\project\stm8_usb\simulate\main.asm'
No errors on assembly of 'd:\project\stm8_usb\simulate\main.asm'
No errors on assembly of 'd:\project\stm8_usb\simulate\main.asm'
No errors on assembly of 'd:\project\stm8_usb\simulate\main.asm'
No errors on assembly of 'd:\project\stm8_usb\simulate\main.asm'
No errors on assembly of 'd:\project\stm8_usb\simulate\main.asm'
No errors on assembly of 'd:\project\stm8_usb\simulate\main.asm'
No errors on assembly of 'd:\project\stm8_usb\simulate\main.asm'
No errors on assembly of 'd:\project\stm8_usb\simulate\main.asm'
No errors on assembly of 'd:\project\stm8_usb\simulate\main.asm'
No errors on assembly of 'd:\project\stm8_usb\simulate\main.asm'
No errors on assembly of 'd:\project\stm8_usb\simulate\main.asm'
No errors on assembly of 'd:\project\stm8_usb\simulate\main.asm'
No errors on assembly of 'd:\project\stm8_usb\simulate\main.asm'
No errors on assembly of 'd:\project\stm8_usb\simulate\main.asm'
d:\project\stm8_usb\simulate\main.asm(157): as1 : Error 54: Can't match Addressing mode '	rrc	(#var4,x)'
1 error on assembly of 'd:\project\stm8_usb\simulate\main.asm'
d:\project\stm8_usb\simulate\main.asm(157): as1 : Error 54: Can't match Addressing mode '	rrc	(#var4,x)'
1 error on assembly of 'd:\project\stm8_usb\simulate\main.asm'
d:\project\stm8_usb\simulate\main.asm(157): as1 : Error 54: Can't match Addressing mode '	rrc	(#var4,x)'
1 error on assembly of 'd:\project\stm8_usb\simulate\main.asm'
d:\project\stm8_usb\simulate\main.asm(157): as1 : Error 53: missing hex number 'var4,x)'
1 error on assembly of 'd:\project\stm8_usb\simulate\main.asm'
d:\project\stm8_usb\simulate\main.asm(157): as1 : Error 53: missing hex number 'var4,x)'
1 error on assembly of 'd:\project\stm8_usb\simulate\main.asm'
d:\project\stm8_usb\simulate\main.asm(157): as1 : Error 53: missing hex number 'var4,x)'
1 error on assembly of 'd:\project\stm8_usb\simulate\main.asm'
No errors on assembly of 'd:\project\stm8_usb\simulate\main.asm'
No errors on assembly of 'd:\project\stm8_usb\simulate\main.asm'
No errors on assembly of 'd:\project\stm8_usb\simulate\main.asm'
d:\project\stm8_usb\simulate\main.asm(327): as1 : Error 54: Can't match Addressing mode '	ld	var4,#6;a寄存器专门做6次1的计数,减到0的时候通过z来判断1tick'
1 error on assembly of 'd:\project\stm8_usb\simulate\main.asm'
d:\project\stm8_usb\simulate\main.asm(327): as1 : Error 54: Can't match Addressing mode '	ld	var4,#6;a寄存器专门做6次1的计数,减到0的时候通过z来判断1tick'
1 error on assembly of 'd:\project\stm8_usb\simulate\main.asm'
d:\project\stm8_usb\simulate\main.asm(327): as1 : Error 54: Can't match Addressing mode '	ld	var4,#6;a寄存器专门做6次1的计数,减到0的时候通过z来判断1tick'
1 error on assembly of 'd:\project\stm8_usb\simulate\main.asm'
No errors on assembly of 'd:\project\stm8_usb\simulate\main.asm'
No errors on assembly of 'd:\project\stm8_usb\simulate\main.asm'
No errors on assembly of 'd:\project\stm8_usb\simulate\main.asm'
