                                      1 ;--------------------------------------------------------
                                      2 ; File Created by SDCC : free open source ISO C Compiler 
                                      3 ; Version 4.4.0 #14620 (MINGW64)
                                      4 ;--------------------------------------------------------
                                      5 	.module stm8s_wwdg
                                      6 	.optsdcc -mstm8
                                      7 	
                                      8 ;--------------------------------------------------------
                                      9 ; Public variables in this module
                                     10 ;--------------------------------------------------------
                                     11 	.globl _assert_failed
                                     12 	.globl _WWDG_Init
                                     13 	.globl _WWDG_SetCounter
                                     14 	.globl _WWDG_GetCounter
                                     15 	.globl _WWDG_SWReset
                                     16 	.globl _WWDG_SetWindowValue
                                     17 ;--------------------------------------------------------
                                     18 ; ram data
                                     19 ;--------------------------------------------------------
                                     20 	.area DATA
                                     21 ;--------------------------------------------------------
                                     22 ; ram data
                                     23 ;--------------------------------------------------------
                                     24 	.area INITIALIZED
                                     25 ;--------------------------------------------------------
                                     26 ; absolute external ram data
                                     27 ;--------------------------------------------------------
                                     28 	.area DABS (ABS)
                                     29 
                                     30 ; default segment ordering for linker
                                     31 	.area HOME
                                     32 	.area GSINIT
                                     33 	.area GSFINAL
                                     34 	.area CONST
                                     35 	.area INITIALIZER
                                     36 	.area CODE
                                     37 
                                     38 ;--------------------------------------------------------
                                     39 ; global & static initialisations
                                     40 ;--------------------------------------------------------
                                     41 	.area HOME
                                     42 	.area GSINIT
                                     43 	.area GSFINAL
                                     44 	.area GSINIT
                                     45 ;--------------------------------------------------------
                                     46 ; Home
                                     47 ;--------------------------------------------------------
                                     48 	.area HOME
                                     49 	.area HOME
                                     50 ;--------------------------------------------------------
                                     51 ; code
                                     52 ;--------------------------------------------------------
                                     53 	.area CODE
                           000000    54 	Sstm8s_wwdg$WWDG_Init$0 ==.
                                     55 ;	./STM8S_StdPeriph_Lib/Libraries/STM8S_StdPeriph_Driver/src/stm8s_wwdg.c: 53: void WWDG_Init(uint8_t Counter, uint8_t WindowValue)
                                     56 ;	-----------------------------------------
                                     57 ;	 function WWDG_Init
                                     58 ;	-----------------------------------------
      000000                         59 _WWDG_Init:
                           000000    60 	Sstm8s_wwdg$WWDG_Init$1 ==.
      000000 88               [ 1]   61 	push	a
                           000001    62 	Sstm8s_wwdg$WWDG_Init$2 ==.
      000001 6B 01            [ 1]   63 	ld	(0x01, sp), a
                           000003    64 	Sstm8s_wwdg$WWDG_Init$3 ==.
                                     65 ;	./STM8S_StdPeriph_Lib/Libraries/STM8S_StdPeriph_Driver/src/stm8s_wwdg.c: 56: assert_param(IS_WWDG_WINDOWLIMITVALUE_OK(WindowValue));
      000003 7B 04            [ 1]   66 	ld	a, (0x04, sp)
      000005 A1 7F            [ 1]   67 	cp	a, #0x7f
      000007 23 0C            [ 2]   68 	jrule	00104$
      000009 4B 38            [ 1]   69 	push	#0x38
                           00000B    70 	Sstm8s_wwdg$WWDG_Init$4 ==.
      00000B 5F               [ 1]   71 	clrw	x
      00000C 89               [ 2]   72 	pushw	x
                           00000D    73 	Sstm8s_wwdg$WWDG_Init$5 ==.
      00000D 4B 00            [ 1]   74 	push	#0x00
                           00000F    75 	Sstm8s_wwdg$WWDG_Init$6 ==.
      00000F AEr00r00         [ 2]   76 	ldw	x, #(___str_0+0)
      000012 CDr00r00         [ 4]   77 	call	_assert_failed
                           000015    78 	Sstm8s_wwdg$WWDG_Init$7 ==.
      000015                         79 00104$:
                           000015    80 	Sstm8s_wwdg$WWDG_Init$8 ==.
                                     81 ;	./STM8S_StdPeriph_Lib/Libraries/STM8S_StdPeriph_Driver/src/stm8s_wwdg.c: 58: WWDG->WR = WWDG_WR_RESET_VALUE;
      000015 35 7F 50 D2      [ 1]   82 	mov	0x50d2+0, #0x7f
                           000019    83 	Sstm8s_wwdg$WWDG_Init$9 ==.
                                     84 ;	./STM8S_StdPeriph_Lib/Libraries/STM8S_StdPeriph_Driver/src/stm8s_wwdg.c: 59: WWDG->CR = (uint8_t)((uint8_t)(WWDG_CR_WDGA | WWDG_CR_T6) | (uint8_t)Counter);
      000019 7B 01            [ 1]   85 	ld	a, (0x01, sp)
      00001B AA C0            [ 1]   86 	or	a, #0xc0
      00001D C7 50 D1         [ 1]   87 	ld	0x50d1, a
                           000020    88 	Sstm8s_wwdg$WWDG_Init$10 ==.
                                     89 ;	./STM8S_StdPeriph_Lib/Libraries/STM8S_StdPeriph_Driver/src/stm8s_wwdg.c: 60: WWDG->WR = (uint8_t)((uint8_t)(~WWDG_CR_WDGA) & (uint8_t)(WWDG_CR_T6 | WindowValue));
      000020 7B 04            [ 1]   90 	ld	a, (0x04, sp)
      000022 AA 40            [ 1]   91 	or	a, #0x40
      000024 A4 7F            [ 1]   92 	and	a, #0x7f
      000026 C7 50 D2         [ 1]   93 	ld	0x50d2, a
                           000029    94 	Sstm8s_wwdg$WWDG_Init$11 ==.
                                     95 ;	./STM8S_StdPeriph_Lib/Libraries/STM8S_StdPeriph_Driver/src/stm8s_wwdg.c: 61: }
      000029 84               [ 1]   96 	pop	a
                           00002A    97 	Sstm8s_wwdg$WWDG_Init$12 ==.
      00002A 85               [ 2]   98 	popw	x
                           00002B    99 	Sstm8s_wwdg$WWDG_Init$13 ==.
      00002B 84               [ 1]  100 	pop	a
                           00002C   101 	Sstm8s_wwdg$WWDG_Init$14 ==.
      00002C FC               [ 2]  102 	jp	(x)
                           00002D   103 	Sstm8s_wwdg$WWDG_Init$15 ==.
                           00002D   104 	Sstm8s_wwdg$WWDG_SetCounter$16 ==.
                                    105 ;	./STM8S_StdPeriph_Lib/Libraries/STM8S_StdPeriph_Driver/src/stm8s_wwdg.c: 69: void WWDG_SetCounter(uint8_t Counter)
                                    106 ;	-----------------------------------------
                                    107 ;	 function WWDG_SetCounter
                                    108 ;	-----------------------------------------
      00002D                        109 _WWDG_SetCounter:
                           00002D   110 	Sstm8s_wwdg$WWDG_SetCounter$17 ==.
                           00002D   111 	Sstm8s_wwdg$WWDG_SetCounter$18 ==.
                                    112 ;	./STM8S_StdPeriph_Lib/Libraries/STM8S_StdPeriph_Driver/src/stm8s_wwdg.c: 72: assert_param(IS_WWDG_COUNTERVALUE_OK(Counter));
      00002D A1 7F            [ 1]  113 	cp	a, #0x7f
      00002F 23 0E            [ 2]  114 	jrule	00104$
      000031 88               [ 1]  115 	push	a
                           000032   116 	Sstm8s_wwdg$WWDG_SetCounter$19 ==.
      000032 4B 48            [ 1]  117 	push	#0x48
                           000034   118 	Sstm8s_wwdg$WWDG_SetCounter$20 ==.
      000034 5F               [ 1]  119 	clrw	x
      000035 89               [ 2]  120 	pushw	x
                           000036   121 	Sstm8s_wwdg$WWDG_SetCounter$21 ==.
      000036 4B 00            [ 1]  122 	push	#0x00
                           000038   123 	Sstm8s_wwdg$WWDG_SetCounter$22 ==.
      000038 AEr00r00         [ 2]  124 	ldw	x, #(___str_0+0)
      00003B CDr00r00         [ 4]  125 	call	_assert_failed
                           00003E   126 	Sstm8s_wwdg$WWDG_SetCounter$23 ==.
      00003E 84               [ 1]  127 	pop	a
                           00003F   128 	Sstm8s_wwdg$WWDG_SetCounter$24 ==.
      00003F                        129 00104$:
                           00003F   130 	Sstm8s_wwdg$WWDG_SetCounter$25 ==.
                                    131 ;	./STM8S_StdPeriph_Lib/Libraries/STM8S_StdPeriph_Driver/src/stm8s_wwdg.c: 76: WWDG->CR = (uint8_t)(Counter & (uint8_t)BIT_MASK);
      00003F A4 7F            [ 1]  132 	and	a, #0x7f
      000041 C7 50 D1         [ 1]  133 	ld	0x50d1, a
                           000044   134 	Sstm8s_wwdg$WWDG_SetCounter$26 ==.
                                    135 ;	./STM8S_StdPeriph_Lib/Libraries/STM8S_StdPeriph_Driver/src/stm8s_wwdg.c: 77: }
                           000044   136 	Sstm8s_wwdg$WWDG_SetCounter$27 ==.
                           000044   137 	XG$WWDG_SetCounter$0$0 ==.
      000044 81               [ 4]  138 	ret
                           000045   139 	Sstm8s_wwdg$WWDG_SetCounter$28 ==.
                           000045   140 	Sstm8s_wwdg$WWDG_GetCounter$29 ==.
                                    141 ;	./STM8S_StdPeriph_Lib/Libraries/STM8S_StdPeriph_Driver/src/stm8s_wwdg.c: 86: uint8_t WWDG_GetCounter(void)
                                    142 ;	-----------------------------------------
                                    143 ;	 function WWDG_GetCounter
                                    144 ;	-----------------------------------------
      000045                        145 _WWDG_GetCounter:
                           000045   146 	Sstm8s_wwdg$WWDG_GetCounter$30 ==.
                           000045   147 	Sstm8s_wwdg$WWDG_GetCounter$31 ==.
                                    148 ;	./STM8S_StdPeriph_Lib/Libraries/STM8S_StdPeriph_Driver/src/stm8s_wwdg.c: 88: return(WWDG->CR);
      000045 C6 50 D1         [ 1]  149 	ld	a, 0x50d1
                           000048   150 	Sstm8s_wwdg$WWDG_GetCounter$32 ==.
                                    151 ;	./STM8S_StdPeriph_Lib/Libraries/STM8S_StdPeriph_Driver/src/stm8s_wwdg.c: 89: }
                           000048   152 	Sstm8s_wwdg$WWDG_GetCounter$33 ==.
                           000048   153 	XG$WWDG_GetCounter$0$0 ==.
      000048 81               [ 4]  154 	ret
                           000049   155 	Sstm8s_wwdg$WWDG_GetCounter$34 ==.
                           000049   156 	Sstm8s_wwdg$WWDG_SWReset$35 ==.
                                    157 ;	./STM8S_StdPeriph_Lib/Libraries/STM8S_StdPeriph_Driver/src/stm8s_wwdg.c: 96: void WWDG_SWReset(void)
                                    158 ;	-----------------------------------------
                                    159 ;	 function WWDG_SWReset
                                    160 ;	-----------------------------------------
      000049                        161 _WWDG_SWReset:
                           000049   162 	Sstm8s_wwdg$WWDG_SWReset$36 ==.
                           000049   163 	Sstm8s_wwdg$WWDG_SWReset$37 ==.
                                    164 ;	./STM8S_StdPeriph_Lib/Libraries/STM8S_StdPeriph_Driver/src/stm8s_wwdg.c: 98: WWDG->CR = WWDG_CR_WDGA; /* Activate WWDG, with clearing T6 */
      000049 35 80 50 D1      [ 1]  165 	mov	0x50d1+0, #0x80
                           00004D   166 	Sstm8s_wwdg$WWDG_SWReset$38 ==.
                                    167 ;	./STM8S_StdPeriph_Lib/Libraries/STM8S_StdPeriph_Driver/src/stm8s_wwdg.c: 99: }
                           00004D   168 	Sstm8s_wwdg$WWDG_SWReset$39 ==.
                           00004D   169 	XG$WWDG_SWReset$0$0 ==.
      00004D 81               [ 4]  170 	ret
                           00004E   171 	Sstm8s_wwdg$WWDG_SWReset$40 ==.
                           00004E   172 	Sstm8s_wwdg$WWDG_SetWindowValue$41 ==.
                                    173 ;	./STM8S_StdPeriph_Lib/Libraries/STM8S_StdPeriph_Driver/src/stm8s_wwdg.c: 108: void WWDG_SetWindowValue(uint8_t WindowValue)
                                    174 ;	-----------------------------------------
                                    175 ;	 function WWDG_SetWindowValue
                                    176 ;	-----------------------------------------
      00004E                        177 _WWDG_SetWindowValue:
                           00004E   178 	Sstm8s_wwdg$WWDG_SetWindowValue$42 ==.
                           00004E   179 	Sstm8s_wwdg$WWDG_SetWindowValue$43 ==.
                                    180 ;	./STM8S_StdPeriph_Lib/Libraries/STM8S_StdPeriph_Driver/src/stm8s_wwdg.c: 111: assert_param(IS_WWDG_WINDOWLIMITVALUE_OK(WindowValue));
      00004E A1 7F            [ 1]  181 	cp	a, #0x7f
      000050 23 0E            [ 2]  182 	jrule	00104$
      000052 88               [ 1]  183 	push	a
                           000053   184 	Sstm8s_wwdg$WWDG_SetWindowValue$44 ==.
      000053 4B 6F            [ 1]  185 	push	#0x6f
                           000055   186 	Sstm8s_wwdg$WWDG_SetWindowValue$45 ==.
      000055 5F               [ 1]  187 	clrw	x
      000056 89               [ 2]  188 	pushw	x
                           000057   189 	Sstm8s_wwdg$WWDG_SetWindowValue$46 ==.
      000057 4B 00            [ 1]  190 	push	#0x00
                           000059   191 	Sstm8s_wwdg$WWDG_SetWindowValue$47 ==.
      000059 AEr00r00         [ 2]  192 	ldw	x, #(___str_0+0)
      00005C CDr00r00         [ 4]  193 	call	_assert_failed
                           00005F   194 	Sstm8s_wwdg$WWDG_SetWindowValue$48 ==.
      00005F 84               [ 1]  195 	pop	a
                           000060   196 	Sstm8s_wwdg$WWDG_SetWindowValue$49 ==.
      000060                        197 00104$:
                           000060   198 	Sstm8s_wwdg$WWDG_SetWindowValue$50 ==.
                                    199 ;	./STM8S_StdPeriph_Lib/Libraries/STM8S_StdPeriph_Driver/src/stm8s_wwdg.c: 113: WWDG->WR = (uint8_t)((uint8_t)(~WWDG_CR_WDGA) & (uint8_t)(WWDG_CR_T6 | WindowValue));
      000060 AA 40            [ 1]  200 	or	a, #0x40
      000062 A4 7F            [ 1]  201 	and	a, #0x7f
      000064 C7 50 D2         [ 1]  202 	ld	0x50d2, a
                           000067   203 	Sstm8s_wwdg$WWDG_SetWindowValue$51 ==.
                                    204 ;	./STM8S_StdPeriph_Lib/Libraries/STM8S_StdPeriph_Driver/src/stm8s_wwdg.c: 114: }
                           000067   205 	Sstm8s_wwdg$WWDG_SetWindowValue$52 ==.
                           000067   206 	XG$WWDG_SetWindowValue$0$0 ==.
      000067 81               [ 4]  207 	ret
                           000068   208 	Sstm8s_wwdg$WWDG_SetWindowValue$53 ==.
                                    209 	.area CODE
                                    210 	.area CONST
                           000000   211 Fstm8s_wwdg$__str_0$0_0$0 == .
                                    212 	.area CONST
      000000                        213 ___str_0:
      000000 2E 2F 53 54 4D 38 53   214 	.ascii "./STM8S_StdPeriph_Lib/Libraries/STM8S_StdPeriph_Driver/src/s"
             5F 53 74 64 50 65 72
             69 70 68 5F 4C 69 62
             2F 4C 69 62 72 61 72
             69 65 73 2F 53 54 4D
             38 53 5F 53 74 64 50
             65 72 69 70 68 5F 44
             72 69 76 65 72 2F 73
             72 63 2F 73
      00003C 74 6D 38 73 5F 77 77   215 	.ascii "tm8s_wwdg.c"
             64 67 2E 63
      000047 00                     216 	.db 0x00
                                    217 	.area CODE
                                    218 	.area INITIALIZER
                                    219 	.area CABS (ABS)
                                    220 
                                    221 	.area .debug_line (NOLOAD)
      000000 00 00 01 9E            222 	.dw	0,Ldebug_line_end-Ldebug_line_start
      000004                        223 Ldebug_line_start:
      000004 00 02                  224 	.dw	2
      000006 00 00 00 B5            225 	.dw	0,Ldebug_line_stmt-6-Ldebug_line_start
      00000A 01                     226 	.db	1
      00000B 01                     227 	.db	1
      00000C FB                     228 	.db	-5
      00000D 0F                     229 	.db	15
      00000E 0A                     230 	.db	10
      00000F 00                     231 	.db	0
      000010 01                     232 	.db	1
      000011 01                     233 	.db	1
      000012 01                     234 	.db	1
      000013 01                     235 	.db	1
      000014 00                     236 	.db	0
      000015 00                     237 	.db	0
      000016 00                     238 	.db	0
      000017 01                     239 	.db	1
      000018 44 3A 5C 5C 53 6F 66   240 	.ascii "D:\\Software\\Work\\SDCC\\bin\\..\\include\\stm8"
             74 77 61 72 65 5C 5C
             57 6F 72 6B 5C 5C 53
             44 43 43 5C 08 69 6E
             5C 5C 2E 2E 5C 5C 69
             6E 63 6C 75 64 65 5C
             5C 73 74 6D 38
      000047 00                     241 	.db	0
      000048 44 3A 5C 5C 53 6F 66   242 	.ascii "D:\\Software\\Work\\SDCC\\bin\\..\\include"
             74 77 61 72 65 5C 5C
             57 6F 72 6B 5C 5C 53
             44 43 43 5C 08 69 6E
             5C 5C 2E 2E 5C 5C 69
             6E 63 6C 75 64 65
      000071 00                     243 	.db	0
      000072 00                     244 	.db	0
      000073 2E 2F 53 54 4D 38 53   245 	.ascii "./STM8S_StdPeriph_Lib/Libraries/STM8S_StdPeriph_Driver/src/stm8s_wwdg.c"
             5F 53 74 64 50 65 72
             69 70 68 5F 4C 69 62
             2F 4C 69 62 72 61 72
             69 65 73 2F 53 54 4D
             38 53 5F 53 74 64 50
             65 72 69 70 68 5F 44
             72 69 76 65 72 2F 73
             72 63 2F 73 74 6D 38
             73 5F 77 77 64 67 2E
             63
      0000BA 00                     246 	.db	0
      0000BB 00                     247 	.uleb128	0
      0000BC 00                     248 	.uleb128	0
      0000BD 00                     249 	.uleb128	0
      0000BE 00                     250 	.db	0
      0000BF                        251 Ldebug_line_stmt:
      0000BF 00                     252 	.db	0
      0000C0 05                     253 	.uleb128	5
      0000C1 02                     254 	.db	2
      0000C2 00 00r00r00            255 	.dw	0,(Sstm8s_wwdg$WWDG_Init$0)
      0000C6 03                     256 	.db	3
      0000C7 34                     257 	.sleb128	52
      0000C8 01                     258 	.db	1
      0000C9 00                     259 	.db	0
      0000CA 05                     260 	.uleb128	5
      0000CB 02                     261 	.db	2
      0000CC 00 00r00r03            262 	.dw	0,(Sstm8s_wwdg$WWDG_Init$3)
      0000D0 03                     263 	.db	3
      0000D1 03                     264 	.sleb128	3
      0000D2 01                     265 	.db	1
      0000D3 00                     266 	.db	0
      0000D4 05                     267 	.uleb128	5
      0000D5 02                     268 	.db	2
      0000D6 00 00r00r15            269 	.dw	0,(Sstm8s_wwdg$WWDG_Init$8)
      0000DA 03                     270 	.db	3
      0000DB 02                     271 	.sleb128	2
      0000DC 01                     272 	.db	1
      0000DD 00                     273 	.db	0
      0000DE 05                     274 	.uleb128	5
      0000DF 02                     275 	.db	2
      0000E0 00 00r00r19            276 	.dw	0,(Sstm8s_wwdg$WWDG_Init$9)
      0000E4 03                     277 	.db	3
      0000E5 01                     278 	.sleb128	1
      0000E6 01                     279 	.db	1
      0000E7 00                     280 	.db	0
      0000E8 05                     281 	.uleb128	5
      0000E9 02                     282 	.db	2
      0000EA 00 00r00r20            283 	.dw	0,(Sstm8s_wwdg$WWDG_Init$10)
      0000EE 03                     284 	.db	3
      0000EF 01                     285 	.sleb128	1
      0000F0 01                     286 	.db	1
      0000F1 00                     287 	.db	0
      0000F2 05                     288 	.uleb128	5
      0000F3 02                     289 	.db	2
      0000F4 00 00r00r29            290 	.dw	0,(Sstm8s_wwdg$WWDG_Init$11)
      0000F8 03                     291 	.db	3
      0000F9 01                     292 	.sleb128	1
      0000FA 01                     293 	.db	1
      0000FB 00                     294 	.db	0
      0000FC 05                     295 	.uleb128	5
      0000FD 02                     296 	.db	2
      0000FE 00 00r00r2D            297 	.dw	0,(Sstm8s_wwdg$WWDG_SetCounter$16)
      000102 03                     298 	.db	3
      000103 08                     299 	.sleb128	8
      000104 01                     300 	.db	1
      000105 00                     301 	.db	0
      000106 05                     302 	.uleb128	5
      000107 02                     303 	.db	2
      000108 00 00r00r2D            304 	.dw	0,(Sstm8s_wwdg$WWDG_SetCounter$18)
      00010C 03                     305 	.db	3
      00010D 03                     306 	.sleb128	3
      00010E 01                     307 	.db	1
      00010F 00                     308 	.db	0
      000110 05                     309 	.uleb128	5
      000111 02                     310 	.db	2
      000112 00 00r00r3F            311 	.dw	0,(Sstm8s_wwdg$WWDG_SetCounter$25)
      000116 03                     312 	.db	3
      000117 04                     313 	.sleb128	4
      000118 01                     314 	.db	1
      000119 00                     315 	.db	0
      00011A 05                     316 	.uleb128	5
      00011B 02                     317 	.db	2
      00011C 00 00r00r44            318 	.dw	0,(Sstm8s_wwdg$WWDG_SetCounter$26)
      000120 03                     319 	.db	3
      000121 01                     320 	.sleb128	1
      000122 01                     321 	.db	1
      000123 09                     322 	.db	9
      000124 00 01                  323 	.dw	1+Sstm8s_wwdg$WWDG_SetCounter$27-Sstm8s_wwdg$WWDG_SetCounter$26
      000126 00                     324 	.db	0
      000127 01                     325 	.uleb128	1
      000128 01                     326 	.db	1
      000129 00                     327 	.db	0
      00012A 05                     328 	.uleb128	5
      00012B 02                     329 	.db	2
      00012C 00 00r00r45            330 	.dw	0,(Sstm8s_wwdg$WWDG_GetCounter$29)
      000130 03                     331 	.db	3
      000131 D5 00                  332 	.sleb128	85
      000133 01                     333 	.db	1
      000134 00                     334 	.db	0
      000135 05                     335 	.uleb128	5
      000136 02                     336 	.db	2
      000137 00 00r00r45            337 	.dw	0,(Sstm8s_wwdg$WWDG_GetCounter$31)
      00013B 03                     338 	.db	3
      00013C 02                     339 	.sleb128	2
      00013D 01                     340 	.db	1
      00013E 00                     341 	.db	0
      00013F 05                     342 	.uleb128	5
      000140 02                     343 	.db	2
      000141 00 00r00r48            344 	.dw	0,(Sstm8s_wwdg$WWDG_GetCounter$32)
      000145 03                     345 	.db	3
      000146 01                     346 	.sleb128	1
      000147 01                     347 	.db	1
      000148 09                     348 	.db	9
      000149 00 01                  349 	.dw	1+Sstm8s_wwdg$WWDG_GetCounter$33-Sstm8s_wwdg$WWDG_GetCounter$32
      00014B 00                     350 	.db	0
      00014C 01                     351 	.uleb128	1
      00014D 01                     352 	.db	1
      00014E 00                     353 	.db	0
      00014F 05                     354 	.uleb128	5
      000150 02                     355 	.db	2
      000151 00 00r00r49            356 	.dw	0,(Sstm8s_wwdg$WWDG_SWReset$35)
      000155 03                     357 	.db	3
      000156 DF 00                  358 	.sleb128	95
      000158 01                     359 	.db	1
      000159 00                     360 	.db	0
      00015A 05                     361 	.uleb128	5
      00015B 02                     362 	.db	2
      00015C 00 00r00r49            363 	.dw	0,(Sstm8s_wwdg$WWDG_SWReset$37)
      000160 03                     364 	.db	3
      000161 02                     365 	.sleb128	2
      000162 01                     366 	.db	1
      000163 00                     367 	.db	0
      000164 05                     368 	.uleb128	5
      000165 02                     369 	.db	2
      000166 00 00r00r4D            370 	.dw	0,(Sstm8s_wwdg$WWDG_SWReset$38)
      00016A 03                     371 	.db	3
      00016B 01                     372 	.sleb128	1
      00016C 01                     373 	.db	1
      00016D 09                     374 	.db	9
      00016E 00 01                  375 	.dw	1+Sstm8s_wwdg$WWDG_SWReset$39-Sstm8s_wwdg$WWDG_SWReset$38
      000170 00                     376 	.db	0
      000171 01                     377 	.uleb128	1
      000172 01                     378 	.db	1
      000173 00                     379 	.db	0
      000174 05                     380 	.uleb128	5
      000175 02                     381 	.db	2
      000176 00 00r00r4E            382 	.dw	0,(Sstm8s_wwdg$WWDG_SetWindowValue$41)
      00017A 03                     383 	.db	3
      00017B EB 00                  384 	.sleb128	107
      00017D 01                     385 	.db	1
      00017E 00                     386 	.db	0
      00017F 05                     387 	.uleb128	5
      000180 02                     388 	.db	2
      000181 00 00r00r4E            389 	.dw	0,(Sstm8s_wwdg$WWDG_SetWindowValue$43)
      000185 03                     390 	.db	3
      000186 03                     391 	.sleb128	3
      000187 01                     392 	.db	1
      000188 00                     393 	.db	0
      000189 05                     394 	.uleb128	5
      00018A 02                     395 	.db	2
      00018B 00 00r00r60            396 	.dw	0,(Sstm8s_wwdg$WWDG_SetWindowValue$50)
      00018F 03                     397 	.db	3
      000190 02                     398 	.sleb128	2
      000191 01                     399 	.db	1
      000192 00                     400 	.db	0
      000193 05                     401 	.uleb128	5
      000194 02                     402 	.db	2
      000195 00 00r00r67            403 	.dw	0,(Sstm8s_wwdg$WWDG_SetWindowValue$51)
      000199 03                     404 	.db	3
      00019A 01                     405 	.sleb128	1
      00019B 01                     406 	.db	1
      00019C 09                     407 	.db	9
      00019D 00 01                  408 	.dw	1+Sstm8s_wwdg$WWDG_SetWindowValue$52-Sstm8s_wwdg$WWDG_SetWindowValue$51
      00019F 00                     409 	.db	0
      0001A0 01                     410 	.uleb128	1
      0001A1 01                     411 	.db	1
      0001A2                        412 Ldebug_line_end:
                                    413 
                                    414 	.area .debug_loc (NOLOAD)
      000000                        415 Ldebug_loc_start:
      000000 00 00r00r60            416 	.dw	0,(Sstm8s_wwdg$WWDG_SetWindowValue$49)
      000004 00 00r00r68            417 	.dw	0,(Sstm8s_wwdg$WWDG_SetWindowValue$53)
      000008 00 02                  418 	.dw	2
      00000A 78                     419 	.db	120
      00000B 01                     420 	.sleb128	1
      00000C 00 00r00r5F            421 	.dw	0,(Sstm8s_wwdg$WWDG_SetWindowValue$48)
      000010 00 00r00r60            422 	.dw	0,(Sstm8s_wwdg$WWDG_SetWindowValue$49)
      000014 00 02                  423 	.dw	2
      000016 78                     424 	.db	120
      000017 02                     425 	.sleb128	2
      000018 00 00r00r59            426 	.dw	0,(Sstm8s_wwdg$WWDG_SetWindowValue$47)
      00001C 00 00r00r5F            427 	.dw	0,(Sstm8s_wwdg$WWDG_SetWindowValue$48)
      000020 00 02                  428 	.dw	2
      000022 78                     429 	.db	120
      000023 06                     430 	.sleb128	6
      000024 00 00r00r57            431 	.dw	0,(Sstm8s_wwdg$WWDG_SetWindowValue$46)
      000028 00 00r00r59            432 	.dw	0,(Sstm8s_wwdg$WWDG_SetWindowValue$47)
      00002C 00 02                  433 	.dw	2
      00002E 78                     434 	.db	120
      00002F 05                     435 	.sleb128	5
      000030 00 00r00r55            436 	.dw	0,(Sstm8s_wwdg$WWDG_SetWindowValue$45)
      000034 00 00r00r57            437 	.dw	0,(Sstm8s_wwdg$WWDG_SetWindowValue$46)
      000038 00 02                  438 	.dw	2
      00003A 78                     439 	.db	120
      00003B 03                     440 	.sleb128	3
      00003C 00 00r00r53            441 	.dw	0,(Sstm8s_wwdg$WWDG_SetWindowValue$44)
      000040 00 00r00r55            442 	.dw	0,(Sstm8s_wwdg$WWDG_SetWindowValue$45)
      000044 00 02                  443 	.dw	2
      000046 78                     444 	.db	120
      000047 02                     445 	.sleb128	2
      000048 00 00r00r4E            446 	.dw	0,(Sstm8s_wwdg$WWDG_SetWindowValue$42)
      00004C 00 00r00r53            447 	.dw	0,(Sstm8s_wwdg$WWDG_SetWindowValue$44)
      000050 00 02                  448 	.dw	2
      000052 78                     449 	.db	120
      000053 01                     450 	.sleb128	1
      000054 00 00 00 00            451 	.dw	0,0
      000058 00 00 00 00            452 	.dw	0,0
      00005C 00 00r00r49            453 	.dw	0,(Sstm8s_wwdg$WWDG_SWReset$36)
      000060 00 00r00r4E            454 	.dw	0,(Sstm8s_wwdg$WWDG_SWReset$40)
      000064 00 02                  455 	.dw	2
      000066 78                     456 	.db	120
      000067 01                     457 	.sleb128	1
      000068 00 00 00 00            458 	.dw	0,0
      00006C 00 00 00 00            459 	.dw	0,0
      000070 00 00r00r45            460 	.dw	0,(Sstm8s_wwdg$WWDG_GetCounter$30)
      000074 00 00r00r49            461 	.dw	0,(Sstm8s_wwdg$WWDG_GetCounter$34)
      000078 00 02                  462 	.dw	2
      00007A 78                     463 	.db	120
      00007B 01                     464 	.sleb128	1
      00007C 00 00 00 00            465 	.dw	0,0
      000080 00 00 00 00            466 	.dw	0,0
      000084 00 00r00r3F            467 	.dw	0,(Sstm8s_wwdg$WWDG_SetCounter$24)
      000088 00 00r00r45            468 	.dw	0,(Sstm8s_wwdg$WWDG_SetCounter$28)
      00008C 00 02                  469 	.dw	2
      00008E 78                     470 	.db	120
      00008F 01                     471 	.sleb128	1
      000090 00 00r00r3E            472 	.dw	0,(Sstm8s_wwdg$WWDG_SetCounter$23)
      000094 00 00r00r3F            473 	.dw	0,(Sstm8s_wwdg$WWDG_SetCounter$24)
      000098 00 02                  474 	.dw	2
      00009A 78                     475 	.db	120
      00009B 02                     476 	.sleb128	2
      00009C 00 00r00r38            477 	.dw	0,(Sstm8s_wwdg$WWDG_SetCounter$22)
      0000A0 00 00r00r3E            478 	.dw	0,(Sstm8s_wwdg$WWDG_SetCounter$23)
      0000A4 00 02                  479 	.dw	2
      0000A6 78                     480 	.db	120
      0000A7 06                     481 	.sleb128	6
      0000A8 00 00r00r36            482 	.dw	0,(Sstm8s_wwdg$WWDG_SetCounter$21)
      0000AC 00 00r00r38            483 	.dw	0,(Sstm8s_wwdg$WWDG_SetCounter$22)
      0000B0 00 02                  484 	.dw	2
      0000B2 78                     485 	.db	120
      0000B3 05                     486 	.sleb128	5
      0000B4 00 00r00r34            487 	.dw	0,(Sstm8s_wwdg$WWDG_SetCounter$20)
      0000B8 00 00r00r36            488 	.dw	0,(Sstm8s_wwdg$WWDG_SetCounter$21)
      0000BC 00 02                  489 	.dw	2
      0000BE 78                     490 	.db	120
      0000BF 03                     491 	.sleb128	3
      0000C0 00 00r00r32            492 	.dw	0,(Sstm8s_wwdg$WWDG_SetCounter$19)
      0000C4 00 00r00r34            493 	.dw	0,(Sstm8s_wwdg$WWDG_SetCounter$20)
      0000C8 00 02                  494 	.dw	2
      0000CA 78                     495 	.db	120
      0000CB 02                     496 	.sleb128	2
      0000CC 00 00r00r2D            497 	.dw	0,(Sstm8s_wwdg$WWDG_SetCounter$17)
      0000D0 00 00r00r32            498 	.dw	0,(Sstm8s_wwdg$WWDG_SetCounter$19)
      0000D4 00 02                  499 	.dw	2
      0000D6 78                     500 	.db	120
      0000D7 01                     501 	.sleb128	1
      0000D8 00 00r00r2C            502 	.dw	0,(Sstm8s_wwdg$WWDG_Init$14)
      0000DC 00 00r00r2D            503 	.dw	0,(Sstm8s_wwdg$WWDG_Init$15)
      0000E0 00 02                  504 	.dw	2
      0000E2 78                     505 	.db	120
      0000E3 7E                     506 	.sleb128	-2
      0000E4 00 00r00r2B            507 	.dw	0,(Sstm8s_wwdg$WWDG_Init$13)
      0000E8 00 00r00r2C            508 	.dw	0,(Sstm8s_wwdg$WWDG_Init$14)
      0000EC 00 02                  509 	.dw	2
      0000EE 78                     510 	.db	120
      0000EF 7F                     511 	.sleb128	-1
      0000F0 00 00r00r2A            512 	.dw	0,(Sstm8s_wwdg$WWDG_Init$12)
      0000F4 00 00r00r2B            513 	.dw	0,(Sstm8s_wwdg$WWDG_Init$13)
      0000F8 00 02                  514 	.dw	2
      0000FA 78                     515 	.db	120
      0000FB 01                     516 	.sleb128	1
      0000FC 00 00r00r15            517 	.dw	0,(Sstm8s_wwdg$WWDG_Init$7)
      000100 00 00r00r2A            518 	.dw	0,(Sstm8s_wwdg$WWDG_Init$12)
      000104 00 02                  519 	.dw	2
      000106 78                     520 	.db	120
      000107 02                     521 	.sleb128	2
      000108 00 00r00r0F            522 	.dw	0,(Sstm8s_wwdg$WWDG_Init$6)
      00010C 00 00r00r15            523 	.dw	0,(Sstm8s_wwdg$WWDG_Init$7)
      000110 00 02                  524 	.dw	2
      000112 78                     525 	.db	120
      000113 06                     526 	.sleb128	6
      000114 00 00r00r0D            527 	.dw	0,(Sstm8s_wwdg$WWDG_Init$5)
      000118 00 00r00r0F            528 	.dw	0,(Sstm8s_wwdg$WWDG_Init$6)
      00011C 00 02                  529 	.dw	2
      00011E 78                     530 	.db	120
      00011F 05                     531 	.sleb128	5
      000120 00 00r00r0B            532 	.dw	0,(Sstm8s_wwdg$WWDG_Init$4)
      000124 00 00r00r0D            533 	.dw	0,(Sstm8s_wwdg$WWDG_Init$5)
      000128 00 02                  534 	.dw	2
      00012A 78                     535 	.db	120
      00012B 03                     536 	.sleb128	3
      00012C 00 00r00r01            537 	.dw	0,(Sstm8s_wwdg$WWDG_Init$2)
      000130 00 00r00r0B            538 	.dw	0,(Sstm8s_wwdg$WWDG_Init$4)
      000134 00 02                  539 	.dw	2
      000136 78                     540 	.db	120
      000137 02                     541 	.sleb128	2
      000138 00 00r00r00            542 	.dw	0,(Sstm8s_wwdg$WWDG_Init$1)
      00013C 00 00r00r01            543 	.dw	0,(Sstm8s_wwdg$WWDG_Init$2)
      000140 00 02                  544 	.dw	2
      000142 78                     545 	.db	120
      000143 01                     546 	.sleb128	1
      000144 00 00 00 00            547 	.dw	0,0
      000148 00 00 00 00            548 	.dw	0,0
                                    549 
                                    550 	.area .debug_abbrev (NOLOAD)
      000000                        551 Ldebug_abbrev:
      000000 01                     552 	.uleb128	1
      000001 11                     553 	.uleb128	17
      000002 01                     554 	.db	1
      000003 03                     555 	.uleb128	3
      000004 08                     556 	.uleb128	8
      000005 10                     557 	.uleb128	16
      000006 06                     558 	.uleb128	6
      000007 13                     559 	.uleb128	19
      000008 0B                     560 	.uleb128	11
      000009 25                     561 	.uleb128	37
      00000A 08                     562 	.uleb128	8
      00000B 00                     563 	.uleb128	0
      00000C 00                     564 	.uleb128	0
      00000D 02                     565 	.uleb128	2
      00000E 2E                     566 	.uleb128	46
      00000F 01                     567 	.db	1
      000010 01                     568 	.uleb128	1
      000011 13                     569 	.uleb128	19
      000012 03                     570 	.uleb128	3
      000013 08                     571 	.uleb128	8
      000014 11                     572 	.uleb128	17
      000015 01                     573 	.uleb128	1
      000016 3F                     574 	.uleb128	63
      000017 0C                     575 	.uleb128	12
      000018 00                     576 	.uleb128	0
      000019 00                     577 	.uleb128	0
      00001A 03                     578 	.uleb128	3
      00001B 05                     579 	.uleb128	5
      00001C 00                     580 	.db	0
      00001D 02                     581 	.uleb128	2
      00001E 0A                     582 	.uleb128	10
      00001F 03                     583 	.uleb128	3
      000020 08                     584 	.uleb128	8
      000021 49                     585 	.uleb128	73
      000022 13                     586 	.uleb128	19
      000023 00                     587 	.uleb128	0
      000024 00                     588 	.uleb128	0
      000025 04                     589 	.uleb128	4
      000026 24                     590 	.uleb128	36
      000027 00                     591 	.db	0
      000028 03                     592 	.uleb128	3
      000029 08                     593 	.uleb128	8
      00002A 0B                     594 	.uleb128	11
      00002B 0B                     595 	.uleb128	11
      00002C 3E                     596 	.uleb128	62
      00002D 0B                     597 	.uleb128	11
      00002E 00                     598 	.uleb128	0
      00002F 00                     599 	.uleb128	0
      000030 05                     600 	.uleb128	5
      000031 2E                     601 	.uleb128	46
      000032 01                     602 	.db	1
      000033 01                     603 	.uleb128	1
      000034 13                     604 	.uleb128	19
      000035 03                     605 	.uleb128	3
      000036 08                     606 	.uleb128	8
      000037 11                     607 	.uleb128	17
      000038 01                     608 	.uleb128	1
      000039 12                     609 	.uleb128	18
      00003A 01                     610 	.uleb128	1
      00003B 3F                     611 	.uleb128	63
      00003C 0C                     612 	.uleb128	12
      00003D 40                     613 	.uleb128	64
      00003E 06                     614 	.uleb128	6
      00003F 00                     615 	.uleb128	0
      000040 00                     616 	.uleb128	0
      000041 06                     617 	.uleb128	6
      000042 2E                     618 	.uleb128	46
      000043 00                     619 	.db	0
      000044 03                     620 	.uleb128	3
      000045 08                     621 	.uleb128	8
      000046 11                     622 	.uleb128	17
      000047 01                     623 	.uleb128	1
      000048 12                     624 	.uleb128	18
      000049 01                     625 	.uleb128	1
      00004A 3F                     626 	.uleb128	63
      00004B 0C                     627 	.uleb128	12
      00004C 40                     628 	.uleb128	64
      00004D 06                     629 	.uleb128	6
      00004E 49                     630 	.uleb128	73
      00004F 13                     631 	.uleb128	19
      000050 00                     632 	.uleb128	0
      000051 00                     633 	.uleb128	0
      000052 07                     634 	.uleb128	7
      000053 2E                     635 	.uleb128	46
      000054 00                     636 	.db	0
      000055 03                     637 	.uleb128	3
      000056 08                     638 	.uleb128	8
      000057 11                     639 	.uleb128	17
      000058 01                     640 	.uleb128	1
      000059 12                     641 	.uleb128	18
      00005A 01                     642 	.uleb128	1
      00005B 3F                     643 	.uleb128	63
      00005C 0C                     644 	.uleb128	12
      00005D 40                     645 	.uleb128	64
      00005E 06                     646 	.uleb128	6
      00005F 00                     647 	.uleb128	0
      000060 00                     648 	.uleb128	0
      000061 08                     649 	.uleb128	8
      000062 26                     650 	.uleb128	38
      000063 00                     651 	.db	0
      000064 49                     652 	.uleb128	73
      000065 13                     653 	.uleb128	19
      000066 00                     654 	.uleb128	0
      000067 00                     655 	.uleb128	0
      000068 09                     656 	.uleb128	9
      000069 01                     657 	.uleb128	1
      00006A 01                     658 	.db	1
      00006B 01                     659 	.uleb128	1
      00006C 13                     660 	.uleb128	19
      00006D 0B                     661 	.uleb128	11
      00006E 0B                     662 	.uleb128	11
      00006F 49                     663 	.uleb128	73
      000070 13                     664 	.uleb128	19
      000071 00                     665 	.uleb128	0
      000072 00                     666 	.uleb128	0
      000073 0A                     667 	.uleb128	10
      000074 21                     668 	.uleb128	33
      000075 00                     669 	.db	0
      000076 2F                     670 	.uleb128	47
      000077 0B                     671 	.uleb128	11
      000078 00                     672 	.uleb128	0
      000079 00                     673 	.uleb128	0
      00007A 0B                     674 	.uleb128	11
      00007B 34                     675 	.uleb128	52
      00007C 00                     676 	.db	0
      00007D 02                     677 	.uleb128	2
      00007E 0A                     678 	.uleb128	10
      00007F 03                     679 	.uleb128	3
      000080 08                     680 	.uleb128	8
      000081 49                     681 	.uleb128	73
      000082 13                     682 	.uleb128	19
      000083 00                     683 	.uleb128	0
      000084 00                     684 	.uleb128	0
      000085 00                     685 	.uleb128	0
                                    686 
                                    687 	.area .debug_info (NOLOAD)
      000000 00 00 01 88            688 	.dw	0,Ldebug_info_end-Ldebug_info_start
      000004                        689 Ldebug_info_start:
      000004 00 02                  690 	.dw	2
      000006 00 00r00r00            691 	.dw	0,(Ldebug_abbrev)
      00000A 04                     692 	.db	4
      00000B 01                     693 	.uleb128	1
      00000C 2E 2F 53 54 4D 38 53   694 	.ascii "./STM8S_StdPeriph_Lib/Libraries/STM8S_StdPeriph_Driver/src/stm8s_wwdg.c"
             5F 53 74 64 50 65 72
             69 70 68 5F 4C 69 62
             2F 4C 69 62 72 61 72
             69 65 73 2F 53 54 4D
             38 53 5F 53 74 64 50
             65 72 69 70 68 5F 44
             72 69 76 65 72 2F 73
             72 63 2F 73 74 6D 38
             73 5F 77 77 64 67 2E
             63
      000053 00                     695 	.db	0
      000054 00 00r00r00            696 	.dw	0,(Ldebug_line_start+-4)
      000058 01                     697 	.db	1
      000059 53 44 43 43 20 76 65   698 	.ascii "SDCC version 4.4.0 #14620"
             72 73 69 6F 6E 20 34
             2E 34 2E 30 20 23 31
             34 36 32 30
      000072 00                     699 	.db	0
      000073 02                     700 	.uleb128	2
      000074 00 00 00 AC            701 	.dw	0,172
      000078 57 57 44 47 5F 49 6E   702 	.ascii "WWDG_Init"
             69 74
      000081 00                     703 	.db	0
      000082 00 00r00r00            704 	.dw	0,(_WWDG_Init)
      000086 01                     705 	.db	1
      000087 03                     706 	.uleb128	3
      000088 02                     707 	.db	2
      000089 91                     708 	.db	145
      00008A 7F                     709 	.sleb128	-1
      00008B 43 6F 75 6E 74 65 72   710 	.ascii "Counter"
      000092 00                     711 	.db	0
      000093 00 00 00 AC            712 	.dw	0,172
      000097 03                     713 	.uleb128	3
      000098 02                     714 	.db	2
      000099 91                     715 	.db	145
      00009A 02                     716 	.sleb128	2
      00009B 57 69 6E 64 6F 77 56   717 	.ascii "WindowValue"
             61 6C 75 65
      0000A6 00                     718 	.db	0
      0000A7 00 00 00 AC            719 	.dw	0,172
      0000AB 00                     720 	.uleb128	0
      0000AC 04                     721 	.uleb128	4
      0000AD 75 6E 73 69 67 6E 65   722 	.ascii "unsigned char"
             64 20 63 68 61 72
      0000BA 00                     723 	.db	0
      0000BB 01                     724 	.db	1
      0000BC 08                     725 	.db	8
      0000BD 05                     726 	.uleb128	5
      0000BE 00 00 00 EF            727 	.dw	0,239
      0000C2 57 57 44 47 5F 53 65   728 	.ascii "WWDG_SetCounter"
             74 43 6F 75 6E 74 65
             72
      0000D1 00                     729 	.db	0
      0000D2 00 00r00r2D            730 	.dw	0,(_WWDG_SetCounter)
      0000D6 00 00r00r45            731 	.dw	0,(XG$WWDG_SetCounter$0$0+1)
      0000DA 01                     732 	.db	1
      0000DB 00 00r00r84            733 	.dw	0,(Ldebug_loc_start+132)
      0000DF 03                     734 	.uleb128	3
      0000E0 01                     735 	.db	1
      0000E1 50                     736 	.db	80
      0000E2 43 6F 75 6E 74 65 72   737 	.ascii "Counter"
      0000E9 00                     738 	.db	0
      0000EA 00 00 00 AC            739 	.dw	0,172
      0000EE 00                     740 	.uleb128	0
      0000EF 06                     741 	.uleb128	6
      0000F0 57 57 44 47 5F 47 65   742 	.ascii "WWDG_GetCounter"
             74 43 6F 75 6E 74 65
             72
      0000FF 00                     743 	.db	0
      000100 00 00r00r45            744 	.dw	0,(_WWDG_GetCounter)
      000104 00 00r00r49            745 	.dw	0,(XG$WWDG_GetCounter$0$0+1)
      000108 01                     746 	.db	1
      000109 00 00r00r70            747 	.dw	0,(Ldebug_loc_start+112)
      00010D 00 00 00 AC            748 	.dw	0,172
      000111 07                     749 	.uleb128	7
      000112 57 57 44 47 5F 53 57   750 	.ascii "WWDG_SWReset"
             52 65 73 65 74
      00011E 00                     751 	.db	0
      00011F 00 00r00r49            752 	.dw	0,(_WWDG_SWReset)
      000123 00 00r00r4E            753 	.dw	0,(XG$WWDG_SWReset$0$0+1)
      000127 01                     754 	.db	1
      000128 00 00r00r5C            755 	.dw	0,(Ldebug_loc_start+92)
      00012C 05                     756 	.uleb128	5
      00012D 00 00 01 66            757 	.dw	0,358
      000131 57 57 44 47 5F 53 65   758 	.ascii "WWDG_SetWindowValue"
             74 57 69 6E 64 6F 77
             56 61 6C 75 65
      000144 00                     759 	.db	0
      000145 00 00r00r4E            760 	.dw	0,(_WWDG_SetWindowValue)
      000149 00 00r00r68            761 	.dw	0,(XG$WWDG_SetWindowValue$0$0+1)
      00014D 01                     762 	.db	1
      00014E 00 00r00r00            763 	.dw	0,(Ldebug_loc_start)
      000152 03                     764 	.uleb128	3
      000153 01                     765 	.db	1
      000154 50                     766 	.db	80
      000155 57 69 6E 64 6F 77 56   767 	.ascii "WindowValue"
             61 6C 75 65
      000160 00                     768 	.db	0
      000161 00 00 00 AC            769 	.dw	0,172
      000165 00                     770 	.uleb128	0
      000166 08                     771 	.uleb128	8
      000167 00 00 00 AC            772 	.dw	0,172
      00016B 09                     773 	.uleb128	9
      00016C 00 00 01 78            774 	.dw	0,376
      000170 48                     775 	.db	72
      000171 00 00 01 66            776 	.dw	0,358
      000175 0A                     777 	.uleb128	10
      000176 47                     778 	.db	71
      000177 00                     779 	.uleb128	0
      000178 0B                     780 	.uleb128	11
      000179 05                     781 	.db	5
      00017A 03                     782 	.db	3
      00017B 00 00r00r00            783 	.dw	0,(___str_0)
      00017F 5F 5F 73 74 72 5F 30   784 	.ascii "__str_0"
      000186 00                     785 	.db	0
      000187 00 00 01 6B            786 	.dw	0,363
      00018B 00                     787 	.uleb128	0
      00018C                        788 Ldebug_info_end:
                                    789 
                                    790 	.area .debug_pubnames (NOLOAD)
      000000 00 00 00 6D            791 	.dw	0,Ldebug_pubnames_end-Ldebug_pubnames_start
      000004                        792 Ldebug_pubnames_start:
      000004 00 02                  793 	.dw	2
      000006 00 00r00r00            794 	.dw	0,(Ldebug_info_start-4)
      00000A 00 00 01 8C            795 	.dw	0,4+Ldebug_info_end-Ldebug_info_start
      00000E 00 00 00 73            796 	.dw	0,115
      000012 57 57 44 47 5F 49 6E   797 	.ascii "WWDG_Init"
             69 74
      00001B 00                     798 	.db	0
      00001C 00 00 00 BD            799 	.dw	0,189
      000020 57 57 44 47 5F 53 65   800 	.ascii "WWDG_SetCounter"
             74 43 6F 75 6E 74 65
             72
      00002F 00                     801 	.db	0
      000030 00 00 00 EF            802 	.dw	0,239
      000034 57 57 44 47 5F 47 65   803 	.ascii "WWDG_GetCounter"
             74 43 6F 75 6E 74 65
             72
      000043 00                     804 	.db	0
      000044 00 00 01 11            805 	.dw	0,273
      000048 57 57 44 47 5F 53 57   806 	.ascii "WWDG_SWReset"
             52 65 73 65 74
      000054 00                     807 	.db	0
      000055 00 00 01 2C            808 	.dw	0,300
      000059 57 57 44 47 5F 53 65   809 	.ascii "WWDG_SetWindowValue"
             74 57 69 6E 64 6F 77
             56 61 6C 75 65
      00006C 00                     810 	.db	0
      00006D 00 00 00 00            811 	.dw	0,0
      000071                        812 Ldebug_pubnames_end:
                                    813 
                                    814 	.area .debug_frame (NOLOAD)
      000000 00 00                  815 	.dw	0
      000002 00 10                  816 	.dw	Ldebug_CIE0_end-Ldebug_CIE0_start
      000004                        817 Ldebug_CIE0_start:
      000004 FF FF                  818 	.dw	0xffff
      000006 FF FF                  819 	.dw	0xffff
      000008 01                     820 	.db	1
      000009 00                     821 	.db	0
      00000A 01                     822 	.uleb128	1
      00000B 7F                     823 	.sleb128	-1
      00000C 09                     824 	.db	9
      00000D 0C                     825 	.db	12
      00000E 08                     826 	.uleb128	8
      00000F 02                     827 	.uleb128	2
      000010 89                     828 	.db	137
      000011 01                     829 	.uleb128	1
      000012 00                     830 	.db	0
      000013 00                     831 	.db	0
      000014                        832 Ldebug_CIE0_end:
      000014 00 00 00 40            833 	.dw	0,64
      000018 00 00r00r00            834 	.dw	0,(Ldebug_CIE0_start-4)
      00001C 00 00r00r4E            835 	.dw	0,(Sstm8s_wwdg$WWDG_SetWindowValue$42)	;initial loc
      000020 00 00 00 1A            836 	.dw	0,Sstm8s_wwdg$WWDG_SetWindowValue$53-Sstm8s_wwdg$WWDG_SetWindowValue$42
      000024 01                     837 	.db	1
      000025 00 00r00r4E            838 	.dw	0,(Sstm8s_wwdg$WWDG_SetWindowValue$42)
      000029 0E                     839 	.db	14
      00002A 02                     840 	.uleb128	2
      00002B 01                     841 	.db	1
      00002C 00 00r00r53            842 	.dw	0,(Sstm8s_wwdg$WWDG_SetWindowValue$44)
      000030 0E                     843 	.db	14
      000031 03                     844 	.uleb128	3
      000032 01                     845 	.db	1
      000033 00 00r00r55            846 	.dw	0,(Sstm8s_wwdg$WWDG_SetWindowValue$45)
      000037 0E                     847 	.db	14
      000038 04                     848 	.uleb128	4
      000039 01                     849 	.db	1
      00003A 00 00r00r57            850 	.dw	0,(Sstm8s_wwdg$WWDG_SetWindowValue$46)
      00003E 0E                     851 	.db	14
      00003F 06                     852 	.uleb128	6
      000040 01                     853 	.db	1
      000041 00 00r00r59            854 	.dw	0,(Sstm8s_wwdg$WWDG_SetWindowValue$47)
      000045 0E                     855 	.db	14
      000046 07                     856 	.uleb128	7
      000047 01                     857 	.db	1
      000048 00 00r00r5F            858 	.dw	0,(Sstm8s_wwdg$WWDG_SetWindowValue$48)
      00004C 0E                     859 	.db	14
      00004D 03                     860 	.uleb128	3
      00004E 01                     861 	.db	1
      00004F 00 00r00r60            862 	.dw	0,(Sstm8s_wwdg$WWDG_SetWindowValue$49)
      000053 0E                     863 	.db	14
      000054 02                     864 	.uleb128	2
      000055 00                     865 	.db	0
      000056 00                     866 	.db	0
      000057 00                     867 	.db	0
                                    868 
                                    869 	.area .debug_frame (NOLOAD)
      000058 00 00                  870 	.dw	0
      00005A 00 10                  871 	.dw	Ldebug_CIE1_end-Ldebug_CIE1_start
      00005C                        872 Ldebug_CIE1_start:
      00005C FF FF                  873 	.dw	0xffff
      00005E FF FF                  874 	.dw	0xffff
      000060 01                     875 	.db	1
      000061 00                     876 	.db	0
      000062 01                     877 	.uleb128	1
      000063 7F                     878 	.sleb128	-1
      000064 09                     879 	.db	9
      000065 0C                     880 	.db	12
      000066 08                     881 	.uleb128	8
      000067 02                     882 	.uleb128	2
      000068 89                     883 	.db	137
      000069 01                     884 	.uleb128	1
      00006A 00                     885 	.db	0
      00006B 00                     886 	.db	0
      00006C                        887 Ldebug_CIE1_end:
      00006C 00 00 00 14            888 	.dw	0,20
      000070 00 00r00r58            889 	.dw	0,(Ldebug_CIE1_start-4)
      000074 00 00r00r49            890 	.dw	0,(Sstm8s_wwdg$WWDG_SWReset$36)	;initial loc
      000078 00 00 00 05            891 	.dw	0,Sstm8s_wwdg$WWDG_SWReset$40-Sstm8s_wwdg$WWDG_SWReset$36
      00007C 01                     892 	.db	1
      00007D 00 00r00r49            893 	.dw	0,(Sstm8s_wwdg$WWDG_SWReset$36)
      000081 0E                     894 	.db	14
      000082 02                     895 	.uleb128	2
      000083 00                     896 	.db	0
                                    897 
                                    898 	.area .debug_frame (NOLOAD)
      000084 00 00                  899 	.dw	0
      000086 00 10                  900 	.dw	Ldebug_CIE2_end-Ldebug_CIE2_start
      000088                        901 Ldebug_CIE2_start:
      000088 FF FF                  902 	.dw	0xffff
      00008A FF FF                  903 	.dw	0xffff
      00008C 01                     904 	.db	1
      00008D 00                     905 	.db	0
      00008E 01                     906 	.uleb128	1
      00008F 7F                     907 	.sleb128	-1
      000090 09                     908 	.db	9
      000091 0C                     909 	.db	12
      000092 08                     910 	.uleb128	8
      000093 02                     911 	.uleb128	2
      000094 89                     912 	.db	137
      000095 01                     913 	.uleb128	1
      000096 00                     914 	.db	0
      000097 00                     915 	.db	0
      000098                        916 Ldebug_CIE2_end:
      000098 00 00 00 14            917 	.dw	0,20
      00009C 00 00r00r84            918 	.dw	0,(Ldebug_CIE2_start-4)
      0000A0 00 00r00r45            919 	.dw	0,(Sstm8s_wwdg$WWDG_GetCounter$30)	;initial loc
      0000A4 00 00 00 04            920 	.dw	0,Sstm8s_wwdg$WWDG_GetCounter$34-Sstm8s_wwdg$WWDG_GetCounter$30
      0000A8 01                     921 	.db	1
      0000A9 00 00r00r45            922 	.dw	0,(Sstm8s_wwdg$WWDG_GetCounter$30)
      0000AD 0E                     923 	.db	14
      0000AE 02                     924 	.uleb128	2
      0000AF 00                     925 	.db	0
                                    926 
                                    927 	.area .debug_frame (NOLOAD)
      0000B0 00 00                  928 	.dw	0
      0000B2 00 10                  929 	.dw	Ldebug_CIE3_end-Ldebug_CIE3_start
      0000B4                        930 Ldebug_CIE3_start:
      0000B4 FF FF                  931 	.dw	0xffff
      0000B6 FF FF                  932 	.dw	0xffff
      0000B8 01                     933 	.db	1
      0000B9 00                     934 	.db	0
      0000BA 01                     935 	.uleb128	1
      0000BB 7F                     936 	.sleb128	-1
      0000BC 09                     937 	.db	9
      0000BD 0C                     938 	.db	12
      0000BE 08                     939 	.uleb128	8
      0000BF 02                     940 	.uleb128	2
      0000C0 89                     941 	.db	137
      0000C1 01                     942 	.uleb128	1
      0000C2 00                     943 	.db	0
      0000C3 00                     944 	.db	0
      0000C4                        945 Ldebug_CIE3_end:
      0000C4 00 00 00 40            946 	.dw	0,64
      0000C8 00 00r00rB0            947 	.dw	0,(Ldebug_CIE3_start-4)
      0000CC 00 00r00r2D            948 	.dw	0,(Sstm8s_wwdg$WWDG_SetCounter$17)	;initial loc
      0000D0 00 00 00 18            949 	.dw	0,Sstm8s_wwdg$WWDG_SetCounter$28-Sstm8s_wwdg$WWDG_SetCounter$17
      0000D4 01                     950 	.db	1
      0000D5 00 00r00r2D            951 	.dw	0,(Sstm8s_wwdg$WWDG_SetCounter$17)
      0000D9 0E                     952 	.db	14
      0000DA 02                     953 	.uleb128	2
      0000DB 01                     954 	.db	1
      0000DC 00 00r00r32            955 	.dw	0,(Sstm8s_wwdg$WWDG_SetCounter$19)
      0000E0 0E                     956 	.db	14
      0000E1 03                     957 	.uleb128	3
      0000E2 01                     958 	.db	1
      0000E3 00 00r00r34            959 	.dw	0,(Sstm8s_wwdg$WWDG_SetCounter$20)
      0000E7 0E                     960 	.db	14
      0000E8 04                     961 	.uleb128	4
      0000E9 01                     962 	.db	1
      0000EA 00 00r00r36            963 	.dw	0,(Sstm8s_wwdg$WWDG_SetCounter$21)
      0000EE 0E                     964 	.db	14
      0000EF 06                     965 	.uleb128	6
      0000F0 01                     966 	.db	1
      0000F1 00 00r00r38            967 	.dw	0,(Sstm8s_wwdg$WWDG_SetCounter$22)
      0000F5 0E                     968 	.db	14
      0000F6 07                     969 	.uleb128	7
      0000F7 01                     970 	.db	1
      0000F8 00 00r00r3E            971 	.dw	0,(Sstm8s_wwdg$WWDG_SetCounter$23)
      0000FC 0E                     972 	.db	14
      0000FD 03                     973 	.uleb128	3
      0000FE 01                     974 	.db	1
      0000FF 00 00r00r3F            975 	.dw	0,(Sstm8s_wwdg$WWDG_SetCounter$24)
      000103 0E                     976 	.db	14
      000104 02                     977 	.uleb128	2
      000105 00                     978 	.db	0
      000106 00                     979 	.db	0
      000107 00                     980 	.db	0
                                    981 
                                    982 	.area .debug_frame (NOLOAD)
      000108 00 00                  983 	.dw	0
      00010A 00 10                  984 	.dw	Ldebug_CIE4_end-Ldebug_CIE4_start
      00010C                        985 Ldebug_CIE4_start:
      00010C FF FF                  986 	.dw	0xffff
      00010E FF FF                  987 	.dw	0xffff
      000110 01                     988 	.db	1
      000111 00                     989 	.db	0
      000112 01                     990 	.uleb128	1
      000113 7F                     991 	.sleb128	-1
      000114 09                     992 	.db	9
      000115 0C                     993 	.db	12
      000116 08                     994 	.uleb128	8
      000117 02                     995 	.uleb128	2
      000118 89                     996 	.db	137
      000119 01                     997 	.uleb128	1
      00011A 00                     998 	.db	0
      00011B 00                     999 	.db	0
      00011C                       1000 Ldebug_CIE4_end:
      00011C 00 00 00 50           1001 	.dw	0,80
      000120 00 00r01r08           1002 	.dw	0,(Ldebug_CIE4_start-4)
      000124 00 00r00r00           1003 	.dw	0,(Sstm8s_wwdg$WWDG_Init$1)	;initial loc
      000128 00 00 00 2D           1004 	.dw	0,Sstm8s_wwdg$WWDG_Init$15-Sstm8s_wwdg$WWDG_Init$1
      00012C 01                    1005 	.db	1
      00012D 00 00r00r00           1006 	.dw	0,(Sstm8s_wwdg$WWDG_Init$1)
      000131 0E                    1007 	.db	14
      000132 02                    1008 	.uleb128	2
      000133 01                    1009 	.db	1
      000134 00 00r00r01           1010 	.dw	0,(Sstm8s_wwdg$WWDG_Init$2)
      000138 0E                    1011 	.db	14
      000139 03                    1012 	.uleb128	3
      00013A 01                    1013 	.db	1
      00013B 00 00r00r0B           1014 	.dw	0,(Sstm8s_wwdg$WWDG_Init$4)
      00013F 0E                    1015 	.db	14
      000140 04                    1016 	.uleb128	4
      000141 01                    1017 	.db	1
      000142 00 00r00r0D           1018 	.dw	0,(Sstm8s_wwdg$WWDG_Init$5)
      000146 0E                    1019 	.db	14
      000147 06                    1020 	.uleb128	6
      000148 01                    1021 	.db	1
      000149 00 00r00r0F           1022 	.dw	0,(Sstm8s_wwdg$WWDG_Init$6)
      00014D 0E                    1023 	.db	14
      00014E 07                    1024 	.uleb128	7
      00014F 01                    1025 	.db	1
      000150 00 00r00r15           1026 	.dw	0,(Sstm8s_wwdg$WWDG_Init$7)
      000154 0E                    1027 	.db	14
      000155 03                    1028 	.uleb128	3
      000156 01                    1029 	.db	1
      000157 00 00r00r2A           1030 	.dw	0,(Sstm8s_wwdg$WWDG_Init$12)
      00015B 0E                    1031 	.db	14
      00015C 02                    1032 	.uleb128	2
      00015D 01                    1033 	.db	1
      00015E 00 00r00r2B           1034 	.dw	0,(Sstm8s_wwdg$WWDG_Init$13)
      000162 0E                    1035 	.db	14
      000163 00                    1036 	.uleb128	0
      000164 01                    1037 	.db	1
      000165 00 00r00r2C           1038 	.dw	0,(Sstm8s_wwdg$WWDG_Init$14)
      000169 0E                    1039 	.db	14
      00016A FF FF FF FF 0F        1040 	.uleb128	-1
      00016F 00                    1041 	.db	0
