                                      1 ;--------------------------------------------------------
                                      2 ; File Created by SDCC : free open source ISO C Compiler 
                                      3 ; Version 4.4.0 #14620 (MINGW64)
                                      4 ;--------------------------------------------------------
                                      5 	.module stm8s_beep
                                      6 	.optsdcc -mstm8
                                      7 	
                                      8 ;--------------------------------------------------------
                                      9 ; Public variables in this module
                                     10 ;--------------------------------------------------------
                                     11 	.globl _assert_failed
                                     12 	.globl _BEEP_DeInit
                                     13 	.globl _BEEP_Init
                                     14 	.globl _BEEP_Cmd
                                     15 	.globl _BEEP_LSICalibrationConfig
                                     16 ;--------------------------------------------------------
                                     17 ; ram data
                                     18 ;--------------------------------------------------------
                                     19 	.area DATA
                                     20 ;--------------------------------------------------------
                                     21 ; ram data
                                     22 ;--------------------------------------------------------
                                     23 	.area INITIALIZED
                                     24 ;--------------------------------------------------------
                                     25 ; absolute external ram data
                                     26 ;--------------------------------------------------------
                                     27 	.area DABS (ABS)
                                     28 
                                     29 ; default segment ordering for linker
                                     30 	.area HOME
                                     31 	.area GSINIT
                                     32 	.area GSFINAL
                                     33 	.area CONST
                                     34 	.area INITIALIZER
                                     35 	.area CODE
                                     36 
                                     37 ;--------------------------------------------------------
                                     38 ; global & static initialisations
                                     39 ;--------------------------------------------------------
                                     40 	.area HOME
                                     41 	.area GSINIT
                                     42 	.area GSFINAL
                                     43 	.area GSINIT
                                     44 ;--------------------------------------------------------
                                     45 ; Home
                                     46 ;--------------------------------------------------------
                                     47 	.area HOME
                                     48 	.area HOME
                                     49 ;--------------------------------------------------------
                                     50 ; code
                                     51 ;--------------------------------------------------------
                                     52 	.area CODE
                           000000    53 	Sstm8s_beep$BEEP_DeInit$0 ==.
                                     54 ;	./STM8S_StdPeriph_Lib/Libraries/STM8S_StdPeriph_Driver/src/stm8s_beep.c: 54: void BEEP_DeInit(void)
                                     55 ;	-----------------------------------------
                                     56 ;	 function BEEP_DeInit
                                     57 ;	-----------------------------------------
      000000                         58 _BEEP_DeInit:
                           000000    59 	Sstm8s_beep$BEEP_DeInit$1 ==.
                           000000    60 	Sstm8s_beep$BEEP_DeInit$2 ==.
                                     61 ;	./STM8S_StdPeriph_Lib/Libraries/STM8S_StdPeriph_Driver/src/stm8s_beep.c: 56: BEEP->CSR = BEEP_CSR_RESET_VALUE;
      000000 35 1F 50 F3      [ 1]   62 	mov	0x50f3+0, #0x1f
                           000004    63 	Sstm8s_beep$BEEP_DeInit$3 ==.
                                     64 ;	./STM8S_StdPeriph_Lib/Libraries/STM8S_StdPeriph_Driver/src/stm8s_beep.c: 57: }
                           000004    65 	Sstm8s_beep$BEEP_DeInit$4 ==.
                           000004    66 	XG$BEEP_DeInit$0$0 ==.
      000004 81               [ 4]   67 	ret
                           000005    68 	Sstm8s_beep$BEEP_DeInit$5 ==.
                           000005    69 	Sstm8s_beep$BEEP_Init$6 ==.
                                     70 ;	./STM8S_StdPeriph_Lib/Libraries/STM8S_StdPeriph_Driver/src/stm8s_beep.c: 67: void BEEP_Init(BEEP_Frequency_TypeDef BEEP_Frequency)
                                     71 ;	-----------------------------------------
                                     72 ;	 function BEEP_Init
                                     73 ;	-----------------------------------------
      000005                         74 _BEEP_Init:
                           000005    75 	Sstm8s_beep$BEEP_Init$7 ==.
      000005 88               [ 1]   76 	push	a
                           000006    77 	Sstm8s_beep$BEEP_Init$8 ==.
                           000006    78 	Sstm8s_beep$BEEP_Init$9 ==.
                                     79 ;	./STM8S_StdPeriph_Lib/Libraries/STM8S_StdPeriph_Driver/src/stm8s_beep.c: 70: assert_param(IS_BEEP_FREQUENCY_OK(BEEP_Frequency));
      000006 6B 01            [ 1]   80 	ld	(0x01, sp), a
      000008 27 18            [ 1]   81 	jreq	00106$
      00000A 7B 01            [ 1]   82 	ld	a, (0x01, sp)
      00000C A1 40            [ 1]   83 	cp	a, #0x40
      00000E 27 12            [ 1]   84 	jreq	00106$
                           000010    85 	Sstm8s_beep$BEEP_Init$10 ==.
      000010 7B 01            [ 1]   86 	ld	a, (0x01, sp)
      000012 A1 80            [ 1]   87 	cp	a, #0x80
      000014 27 0C            [ 1]   88 	jreq	00106$
                           000016    89 	Sstm8s_beep$BEEP_Init$11 ==.
      000016 4B 46            [ 1]   90 	push	#0x46
                           000018    91 	Sstm8s_beep$BEEP_Init$12 ==.
      000018 5F               [ 1]   92 	clrw	x
      000019 89               [ 2]   93 	pushw	x
                           00001A    94 	Sstm8s_beep$BEEP_Init$13 ==.
      00001A 4B 00            [ 1]   95 	push	#0x00
                           00001C    96 	Sstm8s_beep$BEEP_Init$14 ==.
      00001C AEr00r00         [ 2]   97 	ldw	x, #(___str_0+0)
      00001F CDr00r00         [ 4]   98 	call	_assert_failed
                           000022    99 	Sstm8s_beep$BEEP_Init$15 ==.
      000022                        100 00106$:
                           000022   101 	Sstm8s_beep$BEEP_Init$16 ==.
                                    102 ;	./STM8S_StdPeriph_Lib/Libraries/STM8S_StdPeriph_Driver/src/stm8s_beep.c: 73: if ((BEEP->CSR & BEEP_CSR_BEEPDIV) == BEEP_CSR_BEEPDIV)
      000022 C6 50 F3         [ 1]  103 	ld	a, 0x50f3
      000025 43               [ 1]  104 	cpl	a
      000026 A5 1F            [ 1]  105 	bcp	a, #0x1f
      000028 26 10            [ 1]  106 	jrne	00102$
                           00002A   107 	Sstm8s_beep$BEEP_Init$17 ==.
                           00002A   108 	Sstm8s_beep$BEEP_Init$18 ==.
                           00002A   109 	Sstm8s_beep$BEEP_Init$19 ==.
                                    110 ;	./STM8S_StdPeriph_Lib/Libraries/STM8S_StdPeriph_Driver/src/stm8s_beep.c: 75: BEEP->CSR &= (uint8_t)(~BEEP_CSR_BEEPDIV); /* Clear bits */
      00002A C6 50 F3         [ 1]  111 	ld	a, 0x50f3
      00002D A4 E0            [ 1]  112 	and	a, #0xe0
      00002F C7 50 F3         [ 1]  113 	ld	0x50f3, a
                           000032   114 	Sstm8s_beep$BEEP_Init$20 ==.
                                    115 ;	./STM8S_StdPeriph_Lib/Libraries/STM8S_StdPeriph_Driver/src/stm8s_beep.c: 76: BEEP->CSR |= BEEP_CALIBRATION_DEFAULT;
      000032 C6 50 F3         [ 1]  116 	ld	a, 0x50f3
      000035 AA 0B            [ 1]  117 	or	a, #0x0b
      000037 C7 50 F3         [ 1]  118 	ld	0x50f3, a
                           00003A   119 	Sstm8s_beep$BEEP_Init$21 ==.
      00003A                        120 00102$:
                           00003A   121 	Sstm8s_beep$BEEP_Init$22 ==.
                                    122 ;	./STM8S_StdPeriph_Lib/Libraries/STM8S_StdPeriph_Driver/src/stm8s_beep.c: 80: BEEP->CSR &= (uint8_t)(~BEEP_CSR_BEEPSEL);
      00003A C6 50 F3         [ 1]  123 	ld	a, 0x50f3
      00003D A4 3F            [ 1]  124 	and	a, #0x3f
      00003F C7 50 F3         [ 1]  125 	ld	0x50f3, a
                           000042   126 	Sstm8s_beep$BEEP_Init$23 ==.
                                    127 ;	./STM8S_StdPeriph_Lib/Libraries/STM8S_StdPeriph_Driver/src/stm8s_beep.c: 81: BEEP->CSR |= (uint8_t)(BEEP_Frequency);
      000042 C6 50 F3         [ 1]  128 	ld	a, 0x50f3
      000045 1A 01            [ 1]  129 	or	a, (0x01, sp)
      000047 C7 50 F3         [ 1]  130 	ld	0x50f3, a
                           00004A   131 	Sstm8s_beep$BEEP_Init$24 ==.
                                    132 ;	./STM8S_StdPeriph_Lib/Libraries/STM8S_StdPeriph_Driver/src/stm8s_beep.c: 82: }
      00004A 84               [ 1]  133 	pop	a
                           00004B   134 	Sstm8s_beep$BEEP_Init$25 ==.
                           00004B   135 	Sstm8s_beep$BEEP_Init$26 ==.
                           00004B   136 	XG$BEEP_Init$0$0 ==.
      00004B 81               [ 4]  137 	ret
                           00004C   138 	Sstm8s_beep$BEEP_Init$27 ==.
                           00004C   139 	Sstm8s_beep$BEEP_Cmd$28 ==.
                                    140 ;	./STM8S_StdPeriph_Lib/Libraries/STM8S_StdPeriph_Driver/src/stm8s_beep.c: 91: void BEEP_Cmd(FunctionalState NewState)
                                    141 ;	-----------------------------------------
                                    142 ;	 function BEEP_Cmd
                                    143 ;	-----------------------------------------
      00004C                        144 _BEEP_Cmd:
                           00004C   145 	Sstm8s_beep$BEEP_Cmd$29 ==.
      00004C 88               [ 1]  146 	push	a
                           00004D   147 	Sstm8s_beep$BEEP_Cmd$30 ==.
      00004D 6B 01            [ 1]  148 	ld	(0x01, sp), a
                           00004F   149 	Sstm8s_beep$BEEP_Cmd$31 ==.
                                    150 ;	./STM8S_StdPeriph_Lib/Libraries/STM8S_StdPeriph_Driver/src/stm8s_beep.c: 96: BEEP->CSR |= BEEP_CSR_BEEPEN;
      00004F C6 50 F3         [ 1]  151 	ld	a, 0x50f3
                           000052   152 	Sstm8s_beep$BEEP_Cmd$32 ==.
                                    153 ;	./STM8S_StdPeriph_Lib/Libraries/STM8S_StdPeriph_Driver/src/stm8s_beep.c: 93: if (NewState != DISABLE)
      000052 0D 01            [ 1]  154 	tnz	(0x01, sp)
      000054 27 07            [ 1]  155 	jreq	00102$
                           000056   156 	Sstm8s_beep$BEEP_Cmd$33 ==.
                           000056   157 	Sstm8s_beep$BEEP_Cmd$34 ==.
                                    158 ;	./STM8S_StdPeriph_Lib/Libraries/STM8S_StdPeriph_Driver/src/stm8s_beep.c: 96: BEEP->CSR |= BEEP_CSR_BEEPEN;
      000056 AA 20            [ 1]  159 	or	a, #0x20
      000058 C7 50 F3         [ 1]  160 	ld	0x50f3, a
                           00005B   161 	Sstm8s_beep$BEEP_Cmd$35 ==.
      00005B 20 05            [ 2]  162 	jra	00104$
      00005D                        163 00102$:
                           00005D   164 	Sstm8s_beep$BEEP_Cmd$36 ==.
                           00005D   165 	Sstm8s_beep$BEEP_Cmd$37 ==.
                                    166 ;	./STM8S_StdPeriph_Lib/Libraries/STM8S_StdPeriph_Driver/src/stm8s_beep.c: 101: BEEP->CSR &= (uint8_t)(~BEEP_CSR_BEEPEN);
      00005D A4 DF            [ 1]  167 	and	a, #0xdf
      00005F C7 50 F3         [ 1]  168 	ld	0x50f3, a
                           000062   169 	Sstm8s_beep$BEEP_Cmd$38 ==.
      000062                        170 00104$:
                           000062   171 	Sstm8s_beep$BEEP_Cmd$39 ==.
                                    172 ;	./STM8S_StdPeriph_Lib/Libraries/STM8S_StdPeriph_Driver/src/stm8s_beep.c: 103: }
      000062 84               [ 1]  173 	pop	a
                           000063   174 	Sstm8s_beep$BEEP_Cmd$40 ==.
                           000063   175 	Sstm8s_beep$BEEP_Cmd$41 ==.
                           000063   176 	XG$BEEP_Cmd$0$0 ==.
      000063 81               [ 4]  177 	ret
                           000064   178 	Sstm8s_beep$BEEP_Cmd$42 ==.
                           000064   179 	Sstm8s_beep$BEEP_LSICalibrationConfig$43 ==.
                                    180 ;	./STM8S_StdPeriph_Lib/Libraries/STM8S_StdPeriph_Driver/src/stm8s_beep.c: 118: void BEEP_LSICalibrationConfig(uint32_t LSIFreqHz)
                                    181 ;	-----------------------------------------
                                    182 ;	 function BEEP_LSICalibrationConfig
                                    183 ;	-----------------------------------------
      000064                        184 _BEEP_LSICalibrationConfig:
                           000064   185 	Sstm8s_beep$BEEP_LSICalibrationConfig$44 ==.
      000064 52 09            [ 2]  186 	sub	sp, #9
                           000066   187 	Sstm8s_beep$BEEP_LSICalibrationConfig$45 ==.
                           000066   188 	Sstm8s_beep$BEEP_LSICalibrationConfig$46 ==.
                                    189 ;	./STM8S_StdPeriph_Lib/Libraries/STM8S_StdPeriph_Driver/src/stm8s_beep.c: 124: assert_param(IS_LSI_FREQUENCY_OK(LSIFreqHz));
      000066 1E 0E            [ 2]  190 	ldw	x, (0x0e, sp)
      000068 A3 AD B0         [ 2]  191 	cpw	x, #0xadb0
      00006B 7B 0D            [ 1]  192 	ld	a, (0x0d, sp)
      00006D A2 01            [ 1]  193 	sbc	a, #0x01
      00006F 7B 0C            [ 1]  194 	ld	a, (0x0c, sp)
      000071 A2 00            [ 1]  195 	sbc	a, #0x00
      000073 25 0E            [ 1]  196 	jrc	00106$
      000075 AE 49 F0         [ 2]  197 	ldw	x, #0x49f0
      000078 13 0E            [ 2]  198 	cpw	x, (0x0e, sp)
      00007A A6 02            [ 1]  199 	ld	a, #0x02
      00007C 12 0D            [ 1]  200 	sbc	a, (0x0d, sp)
      00007E 4F               [ 1]  201 	clr	a
      00007F 12 0C            [ 1]  202 	sbc	a, (0x0c, sp)
      000081 24 0C            [ 1]  203 	jrnc	00107$
      000083                        204 00106$:
      000083 4B 7C            [ 1]  205 	push	#0x7c
                           000085   206 	Sstm8s_beep$BEEP_LSICalibrationConfig$47 ==.
      000085 5F               [ 1]  207 	clrw	x
      000086 89               [ 2]  208 	pushw	x
                           000087   209 	Sstm8s_beep$BEEP_LSICalibrationConfig$48 ==.
      000087 4B 00            [ 1]  210 	push	#0x00
                           000089   211 	Sstm8s_beep$BEEP_LSICalibrationConfig$49 ==.
      000089 AEr00r00         [ 2]  212 	ldw	x, #(___str_0+0)
      00008C CDr00r00         [ 4]  213 	call	_assert_failed
                           00008F   214 	Sstm8s_beep$BEEP_LSICalibrationConfig$50 ==.
      00008F                        215 00107$:
                           00008F   216 	Sstm8s_beep$BEEP_LSICalibrationConfig$51 ==.
                                    217 ;	./STM8S_StdPeriph_Lib/Libraries/STM8S_StdPeriph_Driver/src/stm8s_beep.c: 126: lsifreqkhz = (uint16_t)(LSIFreqHz / 1000); /* Converts value in kHz */
      00008F 4B E8            [ 1]  218 	push	#0xe8
                           000091   219 	Sstm8s_beep$BEEP_LSICalibrationConfig$52 ==.
      000091 4B 03            [ 1]  220 	push	#0x03
                           000093   221 	Sstm8s_beep$BEEP_LSICalibrationConfig$53 ==.
      000093 5F               [ 1]  222 	clrw	x
      000094 89               [ 2]  223 	pushw	x
                           000095   224 	Sstm8s_beep$BEEP_LSICalibrationConfig$54 ==.
      000095 1E 12            [ 2]  225 	ldw	x, (0x12, sp)
      000097 89               [ 2]  226 	pushw	x
                           000098   227 	Sstm8s_beep$BEEP_LSICalibrationConfig$55 ==.
      000098 1E 12            [ 2]  228 	ldw	x, (0x12, sp)
      00009A 89               [ 2]  229 	pushw	x
                           00009B   230 	Sstm8s_beep$BEEP_LSICalibrationConfig$56 ==.
      00009B CDr00r00         [ 4]  231 	call	__divulong
      00009E 5B 08            [ 2]  232 	addw	sp, #8
                           0000A0   233 	Sstm8s_beep$BEEP_LSICalibrationConfig$57 ==.
      0000A0 1F 01            [ 2]  234 	ldw	(0x01, sp), x
                           0000A2   235 	Sstm8s_beep$BEEP_LSICalibrationConfig$58 ==.
                                    236 ;	./STM8S_StdPeriph_Lib/Libraries/STM8S_StdPeriph_Driver/src/stm8s_beep.c: 130: BEEP->CSR &= (uint8_t)(~BEEP_CSR_BEEPDIV); /* Clear bits */
      0000A2 C6 50 F3         [ 1]  237 	ld	a, 0x50f3
      0000A5 A4 E0            [ 1]  238 	and	a, #0xe0
      0000A7 C7 50 F3         [ 1]  239 	ld	0x50f3, a
                           0000AA   240 	Sstm8s_beep$BEEP_LSICalibrationConfig$59 ==.
                                    241 ;	./STM8S_StdPeriph_Lib/Libraries/STM8S_StdPeriph_Driver/src/stm8s_beep.c: 132: A = (uint16_t)(lsifreqkhz >> 3U); /* Division by 8, keep integer part only */
      0000AA 1E 01            [ 2]  242 	ldw	x, (0x01, sp)
      0000AC 54               [ 2]  243 	srlw	x
      0000AD 54               [ 2]  244 	srlw	x
      0000AE 54               [ 2]  245 	srlw	x
                           0000AF   246 	Sstm8s_beep$BEEP_LSICalibrationConfig$60 ==.
                                    247 ;	./STM8S_StdPeriph_Lib/Libraries/STM8S_StdPeriph_Driver/src/stm8s_beep.c: 134: if ((8U * A) >= ((lsifreqkhz - (8U * A)) * (1U + (2U * A))))
      0000AF 1F 03            [ 2]  248 	ldw	(0x03, sp), x
      0000B1 1F 08            [ 2]  249 	ldw	(0x08, sp), x
      0000B3 58               [ 2]  250 	sllw	x
      0000B4 58               [ 2]  251 	sllw	x
      0000B5 58               [ 2]  252 	sllw	x
      0000B6 1F 05            [ 2]  253 	ldw	(0x05, sp), x
      0000B8 16 01            [ 2]  254 	ldw	y, (0x01, sp)
      0000BA 72 F2 05         [ 2]  255 	subw	y, (0x05, sp)
      0000BD 1E 08            [ 2]  256 	ldw	x, (0x08, sp)
      0000BF 58               [ 2]  257 	sllw	x
      0000C0 5C               [ 1]  258 	incw	x
      0000C1 89               [ 2]  259 	pushw	x
                           0000C2   260 	Sstm8s_beep$BEEP_LSICalibrationConfig$61 ==.
      0000C2 93               [ 1]  261 	ldw	x, y
                           0000C3   262 	Sstm8s_beep$BEEP_LSICalibrationConfig$62 ==.
                                    263 ;	./STM8S_StdPeriph_Lib/Libraries/STM8S_StdPeriph_Driver/src/stm8s_beep.c: 130: BEEP->CSR &= (uint8_t)(~BEEP_CSR_BEEPDIV); /* Clear bits */
      0000C3 CDr00r00         [ 4]  264 	call	__mulint
                           0000C6   265 	Sstm8s_beep$BEEP_LSICalibrationConfig$63 ==.
      0000C6 1F 07            [ 2]  266 	ldw	(0x07, sp), x
      0000C8 C6 50 F3         [ 1]  267 	ld	a, 0x50f3
      0000CB 6B 09            [ 1]  268 	ld	(0x09, sp), a
                           0000CD   269 	Sstm8s_beep$BEEP_LSICalibrationConfig$64 ==.
                                    270 ;	./STM8S_StdPeriph_Lib/Libraries/STM8S_StdPeriph_Driver/src/stm8s_beep.c: 136: BEEP->CSR |= (uint8_t)(A - 2U);
      0000CD 7B 04            [ 1]  271 	ld	a, (0x04, sp)
                           0000CF   272 	Sstm8s_beep$BEEP_LSICalibrationConfig$65 ==.
                                    273 ;	./STM8S_StdPeriph_Lib/Libraries/STM8S_StdPeriph_Driver/src/stm8s_beep.c: 134: if ((8U * A) >= ((lsifreqkhz - (8U * A)) * (1U + (2U * A))))
      0000CF 1E 05            [ 2]  274 	ldw	x, (0x05, sp)
      0000D1 13 07            [ 2]  275 	cpw	x, (0x07, sp)
      0000D3 25 09            [ 1]  276 	jrc	00102$
                           0000D5   277 	Sstm8s_beep$BEEP_LSICalibrationConfig$66 ==.
                           0000D5   278 	Sstm8s_beep$BEEP_LSICalibrationConfig$67 ==.
                                    279 ;	./STM8S_StdPeriph_Lib/Libraries/STM8S_StdPeriph_Driver/src/stm8s_beep.c: 136: BEEP->CSR |= (uint8_t)(A - 2U);
      0000D5 A0 02            [ 1]  280 	sub	a, #0x02
      0000D7 1A 09            [ 1]  281 	or	a, (0x09, sp)
      0000D9 C7 50 F3         [ 1]  282 	ld	0x50f3, a
                           0000DC   283 	Sstm8s_beep$BEEP_LSICalibrationConfig$68 ==.
      0000DC 20 06            [ 2]  284 	jra	00104$
      0000DE                        285 00102$:
                           0000DE   286 	Sstm8s_beep$BEEP_LSICalibrationConfig$69 ==.
                           0000DE   287 	Sstm8s_beep$BEEP_LSICalibrationConfig$70 ==.
                                    288 ;	./STM8S_StdPeriph_Lib/Libraries/STM8S_StdPeriph_Driver/src/stm8s_beep.c: 140: BEEP->CSR |= (uint8_t)(A - 1U);
      0000DE 4A               [ 1]  289 	dec	a
      0000DF 1A 09            [ 1]  290 	or	a, (0x09, sp)
      0000E1 C7 50 F3         [ 1]  291 	ld	0x50f3, a
                           0000E4   292 	Sstm8s_beep$BEEP_LSICalibrationConfig$71 ==.
      0000E4                        293 00104$:
                           0000E4   294 	Sstm8s_beep$BEEP_LSICalibrationConfig$72 ==.
                                    295 ;	./STM8S_StdPeriph_Lib/Libraries/STM8S_StdPeriph_Driver/src/stm8s_beep.c: 142: }
      0000E4 1E 0A            [ 2]  296 	ldw	x, (10, sp)
      0000E6 5B 0F            [ 2]  297 	addw	sp, #15
                           0000E8   298 	Sstm8s_beep$BEEP_LSICalibrationConfig$73 ==.
      0000E8 FC               [ 2]  299 	jp	(x)
                           0000E9   300 	Sstm8s_beep$BEEP_LSICalibrationConfig$74 ==.
                                    301 	.area CODE
                                    302 	.area CONST
                           000000   303 Fstm8s_beep$__str_0$0_0$0 == .
                                    304 	.area CONST
      000000                        305 ___str_0:
      000000 2E 2F 53 54 4D 38 53   306 	.ascii "./STM8S_StdPeriph_Lib/Libraries/STM8S_StdPeriph_Driver/src/s"
             5F 53 74 64 50 65 72
             69 70 68 5F 4C 69 62
             2F 4C 69 62 72 61 72
             69 65 73 2F 53 54 4D
             38 53 5F 53 74 64 50
             65 72 69 70 68 5F 44
             72 69 76 65 72 2F 73
             72 63 2F 73
      00003C 74 6D 38 73 5F 62 65   307 	.ascii "tm8s_beep.c"
             65 70 2E 63
      000047 00                     308 	.db 0x00
                                    309 	.area CODE
                                    310 	.area INITIALIZER
                                    311 	.area CABS (ABS)
                                    312 
                                    313 	.area .debug_line (NOLOAD)
      000000 00 00 01 F2            314 	.dw	0,Ldebug_line_end-Ldebug_line_start
      000004                        315 Ldebug_line_start:
      000004 00 02                  316 	.dw	2
      000006 00 00 00 B5            317 	.dw	0,Ldebug_line_stmt-6-Ldebug_line_start
      00000A 01                     318 	.db	1
      00000B 01                     319 	.db	1
      00000C FB                     320 	.db	-5
      00000D 0F                     321 	.db	15
      00000E 0A                     322 	.db	10
      00000F 00                     323 	.db	0
      000010 01                     324 	.db	1
      000011 01                     325 	.db	1
      000012 01                     326 	.db	1
      000013 01                     327 	.db	1
      000014 00                     328 	.db	0
      000015 00                     329 	.db	0
      000016 00                     330 	.db	0
      000017 01                     331 	.db	1
      000018 44 3A 5C 5C 53 6F 66   332 	.ascii "D:\\Software\\Work\\SDCC\\bin\\..\\include\\stm8"
             74 77 61 72 65 5C 5C
             57 6F 72 6B 5C 5C 53
             44 43 43 5C 08 69 6E
             5C 5C 2E 2E 5C 5C 69
             6E 63 6C 75 64 65 5C
             5C 73 74 6D 38
      000047 00                     333 	.db	0
      000048 44 3A 5C 5C 53 6F 66   334 	.ascii "D:\\Software\\Work\\SDCC\\bin\\..\\include"
             74 77 61 72 65 5C 5C
             57 6F 72 6B 5C 5C 53
             44 43 43 5C 08 69 6E
             5C 5C 2E 2E 5C 5C 69
             6E 63 6C 75 64 65
      000071 00                     335 	.db	0
      000072 00                     336 	.db	0
      000073 2E 2F 53 54 4D 38 53   337 	.ascii "./STM8S_StdPeriph_Lib/Libraries/STM8S_StdPeriph_Driver/src/stm8s_beep.c"
             5F 53 74 64 50 65 72
             69 70 68 5F 4C 69 62
             2F 4C 69 62 72 61 72
             69 65 73 2F 53 54 4D
             38 53 5F 53 74 64 50
             65 72 69 70 68 5F 44
             72 69 76 65 72 2F 73
             72 63 2F 73 74 6D 38
             73 5F 62 65 65 70 2E
             63
      0000BA 00                     338 	.db	0
      0000BB 00                     339 	.uleb128	0
      0000BC 00                     340 	.uleb128	0
      0000BD 00                     341 	.uleb128	0
      0000BE 00                     342 	.db	0
      0000BF                        343 Ldebug_line_stmt:
      0000BF 00                     344 	.db	0
      0000C0 05                     345 	.uleb128	5
      0000C1 02                     346 	.db	2
      0000C2 00 00r00r00            347 	.dw	0,(Sstm8s_beep$BEEP_DeInit$0)
      0000C6 03                     348 	.db	3
      0000C7 35                     349 	.sleb128	53
      0000C8 01                     350 	.db	1
      0000C9 00                     351 	.db	0
      0000CA 05                     352 	.uleb128	5
      0000CB 02                     353 	.db	2
      0000CC 00 00r00r00            354 	.dw	0,(Sstm8s_beep$BEEP_DeInit$2)
      0000D0 03                     355 	.db	3
      0000D1 02                     356 	.sleb128	2
      0000D2 01                     357 	.db	1
      0000D3 00                     358 	.db	0
      0000D4 05                     359 	.uleb128	5
      0000D5 02                     360 	.db	2
      0000D6 00 00r00r04            361 	.dw	0,(Sstm8s_beep$BEEP_DeInit$3)
      0000DA 03                     362 	.db	3
      0000DB 01                     363 	.sleb128	1
      0000DC 01                     364 	.db	1
      0000DD 09                     365 	.db	9
      0000DE 00 01                  366 	.dw	1+Sstm8s_beep$BEEP_DeInit$4-Sstm8s_beep$BEEP_DeInit$3
      0000E0 00                     367 	.db	0
      0000E1 01                     368 	.uleb128	1
      0000E2 01                     369 	.db	1
      0000E3 00                     370 	.db	0
      0000E4 05                     371 	.uleb128	5
      0000E5 02                     372 	.db	2
      0000E6 00 00r00r05            373 	.dw	0,(Sstm8s_beep$BEEP_Init$6)
      0000EA 03                     374 	.db	3
      0000EB C2 00                  375 	.sleb128	66
      0000ED 01                     376 	.db	1
      0000EE 00                     377 	.db	0
      0000EF 05                     378 	.uleb128	5
      0000F0 02                     379 	.db	2
      0000F1 00 00r00r06            380 	.dw	0,(Sstm8s_beep$BEEP_Init$9)
      0000F5 03                     381 	.db	3
      0000F6 03                     382 	.sleb128	3
      0000F7 01                     383 	.db	1
      0000F8 00                     384 	.db	0
      0000F9 05                     385 	.uleb128	5
      0000FA 02                     386 	.db	2
      0000FB 00 00r00r22            387 	.dw	0,(Sstm8s_beep$BEEP_Init$16)
      0000FF 03                     388 	.db	3
      000100 03                     389 	.sleb128	3
      000101 01                     390 	.db	1
      000102 00                     391 	.db	0
      000103 05                     392 	.uleb128	5
      000104 02                     393 	.db	2
      000105 00 00r00r2A            394 	.dw	0,(Sstm8s_beep$BEEP_Init$19)
      000109 03                     395 	.db	3
      00010A 02                     396 	.sleb128	2
      00010B 01                     397 	.db	1
      00010C 00                     398 	.db	0
      00010D 05                     399 	.uleb128	5
      00010E 02                     400 	.db	2
      00010F 00 00r00r32            401 	.dw	0,(Sstm8s_beep$BEEP_Init$20)
      000113 03                     402 	.db	3
      000114 01                     403 	.sleb128	1
      000115 01                     404 	.db	1
      000116 00                     405 	.db	0
      000117 05                     406 	.uleb128	5
      000118 02                     407 	.db	2
      000119 00 00r00r3A            408 	.dw	0,(Sstm8s_beep$BEEP_Init$22)
      00011D 03                     409 	.db	3
      00011E 04                     410 	.sleb128	4
      00011F 01                     411 	.db	1
      000120 00                     412 	.db	0
      000121 05                     413 	.uleb128	5
      000122 02                     414 	.db	2
      000123 00 00r00r42            415 	.dw	0,(Sstm8s_beep$BEEP_Init$23)
      000127 03                     416 	.db	3
      000128 01                     417 	.sleb128	1
      000129 01                     418 	.db	1
      00012A 00                     419 	.db	0
      00012B 05                     420 	.uleb128	5
      00012C 02                     421 	.db	2
      00012D 00 00r00r4A            422 	.dw	0,(Sstm8s_beep$BEEP_Init$24)
      000131 03                     423 	.db	3
      000132 01                     424 	.sleb128	1
      000133 01                     425 	.db	1
      000134 09                     426 	.db	9
      000135 00 02                  427 	.dw	1+Sstm8s_beep$BEEP_Init$26-Sstm8s_beep$BEEP_Init$24
      000137 00                     428 	.db	0
      000138 01                     429 	.uleb128	1
      000139 01                     430 	.db	1
      00013A 00                     431 	.db	0
      00013B 05                     432 	.uleb128	5
      00013C 02                     433 	.db	2
      00013D 00 00r00r4C            434 	.dw	0,(Sstm8s_beep$BEEP_Cmd$28)
      000141 03                     435 	.db	3
      000142 DA 00                  436 	.sleb128	90
      000144 01                     437 	.db	1
      000145 00                     438 	.db	0
      000146 05                     439 	.uleb128	5
      000147 02                     440 	.db	2
      000148 00 00r00r4F            441 	.dw	0,(Sstm8s_beep$BEEP_Cmd$31)
      00014C 03                     442 	.db	3
      00014D 05                     443 	.sleb128	5
      00014E 01                     444 	.db	1
      00014F 00                     445 	.db	0
      000150 05                     446 	.uleb128	5
      000151 02                     447 	.db	2
      000152 00 00r00r52            448 	.dw	0,(Sstm8s_beep$BEEP_Cmd$32)
      000156 03                     449 	.db	3
      000157 7D                     450 	.sleb128	-3
      000158 01                     451 	.db	1
      000159 00                     452 	.db	0
      00015A 05                     453 	.uleb128	5
      00015B 02                     454 	.db	2
      00015C 00 00r00r56            455 	.dw	0,(Sstm8s_beep$BEEP_Cmd$34)
      000160 03                     456 	.db	3
      000161 03                     457 	.sleb128	3
      000162 01                     458 	.db	1
      000163 00                     459 	.db	0
      000164 05                     460 	.uleb128	5
      000165 02                     461 	.db	2
      000166 00 00r00r5D            462 	.dw	0,(Sstm8s_beep$BEEP_Cmd$37)
      00016A 03                     463 	.db	3
      00016B 05                     464 	.sleb128	5
      00016C 01                     465 	.db	1
      00016D 00                     466 	.db	0
      00016E 05                     467 	.uleb128	5
      00016F 02                     468 	.db	2
      000170 00 00r00r62            469 	.dw	0,(Sstm8s_beep$BEEP_Cmd$39)
      000174 03                     470 	.db	3
      000175 02                     471 	.sleb128	2
      000176 01                     472 	.db	1
      000177 09                     473 	.db	9
      000178 00 02                  474 	.dw	1+Sstm8s_beep$BEEP_Cmd$41-Sstm8s_beep$BEEP_Cmd$39
      00017A 00                     475 	.db	0
      00017B 01                     476 	.uleb128	1
      00017C 01                     477 	.db	1
      00017D 00                     478 	.db	0
      00017E 05                     479 	.uleb128	5
      00017F 02                     480 	.db	2
      000180 00 00r00r64            481 	.dw	0,(Sstm8s_beep$BEEP_LSICalibrationConfig$43)
      000184 03                     482 	.db	3
      000185 F5 00                  483 	.sleb128	117
      000187 01                     484 	.db	1
      000188 00                     485 	.db	0
      000189 05                     486 	.uleb128	5
      00018A 02                     487 	.db	2
      00018B 00 00r00r66            488 	.dw	0,(Sstm8s_beep$BEEP_LSICalibrationConfig$46)
      00018F 03                     489 	.db	3
      000190 06                     490 	.sleb128	6
      000191 01                     491 	.db	1
      000192 00                     492 	.db	0
      000193 05                     493 	.uleb128	5
      000194 02                     494 	.db	2
      000195 00 00r00r8F            495 	.dw	0,(Sstm8s_beep$BEEP_LSICalibrationConfig$51)
      000199 03                     496 	.db	3
      00019A 02                     497 	.sleb128	2
      00019B 01                     498 	.db	1
      00019C 00                     499 	.db	0
      00019D 05                     500 	.uleb128	5
      00019E 02                     501 	.db	2
      00019F 00 00r00rA2            502 	.dw	0,(Sstm8s_beep$BEEP_LSICalibrationConfig$58)
      0001A3 03                     503 	.db	3
      0001A4 04                     504 	.sleb128	4
      0001A5 01                     505 	.db	1
      0001A6 00                     506 	.db	0
      0001A7 05                     507 	.uleb128	5
      0001A8 02                     508 	.db	2
      0001A9 00 00r00rAA            509 	.dw	0,(Sstm8s_beep$BEEP_LSICalibrationConfig$59)
      0001AD 03                     510 	.db	3
      0001AE 02                     511 	.sleb128	2
      0001AF 01                     512 	.db	1
      0001B0 00                     513 	.db	0
      0001B1 05                     514 	.uleb128	5
      0001B2 02                     515 	.db	2
      0001B3 00 00r00rAF            516 	.dw	0,(Sstm8s_beep$BEEP_LSICalibrationConfig$60)
      0001B7 03                     517 	.db	3
      0001B8 02                     518 	.sleb128	2
      0001B9 01                     519 	.db	1
      0001BA 00                     520 	.db	0
      0001BB 05                     521 	.uleb128	5
      0001BC 02                     522 	.db	2
      0001BD 00 00r00rC3            523 	.dw	0,(Sstm8s_beep$BEEP_LSICalibrationConfig$62)
      0001C1 03                     524 	.db	3
      0001C2 7C                     525 	.sleb128	-4
      0001C3 01                     526 	.db	1
      0001C4 00                     527 	.db	0
      0001C5 05                     528 	.uleb128	5
      0001C6 02                     529 	.db	2
      0001C7 00 00r00rCD            530 	.dw	0,(Sstm8s_beep$BEEP_LSICalibrationConfig$64)
      0001CB 03                     531 	.db	3
      0001CC 06                     532 	.sleb128	6
      0001CD 01                     533 	.db	1
      0001CE 00                     534 	.db	0
      0001CF 05                     535 	.uleb128	5
      0001D0 02                     536 	.db	2
      0001D1 00 00r00rCF            537 	.dw	0,(Sstm8s_beep$BEEP_LSICalibrationConfig$65)
      0001D5 03                     538 	.db	3
      0001D6 7E                     539 	.sleb128	-2
      0001D7 01                     540 	.db	1
      0001D8 00                     541 	.db	0
      0001D9 05                     542 	.uleb128	5
      0001DA 02                     543 	.db	2
      0001DB 00 00r00rD5            544 	.dw	0,(Sstm8s_beep$BEEP_LSICalibrationConfig$67)
      0001DF 03                     545 	.db	3
      0001E0 02                     546 	.sleb128	2
      0001E1 01                     547 	.db	1
      0001E2 00                     548 	.db	0
      0001E3 05                     549 	.uleb128	5
      0001E4 02                     550 	.db	2
      0001E5 00 00r00rDE            551 	.dw	0,(Sstm8s_beep$BEEP_LSICalibrationConfig$70)
      0001E9 03                     552 	.db	3
      0001EA 04                     553 	.sleb128	4
      0001EB 01                     554 	.db	1
      0001EC 00                     555 	.db	0
      0001ED 05                     556 	.uleb128	5
      0001EE 02                     557 	.db	2
      0001EF 00 00r00rE4            558 	.dw	0,(Sstm8s_beep$BEEP_LSICalibrationConfig$72)
      0001F3 03                     559 	.db	3
      0001F4 02                     560 	.sleb128	2
      0001F5 01                     561 	.db	1
      0001F6                        562 Ldebug_line_end:
                                    563 
                                    564 	.area .debug_loc (NOLOAD)
      000000                        565 Ldebug_loc_start:
      000000 00 00r00r63            566 	.dw	0,(Sstm8s_beep$BEEP_Cmd$40)
      000004 00 00r00r64            567 	.dw	0,(Sstm8s_beep$BEEP_Cmd$42)
      000008 00 02                  568 	.dw	2
      00000A 78                     569 	.db	120
      00000B 01                     570 	.sleb128	1
      00000C 00 00r00r4D            571 	.dw	0,(Sstm8s_beep$BEEP_Cmd$30)
      000010 00 00r00r63            572 	.dw	0,(Sstm8s_beep$BEEP_Cmd$40)
      000014 00 02                  573 	.dw	2
      000016 78                     574 	.db	120
      000017 02                     575 	.sleb128	2
      000018 00 00r00r4C            576 	.dw	0,(Sstm8s_beep$BEEP_Cmd$29)
      00001C 00 00r00r4D            577 	.dw	0,(Sstm8s_beep$BEEP_Cmd$30)
      000020 00 02                  578 	.dw	2
      000022 78                     579 	.db	120
      000023 01                     580 	.sleb128	1
      000024 00 00 00 00            581 	.dw	0,0
      000028 00 00 00 00            582 	.dw	0,0
      00002C 00 00r00r4B            583 	.dw	0,(Sstm8s_beep$BEEP_Init$25)
      000030 00 00r00r4C            584 	.dw	0,(Sstm8s_beep$BEEP_Init$27)
      000034 00 02                  585 	.dw	2
      000036 78                     586 	.db	120
      000037 01                     587 	.sleb128	1
      000038 00 00r00r2A            588 	.dw	0,(Sstm8s_beep$BEEP_Init$17)
      00003C 00 00r00r4B            589 	.dw	0,(Sstm8s_beep$BEEP_Init$25)
      000040 00 02                  590 	.dw	2
      000042 78                     591 	.db	120
      000043 02                     592 	.sleb128	2
      000044 00 00r00r22            593 	.dw	0,(Sstm8s_beep$BEEP_Init$15)
      000048 00 00r00r2A            594 	.dw	0,(Sstm8s_beep$BEEP_Init$17)
      00004C 00 02                  595 	.dw	2
      00004E 78                     596 	.db	120
      00004F 02                     597 	.sleb128	2
      000050 00 00r00r1C            598 	.dw	0,(Sstm8s_beep$BEEP_Init$14)
      000054 00 00r00r22            599 	.dw	0,(Sstm8s_beep$BEEP_Init$15)
      000058 00 02                  600 	.dw	2
      00005A 78                     601 	.db	120
      00005B 06                     602 	.sleb128	6
      00005C 00 00r00r1A            603 	.dw	0,(Sstm8s_beep$BEEP_Init$13)
      000060 00 00r00r1C            604 	.dw	0,(Sstm8s_beep$BEEP_Init$14)
      000064 00 02                  605 	.dw	2
      000066 78                     606 	.db	120
      000067 05                     607 	.sleb128	5
      000068 00 00r00r18            608 	.dw	0,(Sstm8s_beep$BEEP_Init$12)
      00006C 00 00r00r1A            609 	.dw	0,(Sstm8s_beep$BEEP_Init$13)
      000070 00 02                  610 	.dw	2
      000072 78                     611 	.db	120
      000073 03                     612 	.sleb128	3
      000074 00 00r00r16            613 	.dw	0,(Sstm8s_beep$BEEP_Init$11)
      000078 00 00r00r18            614 	.dw	0,(Sstm8s_beep$BEEP_Init$12)
      00007C 00 02                  615 	.dw	2
      00007E 78                     616 	.db	120
      00007F 02                     617 	.sleb128	2
      000080 00 00r00r10            618 	.dw	0,(Sstm8s_beep$BEEP_Init$10)
      000084 00 00r00r16            619 	.dw	0,(Sstm8s_beep$BEEP_Init$11)
      000088 00 02                  620 	.dw	2
      00008A 78                     621 	.db	120
      00008B 02                     622 	.sleb128	2
      00008C 00 00r00r06            623 	.dw	0,(Sstm8s_beep$BEEP_Init$8)
      000090 00 00r00r10            624 	.dw	0,(Sstm8s_beep$BEEP_Init$10)
      000094 00 02                  625 	.dw	2
      000096 78                     626 	.db	120
      000097 02                     627 	.sleb128	2
      000098 00 00r00r05            628 	.dw	0,(Sstm8s_beep$BEEP_Init$7)
      00009C 00 00r00r06            629 	.dw	0,(Sstm8s_beep$BEEP_Init$8)
      0000A0 00 02                  630 	.dw	2
      0000A2 78                     631 	.db	120
      0000A3 01                     632 	.sleb128	1
      0000A4 00 00 00 00            633 	.dw	0,0
      0000A8 00 00 00 00            634 	.dw	0,0
      0000AC 00 00r00r00            635 	.dw	0,(Sstm8s_beep$BEEP_DeInit$1)
      0000B0 00 00r00r05            636 	.dw	0,(Sstm8s_beep$BEEP_DeInit$5)
      0000B4 00 02                  637 	.dw	2
      0000B6 78                     638 	.db	120
      0000B7 01                     639 	.sleb128	1
      0000B8 00 00 00 00            640 	.dw	0,0
      0000BC 00 00 00 00            641 	.dw	0,0
                                    642 
                                    643 	.area .debug_abbrev (NOLOAD)
      000000                        644 Ldebug_abbrev:
      000000 01                     645 	.uleb128	1
      000001 11                     646 	.uleb128	17
      000002 01                     647 	.db	1
      000003 03                     648 	.uleb128	3
      000004 08                     649 	.uleb128	8
      000005 10                     650 	.uleb128	16
      000006 06                     651 	.uleb128	6
      000007 13                     652 	.uleb128	19
      000008 0B                     653 	.uleb128	11
      000009 25                     654 	.uleb128	37
      00000A 08                     655 	.uleb128	8
      00000B 00                     656 	.uleb128	0
      00000C 00                     657 	.uleb128	0
      00000D 02                     658 	.uleb128	2
      00000E 2E                     659 	.uleb128	46
      00000F 00                     660 	.db	0
      000010 03                     661 	.uleb128	3
      000011 08                     662 	.uleb128	8
      000012 11                     663 	.uleb128	17
      000013 01                     664 	.uleb128	1
      000014 12                     665 	.uleb128	18
      000015 01                     666 	.uleb128	1
      000016 3F                     667 	.uleb128	63
      000017 0C                     668 	.uleb128	12
      000018 40                     669 	.uleb128	64
      000019 06                     670 	.uleb128	6
      00001A 00                     671 	.uleb128	0
      00001B 00                     672 	.uleb128	0
      00001C 03                     673 	.uleb128	3
      00001D 2E                     674 	.uleb128	46
      00001E 01                     675 	.db	1
      00001F 01                     676 	.uleb128	1
      000020 13                     677 	.uleb128	19
      000021 03                     678 	.uleb128	3
      000022 08                     679 	.uleb128	8
      000023 11                     680 	.uleb128	17
      000024 01                     681 	.uleb128	1
      000025 12                     682 	.uleb128	18
      000026 01                     683 	.uleb128	1
      000027 3F                     684 	.uleb128	63
      000028 0C                     685 	.uleb128	12
      000029 40                     686 	.uleb128	64
      00002A 06                     687 	.uleb128	6
      00002B 00                     688 	.uleb128	0
      00002C 00                     689 	.uleb128	0
      00002D 04                     690 	.uleb128	4
      00002E 05                     691 	.uleb128	5
      00002F 00                     692 	.db	0
      000030 02                     693 	.uleb128	2
      000031 0A                     694 	.uleb128	10
      000032 03                     695 	.uleb128	3
      000033 08                     696 	.uleb128	8
      000034 49                     697 	.uleb128	73
      000035 13                     698 	.uleb128	19
      000036 00                     699 	.uleb128	0
      000037 00                     700 	.uleb128	0
      000038 05                     701 	.uleb128	5
      000039 0B                     702 	.uleb128	11
      00003A 00                     703 	.db	0
      00003B 11                     704 	.uleb128	17
      00003C 01                     705 	.uleb128	1
      00003D 12                     706 	.uleb128	18
      00003E 01                     707 	.uleb128	1
      00003F 00                     708 	.uleb128	0
      000040 00                     709 	.uleb128	0
      000041 06                     710 	.uleb128	6
      000042 24                     711 	.uleb128	36
      000043 00                     712 	.db	0
      000044 03                     713 	.uleb128	3
      000045 08                     714 	.uleb128	8
      000046 0B                     715 	.uleb128	11
      000047 0B                     716 	.uleb128	11
      000048 3E                     717 	.uleb128	62
      000049 0B                     718 	.uleb128	11
      00004A 00                     719 	.uleb128	0
      00004B 00                     720 	.uleb128	0
      00004C 07                     721 	.uleb128	7
      00004D 2E                     722 	.uleb128	46
      00004E 01                     723 	.db	1
      00004F 01                     724 	.uleb128	1
      000050 13                     725 	.uleb128	19
      000051 03                     726 	.uleb128	3
      000052 08                     727 	.uleb128	8
      000053 11                     728 	.uleb128	17
      000054 01                     729 	.uleb128	1
      000055 3F                     730 	.uleb128	63
      000056 0C                     731 	.uleb128	12
      000057 00                     732 	.uleb128	0
      000058 00                     733 	.uleb128	0
      000059 08                     734 	.uleb128	8
      00005A 34                     735 	.uleb128	52
      00005B 00                     736 	.db	0
      00005C 02                     737 	.uleb128	2
      00005D 0A                     738 	.uleb128	10
      00005E 03                     739 	.uleb128	3
      00005F 08                     740 	.uleb128	8
      000060 49                     741 	.uleb128	73
      000061 13                     742 	.uleb128	19
      000062 00                     743 	.uleb128	0
      000063 00                     744 	.uleb128	0
      000064 09                     745 	.uleb128	9
      000065 26                     746 	.uleb128	38
      000066 00                     747 	.db	0
      000067 49                     748 	.uleb128	73
      000068 13                     749 	.uleb128	19
      000069 00                     750 	.uleb128	0
      00006A 00                     751 	.uleb128	0
      00006B 0A                     752 	.uleb128	10
      00006C 01                     753 	.uleb128	1
      00006D 01                     754 	.db	1
      00006E 01                     755 	.uleb128	1
      00006F 13                     756 	.uleb128	19
      000070 0B                     757 	.uleb128	11
      000071 0B                     758 	.uleb128	11
      000072 49                     759 	.uleb128	73
      000073 13                     760 	.uleb128	19
      000074 00                     761 	.uleb128	0
      000075 00                     762 	.uleb128	0
      000076 0B                     763 	.uleb128	11
      000077 21                     764 	.uleb128	33
      000078 00                     765 	.db	0
      000079 2F                     766 	.uleb128	47
      00007A 0B                     767 	.uleb128	11
      00007B 00                     768 	.uleb128	0
      00007C 00                     769 	.uleb128	0
      00007D 00                     770 	.uleb128	0
                                    771 
                                    772 	.area .debug_info (NOLOAD)
      000000 00 00 01 CC            773 	.dw	0,Ldebug_info_end-Ldebug_info_start
      000004                        774 Ldebug_info_start:
      000004 00 02                  775 	.dw	2
      000006 00 00r00r00            776 	.dw	0,(Ldebug_abbrev)
      00000A 04                     777 	.db	4
      00000B 01                     778 	.uleb128	1
      00000C 2E 2F 53 54 4D 38 53   779 	.ascii "./STM8S_StdPeriph_Lib/Libraries/STM8S_StdPeriph_Driver/src/stm8s_beep.c"
             5F 53 74 64 50 65 72
             69 70 68 5F 4C 69 62
             2F 4C 69 62 72 61 72
             69 65 73 2F 53 54 4D
             38 53 5F 53 74 64 50
             65 72 69 70 68 5F 44
             72 69 76 65 72 2F 73
             72 63 2F 73 74 6D 38
             73 5F 62 65 65 70 2E
             63
      000053 00                     780 	.db	0
      000054 00 00r00r00            781 	.dw	0,(Ldebug_line_start+-4)
      000058 01                     782 	.db	1
      000059 53 44 43 43 20 76 65   783 	.ascii "SDCC version 4.4.0 #14620"
             72 73 69 6F 6E 20 34
             2E 34 2E 30 20 23 31
             34 36 32 30
      000072 00                     784 	.db	0
      000073 02                     785 	.uleb128	2
      000074 42 45 45 50 5F 44 65   786 	.ascii "BEEP_DeInit"
             49 6E 69 74
      00007F 00                     787 	.db	0
      000080 00 00r00r00            788 	.dw	0,(_BEEP_DeInit)
      000084 00 00r00r05            789 	.dw	0,(XG$BEEP_DeInit$0$0+1)
      000088 01                     790 	.db	1
      000089 00 00r00rAC            791 	.dw	0,(Ldebug_loc_start+172)
      00008D 03                     792 	.uleb128	3
      00008E 00 00 00 CA            793 	.dw	0,202
      000092 42 45 45 50 5F 49 6E   794 	.ascii "BEEP_Init"
             69 74
      00009B 00                     795 	.db	0
      00009C 00 00r00r05            796 	.dw	0,(_BEEP_Init)
      0000A0 00 00r00r4C            797 	.dw	0,(XG$BEEP_Init$0$0+1)
      0000A4 01                     798 	.db	1
      0000A5 00 00r00r2C            799 	.dw	0,(Ldebug_loc_start+44)
      0000A9 04                     800 	.uleb128	4
      0000AA 02                     801 	.db	2
      0000AB 91                     802 	.db	145
      0000AC 7F                     803 	.sleb128	-1
      0000AD 42 45 45 50 5F 46 72   804 	.ascii "BEEP_Frequency"
             65 71 75 65 6E 63 79
      0000BB 00                     805 	.db	0
      0000BC 00 00 00 CA            806 	.dw	0,202
      0000C0 05                     807 	.uleb128	5
      0000C1 00 00r00r2A            808 	.dw	0,(Sstm8s_beep$BEEP_Init$18)
      0000C5 00 00r00r3A            809 	.dw	0,(Sstm8s_beep$BEEP_Init$21)
      0000C9 00                     810 	.uleb128	0
      0000CA 06                     811 	.uleb128	6
      0000CB 75 6E 73 69 67 6E 65   812 	.ascii "unsigned char"
             64 20 63 68 61 72
      0000D8 00                     813 	.db	0
      0000D9 01                     814 	.db	1
      0000DA 08                     815 	.db	8
      0000DB 03                     816 	.uleb128	3
      0000DC 00 00 01 1A            817 	.dw	0,282
      0000E0 42 45 45 50 5F 43 6D   818 	.ascii "BEEP_Cmd"
             64
      0000E8 00                     819 	.db	0
      0000E9 00 00r00r4C            820 	.dw	0,(_BEEP_Cmd)
      0000ED 00 00r00r64            821 	.dw	0,(XG$BEEP_Cmd$0$0+1)
      0000F1 01                     822 	.db	1
      0000F2 00 00r00r00            823 	.dw	0,(Ldebug_loc_start)
      0000F6 04                     824 	.uleb128	4
      0000F7 02                     825 	.db	2
      0000F8 91                     826 	.db	145
      0000F9 7F                     827 	.sleb128	-1
      0000FA 4E 65 77 53 74 61 74   828 	.ascii "NewState"
             65
      000102 00                     829 	.db	0
      000103 00 00 01 1A            830 	.dw	0,282
      000107 05                     831 	.uleb128	5
      000108 00 00r00r56            832 	.dw	0,(Sstm8s_beep$BEEP_Cmd$33)
      00010C 00 00r00r5B            833 	.dw	0,(Sstm8s_beep$BEEP_Cmd$35)
      000110 05                     834 	.uleb128	5
      000111 00 00r00r5D            835 	.dw	0,(Sstm8s_beep$BEEP_Cmd$36)
      000115 00 00r00r62            836 	.dw	0,(Sstm8s_beep$BEEP_Cmd$38)
      000119 00                     837 	.uleb128	0
      00011A 06                     838 	.uleb128	6
      00011B 5F 42 6F 6F 6C         839 	.ascii "_Bool"
      000120 00                     840 	.db	0
      000121 01                     841 	.db	1
      000122 02                     842 	.db	2
      000123 07                     843 	.uleb128	7
      000124 00 00 01 89            844 	.dw	0,393
      000128 42 45 45 50 5F 4C 53   845 	.ascii "BEEP_LSICalibrationConfig"
             49 43 61 6C 69 62 72
             61 74 69 6F 6E 43 6F
             6E 66 69 67
      000141 00                     846 	.db	0
      000142 00 00r00r64            847 	.dw	0,(_BEEP_LSICalibrationConfig)
      000146 01                     848 	.db	1
      000147 04                     849 	.uleb128	4
      000148 02                     850 	.db	2
      000149 91                     851 	.db	145
      00014A 02                     852 	.sleb128	2
      00014B 4C 53 49 46 72 65 71   853 	.ascii "LSIFreqHz"
             48 7A
      000154 00                     854 	.db	0
      000155 00 00 01 89            855 	.dw	0,393
      000159 05                     856 	.uleb128	5
      00015A 00 00r00rD5            857 	.dw	0,(Sstm8s_beep$BEEP_LSICalibrationConfig$66)
      00015E 00 00r00rDC            858 	.dw	0,(Sstm8s_beep$BEEP_LSICalibrationConfig$68)
      000162 05                     859 	.uleb128	5
      000163 00 00r00rDE            860 	.dw	0,(Sstm8s_beep$BEEP_LSICalibrationConfig$69)
      000167 00 00r00rE4            861 	.dw	0,(Sstm8s_beep$BEEP_LSICalibrationConfig$71)
      00016B 08                     862 	.uleb128	8
      00016C 02                     863 	.db	2
      00016D 91                     864 	.db	145
      00016E 77                     865 	.sleb128	-9
      00016F 6C 73 69 66 72 65 71   866 	.ascii "lsifreqkhz"
             6B 68 7A
      000179 00                     867 	.db	0
      00017A 00 00 01 9A            868 	.dw	0,410
      00017E 08                     869 	.uleb128	8
      00017F 02                     870 	.db	2
      000180 91                     871 	.db	145
      000181 79                     872 	.sleb128	-7
      000182 41                     873 	.ascii "A"
      000183 00                     874 	.db	0
      000184 00 00 01 9A            875 	.dw	0,410
      000188 00                     876 	.uleb128	0
      000189 06                     877 	.uleb128	6
      00018A 75 6E 73 69 67 6E 65   878 	.ascii "unsigned long"
             64 20 6C 6F 6E 67
      000197 00                     879 	.db	0
      000198 04                     880 	.db	4
      000199 07                     881 	.db	7
      00019A 06                     882 	.uleb128	6
      00019B 75 6E 73 69 67 6E 65   883 	.ascii "unsigned int"
             64 20 69 6E 74
      0001A7 00                     884 	.db	0
      0001A8 02                     885 	.db	2
      0001A9 07                     886 	.db	7
      0001AA 09                     887 	.uleb128	9
      0001AB 00 00 00 CA            888 	.dw	0,202
      0001AF 0A                     889 	.uleb128	10
      0001B0 00 00 01 BC            890 	.dw	0,444
      0001B4 48                     891 	.db	72
      0001B5 00 00 01 AA            892 	.dw	0,426
      0001B9 0B                     893 	.uleb128	11
      0001BA 47                     894 	.db	71
      0001BB 00                     895 	.uleb128	0
      0001BC 08                     896 	.uleb128	8
      0001BD 05                     897 	.db	5
      0001BE 03                     898 	.db	3
      0001BF 00 00r00r00            899 	.dw	0,(___str_0)
      0001C3 5F 5F 73 74 72 5F 30   900 	.ascii "__str_0"
      0001CA 00                     901 	.db	0
      0001CB 00 00 01 AF            902 	.dw	0,431
      0001CF 00                     903 	.uleb128	0
      0001D0                        904 Ldebug_info_end:
                                    905 
                                    906 	.area .debug_pubnames (NOLOAD)
      000000 00 00 00 57            907 	.dw	0,Ldebug_pubnames_end-Ldebug_pubnames_start
      000004                        908 Ldebug_pubnames_start:
      000004 00 02                  909 	.dw	2
      000006 00 00r00r00            910 	.dw	0,(Ldebug_info_start-4)
      00000A 00 00 01 D0            911 	.dw	0,4+Ldebug_info_end-Ldebug_info_start
      00000E 00 00 00 73            912 	.dw	0,115
      000012 42 45 45 50 5F 44 65   913 	.ascii "BEEP_DeInit"
             49 6E 69 74
      00001D 00                     914 	.db	0
      00001E 00 00 00 8D            915 	.dw	0,141
      000022 42 45 45 50 5F 49 6E   916 	.ascii "BEEP_Init"
             69 74
      00002B 00                     917 	.db	0
      00002C 00 00 00 DB            918 	.dw	0,219
      000030 42 45 45 50 5F 43 6D   919 	.ascii "BEEP_Cmd"
             64
      000038 00                     920 	.db	0
      000039 00 00 01 23            921 	.dw	0,291
      00003D 42 45 45 50 5F 4C 53   922 	.ascii "BEEP_LSICalibrationConfig"
             49 43 61 6C 69 62 72
             61 74 69 6F 6E 43 6F
             6E 66 69 67
      000056 00                     923 	.db	0
      000057 00 00 00 00            924 	.dw	0,0
      00005B                        925 Ldebug_pubnames_end:
                                    926 
                                    927 	.area .debug_frame (NOLOAD)
      000000 00 00                  928 	.dw	0
      000002 00 10                  929 	.dw	Ldebug_CIE0_end-Ldebug_CIE0_start
      000004                        930 Ldebug_CIE0_start:
      000004 FF FF                  931 	.dw	0xffff
      000006 FF FF                  932 	.dw	0xffff
      000008 01                     933 	.db	1
      000009 00                     934 	.db	0
      00000A 01                     935 	.uleb128	1
      00000B 7F                     936 	.sleb128	-1
      00000C 09                     937 	.db	9
      00000D 0C                     938 	.db	12
      00000E 08                     939 	.uleb128	8
      00000F 02                     940 	.uleb128	2
      000010 89                     941 	.db	137
      000011 01                     942 	.uleb128	1
      000012 00                     943 	.db	0
      000013 00                     944 	.db	0
      000014                        945 Ldebug_CIE0_end:
      000014 00 00 00 7C            946 	.dw	0,124
      000018 00 00r00r00            947 	.dw	0,(Ldebug_CIE0_start-4)
      00001C 00 00r00r64            948 	.dw	0,(Sstm8s_beep$BEEP_LSICalibrationConfig$44)	;initial loc
      000020 00 00 00 85            949 	.dw	0,Sstm8s_beep$BEEP_LSICalibrationConfig$74-Sstm8s_beep$BEEP_LSICalibrationConfig$44
      000024 01                     950 	.db	1
      000025 00 00r00r64            951 	.dw	0,(Sstm8s_beep$BEEP_LSICalibrationConfig$44)
      000029 0E                     952 	.db	14
      00002A 02                     953 	.uleb128	2
      00002B 01                     954 	.db	1
      00002C 00 00r00r66            955 	.dw	0,(Sstm8s_beep$BEEP_LSICalibrationConfig$45)
      000030 0E                     956 	.db	14
      000031 0B                     957 	.uleb128	11
      000032 01                     958 	.db	1
      000033 00 00r00r85            959 	.dw	0,(Sstm8s_beep$BEEP_LSICalibrationConfig$47)
      000037 0E                     960 	.db	14
      000038 0C                     961 	.uleb128	12
      000039 01                     962 	.db	1
      00003A 00 00r00r87            963 	.dw	0,(Sstm8s_beep$BEEP_LSICalibrationConfig$48)
      00003E 0E                     964 	.db	14
      00003F 0E                     965 	.uleb128	14
      000040 01                     966 	.db	1
      000041 00 00r00r89            967 	.dw	0,(Sstm8s_beep$BEEP_LSICalibrationConfig$49)
      000045 0E                     968 	.db	14
      000046 0F                     969 	.uleb128	15
      000047 01                     970 	.db	1
      000048 00 00r00r8F            971 	.dw	0,(Sstm8s_beep$BEEP_LSICalibrationConfig$50)
      00004C 0E                     972 	.db	14
      00004D 0B                     973 	.uleb128	11
      00004E 01                     974 	.db	1
      00004F 00 00r00r91            975 	.dw	0,(Sstm8s_beep$BEEP_LSICalibrationConfig$52)
      000053 0E                     976 	.db	14
      000054 0C                     977 	.uleb128	12
      000055 01                     978 	.db	1
      000056 00 00r00r93            979 	.dw	0,(Sstm8s_beep$BEEP_LSICalibrationConfig$53)
      00005A 0E                     980 	.db	14
      00005B 0D                     981 	.uleb128	13
      00005C 01                     982 	.db	1
      00005D 00 00r00r95            983 	.dw	0,(Sstm8s_beep$BEEP_LSICalibrationConfig$54)
      000061 0E                     984 	.db	14
      000062 0F                     985 	.uleb128	15
      000063 01                     986 	.db	1
      000064 00 00r00r98            987 	.dw	0,(Sstm8s_beep$BEEP_LSICalibrationConfig$55)
      000068 0E                     988 	.db	14
      000069 11                     989 	.uleb128	17
      00006A 01                     990 	.db	1
      00006B 00 00r00r9B            991 	.dw	0,(Sstm8s_beep$BEEP_LSICalibrationConfig$56)
      00006F 0E                     992 	.db	14
      000070 13                     993 	.uleb128	19
      000071 01                     994 	.db	1
      000072 00 00r00rA0            995 	.dw	0,(Sstm8s_beep$BEEP_LSICalibrationConfig$57)
      000076 0E                     996 	.db	14
      000077 0B                     997 	.uleb128	11
      000078 01                     998 	.db	1
      000079 00 00r00rC2            999 	.dw	0,(Sstm8s_beep$BEEP_LSICalibrationConfig$61)
      00007D 0E                    1000 	.db	14
      00007E 0D                    1001 	.uleb128	13
      00007F 01                    1002 	.db	1
      000080 00 00r00rC6           1003 	.dw	0,(Sstm8s_beep$BEEP_LSICalibrationConfig$63)
      000084 0E                    1004 	.db	14
      000085 0B                    1005 	.uleb128	11
      000086 01                    1006 	.db	1
      000087 00 00r00rE8           1007 	.dw	0,(Sstm8s_beep$BEEP_LSICalibrationConfig$73)
      00008B 0E                    1008 	.db	14
      00008C FC FF FF FF 0F        1009 	.uleb128	-4
      000091 00                    1010 	.db	0
      000092 00                    1011 	.db	0
      000093 00                    1012 	.db	0
                                   1013 
                                   1014 	.area .debug_frame (NOLOAD)
      000094 00 00                 1015 	.dw	0
      000096 00 10                 1016 	.dw	Ldebug_CIE1_end-Ldebug_CIE1_start
      000098                       1017 Ldebug_CIE1_start:
      000098 FF FF                 1018 	.dw	0xffff
      00009A FF FF                 1019 	.dw	0xffff
      00009C 01                    1020 	.db	1
      00009D 00                    1021 	.db	0
      00009E 01                    1022 	.uleb128	1
      00009F 7F                    1023 	.sleb128	-1
      0000A0 09                    1024 	.db	9
      0000A1 0C                    1025 	.db	12
      0000A2 08                    1026 	.uleb128	8
      0000A3 02                    1027 	.uleb128	2
      0000A4 89                    1028 	.db	137
      0000A5 01                    1029 	.uleb128	1
      0000A6 00                    1030 	.db	0
      0000A7 00                    1031 	.db	0
      0000A8                       1032 Ldebug_CIE1_end:
      0000A8 00 00 00 24           1033 	.dw	0,36
      0000AC 00 00r00r94           1034 	.dw	0,(Ldebug_CIE1_start-4)
      0000B0 00 00r00r4C           1035 	.dw	0,(Sstm8s_beep$BEEP_Cmd$29)	;initial loc
      0000B4 00 00 00 18           1036 	.dw	0,Sstm8s_beep$BEEP_Cmd$42-Sstm8s_beep$BEEP_Cmd$29
      0000B8 01                    1037 	.db	1
      0000B9 00 00r00r4C           1038 	.dw	0,(Sstm8s_beep$BEEP_Cmd$29)
      0000BD 0E                    1039 	.db	14
      0000BE 02                    1040 	.uleb128	2
      0000BF 01                    1041 	.db	1
      0000C0 00 00r00r4D           1042 	.dw	0,(Sstm8s_beep$BEEP_Cmd$30)
      0000C4 0E                    1043 	.db	14
      0000C5 03                    1044 	.uleb128	3
      0000C6 01                    1045 	.db	1
      0000C7 00 00r00r63           1046 	.dw	0,(Sstm8s_beep$BEEP_Cmd$40)
      0000CB 0E                    1047 	.db	14
      0000CC 02                    1048 	.uleb128	2
      0000CD 00                    1049 	.db	0
      0000CE 00                    1050 	.db	0
      0000CF 00                    1051 	.db	0
                                   1052 
                                   1053 	.area .debug_frame (NOLOAD)
      0000D0 00 00                 1054 	.dw	0
      0000D2 00 10                 1055 	.dw	Ldebug_CIE2_end-Ldebug_CIE2_start
      0000D4                       1056 Ldebug_CIE2_start:
      0000D4 FF FF                 1057 	.dw	0xffff
      0000D6 FF FF                 1058 	.dw	0xffff
      0000D8 01                    1059 	.db	1
      0000D9 00                    1060 	.db	0
      0000DA 01                    1061 	.uleb128	1
      0000DB 7F                    1062 	.sleb128	-1
      0000DC 09                    1063 	.db	9
      0000DD 0C                    1064 	.db	12
      0000DE 08                    1065 	.uleb128	8
      0000DF 02                    1066 	.uleb128	2
      0000E0 89                    1067 	.db	137
      0000E1 01                    1068 	.uleb128	1
      0000E2 00                    1069 	.db	0
      0000E3 00                    1070 	.db	0
      0000E4                       1071 Ldebug_CIE2_end:
      0000E4 00 00 00 54           1072 	.dw	0,84
      0000E8 00 00r00rD0           1073 	.dw	0,(Ldebug_CIE2_start-4)
      0000EC 00 00r00r05           1074 	.dw	0,(Sstm8s_beep$BEEP_Init$7)	;initial loc
      0000F0 00 00 00 47           1075 	.dw	0,Sstm8s_beep$BEEP_Init$27-Sstm8s_beep$BEEP_Init$7
      0000F4 01                    1076 	.db	1
      0000F5 00 00r00r05           1077 	.dw	0,(Sstm8s_beep$BEEP_Init$7)
      0000F9 0E                    1078 	.db	14
      0000FA 02                    1079 	.uleb128	2
      0000FB 01                    1080 	.db	1
      0000FC 00 00r00r06           1081 	.dw	0,(Sstm8s_beep$BEEP_Init$8)
      000100 0E                    1082 	.db	14
      000101 03                    1083 	.uleb128	3
      000102 01                    1084 	.db	1
      000103 00 00r00r10           1085 	.dw	0,(Sstm8s_beep$BEEP_Init$10)
      000107 0E                    1086 	.db	14
      000108 03                    1087 	.uleb128	3
      000109 01                    1088 	.db	1
      00010A 00 00r00r16           1089 	.dw	0,(Sstm8s_beep$BEEP_Init$11)
      00010E 0E                    1090 	.db	14
      00010F 03                    1091 	.uleb128	3
      000110 01                    1092 	.db	1
      000111 00 00r00r18           1093 	.dw	0,(Sstm8s_beep$BEEP_Init$12)
      000115 0E                    1094 	.db	14
      000116 04                    1095 	.uleb128	4
      000117 01                    1096 	.db	1
      000118 00 00r00r1A           1097 	.dw	0,(Sstm8s_beep$BEEP_Init$13)
      00011C 0E                    1098 	.db	14
      00011D 06                    1099 	.uleb128	6
      00011E 01                    1100 	.db	1
      00011F 00 00r00r1C           1101 	.dw	0,(Sstm8s_beep$BEEP_Init$14)
      000123 0E                    1102 	.db	14
      000124 07                    1103 	.uleb128	7
      000125 01                    1104 	.db	1
      000126 00 00r00r22           1105 	.dw	0,(Sstm8s_beep$BEEP_Init$15)
      00012A 0E                    1106 	.db	14
      00012B 03                    1107 	.uleb128	3
      00012C 01                    1108 	.db	1
      00012D 00 00r00r2A           1109 	.dw	0,(Sstm8s_beep$BEEP_Init$17)
      000131 0E                    1110 	.db	14
      000132 03                    1111 	.uleb128	3
      000133 01                    1112 	.db	1
      000134 00 00r00r4B           1113 	.dw	0,(Sstm8s_beep$BEEP_Init$25)
      000138 0E                    1114 	.db	14
      000139 02                    1115 	.uleb128	2
      00013A 00                    1116 	.db	0
      00013B 00                    1117 	.db	0
                                   1118 
                                   1119 	.area .debug_frame (NOLOAD)
      00013C 00 00                 1120 	.dw	0
      00013E 00 10                 1121 	.dw	Ldebug_CIE3_end-Ldebug_CIE3_start
      000140                       1122 Ldebug_CIE3_start:
      000140 FF FF                 1123 	.dw	0xffff
      000142 FF FF                 1124 	.dw	0xffff
      000144 01                    1125 	.db	1
      000145 00                    1126 	.db	0
      000146 01                    1127 	.uleb128	1
      000147 7F                    1128 	.sleb128	-1
      000148 09                    1129 	.db	9
      000149 0C                    1130 	.db	12
      00014A 08                    1131 	.uleb128	8
      00014B 02                    1132 	.uleb128	2
      00014C 89                    1133 	.db	137
      00014D 01                    1134 	.uleb128	1
      00014E 00                    1135 	.db	0
      00014F 00                    1136 	.db	0
      000150                       1137 Ldebug_CIE3_end:
      000150 00 00 00 14           1138 	.dw	0,20
      000154 00 00r01r3C           1139 	.dw	0,(Ldebug_CIE3_start-4)
      000158 00 00r00r00           1140 	.dw	0,(Sstm8s_beep$BEEP_DeInit$1)	;initial loc
      00015C 00 00 00 05           1141 	.dw	0,Sstm8s_beep$BEEP_DeInit$5-Sstm8s_beep$BEEP_DeInit$1
      000160 01                    1142 	.db	1
      000161 00 00r00r00           1143 	.dw	0,(Sstm8s_beep$BEEP_DeInit$1)
      000165 0E                    1144 	.db	14
      000166 02                    1145 	.uleb128	2
      000167 00                    1146 	.db	0
