                                      1 ;--------------------------------------------------------
                                      2 ; File Created by SDCC : free open source ISO C Compiler 
                                      3 ; Version 4.3.0 #14184 (MINGW64)
                                      4 ;--------------------------------------------------------
                                      5 	.module stm8s_rst
                                      6 	.optsdcc -mstm8
                                      7 	
                                      8 ;--------------------------------------------------------
                                      9 ; Public variables in this module
                                     10 ;--------------------------------------------------------
                                     11 	.globl _assert_failed
                                     12 	.globl _RST_GetFlagStatus
                                     13 	.globl _RST_ClearFlag
                                     14 ;--------------------------------------------------------
                                     15 ; ram data
                                     16 ;--------------------------------------------------------
                                     17 	.area DATA
                                     18 ;--------------------------------------------------------
                                     19 ; ram data
                                     20 ;--------------------------------------------------------
                                     21 	.area INITIALIZED
                                     22 ;--------------------------------------------------------
                                     23 ; absolute external ram data
                                     24 ;--------------------------------------------------------
                                     25 	.area DABS (ABS)
                                     26 
                                     27 ; default segment ordering for linker
                                     28 	.area HOME
                                     29 	.area GSINIT
                                     30 	.area GSFINAL
                                     31 	.area CONST
                                     32 	.area INITIALIZER
                                     33 	.area CODE
                                     34 
                                     35 ;--------------------------------------------------------
                                     36 ; global & static initialisations
                                     37 ;--------------------------------------------------------
                                     38 	.area HOME
                                     39 	.area GSINIT
                                     40 	.area GSFINAL
                                     41 	.area GSINIT
                                     42 ;--------------------------------------------------------
                                     43 ; Home
                                     44 ;--------------------------------------------------------
                                     45 	.area HOME
                                     46 	.area HOME
                                     47 ;--------------------------------------------------------
                                     48 ; code
                                     49 ;--------------------------------------------------------
                                     50 	.area CODE
                           000000    51 	Sstm8s_rst$RST_GetFlagStatus$0 ==.
                                     52 ;	./STM8S_StdPeriph_Lib/Libraries/STM8S_StdPeriph_Driver/src/stm8s_rst.c: 54: FlagStatus RST_GetFlagStatus(RST_Flag_TypeDef RST_Flag)
                                     53 ;	-----------------------------------------
                                     54 ;	 function RST_GetFlagStatus
                                     55 ;	-----------------------------------------
      000000                         56 _RST_GetFlagStatus:
                           000000    57 	Sstm8s_rst$RST_GetFlagStatus$1 ==.
      000000 88               [ 1]   58 	push	a
                           000001    59 	Sstm8s_rst$RST_GetFlagStatus$2 ==.
                           000001    60 	Sstm8s_rst$RST_GetFlagStatus$3 ==.
                                     61 ;	./STM8S_StdPeriph_Lib/Libraries/STM8S_StdPeriph_Driver/src/stm8s_rst.c: 57: assert_param(IS_RST_FLAG_OK(RST_Flag));
      000001 A1 10            [ 1]   62 	cp	a, #0x10
      000003 27 1E            [ 1]   63 	jreq	00104$
                           000005    64 	Sstm8s_rst$RST_GetFlagStatus$4 ==.
      000005 A1 08            [ 1]   65 	cp	a, #0x08
      000007 27 1A            [ 1]   66 	jreq	00104$
                           000009    67 	Sstm8s_rst$RST_GetFlagStatus$5 ==.
      000009 A1 04            [ 1]   68 	cp	a, #0x04
      00000B 27 16            [ 1]   69 	jreq	00104$
                           00000D    70 	Sstm8s_rst$RST_GetFlagStatus$6 ==.
      00000D A1 02            [ 1]   71 	cp	a, #0x02
      00000F 27 12            [ 1]   72 	jreq	00104$
                           000011    73 	Sstm8s_rst$RST_GetFlagStatus$7 ==.
      000011 A1 01            [ 1]   74 	cp	a, #0x01
      000013 27 0E            [ 1]   75 	jreq	00104$
                           000015    76 	Sstm8s_rst$RST_GetFlagStatus$8 ==.
      000015 88               [ 1]   77 	push	a
                           000016    78 	Sstm8s_rst$RST_GetFlagStatus$9 ==.
      000016 4B 39            [ 1]   79 	push	#0x39
                           000018    80 	Sstm8s_rst$RST_GetFlagStatus$10 ==.
      000018 5F               [ 1]   81 	clrw	x
      000019 89               [ 2]   82 	pushw	x
                           00001A    83 	Sstm8s_rst$RST_GetFlagStatus$11 ==.
      00001A 4B 00            [ 1]   84 	push	#0x00
                           00001C    85 	Sstm8s_rst$RST_GetFlagStatus$12 ==.
      00001C AEr00r00         [ 2]   86 	ldw	x, #(___str_0+0)
      00001F CDr00r00         [ 4]   87 	call	_assert_failed
                           000022    88 	Sstm8s_rst$RST_GetFlagStatus$13 ==.
      000022 84               [ 1]   89 	pop	a
                           000023    90 	Sstm8s_rst$RST_GetFlagStatus$14 ==.
      000023                         91 00104$:
                           000023    92 	Sstm8s_rst$RST_GetFlagStatus$15 ==.
                                     93 ;	./STM8S_StdPeriph_Lib/Libraries/STM8S_StdPeriph_Driver/src/stm8s_rst.c: 60: return((FlagStatus)(((uint8_t)(RST->SR & RST_Flag) == (uint8_t)0x00) ? RESET : SET));
      000023 AE 50 B3         [ 2]   94 	ldw	x, #0x50b3
      000026 88               [ 1]   95 	push	a
                           000027    96 	Sstm8s_rst$RST_GetFlagStatus$16 ==.
      000027 F6               [ 1]   97 	ld	a, (x)
      000028 6B 02            [ 1]   98 	ld	(0x02, sp), a
      00002A 84               [ 1]   99 	pop	a
                           00002B   100 	Sstm8s_rst$RST_GetFlagStatus$17 ==.
      00002B 14 01            [ 1]  101 	and	a, (0x01, sp)
      00002D A0 01            [ 1]  102 	sub	a, #0x01
      00002F 4F               [ 1]  103 	clr	a
      000030 8C               [ 1]  104 	ccf
      000031 49               [ 1]  105 	rlc	a
                           000032   106 	Sstm8s_rst$RST_GetFlagStatus$18 ==.
                                    107 ;	./STM8S_StdPeriph_Lib/Libraries/STM8S_StdPeriph_Driver/src/stm8s_rst.c: 61: }
      000032 5B 01            [ 2]  108 	addw	sp, #1
                           000034   109 	Sstm8s_rst$RST_GetFlagStatus$19 ==.
                           000034   110 	Sstm8s_rst$RST_GetFlagStatus$20 ==.
                           000034   111 	XG$RST_GetFlagStatus$0$0 ==.
      000034 81               [ 4]  112 	ret
                           000035   113 	Sstm8s_rst$RST_GetFlagStatus$21 ==.
                           000035   114 	Sstm8s_rst$RST_ClearFlag$22 ==.
                                    115 ;	./STM8S_StdPeriph_Lib/Libraries/STM8S_StdPeriph_Driver/src/stm8s_rst.c: 69: void RST_ClearFlag(RST_Flag_TypeDef RST_Flag)
                                    116 ;	-----------------------------------------
                                    117 ;	 function RST_ClearFlag
                                    118 ;	-----------------------------------------
      000035                        119 _RST_ClearFlag:
                           000035   120 	Sstm8s_rst$RST_ClearFlag$23 ==.
                           000035   121 	Sstm8s_rst$RST_ClearFlag$24 ==.
                                    122 ;	./STM8S_StdPeriph_Lib/Libraries/STM8S_StdPeriph_Driver/src/stm8s_rst.c: 72: assert_param(IS_RST_FLAG_OK(RST_Flag));
      000035 A1 10            [ 1]  123 	cp	a, #0x10
      000037 27 1E            [ 1]  124 	jreq	00104$
                           000039   125 	Sstm8s_rst$RST_ClearFlag$25 ==.
      000039 A1 08            [ 1]  126 	cp	a, #0x08
      00003B 27 1A            [ 1]  127 	jreq	00104$
                           00003D   128 	Sstm8s_rst$RST_ClearFlag$26 ==.
      00003D A1 04            [ 1]  129 	cp	a, #0x04
      00003F 27 16            [ 1]  130 	jreq	00104$
                           000041   131 	Sstm8s_rst$RST_ClearFlag$27 ==.
      000041 A1 02            [ 1]  132 	cp	a, #0x02
      000043 27 12            [ 1]  133 	jreq	00104$
                           000045   134 	Sstm8s_rst$RST_ClearFlag$28 ==.
      000045 A1 01            [ 1]  135 	cp	a, #0x01
      000047 27 0E            [ 1]  136 	jreq	00104$
                           000049   137 	Sstm8s_rst$RST_ClearFlag$29 ==.
      000049 88               [ 1]  138 	push	a
                           00004A   139 	Sstm8s_rst$RST_ClearFlag$30 ==.
      00004A 4B 48            [ 1]  140 	push	#0x48
                           00004C   141 	Sstm8s_rst$RST_ClearFlag$31 ==.
      00004C 5F               [ 1]  142 	clrw	x
      00004D 89               [ 2]  143 	pushw	x
                           00004E   144 	Sstm8s_rst$RST_ClearFlag$32 ==.
      00004E 4B 00            [ 1]  145 	push	#0x00
                           000050   146 	Sstm8s_rst$RST_ClearFlag$33 ==.
      000050 AEr00r00         [ 2]  147 	ldw	x, #(___str_0+0)
      000053 CDr00r00         [ 4]  148 	call	_assert_failed
                           000056   149 	Sstm8s_rst$RST_ClearFlag$34 ==.
      000056 84               [ 1]  150 	pop	a
                           000057   151 	Sstm8s_rst$RST_ClearFlag$35 ==.
      000057                        152 00104$:
                           000057   153 	Sstm8s_rst$RST_ClearFlag$36 ==.
                                    154 ;	./STM8S_StdPeriph_Lib/Libraries/STM8S_StdPeriph_Driver/src/stm8s_rst.c: 74: RST->SR = (uint8_t)RST_Flag;
      000057 C7 50 B3         [ 1]  155 	ld	0x50b3, a
                           00005A   156 	Sstm8s_rst$RST_ClearFlag$37 ==.
                                    157 ;	./STM8S_StdPeriph_Lib/Libraries/STM8S_StdPeriph_Driver/src/stm8s_rst.c: 75: }
                           00005A   158 	Sstm8s_rst$RST_ClearFlag$38 ==.
                           00005A   159 	XG$RST_ClearFlag$0$0 ==.
      00005A 81               [ 4]  160 	ret
                           00005B   161 	Sstm8s_rst$RST_ClearFlag$39 ==.
                                    162 	.area CODE
                                    163 	.area CONST
                           000000   164 Fstm8s_rst$__str_0$0_0$0 == .
                                    165 	.area CONST
      000000                        166 ___str_0:
      000000 2E 2F 53 54 4D 38 53   167 	.ascii "./STM8S_StdPeriph_Lib/Libraries/STM8S_StdPeriph_Driver/src/s"
             5F 53 74 64 50 65 72
             69 70 68 5F 4C 69 62
             2F 4C 69 62 72 61 72
             69 65 73 2F 53 54 4D
             38 53 5F 53 74 64 50
             65 72 69 70 68 5F 44
             72 69 76 65 72 2F 73
             72 63 2F 73
      00003C 74 6D 38 73 5F 72 73   168 	.ascii "tm8s_rst.c"
             74 2E 63
      000046 00                     169 	.db 0x00
                                    170 	.area CODE
                                    171 	.area INITIALIZER
                                    172 	.area CABS (ABS)
                                    173 
                                    174 	.area .debug_line (NOLOAD)
      000000 00 00 01 0B            175 	.dw	0,Ldebug_line_end-Ldebug_line_start
      000004                        176 Ldebug_line_start:
      000004 00 02                  177 	.dw	2
      000006 00 00 00 A8            178 	.dw	0,Ldebug_line_stmt-6-Ldebug_line_start
      00000A 01                     179 	.db	1
      00000B 01                     180 	.db	1
      00000C FB                     181 	.db	-5
      00000D 0F                     182 	.db	15
      00000E 0A                     183 	.db	10
      00000F 00                     184 	.db	0
      000010 01                     185 	.db	1
      000011 01                     186 	.db	1
      000012 01                     187 	.db	1
      000013 01                     188 	.db	1
      000014 00                     189 	.db	0
      000015 00                     190 	.db	0
      000016 00                     191 	.db	0
      000017 01                     192 	.db	1
      000018 44 3A 5C 5C 53 6F 66   193 	.ascii "D:\\Software\\SDCC\\bin\\..\\include\\stm8"
             74 77 61 72 65 5C 5C
             53 44 43 43 5C 08 69
             6E 5C 5C 2E 2E 5C 5C
             69 6E 63 6C 75 64 65
             5C 5C 73 74 6D 38
      000041 00                     194 	.db	0
      000042 44 3A 5C 5C 53 6F 66   195 	.ascii "D:\\Software\\SDCC\\bin\\..\\include"
             74 77 61 72 65 5C 5C
             53 44 43 43 5C 08 69
             6E 5C 5C 2E 2E 5C 5C
             69 6E 63 6C 75 64 65
      000065 00                     196 	.db	0
      000066 00                     197 	.db	0
      000067 2E 2F 53 54 4D 38 53   198 	.ascii "./STM8S_StdPeriph_Lib/Libraries/STM8S_StdPeriph_Driver/src/stm8s_rst.c"
             5F 53 74 64 50 65 72
             69 70 68 5F 4C 69 62
             2F 4C 69 62 72 61 72
             69 65 73 2F 53 54 4D
             38 53 5F 53 74 64 50
             65 72 69 70 68 5F 44
             72 69 76 65 72 2F 73
             72 63 2F 73 74 6D 38
             73 5F 72 73 74 2E 63
      0000AD 00                     199 	.db	0
      0000AE 00                     200 	.uleb128	0
      0000AF 00                     201 	.uleb128	0
      0000B0 00                     202 	.uleb128	0
      0000B1 00                     203 	.db	0
      0000B2                        204 Ldebug_line_stmt:
      0000B2 00                     205 	.db	0
      0000B3 05                     206 	.uleb128	5
      0000B4 02                     207 	.db	2
      0000B5 00 00r00r00            208 	.dw	0,(Sstm8s_rst$RST_GetFlagStatus$0)
      0000B9 03                     209 	.db	3
      0000BA 35                     210 	.sleb128	53
      0000BB 01                     211 	.db	1
      0000BC 00                     212 	.db	0
      0000BD 05                     213 	.uleb128	5
      0000BE 02                     214 	.db	2
      0000BF 00 00r00r01            215 	.dw	0,(Sstm8s_rst$RST_GetFlagStatus$3)
      0000C3 03                     216 	.db	3
      0000C4 03                     217 	.sleb128	3
      0000C5 01                     218 	.db	1
      0000C6 00                     219 	.db	0
      0000C7 05                     220 	.uleb128	5
      0000C8 02                     221 	.db	2
      0000C9 00 00r00r23            222 	.dw	0,(Sstm8s_rst$RST_GetFlagStatus$15)
      0000CD 03                     223 	.db	3
      0000CE 03                     224 	.sleb128	3
      0000CF 01                     225 	.db	1
      0000D0 00                     226 	.db	0
      0000D1 05                     227 	.uleb128	5
      0000D2 02                     228 	.db	2
      0000D3 00 00r00r32            229 	.dw	0,(Sstm8s_rst$RST_GetFlagStatus$18)
      0000D7 03                     230 	.db	3
      0000D8 01                     231 	.sleb128	1
      0000D9 01                     232 	.db	1
      0000DA 09                     233 	.db	9
      0000DB 00 03                  234 	.dw	1+Sstm8s_rst$RST_GetFlagStatus$20-Sstm8s_rst$RST_GetFlagStatus$18
      0000DD 00                     235 	.db	0
      0000DE 01                     236 	.uleb128	1
      0000DF 01                     237 	.db	1
      0000E0 00                     238 	.db	0
      0000E1 05                     239 	.uleb128	5
      0000E2 02                     240 	.db	2
      0000E3 00 00r00r35            241 	.dw	0,(Sstm8s_rst$RST_ClearFlag$22)
      0000E7 03                     242 	.db	3
      0000E8 C4 00                  243 	.sleb128	68
      0000EA 01                     244 	.db	1
      0000EB 00                     245 	.db	0
      0000EC 05                     246 	.uleb128	5
      0000ED 02                     247 	.db	2
      0000EE 00 00r00r35            248 	.dw	0,(Sstm8s_rst$RST_ClearFlag$24)
      0000F2 03                     249 	.db	3
      0000F3 03                     250 	.sleb128	3
      0000F4 01                     251 	.db	1
      0000F5 00                     252 	.db	0
      0000F6 05                     253 	.uleb128	5
      0000F7 02                     254 	.db	2
      0000F8 00 00r00r57            255 	.dw	0,(Sstm8s_rst$RST_ClearFlag$36)
      0000FC 03                     256 	.db	3
      0000FD 02                     257 	.sleb128	2
      0000FE 01                     258 	.db	1
      0000FF 00                     259 	.db	0
      000100 05                     260 	.uleb128	5
      000101 02                     261 	.db	2
      000102 00 00r00r5A            262 	.dw	0,(Sstm8s_rst$RST_ClearFlag$37)
      000106 03                     263 	.db	3
      000107 01                     264 	.sleb128	1
      000108 01                     265 	.db	1
      000109 09                     266 	.db	9
      00010A 00 01                  267 	.dw	1+Sstm8s_rst$RST_ClearFlag$38-Sstm8s_rst$RST_ClearFlag$37
      00010C 00                     268 	.db	0
      00010D 01                     269 	.uleb128	1
      00010E 01                     270 	.db	1
      00010F                        271 Ldebug_line_end:
                                    272 
                                    273 	.area .debug_loc (NOLOAD)
      000000                        274 Ldebug_loc_start:
      000000 00 00r00r57            275 	.dw	0,(Sstm8s_rst$RST_ClearFlag$35)
      000004 00 00r00r5B            276 	.dw	0,(Sstm8s_rst$RST_ClearFlag$39)
      000008 00 02                  277 	.dw	2
      00000A 78                     278 	.db	120
      00000B 01                     279 	.sleb128	1
      00000C 00 00r00r56            280 	.dw	0,(Sstm8s_rst$RST_ClearFlag$34)
      000010 00 00r00r57            281 	.dw	0,(Sstm8s_rst$RST_ClearFlag$35)
      000014 00 02                  282 	.dw	2
      000016 78                     283 	.db	120
      000017 02                     284 	.sleb128	2
      000018 00 00r00r50            285 	.dw	0,(Sstm8s_rst$RST_ClearFlag$33)
      00001C 00 00r00r56            286 	.dw	0,(Sstm8s_rst$RST_ClearFlag$34)
      000020 00 02                  287 	.dw	2
      000022 78                     288 	.db	120
      000023 06                     289 	.sleb128	6
      000024 00 00r00r4E            290 	.dw	0,(Sstm8s_rst$RST_ClearFlag$32)
      000028 00 00r00r50            291 	.dw	0,(Sstm8s_rst$RST_ClearFlag$33)
      00002C 00 02                  292 	.dw	2
      00002E 78                     293 	.db	120
      00002F 05                     294 	.sleb128	5
      000030 00 00r00r4C            295 	.dw	0,(Sstm8s_rst$RST_ClearFlag$31)
      000034 00 00r00r4E            296 	.dw	0,(Sstm8s_rst$RST_ClearFlag$32)
      000038 00 02                  297 	.dw	2
      00003A 78                     298 	.db	120
      00003B 03                     299 	.sleb128	3
      00003C 00 00r00r4A            300 	.dw	0,(Sstm8s_rst$RST_ClearFlag$30)
      000040 00 00r00r4C            301 	.dw	0,(Sstm8s_rst$RST_ClearFlag$31)
      000044 00 02                  302 	.dw	2
      000046 78                     303 	.db	120
      000047 02                     304 	.sleb128	2
      000048 00 00r00r49            305 	.dw	0,(Sstm8s_rst$RST_ClearFlag$29)
      00004C 00 00r00r4A            306 	.dw	0,(Sstm8s_rst$RST_ClearFlag$30)
      000050 00 02                  307 	.dw	2
      000052 78                     308 	.db	120
      000053 01                     309 	.sleb128	1
      000054 00 00r00r45            310 	.dw	0,(Sstm8s_rst$RST_ClearFlag$28)
      000058 00 00r00r49            311 	.dw	0,(Sstm8s_rst$RST_ClearFlag$29)
      00005C 00 02                  312 	.dw	2
      00005E 78                     313 	.db	120
      00005F 01                     314 	.sleb128	1
      000060 00 00r00r41            315 	.dw	0,(Sstm8s_rst$RST_ClearFlag$27)
      000064 00 00r00r45            316 	.dw	0,(Sstm8s_rst$RST_ClearFlag$28)
      000068 00 02                  317 	.dw	2
      00006A 78                     318 	.db	120
      00006B 01                     319 	.sleb128	1
      00006C 00 00r00r3D            320 	.dw	0,(Sstm8s_rst$RST_ClearFlag$26)
      000070 00 00r00r41            321 	.dw	0,(Sstm8s_rst$RST_ClearFlag$27)
      000074 00 02                  322 	.dw	2
      000076 78                     323 	.db	120
      000077 01                     324 	.sleb128	1
      000078 00 00r00r39            325 	.dw	0,(Sstm8s_rst$RST_ClearFlag$25)
      00007C 00 00r00r3D            326 	.dw	0,(Sstm8s_rst$RST_ClearFlag$26)
      000080 00 02                  327 	.dw	2
      000082 78                     328 	.db	120
      000083 01                     329 	.sleb128	1
      000084 00 00r00r35            330 	.dw	0,(Sstm8s_rst$RST_ClearFlag$23)
      000088 00 00r00r39            331 	.dw	0,(Sstm8s_rst$RST_ClearFlag$25)
      00008C 00 02                  332 	.dw	2
      00008E 78                     333 	.db	120
      00008F 01                     334 	.sleb128	1
      000090 00 00 00 00            335 	.dw	0,0
      000094 00 00 00 00            336 	.dw	0,0
      000098 00 00r00r34            337 	.dw	0,(Sstm8s_rst$RST_GetFlagStatus$19)
      00009C 00 00r00r35            338 	.dw	0,(Sstm8s_rst$RST_GetFlagStatus$21)
      0000A0 00 02                  339 	.dw	2
      0000A2 78                     340 	.db	120
      0000A3 01                     341 	.sleb128	1
      0000A4 00 00r00r2B            342 	.dw	0,(Sstm8s_rst$RST_GetFlagStatus$17)
      0000A8 00 00r00r34            343 	.dw	0,(Sstm8s_rst$RST_GetFlagStatus$19)
      0000AC 00 02                  344 	.dw	2
      0000AE 78                     345 	.db	120
      0000AF 02                     346 	.sleb128	2
      0000B0 00 00r00r27            347 	.dw	0,(Sstm8s_rst$RST_GetFlagStatus$16)
      0000B4 00 00r00r2B            348 	.dw	0,(Sstm8s_rst$RST_GetFlagStatus$17)
      0000B8 00 02                  349 	.dw	2
      0000BA 78                     350 	.db	120
      0000BB 03                     351 	.sleb128	3
      0000BC 00 00r00r23            352 	.dw	0,(Sstm8s_rst$RST_GetFlagStatus$14)
      0000C0 00 00r00r27            353 	.dw	0,(Sstm8s_rst$RST_GetFlagStatus$16)
      0000C4 00 02                  354 	.dw	2
      0000C6 78                     355 	.db	120
      0000C7 02                     356 	.sleb128	2
      0000C8 00 00r00r22            357 	.dw	0,(Sstm8s_rst$RST_GetFlagStatus$13)
      0000CC 00 00r00r23            358 	.dw	0,(Sstm8s_rst$RST_GetFlagStatus$14)
      0000D0 00 02                  359 	.dw	2
      0000D2 78                     360 	.db	120
      0000D3 03                     361 	.sleb128	3
      0000D4 00 00r00r1C            362 	.dw	0,(Sstm8s_rst$RST_GetFlagStatus$12)
      0000D8 00 00r00r22            363 	.dw	0,(Sstm8s_rst$RST_GetFlagStatus$13)
      0000DC 00 02                  364 	.dw	2
      0000DE 78                     365 	.db	120
      0000DF 07                     366 	.sleb128	7
      0000E0 00 00r00r1A            367 	.dw	0,(Sstm8s_rst$RST_GetFlagStatus$11)
      0000E4 00 00r00r1C            368 	.dw	0,(Sstm8s_rst$RST_GetFlagStatus$12)
      0000E8 00 02                  369 	.dw	2
      0000EA 78                     370 	.db	120
      0000EB 06                     371 	.sleb128	6
      0000EC 00 00r00r18            372 	.dw	0,(Sstm8s_rst$RST_GetFlagStatus$10)
      0000F0 00 00r00r1A            373 	.dw	0,(Sstm8s_rst$RST_GetFlagStatus$11)
      0000F4 00 02                  374 	.dw	2
      0000F6 78                     375 	.db	120
      0000F7 04                     376 	.sleb128	4
      0000F8 00 00r00r16            377 	.dw	0,(Sstm8s_rst$RST_GetFlagStatus$9)
      0000FC 00 00r00r18            378 	.dw	0,(Sstm8s_rst$RST_GetFlagStatus$10)
      000100 00 02                  379 	.dw	2
      000102 78                     380 	.db	120
      000103 03                     381 	.sleb128	3
      000104 00 00r00r15            382 	.dw	0,(Sstm8s_rst$RST_GetFlagStatus$8)
      000108 00 00r00r16            383 	.dw	0,(Sstm8s_rst$RST_GetFlagStatus$9)
      00010C 00 02                  384 	.dw	2
      00010E 78                     385 	.db	120
      00010F 02                     386 	.sleb128	2
      000110 00 00r00r11            387 	.dw	0,(Sstm8s_rst$RST_GetFlagStatus$7)
      000114 00 00r00r15            388 	.dw	0,(Sstm8s_rst$RST_GetFlagStatus$8)
      000118 00 02                  389 	.dw	2
      00011A 78                     390 	.db	120
      00011B 02                     391 	.sleb128	2
      00011C 00 00r00r0D            392 	.dw	0,(Sstm8s_rst$RST_GetFlagStatus$6)
      000120 00 00r00r11            393 	.dw	0,(Sstm8s_rst$RST_GetFlagStatus$7)
      000124 00 02                  394 	.dw	2
      000126 78                     395 	.db	120
      000127 02                     396 	.sleb128	2
      000128 00 00r00r09            397 	.dw	0,(Sstm8s_rst$RST_GetFlagStatus$5)
      00012C 00 00r00r0D            398 	.dw	0,(Sstm8s_rst$RST_GetFlagStatus$6)
      000130 00 02                  399 	.dw	2
      000132 78                     400 	.db	120
      000133 02                     401 	.sleb128	2
      000134 00 00r00r05            402 	.dw	0,(Sstm8s_rst$RST_GetFlagStatus$4)
      000138 00 00r00r09            403 	.dw	0,(Sstm8s_rst$RST_GetFlagStatus$5)
      00013C 00 02                  404 	.dw	2
      00013E 78                     405 	.db	120
      00013F 02                     406 	.sleb128	2
      000140 00 00r00r01            407 	.dw	0,(Sstm8s_rst$RST_GetFlagStatus$2)
      000144 00 00r00r05            408 	.dw	0,(Sstm8s_rst$RST_GetFlagStatus$4)
      000148 00 02                  409 	.dw	2
      00014A 78                     410 	.db	120
      00014B 02                     411 	.sleb128	2
      00014C 00 00r00r00            412 	.dw	0,(Sstm8s_rst$RST_GetFlagStatus$1)
      000150 00 00r00r01            413 	.dw	0,(Sstm8s_rst$RST_GetFlagStatus$2)
      000154 00 02                  414 	.dw	2
      000156 78                     415 	.db	120
      000157 01                     416 	.sleb128	1
      000158 00 00 00 00            417 	.dw	0,0
      00015C 00 00 00 00            418 	.dw	0,0
                                    419 
                                    420 	.area .debug_abbrev (NOLOAD)
      000000                        421 Ldebug_abbrev:
      000000 01                     422 	.uleb128	1
      000001 11                     423 	.uleb128	17
      000002 01                     424 	.db	1
      000003 03                     425 	.uleb128	3
      000004 08                     426 	.uleb128	8
      000005 10                     427 	.uleb128	16
      000006 06                     428 	.uleb128	6
      000007 13                     429 	.uleb128	19
      000008 0B                     430 	.uleb128	11
      000009 25                     431 	.uleb128	37
      00000A 08                     432 	.uleb128	8
      00000B 00                     433 	.uleb128	0
      00000C 00                     434 	.uleb128	0
      00000D 02                     435 	.uleb128	2
      00000E 24                     436 	.uleb128	36
      00000F 00                     437 	.db	0
      000010 03                     438 	.uleb128	3
      000011 08                     439 	.uleb128	8
      000012 0B                     440 	.uleb128	11
      000013 0B                     441 	.uleb128	11
      000014 3E                     442 	.uleb128	62
      000015 0B                     443 	.uleb128	11
      000016 00                     444 	.uleb128	0
      000017 00                     445 	.uleb128	0
      000018 03                     446 	.uleb128	3
      000019 2E                     447 	.uleb128	46
      00001A 01                     448 	.db	1
      00001B 01                     449 	.uleb128	1
      00001C 13                     450 	.uleb128	19
      00001D 03                     451 	.uleb128	3
      00001E 08                     452 	.uleb128	8
      00001F 11                     453 	.uleb128	17
      000020 01                     454 	.uleb128	1
      000021 12                     455 	.uleb128	18
      000022 01                     456 	.uleb128	1
      000023 3F                     457 	.uleb128	63
      000024 0C                     458 	.uleb128	12
      000025 40                     459 	.uleb128	64
      000026 06                     460 	.uleb128	6
      000027 49                     461 	.uleb128	73
      000028 13                     462 	.uleb128	19
      000029 00                     463 	.uleb128	0
      00002A 00                     464 	.uleb128	0
      00002B 04                     465 	.uleb128	4
      00002C 05                     466 	.uleb128	5
      00002D 00                     467 	.db	0
      00002E 02                     468 	.uleb128	2
      00002F 0A                     469 	.uleb128	10
      000030 03                     470 	.uleb128	3
      000031 08                     471 	.uleb128	8
      000032 49                     472 	.uleb128	73
      000033 13                     473 	.uleb128	19
      000034 00                     474 	.uleb128	0
      000035 00                     475 	.uleb128	0
      000036 05                     476 	.uleb128	5
      000037 2E                     477 	.uleb128	46
      000038 01                     478 	.db	1
      000039 01                     479 	.uleb128	1
      00003A 13                     480 	.uleb128	19
      00003B 03                     481 	.uleb128	3
      00003C 08                     482 	.uleb128	8
      00003D 11                     483 	.uleb128	17
      00003E 01                     484 	.uleb128	1
      00003F 12                     485 	.uleb128	18
      000040 01                     486 	.uleb128	1
      000041 3F                     487 	.uleb128	63
      000042 0C                     488 	.uleb128	12
      000043 40                     489 	.uleb128	64
      000044 06                     490 	.uleb128	6
      000045 00                     491 	.uleb128	0
      000046 00                     492 	.uleb128	0
      000047 06                     493 	.uleb128	6
      000048 26                     494 	.uleb128	38
      000049 00                     495 	.db	0
      00004A 49                     496 	.uleb128	73
      00004B 13                     497 	.uleb128	19
      00004C 00                     498 	.uleb128	0
      00004D 00                     499 	.uleb128	0
      00004E 07                     500 	.uleb128	7
      00004F 01                     501 	.uleb128	1
      000050 01                     502 	.db	1
      000051 01                     503 	.uleb128	1
      000052 13                     504 	.uleb128	19
      000053 0B                     505 	.uleb128	11
      000054 0B                     506 	.uleb128	11
      000055 49                     507 	.uleb128	73
      000056 13                     508 	.uleb128	19
      000057 00                     509 	.uleb128	0
      000058 00                     510 	.uleb128	0
      000059 08                     511 	.uleb128	8
      00005A 21                     512 	.uleb128	33
      00005B 00                     513 	.db	0
      00005C 2F                     514 	.uleb128	47
      00005D 0B                     515 	.uleb128	11
      00005E 00                     516 	.uleb128	0
      00005F 00                     517 	.uleb128	0
      000060 09                     518 	.uleb128	9
      000061 34                     519 	.uleb128	52
      000062 00                     520 	.db	0
      000063 02                     521 	.uleb128	2
      000064 0A                     522 	.uleb128	10
      000065 03                     523 	.uleb128	3
      000066 08                     524 	.uleb128	8
      000067 49                     525 	.uleb128	73
      000068 13                     526 	.uleb128	19
      000069 00                     527 	.uleb128	0
      00006A 00                     528 	.uleb128	0
      00006B 00                     529 	.uleb128	0
                                    530 
                                    531 	.area .debug_info (NOLOAD)
      000000 00 00 01 18            532 	.dw	0,Ldebug_info_end-Ldebug_info_start
      000004                        533 Ldebug_info_start:
      000004 00 02                  534 	.dw	2
      000006 00 00r00r00            535 	.dw	0,(Ldebug_abbrev)
      00000A 04                     536 	.db	4
      00000B 01                     537 	.uleb128	1
      00000C 2E 2F 53 54 4D 38 53   538 	.ascii "./STM8S_StdPeriph_Lib/Libraries/STM8S_StdPeriph_Driver/src/stm8s_rst.c"
             5F 53 74 64 50 65 72
             69 70 68 5F 4C 69 62
             2F 4C 69 62 72 61 72
             69 65 73 2F 53 54 4D
             38 53 5F 53 74 64 50
             65 72 69 70 68 5F 44
             72 69 76 65 72 2F 73
             72 63 2F 73 74 6D 38
             73 5F 72 73 74 2E 63
      000052 00                     539 	.db	0
      000053 00 00r00r00            540 	.dw	0,(Ldebug_line_start+-4)
      000057 01                     541 	.db	1
      000058 53 44 43 43 20 76 65   542 	.ascii "SDCC version 4.3.0 #14184"
             72 73 69 6F 6E 20 34
             2E 33 2E 30 20 23 31
             34 31 38 34
      000071 00                     543 	.db	0
      000072 02                     544 	.uleb128	2
      000073 5F 42 6F 6F 6C         545 	.ascii "_Bool"
      000078 00                     546 	.db	0
      000079 01                     547 	.db	1
      00007A 02                     548 	.db	2
      00007B 03                     549 	.uleb128	3
      00007C 00 00 00 B4            550 	.dw	0,180
      000080 52 53 54 5F 47 65 74   551 	.ascii "RST_GetFlagStatus"
             46 6C 61 67 53 74 61
             74 75 73
      000091 00                     552 	.db	0
      000092 00 00r00r00            553 	.dw	0,(_RST_GetFlagStatus)
      000096 00 00r00r35            554 	.dw	0,(XG$RST_GetFlagStatus$0$0+1)
      00009A 01                     555 	.db	1
      00009B 00 00r00r98            556 	.dw	0,(Ldebug_loc_start+152)
      00009F 00 00 00 72            557 	.dw	0,114
      0000A3 04                     558 	.uleb128	4
      0000A4 01                     559 	.db	1
      0000A5 50                     560 	.db	80
      0000A6 52 53 54 5F 46 6C 61   561 	.ascii "RST_Flag"
             67
      0000AE 00                     562 	.db	0
      0000AF 00 00 00 B4            563 	.dw	0,180
      0000B3 00                     564 	.uleb128	0
      0000B4 02                     565 	.uleb128	2
      0000B5 75 6E 73 69 67 6E 65   566 	.ascii "unsigned char"
             64 20 63 68 61 72
      0000C2 00                     567 	.db	0
      0000C3 01                     568 	.db	1
      0000C4 08                     569 	.db	8
      0000C5 05                     570 	.uleb128	5
      0000C6 00 00 00 F6            571 	.dw	0,246
      0000CA 52 53 54 5F 43 6C 65   572 	.ascii "RST_ClearFlag"
             61 72 46 6C 61 67
      0000D7 00                     573 	.db	0
      0000D8 00 00r00r35            574 	.dw	0,(_RST_ClearFlag)
      0000DC 00 00r00r5B            575 	.dw	0,(XG$RST_ClearFlag$0$0+1)
      0000E0 01                     576 	.db	1
      0000E1 00 00r00r00            577 	.dw	0,(Ldebug_loc_start)
      0000E5 04                     578 	.uleb128	4
      0000E6 01                     579 	.db	1
      0000E7 50                     580 	.db	80
      0000E8 52 53 54 5F 46 6C 61   581 	.ascii "RST_Flag"
             67
      0000F0 00                     582 	.db	0
      0000F1 00 00 00 B4            583 	.dw	0,180
      0000F5 00                     584 	.uleb128	0
      0000F6 06                     585 	.uleb128	6
      0000F7 00 00 00 B4            586 	.dw	0,180
      0000FB 07                     587 	.uleb128	7
      0000FC 00 00 01 08            588 	.dw	0,264
      000100 47                     589 	.db	71
      000101 00 00 00 F6            590 	.dw	0,246
      000105 08                     591 	.uleb128	8
      000106 46                     592 	.db	70
      000107 00                     593 	.uleb128	0
      000108 09                     594 	.uleb128	9
      000109 05                     595 	.db	5
      00010A 03                     596 	.db	3
      00010B 00 00r00r00            597 	.dw	0,(___str_0)
      00010F 5F 5F 73 74 72 5F 30   598 	.ascii "__str_0"
      000116 00                     599 	.db	0
      000117 00 00 00 FB            600 	.dw	0,251
      00011B 00                     601 	.uleb128	0
      00011C                        602 Ldebug_info_end:
                                    603 
                                    604 	.area .debug_pubnames (NOLOAD)
      000000 00 00 00 36            605 	.dw	0,Ldebug_pubnames_end-Ldebug_pubnames_start
      000004                        606 Ldebug_pubnames_start:
      000004 00 02                  607 	.dw	2
      000006 00 00r00r00            608 	.dw	0,(Ldebug_info_start-4)
      00000A 00 00 01 1C            609 	.dw	0,4+Ldebug_info_end-Ldebug_info_start
      00000E 00 00 00 7B            610 	.dw	0,123
      000012 52 53 54 5F 47 65 74   611 	.ascii "RST_GetFlagStatus"
             46 6C 61 67 53 74 61
             74 75 73
      000023 00                     612 	.db	0
      000024 00 00 00 C5            613 	.dw	0,197
      000028 52 53 54 5F 43 6C 65   614 	.ascii "RST_ClearFlag"
             61 72 46 6C 61 67
      000035 00                     615 	.db	0
      000036 00 00 00 00            616 	.dw	0,0
      00003A                        617 Ldebug_pubnames_end:
                                    618 
                                    619 	.area .debug_frame (NOLOAD)
      000000 00 00                  620 	.dw	0
      000002 00 10                  621 	.dw	Ldebug_CIE0_end-Ldebug_CIE0_start
      000004                        622 Ldebug_CIE0_start:
      000004 FF FF                  623 	.dw	0xffff
      000006 FF FF                  624 	.dw	0xffff
      000008 01                     625 	.db	1
      000009 00                     626 	.db	0
      00000A 01                     627 	.uleb128	1
      00000B 7F                     628 	.sleb128	-1
      00000C 09                     629 	.db	9
      00000D 0C                     630 	.db	12
      00000E 08                     631 	.uleb128	8
      00000F 02                     632 	.uleb128	2
      000010 89                     633 	.db	137
      000011 01                     634 	.uleb128	1
      000012 00                     635 	.db	0
      000013 00                     636 	.db	0
      000014                        637 Ldebug_CIE0_end:
      000014 00 00 00 60            638 	.dw	0,96
      000018 00 00r00r00            639 	.dw	0,(Ldebug_CIE0_start-4)
      00001C 00 00r00r35            640 	.dw	0,(Sstm8s_rst$RST_ClearFlag$23)	;initial loc
      000020 00 00 00 26            641 	.dw	0,Sstm8s_rst$RST_ClearFlag$39-Sstm8s_rst$RST_ClearFlag$23
      000024 01                     642 	.db	1
      000025 00 00r00r35            643 	.dw	0,(Sstm8s_rst$RST_ClearFlag$23)
      000029 0E                     644 	.db	14
      00002A 02                     645 	.uleb128	2
      00002B 01                     646 	.db	1
      00002C 00 00r00r39            647 	.dw	0,(Sstm8s_rst$RST_ClearFlag$25)
      000030 0E                     648 	.db	14
      000031 02                     649 	.uleb128	2
      000032 01                     650 	.db	1
      000033 00 00r00r3D            651 	.dw	0,(Sstm8s_rst$RST_ClearFlag$26)
      000037 0E                     652 	.db	14
      000038 02                     653 	.uleb128	2
      000039 01                     654 	.db	1
      00003A 00 00r00r41            655 	.dw	0,(Sstm8s_rst$RST_ClearFlag$27)
      00003E 0E                     656 	.db	14
      00003F 02                     657 	.uleb128	2
      000040 01                     658 	.db	1
      000041 00 00r00r45            659 	.dw	0,(Sstm8s_rst$RST_ClearFlag$28)
      000045 0E                     660 	.db	14
      000046 02                     661 	.uleb128	2
      000047 01                     662 	.db	1
      000048 00 00r00r49            663 	.dw	0,(Sstm8s_rst$RST_ClearFlag$29)
      00004C 0E                     664 	.db	14
      00004D 02                     665 	.uleb128	2
      00004E 01                     666 	.db	1
      00004F 00 00r00r4A            667 	.dw	0,(Sstm8s_rst$RST_ClearFlag$30)
      000053 0E                     668 	.db	14
      000054 03                     669 	.uleb128	3
      000055 01                     670 	.db	1
      000056 00 00r00r4C            671 	.dw	0,(Sstm8s_rst$RST_ClearFlag$31)
      00005A 0E                     672 	.db	14
      00005B 04                     673 	.uleb128	4
      00005C 01                     674 	.db	1
      00005D 00 00r00r4E            675 	.dw	0,(Sstm8s_rst$RST_ClearFlag$32)
      000061 0E                     676 	.db	14
      000062 06                     677 	.uleb128	6
      000063 01                     678 	.db	1
      000064 00 00r00r50            679 	.dw	0,(Sstm8s_rst$RST_ClearFlag$33)
      000068 0E                     680 	.db	14
      000069 07                     681 	.uleb128	7
      00006A 01                     682 	.db	1
      00006B 00 00r00r56            683 	.dw	0,(Sstm8s_rst$RST_ClearFlag$34)
      00006F 0E                     684 	.db	14
      000070 03                     685 	.uleb128	3
      000071 01                     686 	.db	1
      000072 00 00r00r57            687 	.dw	0,(Sstm8s_rst$RST_ClearFlag$35)
      000076 0E                     688 	.db	14
      000077 02                     689 	.uleb128	2
                                    690 
                                    691 	.area .debug_frame (NOLOAD)
      000078 00 00                  692 	.dw	0
      00007A 00 10                  693 	.dw	Ldebug_CIE1_end-Ldebug_CIE1_start
      00007C                        694 Ldebug_CIE1_start:
      00007C FF FF                  695 	.dw	0xffff
      00007E FF FF                  696 	.dw	0xffff
      000080 01                     697 	.db	1
      000081 00                     698 	.db	0
      000082 01                     699 	.uleb128	1
      000083 7F                     700 	.sleb128	-1
      000084 09                     701 	.db	9
      000085 0C                     702 	.db	12
      000086 08                     703 	.uleb128	8
      000087 02                     704 	.uleb128	2
      000088 89                     705 	.db	137
      000089 01                     706 	.uleb128	1
      00008A 00                     707 	.db	0
      00008B 00                     708 	.db	0
      00008C                        709 Ldebug_CIE1_end:
      00008C 00 00 00 7C            710 	.dw	0,124
      000090 00 00r00r78            711 	.dw	0,(Ldebug_CIE1_start-4)
      000094 00 00r00r00            712 	.dw	0,(Sstm8s_rst$RST_GetFlagStatus$1)	;initial loc
      000098 00 00 00 35            713 	.dw	0,Sstm8s_rst$RST_GetFlagStatus$21-Sstm8s_rst$RST_GetFlagStatus$1
      00009C 01                     714 	.db	1
      00009D 00 00r00r00            715 	.dw	0,(Sstm8s_rst$RST_GetFlagStatus$1)
      0000A1 0E                     716 	.db	14
      0000A2 02                     717 	.uleb128	2
      0000A3 01                     718 	.db	1
      0000A4 00 00r00r01            719 	.dw	0,(Sstm8s_rst$RST_GetFlagStatus$2)
      0000A8 0E                     720 	.db	14
      0000A9 03                     721 	.uleb128	3
      0000AA 01                     722 	.db	1
      0000AB 00 00r00r05            723 	.dw	0,(Sstm8s_rst$RST_GetFlagStatus$4)
      0000AF 0E                     724 	.db	14
      0000B0 03                     725 	.uleb128	3
      0000B1 01                     726 	.db	1
      0000B2 00 00r00r09            727 	.dw	0,(Sstm8s_rst$RST_GetFlagStatus$5)
      0000B6 0E                     728 	.db	14
      0000B7 03                     729 	.uleb128	3
      0000B8 01                     730 	.db	1
      0000B9 00 00r00r0D            731 	.dw	0,(Sstm8s_rst$RST_GetFlagStatus$6)
      0000BD 0E                     732 	.db	14
      0000BE 03                     733 	.uleb128	3
      0000BF 01                     734 	.db	1
      0000C0 00 00r00r11            735 	.dw	0,(Sstm8s_rst$RST_GetFlagStatus$7)
      0000C4 0E                     736 	.db	14
      0000C5 03                     737 	.uleb128	3
      0000C6 01                     738 	.db	1
      0000C7 00 00r00r15            739 	.dw	0,(Sstm8s_rst$RST_GetFlagStatus$8)
      0000CB 0E                     740 	.db	14
      0000CC 03                     741 	.uleb128	3
      0000CD 01                     742 	.db	1
      0000CE 00 00r00r16            743 	.dw	0,(Sstm8s_rst$RST_GetFlagStatus$9)
      0000D2 0E                     744 	.db	14
      0000D3 04                     745 	.uleb128	4
      0000D4 01                     746 	.db	1
      0000D5 00 00r00r18            747 	.dw	0,(Sstm8s_rst$RST_GetFlagStatus$10)
      0000D9 0E                     748 	.db	14
      0000DA 05                     749 	.uleb128	5
      0000DB 01                     750 	.db	1
      0000DC 00 00r00r1A            751 	.dw	0,(Sstm8s_rst$RST_GetFlagStatus$11)
      0000E0 0E                     752 	.db	14
      0000E1 07                     753 	.uleb128	7
      0000E2 01                     754 	.db	1
      0000E3 00 00r00r1C            755 	.dw	0,(Sstm8s_rst$RST_GetFlagStatus$12)
      0000E7 0E                     756 	.db	14
      0000E8 08                     757 	.uleb128	8
      0000E9 01                     758 	.db	1
      0000EA 00 00r00r22            759 	.dw	0,(Sstm8s_rst$RST_GetFlagStatus$13)
      0000EE 0E                     760 	.db	14
      0000EF 04                     761 	.uleb128	4
      0000F0 01                     762 	.db	1
      0000F1 00 00r00r23            763 	.dw	0,(Sstm8s_rst$RST_GetFlagStatus$14)
      0000F5 0E                     764 	.db	14
      0000F6 03                     765 	.uleb128	3
      0000F7 01                     766 	.db	1
      0000F8 00 00r00r27            767 	.dw	0,(Sstm8s_rst$RST_GetFlagStatus$16)
      0000FC 0E                     768 	.db	14
      0000FD 04                     769 	.uleb128	4
      0000FE 01                     770 	.db	1
      0000FF 00 00r00r2B            771 	.dw	0,(Sstm8s_rst$RST_GetFlagStatus$17)
      000103 0E                     772 	.db	14
      000104 03                     773 	.uleb128	3
      000105 01                     774 	.db	1
      000106 00 00r00r34            775 	.dw	0,(Sstm8s_rst$RST_GetFlagStatus$19)
      00010A 0E                     776 	.db	14
      00010B 02                     777 	.uleb128	2
