                                      1 ;--------------------------------------------------------
                                      2 ; File Created by SDCC : free open source ISO C Compiler 
                                      3 ; Version 4.4.0 #14620 (MINGW64)
                                      4 ;--------------------------------------------------------
                                      5 	.module stm8s_iwdg
                                      6 	.optsdcc -mstm8
                                      7 	
                                      8 ;--------------------------------------------------------
                                      9 ; Public variables in this module
                                     10 ;--------------------------------------------------------
                                     11 	.globl _assert_failed
                                     12 	.globl _IWDG_WriteAccessCmd
                                     13 	.globl _IWDG_SetPrescaler
                                     14 	.globl _IWDG_SetReload
                                     15 	.globl _IWDG_ReloadCounter
                                     16 	.globl _IWDG_Enable
                                     17 ;--------------------------------------------------------
                                     18 ; ram data
                                     19 ;--------------------------------------------------------
                                     20 	.area DATA
                                     21 ;--------------------------------------------------------
                                     22 ; ram data
                                     23 ;--------------------------------------------------------
                                     24 	.area INITIALIZED
                                     25 ;--------------------------------------------------------
                                     26 ; absolute external ram data
                                     27 ;--------------------------------------------------------
                                     28 	.area DABS (ABS)
                                     29 
                                     30 ; default segment ordering for linker
                                     31 	.area HOME
                                     32 	.area GSINIT
                                     33 	.area GSFINAL
                                     34 	.area CONST
                                     35 	.area INITIALIZER
                                     36 	.area CODE
                                     37 
                                     38 ;--------------------------------------------------------
                                     39 ; global & static initialisations
                                     40 ;--------------------------------------------------------
                                     41 	.area HOME
                                     42 	.area GSINIT
                                     43 	.area GSFINAL
                                     44 	.area GSINIT
                                     45 ;--------------------------------------------------------
                                     46 ; Home
                                     47 ;--------------------------------------------------------
                                     48 	.area HOME
                                     49 	.area HOME
                                     50 ;--------------------------------------------------------
                                     51 ; code
                                     52 ;--------------------------------------------------------
                                     53 	.area CODE
                           000000    54 	Sstm8s_iwdg$IWDG_WriteAccessCmd$0 ==.
                                     55 ;	./STM8S_StdPeriph_Lib/Libraries/STM8S_StdPeriph_Driver/src/stm8s_iwdg.c: 48: void IWDG_WriteAccessCmd(IWDG_WriteAccess_TypeDef IWDG_WriteAccess)
                                     56 ;	-----------------------------------------
                                     57 ;	 function IWDG_WriteAccessCmd
                                     58 ;	-----------------------------------------
      000000                         59 _IWDG_WriteAccessCmd:
                           000000    60 	Sstm8s_iwdg$IWDG_WriteAccessCmd$1 ==.
                           000000    61 	Sstm8s_iwdg$IWDG_WriteAccessCmd$2 ==.
                                     62 ;	./STM8S_StdPeriph_Lib/Libraries/STM8S_StdPeriph_Driver/src/stm8s_iwdg.c: 51: assert_param(IS_IWDG_WRITEACCESS_MODE_OK(IWDG_WriteAccess));
      000000 A1 55            [ 1]   63 	cp	a, #0x55
      000002 27 11            [ 1]   64 	jreq	00104$
                           000004    65 	Sstm8s_iwdg$IWDG_WriteAccessCmd$3 ==.
      000004 4D               [ 1]   66 	tnz	a
      000005 27 0E            [ 1]   67 	jreq	00104$
      000007 88               [ 1]   68 	push	a
                           000008    69 	Sstm8s_iwdg$IWDG_WriteAccessCmd$4 ==.
      000008 4B 33            [ 1]   70 	push	#0x33
                           00000A    71 	Sstm8s_iwdg$IWDG_WriteAccessCmd$5 ==.
      00000A 5F               [ 1]   72 	clrw	x
      00000B 89               [ 2]   73 	pushw	x
                           00000C    74 	Sstm8s_iwdg$IWDG_WriteAccessCmd$6 ==.
      00000C 4B 00            [ 1]   75 	push	#0x00
                           00000E    76 	Sstm8s_iwdg$IWDG_WriteAccessCmd$7 ==.
      00000E AEr00r00         [ 2]   77 	ldw	x, #(___str_0+0)
      000011 CDr00r00         [ 4]   78 	call	_assert_failed
                           000014    79 	Sstm8s_iwdg$IWDG_WriteAccessCmd$8 ==.
      000014 84               [ 1]   80 	pop	a
                           000015    81 	Sstm8s_iwdg$IWDG_WriteAccessCmd$9 ==.
      000015                         82 00104$:
                           000015    83 	Sstm8s_iwdg$IWDG_WriteAccessCmd$10 ==.
                                     84 ;	./STM8S_StdPeriph_Lib/Libraries/STM8S_StdPeriph_Driver/src/stm8s_iwdg.c: 53: IWDG->KR = (uint8_t)IWDG_WriteAccess; /* Write Access */
      000015 C7 50 E0         [ 1]   85 	ld	0x50e0, a
                           000018    86 	Sstm8s_iwdg$IWDG_WriteAccessCmd$11 ==.
                                     87 ;	./STM8S_StdPeriph_Lib/Libraries/STM8S_StdPeriph_Driver/src/stm8s_iwdg.c: 54: }
                           000018    88 	Sstm8s_iwdg$IWDG_WriteAccessCmd$12 ==.
                           000018    89 	XG$IWDG_WriteAccessCmd$0$0 ==.
      000018 81               [ 4]   90 	ret
                           000019    91 	Sstm8s_iwdg$IWDG_WriteAccessCmd$13 ==.
                           000019    92 	Sstm8s_iwdg$IWDG_SetPrescaler$14 ==.
                                     93 ;	./STM8S_StdPeriph_Lib/Libraries/STM8S_StdPeriph_Driver/src/stm8s_iwdg.c: 63: void IWDG_SetPrescaler(IWDG_Prescaler_TypeDef IWDG_Prescaler)
                                     94 ;	-----------------------------------------
                                     95 ;	 function IWDG_SetPrescaler
                                     96 ;	-----------------------------------------
      000019                         97 _IWDG_SetPrescaler:
                           000019    98 	Sstm8s_iwdg$IWDG_SetPrescaler$15 ==.
                           000019    99 	Sstm8s_iwdg$IWDG_SetPrescaler$16 ==.
                                    100 ;	./STM8S_StdPeriph_Lib/Libraries/STM8S_StdPeriph_Driver/src/stm8s_iwdg.c: 66: assert_param(IS_IWDG_PRESCALER_OK(IWDG_Prescaler));
      000019 4D               [ 1]  101 	tnz	a
      00001A 27 26            [ 1]  102 	jreq	00104$
      00001C A1 01            [ 1]  103 	cp	a, #0x01
      00001E 27 22            [ 1]  104 	jreq	00104$
                           000020   105 	Sstm8s_iwdg$IWDG_SetPrescaler$17 ==.
      000020 A1 02            [ 1]  106 	cp	a, #0x02
      000022 27 1E            [ 1]  107 	jreq	00104$
                           000024   108 	Sstm8s_iwdg$IWDG_SetPrescaler$18 ==.
      000024 A1 03            [ 1]  109 	cp	a, #0x03
      000026 27 1A            [ 1]  110 	jreq	00104$
                           000028   111 	Sstm8s_iwdg$IWDG_SetPrescaler$19 ==.
      000028 A1 04            [ 1]  112 	cp	a, #0x04
      00002A 27 16            [ 1]  113 	jreq	00104$
                           00002C   114 	Sstm8s_iwdg$IWDG_SetPrescaler$20 ==.
      00002C A1 05            [ 1]  115 	cp	a, #0x05
      00002E 27 12            [ 1]  116 	jreq	00104$
                           000030   117 	Sstm8s_iwdg$IWDG_SetPrescaler$21 ==.
      000030 A1 06            [ 1]  118 	cp	a, #0x06
      000032 27 0E            [ 1]  119 	jreq	00104$
                           000034   120 	Sstm8s_iwdg$IWDG_SetPrescaler$22 ==.
      000034 88               [ 1]  121 	push	a
                           000035   122 	Sstm8s_iwdg$IWDG_SetPrescaler$23 ==.
      000035 4B 42            [ 1]  123 	push	#0x42
                           000037   124 	Sstm8s_iwdg$IWDG_SetPrescaler$24 ==.
      000037 5F               [ 1]  125 	clrw	x
      000038 89               [ 2]  126 	pushw	x
                           000039   127 	Sstm8s_iwdg$IWDG_SetPrescaler$25 ==.
      000039 4B 00            [ 1]  128 	push	#0x00
                           00003B   129 	Sstm8s_iwdg$IWDG_SetPrescaler$26 ==.
      00003B AEr00r00         [ 2]  130 	ldw	x, #(___str_0+0)
      00003E CDr00r00         [ 4]  131 	call	_assert_failed
                           000041   132 	Sstm8s_iwdg$IWDG_SetPrescaler$27 ==.
      000041 84               [ 1]  133 	pop	a
                           000042   134 	Sstm8s_iwdg$IWDG_SetPrescaler$28 ==.
      000042                        135 00104$:
                           000042   136 	Sstm8s_iwdg$IWDG_SetPrescaler$29 ==.
                                    137 ;	./STM8S_StdPeriph_Lib/Libraries/STM8S_StdPeriph_Driver/src/stm8s_iwdg.c: 68: IWDG->PR = (uint8_t)IWDG_Prescaler;
      000042 C7 50 E1         [ 1]  138 	ld	0x50e1, a
                           000045   139 	Sstm8s_iwdg$IWDG_SetPrescaler$30 ==.
                                    140 ;	./STM8S_StdPeriph_Lib/Libraries/STM8S_StdPeriph_Driver/src/stm8s_iwdg.c: 69: }
                           000045   141 	Sstm8s_iwdg$IWDG_SetPrescaler$31 ==.
                           000045   142 	XG$IWDG_SetPrescaler$0$0 ==.
      000045 81               [ 4]  143 	ret
                           000046   144 	Sstm8s_iwdg$IWDG_SetPrescaler$32 ==.
                           000046   145 	Sstm8s_iwdg$IWDG_SetReload$33 ==.
                                    146 ;	./STM8S_StdPeriph_Lib/Libraries/STM8S_StdPeriph_Driver/src/stm8s_iwdg.c: 78: void IWDG_SetReload(uint8_t IWDG_Reload)
                                    147 ;	-----------------------------------------
                                    148 ;	 function IWDG_SetReload
                                    149 ;	-----------------------------------------
      000046                        150 _IWDG_SetReload:
                           000046   151 	Sstm8s_iwdg$IWDG_SetReload$34 ==.
                           000046   152 	Sstm8s_iwdg$IWDG_SetReload$35 ==.
                                    153 ;	./STM8S_StdPeriph_Lib/Libraries/STM8S_StdPeriph_Driver/src/stm8s_iwdg.c: 80: IWDG->RLR = IWDG_Reload;
      000046 C7 50 E2         [ 1]  154 	ld	0x50e2, a
                           000049   155 	Sstm8s_iwdg$IWDG_SetReload$36 ==.
                                    156 ;	./STM8S_StdPeriph_Lib/Libraries/STM8S_StdPeriph_Driver/src/stm8s_iwdg.c: 81: }
                           000049   157 	Sstm8s_iwdg$IWDG_SetReload$37 ==.
                           000049   158 	XG$IWDG_SetReload$0$0 ==.
      000049 81               [ 4]  159 	ret
                           00004A   160 	Sstm8s_iwdg$IWDG_SetReload$38 ==.
                           00004A   161 	Sstm8s_iwdg$IWDG_ReloadCounter$39 ==.
                                    162 ;	./STM8S_StdPeriph_Lib/Libraries/STM8S_StdPeriph_Driver/src/stm8s_iwdg.c: 89: void IWDG_ReloadCounter(void)
                                    163 ;	-----------------------------------------
                                    164 ;	 function IWDG_ReloadCounter
                                    165 ;	-----------------------------------------
      00004A                        166 _IWDG_ReloadCounter:
                           00004A   167 	Sstm8s_iwdg$IWDG_ReloadCounter$40 ==.
                           00004A   168 	Sstm8s_iwdg$IWDG_ReloadCounter$41 ==.
                                    169 ;	./STM8S_StdPeriph_Lib/Libraries/STM8S_StdPeriph_Driver/src/stm8s_iwdg.c: 91: IWDG->KR = IWDG_KEY_REFRESH;
      00004A 35 AA 50 E0      [ 1]  170 	mov	0x50e0+0, #0xaa
                           00004E   171 	Sstm8s_iwdg$IWDG_ReloadCounter$42 ==.
                                    172 ;	./STM8S_StdPeriph_Lib/Libraries/STM8S_StdPeriph_Driver/src/stm8s_iwdg.c: 92: }
                           00004E   173 	Sstm8s_iwdg$IWDG_ReloadCounter$43 ==.
                           00004E   174 	XG$IWDG_ReloadCounter$0$0 ==.
      00004E 81               [ 4]  175 	ret
                           00004F   176 	Sstm8s_iwdg$IWDG_ReloadCounter$44 ==.
                           00004F   177 	Sstm8s_iwdg$IWDG_Enable$45 ==.
                                    178 ;	./STM8S_StdPeriph_Lib/Libraries/STM8S_StdPeriph_Driver/src/stm8s_iwdg.c: 99: void IWDG_Enable(void)
                                    179 ;	-----------------------------------------
                                    180 ;	 function IWDG_Enable
                                    181 ;	-----------------------------------------
      00004F                        182 _IWDG_Enable:
                           00004F   183 	Sstm8s_iwdg$IWDG_Enable$46 ==.
                           00004F   184 	Sstm8s_iwdg$IWDG_Enable$47 ==.
                                    185 ;	./STM8S_StdPeriph_Lib/Libraries/STM8S_StdPeriph_Driver/src/stm8s_iwdg.c: 101: IWDG->KR = IWDG_KEY_ENABLE;
      00004F 35 CC 50 E0      [ 1]  186 	mov	0x50e0+0, #0xcc
                           000053   187 	Sstm8s_iwdg$IWDG_Enable$48 ==.
                                    188 ;	./STM8S_StdPeriph_Lib/Libraries/STM8S_StdPeriph_Driver/src/stm8s_iwdg.c: 102: }
                           000053   189 	Sstm8s_iwdg$IWDG_Enable$49 ==.
                           000053   190 	XG$IWDG_Enable$0$0 ==.
      000053 81               [ 4]  191 	ret
                           000054   192 	Sstm8s_iwdg$IWDG_Enable$50 ==.
                                    193 	.area CODE
                                    194 	.area CONST
                           000000   195 Fstm8s_iwdg$__str_0$0_0$0 == .
                                    196 	.area CONST
      000000                        197 ___str_0:
      000000 2E 2F 53 54 4D 38 53   198 	.ascii "./STM8S_StdPeriph_Lib/Libraries/STM8S_StdPeriph_Driver/src/s"
             5F 53 74 64 50 65 72
             69 70 68 5F 4C 69 62
             2F 4C 69 62 72 61 72
             69 65 73 2F 53 54 4D
             38 53 5F 53 74 64 50
             65 72 69 70 68 5F 44
             72 69 76 65 72 2F 73
             72 63 2F 73
      00003C 74 6D 38 73 5F 69 77   199 	.ascii "tm8s_iwdg.c"
             64 67 2E 63
      000047 00                     200 	.db 0x00
                                    201 	.area CODE
                                    202 	.area INITIALIZER
                                    203 	.area CABS (ABS)
                                    204 
                                    205 	.area .debug_line (NOLOAD)
      000000 00 00 01 86            206 	.dw	0,Ldebug_line_end-Ldebug_line_start
      000004                        207 Ldebug_line_start:
      000004 00 02                  208 	.dw	2
      000006 00 00 00 B5            209 	.dw	0,Ldebug_line_stmt-6-Ldebug_line_start
      00000A 01                     210 	.db	1
      00000B 01                     211 	.db	1
      00000C FB                     212 	.db	-5
      00000D 0F                     213 	.db	15
      00000E 0A                     214 	.db	10
      00000F 00                     215 	.db	0
      000010 01                     216 	.db	1
      000011 01                     217 	.db	1
      000012 01                     218 	.db	1
      000013 01                     219 	.db	1
      000014 00                     220 	.db	0
      000015 00                     221 	.db	0
      000016 00                     222 	.db	0
      000017 01                     223 	.db	1
      000018 44 3A 5C 5C 53 6F 66   224 	.ascii "D:\\Software\\Work\\SDCC\\bin\\..\\include\\stm8"
             74 77 61 72 65 5C 5C
             57 6F 72 6B 5C 5C 53
             44 43 43 5C 08 69 6E
             5C 5C 2E 2E 5C 5C 69
             6E 63 6C 75 64 65 5C
             5C 73 74 6D 38
      000047 00                     225 	.db	0
      000048 44 3A 5C 5C 53 6F 66   226 	.ascii "D:\\Software\\Work\\SDCC\\bin\\..\\include"
             74 77 61 72 65 5C 5C
             57 6F 72 6B 5C 5C 53
             44 43 43 5C 08 69 6E
             5C 5C 2E 2E 5C 5C 69
             6E 63 6C 75 64 65
      000071 00                     227 	.db	0
      000072 00                     228 	.db	0
      000073 2E 2F 53 54 4D 38 53   229 	.ascii "./STM8S_StdPeriph_Lib/Libraries/STM8S_StdPeriph_Driver/src/stm8s_iwdg.c"
             5F 53 74 64 50 65 72
             69 70 68 5F 4C 69 62
             2F 4C 69 62 72 61 72
             69 65 73 2F 53 54 4D
             38 53 5F 53 74 64 50
             65 72 69 70 68 5F 44
             72 69 76 65 72 2F 73
             72 63 2F 73 74 6D 38
             73 5F 69 77 64 67 2E
             63
      0000BA 00                     230 	.db	0
      0000BB 00                     231 	.uleb128	0
      0000BC 00                     232 	.uleb128	0
      0000BD 00                     233 	.uleb128	0
      0000BE 00                     234 	.db	0
      0000BF                        235 Ldebug_line_stmt:
      0000BF 00                     236 	.db	0
      0000C0 05                     237 	.uleb128	5
      0000C1 02                     238 	.db	2
      0000C2 00 00r00r00            239 	.dw	0,(Sstm8s_iwdg$IWDG_WriteAccessCmd$0)
      0000C6 03                     240 	.db	3
      0000C7 2F                     241 	.sleb128	47
      0000C8 01                     242 	.db	1
      0000C9 00                     243 	.db	0
      0000CA 05                     244 	.uleb128	5
      0000CB 02                     245 	.db	2
      0000CC 00 00r00r00            246 	.dw	0,(Sstm8s_iwdg$IWDG_WriteAccessCmd$2)
      0000D0 03                     247 	.db	3
      0000D1 03                     248 	.sleb128	3
      0000D2 01                     249 	.db	1
      0000D3 00                     250 	.db	0
      0000D4 05                     251 	.uleb128	5
      0000D5 02                     252 	.db	2
      0000D6 00 00r00r15            253 	.dw	0,(Sstm8s_iwdg$IWDG_WriteAccessCmd$10)
      0000DA 03                     254 	.db	3
      0000DB 02                     255 	.sleb128	2
      0000DC 01                     256 	.db	1
      0000DD 00                     257 	.db	0
      0000DE 05                     258 	.uleb128	5
      0000DF 02                     259 	.db	2
      0000E0 00 00r00r18            260 	.dw	0,(Sstm8s_iwdg$IWDG_WriteAccessCmd$11)
      0000E4 03                     261 	.db	3
      0000E5 01                     262 	.sleb128	1
      0000E6 01                     263 	.db	1
      0000E7 09                     264 	.db	9
      0000E8 00 01                  265 	.dw	1+Sstm8s_iwdg$IWDG_WriteAccessCmd$12-Sstm8s_iwdg$IWDG_WriteAccessCmd$11
      0000EA 00                     266 	.db	0
      0000EB 01                     267 	.uleb128	1
      0000EC 01                     268 	.db	1
      0000ED 00                     269 	.db	0
      0000EE 05                     270 	.uleb128	5
      0000EF 02                     271 	.db	2
      0000F0 00 00r00r19            272 	.dw	0,(Sstm8s_iwdg$IWDG_SetPrescaler$14)
      0000F4 03                     273 	.db	3
      0000F5 3E                     274 	.sleb128	62
      0000F6 01                     275 	.db	1
      0000F7 00                     276 	.db	0
      0000F8 05                     277 	.uleb128	5
      0000F9 02                     278 	.db	2
      0000FA 00 00r00r19            279 	.dw	0,(Sstm8s_iwdg$IWDG_SetPrescaler$16)
      0000FE 03                     280 	.db	3
      0000FF 03                     281 	.sleb128	3
      000100 01                     282 	.db	1
      000101 00                     283 	.db	0
      000102 05                     284 	.uleb128	5
      000103 02                     285 	.db	2
      000104 00 00r00r42            286 	.dw	0,(Sstm8s_iwdg$IWDG_SetPrescaler$29)
      000108 03                     287 	.db	3
      000109 02                     288 	.sleb128	2
      00010A 01                     289 	.db	1
      00010B 00                     290 	.db	0
      00010C 05                     291 	.uleb128	5
      00010D 02                     292 	.db	2
      00010E 00 00r00r45            293 	.dw	0,(Sstm8s_iwdg$IWDG_SetPrescaler$30)
      000112 03                     294 	.db	3
      000113 01                     295 	.sleb128	1
      000114 01                     296 	.db	1
      000115 09                     297 	.db	9
      000116 00 01                  298 	.dw	1+Sstm8s_iwdg$IWDG_SetPrescaler$31-Sstm8s_iwdg$IWDG_SetPrescaler$30
      000118 00                     299 	.db	0
      000119 01                     300 	.uleb128	1
      00011A 01                     301 	.db	1
      00011B 00                     302 	.db	0
      00011C 05                     303 	.uleb128	5
      00011D 02                     304 	.db	2
      00011E 00 00r00r46            305 	.dw	0,(Sstm8s_iwdg$IWDG_SetReload$33)
      000122 03                     306 	.db	3
      000123 CD 00                  307 	.sleb128	77
      000125 01                     308 	.db	1
      000126 00                     309 	.db	0
      000127 05                     310 	.uleb128	5
      000128 02                     311 	.db	2
      000129 00 00r00r46            312 	.dw	0,(Sstm8s_iwdg$IWDG_SetReload$35)
      00012D 03                     313 	.db	3
      00012E 02                     314 	.sleb128	2
      00012F 01                     315 	.db	1
      000130 00                     316 	.db	0
      000131 05                     317 	.uleb128	5
      000132 02                     318 	.db	2
      000133 00 00r00r49            319 	.dw	0,(Sstm8s_iwdg$IWDG_SetReload$36)
      000137 03                     320 	.db	3
      000138 01                     321 	.sleb128	1
      000139 01                     322 	.db	1
      00013A 09                     323 	.db	9
      00013B 00 01                  324 	.dw	1+Sstm8s_iwdg$IWDG_SetReload$37-Sstm8s_iwdg$IWDG_SetReload$36
      00013D 00                     325 	.db	0
      00013E 01                     326 	.uleb128	1
      00013F 01                     327 	.db	1
      000140 00                     328 	.db	0
      000141 05                     329 	.uleb128	5
      000142 02                     330 	.db	2
      000143 00 00r00r4A            331 	.dw	0,(Sstm8s_iwdg$IWDG_ReloadCounter$39)
      000147 03                     332 	.db	3
      000148 D8 00                  333 	.sleb128	88
      00014A 01                     334 	.db	1
      00014B 00                     335 	.db	0
      00014C 05                     336 	.uleb128	5
      00014D 02                     337 	.db	2
      00014E 00 00r00r4A            338 	.dw	0,(Sstm8s_iwdg$IWDG_ReloadCounter$41)
      000152 03                     339 	.db	3
      000153 02                     340 	.sleb128	2
      000154 01                     341 	.db	1
      000155 00                     342 	.db	0
      000156 05                     343 	.uleb128	5
      000157 02                     344 	.db	2
      000158 00 00r00r4E            345 	.dw	0,(Sstm8s_iwdg$IWDG_ReloadCounter$42)
      00015C 03                     346 	.db	3
      00015D 01                     347 	.sleb128	1
      00015E 01                     348 	.db	1
      00015F 09                     349 	.db	9
      000160 00 01                  350 	.dw	1+Sstm8s_iwdg$IWDG_ReloadCounter$43-Sstm8s_iwdg$IWDG_ReloadCounter$42
      000162 00                     351 	.db	0
      000163 01                     352 	.uleb128	1
      000164 01                     353 	.db	1
      000165 00                     354 	.db	0
      000166 05                     355 	.uleb128	5
      000167 02                     356 	.db	2
      000168 00 00r00r4F            357 	.dw	0,(Sstm8s_iwdg$IWDG_Enable$45)
      00016C 03                     358 	.db	3
      00016D E2 00                  359 	.sleb128	98
      00016F 01                     360 	.db	1
      000170 00                     361 	.db	0
      000171 05                     362 	.uleb128	5
      000172 02                     363 	.db	2
      000173 00 00r00r4F            364 	.dw	0,(Sstm8s_iwdg$IWDG_Enable$47)
      000177 03                     365 	.db	3
      000178 02                     366 	.sleb128	2
      000179 01                     367 	.db	1
      00017A 00                     368 	.db	0
      00017B 05                     369 	.uleb128	5
      00017C 02                     370 	.db	2
      00017D 00 00r00r53            371 	.dw	0,(Sstm8s_iwdg$IWDG_Enable$48)
      000181 03                     372 	.db	3
      000182 01                     373 	.sleb128	1
      000183 01                     374 	.db	1
      000184 09                     375 	.db	9
      000185 00 01                  376 	.dw	1+Sstm8s_iwdg$IWDG_Enable$49-Sstm8s_iwdg$IWDG_Enable$48
      000187 00                     377 	.db	0
      000188 01                     378 	.uleb128	1
      000189 01                     379 	.db	1
      00018A                        380 Ldebug_line_end:
                                    381 
                                    382 	.area .debug_loc (NOLOAD)
      000000                        383 Ldebug_loc_start:
      000000 00 00r00r4F            384 	.dw	0,(Sstm8s_iwdg$IWDG_Enable$46)
      000004 00 00r00r54            385 	.dw	0,(Sstm8s_iwdg$IWDG_Enable$50)
      000008 00 02                  386 	.dw	2
      00000A 78                     387 	.db	120
      00000B 01                     388 	.sleb128	1
      00000C 00 00 00 00            389 	.dw	0,0
      000010 00 00 00 00            390 	.dw	0,0
      000014 00 00r00r4A            391 	.dw	0,(Sstm8s_iwdg$IWDG_ReloadCounter$40)
      000018 00 00r00r4F            392 	.dw	0,(Sstm8s_iwdg$IWDG_ReloadCounter$44)
      00001C 00 02                  393 	.dw	2
      00001E 78                     394 	.db	120
      00001F 01                     395 	.sleb128	1
      000020 00 00 00 00            396 	.dw	0,0
      000024 00 00 00 00            397 	.dw	0,0
      000028 00 00r00r46            398 	.dw	0,(Sstm8s_iwdg$IWDG_SetReload$34)
      00002C 00 00r00r4A            399 	.dw	0,(Sstm8s_iwdg$IWDG_SetReload$38)
      000030 00 02                  400 	.dw	2
      000032 78                     401 	.db	120
      000033 01                     402 	.sleb128	1
      000034 00 00 00 00            403 	.dw	0,0
      000038 00 00 00 00            404 	.dw	0,0
      00003C 00 00r00r42            405 	.dw	0,(Sstm8s_iwdg$IWDG_SetPrescaler$28)
      000040 00 00r00r46            406 	.dw	0,(Sstm8s_iwdg$IWDG_SetPrescaler$32)
      000044 00 02                  407 	.dw	2
      000046 78                     408 	.db	120
      000047 01                     409 	.sleb128	1
      000048 00 00r00r41            410 	.dw	0,(Sstm8s_iwdg$IWDG_SetPrescaler$27)
      00004C 00 00r00r42            411 	.dw	0,(Sstm8s_iwdg$IWDG_SetPrescaler$28)
      000050 00 02                  412 	.dw	2
      000052 78                     413 	.db	120
      000053 02                     414 	.sleb128	2
      000054 00 00r00r3B            415 	.dw	0,(Sstm8s_iwdg$IWDG_SetPrescaler$26)
      000058 00 00r00r41            416 	.dw	0,(Sstm8s_iwdg$IWDG_SetPrescaler$27)
      00005C 00 02                  417 	.dw	2
      00005E 78                     418 	.db	120
      00005F 06                     419 	.sleb128	6
      000060 00 00r00r39            420 	.dw	0,(Sstm8s_iwdg$IWDG_SetPrescaler$25)
      000064 00 00r00r3B            421 	.dw	0,(Sstm8s_iwdg$IWDG_SetPrescaler$26)
      000068 00 02                  422 	.dw	2
      00006A 78                     423 	.db	120
      00006B 05                     424 	.sleb128	5
      00006C 00 00r00r37            425 	.dw	0,(Sstm8s_iwdg$IWDG_SetPrescaler$24)
      000070 00 00r00r39            426 	.dw	0,(Sstm8s_iwdg$IWDG_SetPrescaler$25)
      000074 00 02                  427 	.dw	2
      000076 78                     428 	.db	120
      000077 03                     429 	.sleb128	3
      000078 00 00r00r35            430 	.dw	0,(Sstm8s_iwdg$IWDG_SetPrescaler$23)
      00007C 00 00r00r37            431 	.dw	0,(Sstm8s_iwdg$IWDG_SetPrescaler$24)
      000080 00 02                  432 	.dw	2
      000082 78                     433 	.db	120
      000083 02                     434 	.sleb128	2
      000084 00 00r00r34            435 	.dw	0,(Sstm8s_iwdg$IWDG_SetPrescaler$22)
      000088 00 00r00r35            436 	.dw	0,(Sstm8s_iwdg$IWDG_SetPrescaler$23)
      00008C 00 02                  437 	.dw	2
      00008E 78                     438 	.db	120
      00008F 01                     439 	.sleb128	1
      000090 00 00r00r30            440 	.dw	0,(Sstm8s_iwdg$IWDG_SetPrescaler$21)
      000094 00 00r00r34            441 	.dw	0,(Sstm8s_iwdg$IWDG_SetPrescaler$22)
      000098 00 02                  442 	.dw	2
      00009A 78                     443 	.db	120
      00009B 01                     444 	.sleb128	1
      00009C 00 00r00r2C            445 	.dw	0,(Sstm8s_iwdg$IWDG_SetPrescaler$20)
      0000A0 00 00r00r30            446 	.dw	0,(Sstm8s_iwdg$IWDG_SetPrescaler$21)
      0000A4 00 02                  447 	.dw	2
      0000A6 78                     448 	.db	120
      0000A7 01                     449 	.sleb128	1
      0000A8 00 00r00r28            450 	.dw	0,(Sstm8s_iwdg$IWDG_SetPrescaler$19)
      0000AC 00 00r00r2C            451 	.dw	0,(Sstm8s_iwdg$IWDG_SetPrescaler$20)
      0000B0 00 02                  452 	.dw	2
      0000B2 78                     453 	.db	120
      0000B3 01                     454 	.sleb128	1
      0000B4 00 00r00r24            455 	.dw	0,(Sstm8s_iwdg$IWDG_SetPrescaler$18)
      0000B8 00 00r00r28            456 	.dw	0,(Sstm8s_iwdg$IWDG_SetPrescaler$19)
      0000BC 00 02                  457 	.dw	2
      0000BE 78                     458 	.db	120
      0000BF 01                     459 	.sleb128	1
      0000C0 00 00r00r20            460 	.dw	0,(Sstm8s_iwdg$IWDG_SetPrescaler$17)
      0000C4 00 00r00r24            461 	.dw	0,(Sstm8s_iwdg$IWDG_SetPrescaler$18)
      0000C8 00 02                  462 	.dw	2
      0000CA 78                     463 	.db	120
      0000CB 01                     464 	.sleb128	1
      0000CC 00 00r00r19            465 	.dw	0,(Sstm8s_iwdg$IWDG_SetPrescaler$15)
      0000D0 00 00r00r20            466 	.dw	0,(Sstm8s_iwdg$IWDG_SetPrescaler$17)
      0000D4 00 02                  467 	.dw	2
      0000D6 78                     468 	.db	120
      0000D7 01                     469 	.sleb128	1
      0000D8 00 00 00 00            470 	.dw	0,0
      0000DC 00 00 00 00            471 	.dw	0,0
      0000E0 00 00r00r15            472 	.dw	0,(Sstm8s_iwdg$IWDG_WriteAccessCmd$9)
      0000E4 00 00r00r19            473 	.dw	0,(Sstm8s_iwdg$IWDG_WriteAccessCmd$13)
      0000E8 00 02                  474 	.dw	2
      0000EA 78                     475 	.db	120
      0000EB 01                     476 	.sleb128	1
      0000EC 00 00r00r14            477 	.dw	0,(Sstm8s_iwdg$IWDG_WriteAccessCmd$8)
      0000F0 00 00r00r15            478 	.dw	0,(Sstm8s_iwdg$IWDG_WriteAccessCmd$9)
      0000F4 00 02                  479 	.dw	2
      0000F6 78                     480 	.db	120
      0000F7 02                     481 	.sleb128	2
      0000F8 00 00r00r0E            482 	.dw	0,(Sstm8s_iwdg$IWDG_WriteAccessCmd$7)
      0000FC 00 00r00r14            483 	.dw	0,(Sstm8s_iwdg$IWDG_WriteAccessCmd$8)
      000100 00 02                  484 	.dw	2
      000102 78                     485 	.db	120
      000103 06                     486 	.sleb128	6
      000104 00 00r00r0C            487 	.dw	0,(Sstm8s_iwdg$IWDG_WriteAccessCmd$6)
      000108 00 00r00r0E            488 	.dw	0,(Sstm8s_iwdg$IWDG_WriteAccessCmd$7)
      00010C 00 02                  489 	.dw	2
      00010E 78                     490 	.db	120
      00010F 05                     491 	.sleb128	5
      000110 00 00r00r0A            492 	.dw	0,(Sstm8s_iwdg$IWDG_WriteAccessCmd$5)
      000114 00 00r00r0C            493 	.dw	0,(Sstm8s_iwdg$IWDG_WriteAccessCmd$6)
      000118 00 02                  494 	.dw	2
      00011A 78                     495 	.db	120
      00011B 03                     496 	.sleb128	3
      00011C 00 00r00r08            497 	.dw	0,(Sstm8s_iwdg$IWDG_WriteAccessCmd$4)
      000120 00 00r00r0A            498 	.dw	0,(Sstm8s_iwdg$IWDG_WriteAccessCmd$5)
      000124 00 02                  499 	.dw	2
      000126 78                     500 	.db	120
      000127 02                     501 	.sleb128	2
      000128 00 00r00r04            502 	.dw	0,(Sstm8s_iwdg$IWDG_WriteAccessCmd$3)
      00012C 00 00r00r08            503 	.dw	0,(Sstm8s_iwdg$IWDG_WriteAccessCmd$4)
      000130 00 02                  504 	.dw	2
      000132 78                     505 	.db	120
      000133 01                     506 	.sleb128	1
      000134 00 00r00r00            507 	.dw	0,(Sstm8s_iwdg$IWDG_WriteAccessCmd$1)
      000138 00 00r00r04            508 	.dw	0,(Sstm8s_iwdg$IWDG_WriteAccessCmd$3)
      00013C 00 02                  509 	.dw	2
      00013E 78                     510 	.db	120
      00013F 01                     511 	.sleb128	1
      000140 00 00 00 00            512 	.dw	0,0
      000144 00 00 00 00            513 	.dw	0,0
                                    514 
                                    515 	.area .debug_abbrev (NOLOAD)
      000000                        516 Ldebug_abbrev:
      000000 01                     517 	.uleb128	1
      000001 11                     518 	.uleb128	17
      000002 01                     519 	.db	1
      000003 03                     520 	.uleb128	3
      000004 08                     521 	.uleb128	8
      000005 10                     522 	.uleb128	16
      000006 06                     523 	.uleb128	6
      000007 13                     524 	.uleb128	19
      000008 0B                     525 	.uleb128	11
      000009 25                     526 	.uleb128	37
      00000A 08                     527 	.uleb128	8
      00000B 00                     528 	.uleb128	0
      00000C 00                     529 	.uleb128	0
      00000D 02                     530 	.uleb128	2
      00000E 2E                     531 	.uleb128	46
      00000F 01                     532 	.db	1
      000010 01                     533 	.uleb128	1
      000011 13                     534 	.uleb128	19
      000012 03                     535 	.uleb128	3
      000013 08                     536 	.uleb128	8
      000014 11                     537 	.uleb128	17
      000015 01                     538 	.uleb128	1
      000016 12                     539 	.uleb128	18
      000017 01                     540 	.uleb128	1
      000018 3F                     541 	.uleb128	63
      000019 0C                     542 	.uleb128	12
      00001A 40                     543 	.uleb128	64
      00001B 06                     544 	.uleb128	6
      00001C 00                     545 	.uleb128	0
      00001D 00                     546 	.uleb128	0
      00001E 03                     547 	.uleb128	3
      00001F 05                     548 	.uleb128	5
      000020 00                     549 	.db	0
      000021 02                     550 	.uleb128	2
      000022 0A                     551 	.uleb128	10
      000023 03                     552 	.uleb128	3
      000024 08                     553 	.uleb128	8
      000025 49                     554 	.uleb128	73
      000026 13                     555 	.uleb128	19
      000027 00                     556 	.uleb128	0
      000028 00                     557 	.uleb128	0
      000029 04                     558 	.uleb128	4
      00002A 24                     559 	.uleb128	36
      00002B 00                     560 	.db	0
      00002C 03                     561 	.uleb128	3
      00002D 08                     562 	.uleb128	8
      00002E 0B                     563 	.uleb128	11
      00002F 0B                     564 	.uleb128	11
      000030 3E                     565 	.uleb128	62
      000031 0B                     566 	.uleb128	11
      000032 00                     567 	.uleb128	0
      000033 00                     568 	.uleb128	0
      000034 05                     569 	.uleb128	5
      000035 2E                     570 	.uleb128	46
      000036 00                     571 	.db	0
      000037 03                     572 	.uleb128	3
      000038 08                     573 	.uleb128	8
      000039 11                     574 	.uleb128	17
      00003A 01                     575 	.uleb128	1
      00003B 12                     576 	.uleb128	18
      00003C 01                     577 	.uleb128	1
      00003D 3F                     578 	.uleb128	63
      00003E 0C                     579 	.uleb128	12
      00003F 40                     580 	.uleb128	64
      000040 06                     581 	.uleb128	6
      000041 00                     582 	.uleb128	0
      000042 00                     583 	.uleb128	0
      000043 06                     584 	.uleb128	6
      000044 26                     585 	.uleb128	38
      000045 00                     586 	.db	0
      000046 49                     587 	.uleb128	73
      000047 13                     588 	.uleb128	19
      000048 00                     589 	.uleb128	0
      000049 00                     590 	.uleb128	0
      00004A 07                     591 	.uleb128	7
      00004B 01                     592 	.uleb128	1
      00004C 01                     593 	.db	1
      00004D 01                     594 	.uleb128	1
      00004E 13                     595 	.uleb128	19
      00004F 0B                     596 	.uleb128	11
      000050 0B                     597 	.uleb128	11
      000051 49                     598 	.uleb128	73
      000052 13                     599 	.uleb128	19
      000053 00                     600 	.uleb128	0
      000054 00                     601 	.uleb128	0
      000055 08                     602 	.uleb128	8
      000056 21                     603 	.uleb128	33
      000057 00                     604 	.db	0
      000058 2F                     605 	.uleb128	47
      000059 0B                     606 	.uleb128	11
      00005A 00                     607 	.uleb128	0
      00005B 00                     608 	.uleb128	0
      00005C 09                     609 	.uleb128	9
      00005D 34                     610 	.uleb128	52
      00005E 00                     611 	.db	0
      00005F 02                     612 	.uleb128	2
      000060 0A                     613 	.uleb128	10
      000061 03                     614 	.uleb128	3
      000062 08                     615 	.uleb128	8
      000063 49                     616 	.uleb128	73
      000064 13                     617 	.uleb128	19
      000065 00                     618 	.uleb128	0
      000066 00                     619 	.uleb128	0
      000067 00                     620 	.uleb128	0
                                    621 
                                    622 	.area .debug_info (NOLOAD)
      000000 00 00 01 90            623 	.dw	0,Ldebug_info_end-Ldebug_info_start
      000004                        624 Ldebug_info_start:
      000004 00 02                  625 	.dw	2
      000006 00 00r00r00            626 	.dw	0,(Ldebug_abbrev)
      00000A 04                     627 	.db	4
      00000B 01                     628 	.uleb128	1
      00000C 2E 2F 53 54 4D 38 53   629 	.ascii "./STM8S_StdPeriph_Lib/Libraries/STM8S_StdPeriph_Driver/src/stm8s_iwdg.c"
             5F 53 74 64 50 65 72
             69 70 68 5F 4C 69 62
             2F 4C 69 62 72 61 72
             69 65 73 2F 53 54 4D
             38 53 5F 53 74 64 50
             65 72 69 70 68 5F 44
             72 69 76 65 72 2F 73
             72 63 2F 73 74 6D 38
             73 5F 69 77 64 67 2E
             63
      000053 00                     630 	.db	0
      000054 00 00r00r00            631 	.dw	0,(Ldebug_line_start+-4)
      000058 01                     632 	.db	1
      000059 53 44 43 43 20 76 65   633 	.ascii "SDCC version 4.4.0 #14620"
             72 73 69 6F 6E 20 34
             2E 34 2E 30 20 23 31
             34 36 32 30
      000072 00                     634 	.db	0
      000073 02                     635 	.uleb128	2
      000074 00 00 00 B2            636 	.dw	0,178
      000078 49 57 44 47 5F 57 72   637 	.ascii "IWDG_WriteAccessCmd"
             69 74 65 41 63 63 65
             73 73 43 6D 64
      00008B 00                     638 	.db	0
      00008C 00 00r00r00            639 	.dw	0,(_IWDG_WriteAccessCmd)
      000090 00 00r00r19            640 	.dw	0,(XG$IWDG_WriteAccessCmd$0$0+1)
      000094 01                     641 	.db	1
      000095 00 00r00rE0            642 	.dw	0,(Ldebug_loc_start+224)
      000099 03                     643 	.uleb128	3
      00009A 01                     644 	.db	1
      00009B 50                     645 	.db	80
      00009C 49 57 44 47 5F 57 72   646 	.ascii "IWDG_WriteAccess"
             69 74 65 41 63 63 65
             73 73
      0000AC 00                     647 	.db	0
      0000AD 00 00 00 B2            648 	.dw	0,178
      0000B1 00                     649 	.uleb128	0
      0000B2 04                     650 	.uleb128	4
      0000B3 75 6E 73 69 67 6E 65   651 	.ascii "unsigned char"
             64 20 63 68 61 72
      0000C0 00                     652 	.db	0
      0000C1 01                     653 	.db	1
      0000C2 08                     654 	.db	8
      0000C3 02                     655 	.uleb128	2
      0000C4 00 00 00 FE            656 	.dw	0,254
      0000C8 49 57 44 47 5F 53 65   657 	.ascii "IWDG_SetPrescaler"
             74 50 72 65 73 63 61
             6C 65 72
      0000D9 00                     658 	.db	0
      0000DA 00 00r00r19            659 	.dw	0,(_IWDG_SetPrescaler)
      0000DE 00 00r00r46            660 	.dw	0,(XG$IWDG_SetPrescaler$0$0+1)
      0000E2 01                     661 	.db	1
      0000E3 00 00r00r3C            662 	.dw	0,(Ldebug_loc_start+60)
      0000E7 03                     663 	.uleb128	3
      0000E8 01                     664 	.db	1
      0000E9 50                     665 	.db	80
      0000EA 49 57 44 47 5F 50 72   666 	.ascii "IWDG_Prescaler"
             65 73 63 61 6C 65 72
      0000F8 00                     667 	.db	0
      0000F9 00 00 00 B2            668 	.dw	0,178
      0000FD 00                     669 	.uleb128	0
      0000FE 02                     670 	.uleb128	2
      0000FF 00 00 01 33            671 	.dw	0,307
      000103 49 57 44 47 5F 53 65   672 	.ascii "IWDG_SetReload"
             74 52 65 6C 6F 61 64
      000111 00                     673 	.db	0
      000112 00 00r00r46            674 	.dw	0,(_IWDG_SetReload)
      000116 00 00r00r4A            675 	.dw	0,(XG$IWDG_SetReload$0$0+1)
      00011A 01                     676 	.db	1
      00011B 00 00r00r28            677 	.dw	0,(Ldebug_loc_start+40)
      00011F 03                     678 	.uleb128	3
      000120 01                     679 	.db	1
      000121 50                     680 	.db	80
      000122 49 57 44 47 5F 52 65   681 	.ascii "IWDG_Reload"
             6C 6F 61 64
      00012D 00                     682 	.db	0
      00012E 00 00 00 B2            683 	.dw	0,178
      000132 00                     684 	.uleb128	0
      000133 05                     685 	.uleb128	5
      000134 49 57 44 47 5F 52 65   686 	.ascii "IWDG_ReloadCounter"
             6C 6F 61 64 43 6F 75
             6E 74 65 72
      000146 00                     687 	.db	0
      000147 00 00r00r4A            688 	.dw	0,(_IWDG_ReloadCounter)
      00014B 00 00r00r4F            689 	.dw	0,(XG$IWDG_ReloadCounter$0$0+1)
      00014F 01                     690 	.db	1
      000150 00 00r00r14            691 	.dw	0,(Ldebug_loc_start+20)
      000154 05                     692 	.uleb128	5
      000155 49 57 44 47 5F 45 6E   693 	.ascii "IWDG_Enable"
             61 62 6C 65
      000160 00                     694 	.db	0
      000161 00 00r00r4F            695 	.dw	0,(_IWDG_Enable)
      000165 00 00r00r54            696 	.dw	0,(XG$IWDG_Enable$0$0+1)
      000169 01                     697 	.db	1
      00016A 00 00r00r00            698 	.dw	0,(Ldebug_loc_start)
      00016E 06                     699 	.uleb128	6
      00016F 00 00 00 B2            700 	.dw	0,178
      000173 07                     701 	.uleb128	7
      000174 00 00 01 80            702 	.dw	0,384
      000178 48                     703 	.db	72
      000179 00 00 01 6E            704 	.dw	0,366
      00017D 08                     705 	.uleb128	8
      00017E 47                     706 	.db	71
      00017F 00                     707 	.uleb128	0
      000180 09                     708 	.uleb128	9
      000181 05                     709 	.db	5
      000182 03                     710 	.db	3
      000183 00 00r00r00            711 	.dw	0,(___str_0)
      000187 5F 5F 73 74 72 5F 30   712 	.ascii "__str_0"
      00018E 00                     713 	.db	0
      00018F 00 00 01 73            714 	.dw	0,371
      000193 00                     715 	.uleb128	0
      000194                        716 Ldebug_info_end:
                                    717 
                                    718 	.area .debug_pubnames (NOLOAD)
      000000 00 00 00 76            719 	.dw	0,Ldebug_pubnames_end-Ldebug_pubnames_start
      000004                        720 Ldebug_pubnames_start:
      000004 00 02                  721 	.dw	2
      000006 00 00r00r00            722 	.dw	0,(Ldebug_info_start-4)
      00000A 00 00 01 94            723 	.dw	0,4+Ldebug_info_end-Ldebug_info_start
      00000E 00 00 00 73            724 	.dw	0,115
      000012 49 57 44 47 5F 57 72   725 	.ascii "IWDG_WriteAccessCmd"
             69 74 65 41 63 63 65
             73 73 43 6D 64
      000025 00                     726 	.db	0
      000026 00 00 00 C3            727 	.dw	0,195
      00002A 49 57 44 47 5F 53 65   728 	.ascii "IWDG_SetPrescaler"
             74 50 72 65 73 63 61
             6C 65 72
      00003B 00                     729 	.db	0
      00003C 00 00 00 FE            730 	.dw	0,254
      000040 49 57 44 47 5F 53 65   731 	.ascii "IWDG_SetReload"
             74 52 65 6C 6F 61 64
      00004E 00                     732 	.db	0
      00004F 00 00 01 33            733 	.dw	0,307
      000053 49 57 44 47 5F 52 65   734 	.ascii "IWDG_ReloadCounter"
             6C 6F 61 64 43 6F 75
             6E 74 65 72
      000065 00                     735 	.db	0
      000066 00 00 01 54            736 	.dw	0,340
      00006A 49 57 44 47 5F 45 6E   737 	.ascii "IWDG_Enable"
             61 62 6C 65
      000075 00                     738 	.db	0
      000076 00 00 00 00            739 	.dw	0,0
      00007A                        740 Ldebug_pubnames_end:
                                    741 
                                    742 	.area .debug_frame (NOLOAD)
      000000 00 00                  743 	.dw	0
      000002 00 10                  744 	.dw	Ldebug_CIE0_end-Ldebug_CIE0_start
      000004                        745 Ldebug_CIE0_start:
      000004 FF FF                  746 	.dw	0xffff
      000006 FF FF                  747 	.dw	0xffff
      000008 01                     748 	.db	1
      000009 00                     749 	.db	0
      00000A 01                     750 	.uleb128	1
      00000B 7F                     751 	.sleb128	-1
      00000C 09                     752 	.db	9
      00000D 0C                     753 	.db	12
      00000E 08                     754 	.uleb128	8
      00000F 02                     755 	.uleb128	2
      000010 89                     756 	.db	137
      000011 01                     757 	.uleb128	1
      000012 00                     758 	.db	0
      000013 00                     759 	.db	0
      000014                        760 Ldebug_CIE0_end:
      000014 00 00 00 14            761 	.dw	0,20
      000018 00 00r00r00            762 	.dw	0,(Ldebug_CIE0_start-4)
      00001C 00 00r00r4F            763 	.dw	0,(Sstm8s_iwdg$IWDG_Enable$46)	;initial loc
      000020 00 00 00 05            764 	.dw	0,Sstm8s_iwdg$IWDG_Enable$50-Sstm8s_iwdg$IWDG_Enable$46
      000024 01                     765 	.db	1
      000025 00 00r00r4F            766 	.dw	0,(Sstm8s_iwdg$IWDG_Enable$46)
      000029 0E                     767 	.db	14
      00002A 02                     768 	.uleb128	2
      00002B 00                     769 	.db	0
                                    770 
                                    771 	.area .debug_frame (NOLOAD)
      00002C 00 00                  772 	.dw	0
      00002E 00 10                  773 	.dw	Ldebug_CIE1_end-Ldebug_CIE1_start
      000030                        774 Ldebug_CIE1_start:
      000030 FF FF                  775 	.dw	0xffff
      000032 FF FF                  776 	.dw	0xffff
      000034 01                     777 	.db	1
      000035 00                     778 	.db	0
      000036 01                     779 	.uleb128	1
      000037 7F                     780 	.sleb128	-1
      000038 09                     781 	.db	9
      000039 0C                     782 	.db	12
      00003A 08                     783 	.uleb128	8
      00003B 02                     784 	.uleb128	2
      00003C 89                     785 	.db	137
      00003D 01                     786 	.uleb128	1
      00003E 00                     787 	.db	0
      00003F 00                     788 	.db	0
      000040                        789 Ldebug_CIE1_end:
      000040 00 00 00 14            790 	.dw	0,20
      000044 00 00r00r2C            791 	.dw	0,(Ldebug_CIE1_start-4)
      000048 00 00r00r4A            792 	.dw	0,(Sstm8s_iwdg$IWDG_ReloadCounter$40)	;initial loc
      00004C 00 00 00 05            793 	.dw	0,Sstm8s_iwdg$IWDG_ReloadCounter$44-Sstm8s_iwdg$IWDG_ReloadCounter$40
      000050 01                     794 	.db	1
      000051 00 00r00r4A            795 	.dw	0,(Sstm8s_iwdg$IWDG_ReloadCounter$40)
      000055 0E                     796 	.db	14
      000056 02                     797 	.uleb128	2
      000057 00                     798 	.db	0
                                    799 
                                    800 	.area .debug_frame (NOLOAD)
      000058 00 00                  801 	.dw	0
      00005A 00 10                  802 	.dw	Ldebug_CIE2_end-Ldebug_CIE2_start
      00005C                        803 Ldebug_CIE2_start:
      00005C FF FF                  804 	.dw	0xffff
      00005E FF FF                  805 	.dw	0xffff
      000060 01                     806 	.db	1
      000061 00                     807 	.db	0
      000062 01                     808 	.uleb128	1
      000063 7F                     809 	.sleb128	-1
      000064 09                     810 	.db	9
      000065 0C                     811 	.db	12
      000066 08                     812 	.uleb128	8
      000067 02                     813 	.uleb128	2
      000068 89                     814 	.db	137
      000069 01                     815 	.uleb128	1
      00006A 00                     816 	.db	0
      00006B 00                     817 	.db	0
      00006C                        818 Ldebug_CIE2_end:
      00006C 00 00 00 14            819 	.dw	0,20
      000070 00 00r00r58            820 	.dw	0,(Ldebug_CIE2_start-4)
      000074 00 00r00r46            821 	.dw	0,(Sstm8s_iwdg$IWDG_SetReload$34)	;initial loc
      000078 00 00 00 04            822 	.dw	0,Sstm8s_iwdg$IWDG_SetReload$38-Sstm8s_iwdg$IWDG_SetReload$34
      00007C 01                     823 	.db	1
      00007D 00 00r00r46            824 	.dw	0,(Sstm8s_iwdg$IWDG_SetReload$34)
      000081 0E                     825 	.db	14
      000082 02                     826 	.uleb128	2
      000083 00                     827 	.db	0
                                    828 
                                    829 	.area .debug_frame (NOLOAD)
      000084 00 00                  830 	.dw	0
      000086 00 10                  831 	.dw	Ldebug_CIE3_end-Ldebug_CIE3_start
      000088                        832 Ldebug_CIE3_start:
      000088 FF FF                  833 	.dw	0xffff
      00008A FF FF                  834 	.dw	0xffff
      00008C 01                     835 	.db	1
      00008D 00                     836 	.db	0
      00008E 01                     837 	.uleb128	1
      00008F 7F                     838 	.sleb128	-1
      000090 09                     839 	.db	9
      000091 0C                     840 	.db	12
      000092 08                     841 	.uleb128	8
      000093 02                     842 	.uleb128	2
      000094 89                     843 	.db	137
      000095 01                     844 	.uleb128	1
      000096 00                     845 	.db	0
      000097 00                     846 	.db	0
      000098                        847 Ldebug_CIE3_end:
      000098 00 00 00 68            848 	.dw	0,104
      00009C 00 00r00r84            849 	.dw	0,(Ldebug_CIE3_start-4)
      0000A0 00 00r00r19            850 	.dw	0,(Sstm8s_iwdg$IWDG_SetPrescaler$15)	;initial loc
      0000A4 00 00 00 2D            851 	.dw	0,Sstm8s_iwdg$IWDG_SetPrescaler$32-Sstm8s_iwdg$IWDG_SetPrescaler$15
      0000A8 01                     852 	.db	1
      0000A9 00 00r00r19            853 	.dw	0,(Sstm8s_iwdg$IWDG_SetPrescaler$15)
      0000AD 0E                     854 	.db	14
      0000AE 02                     855 	.uleb128	2
      0000AF 01                     856 	.db	1
      0000B0 00 00r00r20            857 	.dw	0,(Sstm8s_iwdg$IWDG_SetPrescaler$17)
      0000B4 0E                     858 	.db	14
      0000B5 02                     859 	.uleb128	2
      0000B6 01                     860 	.db	1
      0000B7 00 00r00r24            861 	.dw	0,(Sstm8s_iwdg$IWDG_SetPrescaler$18)
      0000BB 0E                     862 	.db	14
      0000BC 02                     863 	.uleb128	2
      0000BD 01                     864 	.db	1
      0000BE 00 00r00r28            865 	.dw	0,(Sstm8s_iwdg$IWDG_SetPrescaler$19)
      0000C2 0E                     866 	.db	14
      0000C3 02                     867 	.uleb128	2
      0000C4 01                     868 	.db	1
      0000C5 00 00r00r2C            869 	.dw	0,(Sstm8s_iwdg$IWDG_SetPrescaler$20)
      0000C9 0E                     870 	.db	14
      0000CA 02                     871 	.uleb128	2
      0000CB 01                     872 	.db	1
      0000CC 00 00r00r30            873 	.dw	0,(Sstm8s_iwdg$IWDG_SetPrescaler$21)
      0000D0 0E                     874 	.db	14
      0000D1 02                     875 	.uleb128	2
      0000D2 01                     876 	.db	1
      0000D3 00 00r00r34            877 	.dw	0,(Sstm8s_iwdg$IWDG_SetPrescaler$22)
      0000D7 0E                     878 	.db	14
      0000D8 02                     879 	.uleb128	2
      0000D9 01                     880 	.db	1
      0000DA 00 00r00r35            881 	.dw	0,(Sstm8s_iwdg$IWDG_SetPrescaler$23)
      0000DE 0E                     882 	.db	14
      0000DF 03                     883 	.uleb128	3
      0000E0 01                     884 	.db	1
      0000E1 00 00r00r37            885 	.dw	0,(Sstm8s_iwdg$IWDG_SetPrescaler$24)
      0000E5 0E                     886 	.db	14
      0000E6 04                     887 	.uleb128	4
      0000E7 01                     888 	.db	1
      0000E8 00 00r00r39            889 	.dw	0,(Sstm8s_iwdg$IWDG_SetPrescaler$25)
      0000EC 0E                     890 	.db	14
      0000ED 06                     891 	.uleb128	6
      0000EE 01                     892 	.db	1
      0000EF 00 00r00r3B            893 	.dw	0,(Sstm8s_iwdg$IWDG_SetPrescaler$26)
      0000F3 0E                     894 	.db	14
      0000F4 07                     895 	.uleb128	7
      0000F5 01                     896 	.db	1
      0000F6 00 00r00r41            897 	.dw	0,(Sstm8s_iwdg$IWDG_SetPrescaler$27)
      0000FA 0E                     898 	.db	14
      0000FB 03                     899 	.uleb128	3
      0000FC 01                     900 	.db	1
      0000FD 00 00r00r42            901 	.dw	0,(Sstm8s_iwdg$IWDG_SetPrescaler$28)
      000101 0E                     902 	.db	14
      000102 02                     903 	.uleb128	2
      000103 00                     904 	.db	0
                                    905 
                                    906 	.area .debug_frame (NOLOAD)
      000104 00 00                  907 	.dw	0
      000106 00 10                  908 	.dw	Ldebug_CIE4_end-Ldebug_CIE4_start
      000108                        909 Ldebug_CIE4_start:
      000108 FF FF                  910 	.dw	0xffff
      00010A FF FF                  911 	.dw	0xffff
      00010C 01                     912 	.db	1
      00010D 00                     913 	.db	0
      00010E 01                     914 	.uleb128	1
      00010F 7F                     915 	.sleb128	-1
      000110 09                     916 	.db	9
      000111 0C                     917 	.db	12
      000112 08                     918 	.uleb128	8
      000113 02                     919 	.uleb128	2
      000114 89                     920 	.db	137
      000115 01                     921 	.uleb128	1
      000116 00                     922 	.db	0
      000117 00                     923 	.db	0
      000118                        924 Ldebug_CIE4_end:
      000118 00 00 00 44            925 	.dw	0,68
      00011C 00 00r01r04            926 	.dw	0,(Ldebug_CIE4_start-4)
      000120 00 00r00r00            927 	.dw	0,(Sstm8s_iwdg$IWDG_WriteAccessCmd$1)	;initial loc
      000124 00 00 00 19            928 	.dw	0,Sstm8s_iwdg$IWDG_WriteAccessCmd$13-Sstm8s_iwdg$IWDG_WriteAccessCmd$1
      000128 01                     929 	.db	1
      000129 00 00r00r00            930 	.dw	0,(Sstm8s_iwdg$IWDG_WriteAccessCmd$1)
      00012D 0E                     931 	.db	14
      00012E 02                     932 	.uleb128	2
      00012F 01                     933 	.db	1
      000130 00 00r00r04            934 	.dw	0,(Sstm8s_iwdg$IWDG_WriteAccessCmd$3)
      000134 0E                     935 	.db	14
      000135 02                     936 	.uleb128	2
      000136 01                     937 	.db	1
      000137 00 00r00r08            938 	.dw	0,(Sstm8s_iwdg$IWDG_WriteAccessCmd$4)
      00013B 0E                     939 	.db	14
      00013C 03                     940 	.uleb128	3
      00013D 01                     941 	.db	1
      00013E 00 00r00r0A            942 	.dw	0,(Sstm8s_iwdg$IWDG_WriteAccessCmd$5)
      000142 0E                     943 	.db	14
      000143 04                     944 	.uleb128	4
      000144 01                     945 	.db	1
      000145 00 00r00r0C            946 	.dw	0,(Sstm8s_iwdg$IWDG_WriteAccessCmd$6)
      000149 0E                     947 	.db	14
      00014A 06                     948 	.uleb128	6
      00014B 01                     949 	.db	1
      00014C 00 00r00r0E            950 	.dw	0,(Sstm8s_iwdg$IWDG_WriteAccessCmd$7)
      000150 0E                     951 	.db	14
      000151 07                     952 	.uleb128	7
      000152 01                     953 	.db	1
      000153 00 00r00r14            954 	.dw	0,(Sstm8s_iwdg$IWDG_WriteAccessCmd$8)
      000157 0E                     955 	.db	14
      000158 03                     956 	.uleb128	3
      000159 01                     957 	.db	1
      00015A 00 00r00r15            958 	.dw	0,(Sstm8s_iwdg$IWDG_WriteAccessCmd$9)
      00015E 0E                     959 	.db	14
      00015F 02                     960 	.uleb128	2
