                                      1 ;--------------------------------------------------------
                                      2 ; File Created by SDCC : free open source ISO C Compiler 
                                      3 ; Version 4.3.0 #14184 (MINGW64)
                                      4 ;--------------------------------------------------------
                                      5 	.module usb
                                      6 	.optsdcc -mstm8
                                      7 	
                                      8 ;--------------------------------------------------------
                                      9 ; Public variables in this module
                                     10 ;--------------------------------------------------------
                                     11 	.globl _usb_endpoin0_descriptor
                                     12 	.globl _usb_interface_descriptor
                                     13 	.globl _usb_configuration_descriptor
                                     14 	.globl _usb_device_descriptor
                                     15 	.globl _software_reset
                                     16 	.globl _exit_irqhandler
                                     17 	.globl _usb_device_service
                                     18 	.globl _EXIT_PORTC_IRQHandler
                                     19 	.globl _usb_device_init
                                     20 	.globl _TIM4_SetCounter
                                     21 	.globl _TIM4_Cmd
                                     22 	.globl _TIM4_TimeBaseInit
                                     23 	.globl _ITC_SetSoftwarePriority
                                     24 	.globl _GPIO_ReadInputData
                                     25 	.globl _GPIO_Init
                                     26 	.globl _EXTI_SetExtIntSensitivity
                                     27 	.globl _CLK_ClockSwitchConfig
                                     28 	.globl _CLK_HSECmd
                                     29 	.globl _usb_bit_state
                                     30 	.globl _usb_tx_buf
                                     31 	.globl _UsbBitStateEnum
                                     32 ;--------------------------------------------------------
                                     33 ; ram data
                                     34 ;--------------------------------------------------------
                                     35 	.area DATA
                           000000    36 G$UsbBitStateEnum$0_0$0==.
      000000                         37 _UsbBitStateEnum::
      000000                         38 	.ds 1
                           000001    39 G$usb_tx_buf$0_0$0==.
      000001                         40 _usb_tx_buf::
      000001                         41 	.ds 12
                                     42 ;--------------------------------------------------------
                                     43 ; ram data
                                     44 ;--------------------------------------------------------
                                     45 	.area INITIALIZED
                           000000    46 G$usb_bit_state$0_0$0==.
      000000                         47 _usb_bit_state::
      000000                         48 	.ds 2
                                     49 ;--------------------------------------------------------
                                     50 ; absolute external ram data
                                     51 ;--------------------------------------------------------
                                     52 	.area DABS (ABS)
                                     53 
                                     54 ; default segment ordering for linker
                                     55 	.area HOME
                                     56 	.area GSINIT
                                     57 	.area GSFINAL
                                     58 	.area CONST
                                     59 	.area INITIALIZER
                                     60 	.area CODE
                                     61 
                                     62 ;--------------------------------------------------------
                                     63 ; global & static initialisations
                                     64 ;--------------------------------------------------------
                                     65 	.area HOME
                                     66 	.area GSINIT
                                     67 	.area GSFINAL
                                     68 	.area GSINIT
                                     69 ;--------------------------------------------------------
                                     70 ; Home
                                     71 ;--------------------------------------------------------
                                     72 	.area HOME
                                     73 	.area HOME
                                     74 ;--------------------------------------------------------
                                     75 ; code
                                     76 ;--------------------------------------------------------
                                     77 	.area CODE
                           000000    78 	Susb$usb_device_init$0 ==.
                                     79 ;	usb.c: 66: void usb_device_init(void)
                                     80 ;	-----------------------------------------
                                     81 ;	 function usb_device_init
                                     82 ;	-----------------------------------------
      000000                         83 _usb_device_init:
                           000000    84 	Susb$usb_device_init$1 ==.
                           000000    85 	Susb$usb_device_init$2 ==.
                                     86 ;	usb.c: 69: sim();
      000000 9B               [ 1]   87 	sim
                           000001    88 	Susb$usb_device_init$3 ==.
                                     89 ;	usb.c: 71: CLK_HSECmd(ENABLE);
      000001 A6 01            [ 1]   90 	ld	a, #0x01
      000003 CDr00r00         [ 4]   91 	call	_CLK_HSECmd
                           000006    92 	Susb$usb_device_init$4 ==.
                                     93 ;	usb.c: 73: CLK_ClockSwitchConfig(CLK_SWITCHMODE_AUTO,CLK_SOURCE_HSE,DISABLE,CLK_CURRENTCLOCKSTATE_DISABLE);//12MHz
      000006 4B 00            [ 1]   94 	push	#0x00
                           000008    95 	Susb$usb_device_init$5 ==.
      000008 4B 00            [ 1]   96 	push	#0x00
                           00000A    97 	Susb$usb_device_init$6 ==.
      00000A 4B B4            [ 1]   98 	push	#0xb4
                           00000C    99 	Susb$usb_device_init$7 ==.
      00000C A6 01            [ 1]  100 	ld	a, #0x01
      00000E CDr00r00         [ 4]  101 	call	_CLK_ClockSwitchConfig
                           000011   102 	Susb$usb_device_init$8 ==.
                           000011   103 	Susb$usb_device_init$9 ==.
                                    104 ;	usb.c: 78: ITC_SetSoftwarePriority(ITC_IRQ_PORTC,ITC_PRIORITYLEVEL_3);//最高优先级
      000011 4B 03            [ 1]  105 	push	#0x03
                           000013   106 	Susb$usb_device_init$10 ==.
      000013 A6 05            [ 1]  107 	ld	a, #0x05
      000015 CDr00r00         [ 4]  108 	call	_ITC_SetSoftwarePriority
                           000018   109 	Susb$usb_device_init$11 ==.
                           000018   110 	Susb$usb_device_init$12 ==.
                                    111 ;	usb.c: 81: GPIO_Init(GPIOC,GPIO_PIN_3|GPIO_PIN_4,GPIO_MODE_IN_FL_IT);
      000018 4B 20            [ 1]  112 	push	#0x20
                           00001A   113 	Susb$usb_device_init$13 ==.
      00001A A6 18            [ 1]  114 	ld	a, #0x18
      00001C AE 50 0A         [ 2]  115 	ldw	x, #0x500a
      00001F CDr00r00         [ 4]  116 	call	_GPIO_Init
                           000022   117 	Susb$usb_device_init$14 ==.
                           000022   118 	Susb$usb_device_init$15 ==.
                                    119 ;	usb.c: 85: EXTI_SetExtIntSensitivity(EXTI_PORT_GPIOC,EXTI_SENSITIVITY_RISE_FALL);
      000022 4B 03            [ 1]  120 	push	#0x03
                           000024   121 	Susb$usb_device_init$16 ==.
      000024 A6 02            [ 1]  122 	ld	a, #0x02
      000026 CDr00r00         [ 4]  123 	call	_EXTI_SetExtIntSensitivity
                           000029   124 	Susb$usb_device_init$17 ==.
                           000029   125 	Susb$usb_device_init$18 ==.
                                    126 ;	usb.c: 88: TIM4_TimeBaseInit(TIM4_PRESCALER_1,U8_MAX);//最多会出现7个字节的相同电平，7*8=56左右，大于这个值之后就可以认为是传输错误了
      000029 4B FF            [ 1]  127 	push	#0xff
                           00002B   128 	Susb$usb_device_init$19 ==.
      00002B 4F               [ 1]  129 	clr	a
      00002C CDr00r00         [ 4]  130 	call	_TIM4_TimeBaseInit
                           00002F   131 	Susb$usb_device_init$20 ==.
                           00002F   132 	Susb$usb_device_init$21 ==.
                                    133 ;	usb.c: 92: rim();
      00002F 9A               [ 1]  134 	rim
                           000030   135 	Susb$usb_device_init$22 ==.
                                    136 ;	usb.c: 93: }
                           000030   137 	Susb$usb_device_init$23 ==.
                           000030   138 	XG$usb_device_init$0$0 ==.
      000030 81               [ 4]  139 	ret
                           000031   140 	Susb$usb_device_init$24 ==.
                           000031   141 	Susb$EXIT_PORTC_IRQHandler$25 ==.
                                    142 ;	usb.c: 97: void EXIT_PORTC_IRQHandler(void) __interrupt(5)
                                    143 ;	-----------------------------------------
                                    144 ;	 function EXIT_PORTC_IRQHandler
                                    145 ;	-----------------------------------------
      000031                        146 _EXIT_PORTC_IRQHandler:
      000031 62               [ 2]  147 	div	x, a
                           000032   148 	Susb$EXIT_PORTC_IRQHandler$26 ==.
                           000032   149 	Susb$EXIT_PORTC_IRQHandler$27 ==.
                                    150 ;	usb.c: 101: TIM4_SetCounter(0);//1cycle
      000032 4F               [ 1]  151 	clr	a
      000033 CDr00r00         [ 4]  152 	call	_TIM4_SetCounter
                           000036   153 	Susb$EXIT_PORTC_IRQHandler$28 ==.
                                    154 ;	usb.c: 102: TIM4_Cmd(ENABLE);//1cycle
      000036 A6 01            [ 1]  155 	ld	a, #0x01
      000038 CDr00r00         [ 4]  156 	call	_TIM4_Cmd
                           00003B   157 	Susb$EXIT_PORTC_IRQHandler$29 ==.
                                    158 ;	usb.c: 104: usb_bit_state=GPIO_ReadInputData(GPIOC)&0b00011000>>3;//?cycle
      00003B AE 50 0A         [ 2]  159 	ldw	x, #0x500a
      00003E CDr00r00         [ 4]  160 	call	_GPIO_ReadInputData
      000041 A4 03            [ 1]  161 	and	a, #0x03
      000043 5F               [ 1]  162 	clrw	x
      000044 97               [ 1]  163 	ld	xl, a
      000045 CFu00u00         [ 2]  164 	ldw	_usb_bit_state+0, x
                           000048   165 	Susb$EXIT_PORTC_IRQHandler$30 ==.
                                    166 ;	usb.c: 105: TIM4->CNTR=0;
      000048 35 00 53 46      [ 1]  167 	mov	0x5346+0, #0x00
                           00004C   168 	Susb$EXIT_PORTC_IRQHandler$31 ==.
                                    169 ;	usb.c: 106: }
                           00004C   170 	Susb$EXIT_PORTC_IRQHandler$32 ==.
                           00004C   171 	XG$EXIT_PORTC_IRQHandler$0$0 ==.
      00004C 80               [11]  172 	iret
                           00004D   173 	Susb$EXIT_PORTC_IRQHandler$33 ==.
                           00004D   174 	Susb$usb_device_service$34 ==.
                                    175 ;	usb.c: 108: void usb_device_service(void)
                                    176 ;	-----------------------------------------
                                    177 ;	 function usb_device_service
                                    178 ;	-----------------------------------------
      00004D                        179 _usb_device_service:
                           00004D   180 	Susb$usb_device_service$35 ==.
                           00004D   181 	Susb$usb_device_service$36 ==.
                                    182 ;	usb.c: 111: }
                           00004D   183 	Susb$usb_device_service$37 ==.
                           00004D   184 	XG$usb_device_service$0$0 ==.
      00004D 81               [ 4]  185 	ret
                           00004E   186 	Susb$usb_device_service$38 ==.
                           00004E   187 	Susb$exit_irqhandler$39 ==.
                                    188 ;	usb.c: 113: void exit_irqhandler(void)
                                    189 ;	-----------------------------------------
                                    190 ;	 function exit_irqhandler
                                    191 ;	-----------------------------------------
      00004E                        192 _exit_irqhandler:
                           00004E   193 	Susb$exit_irqhandler$40 ==.
                           00004E   194 	Susb$exit_irqhandler$41 ==.
                                    195 ;	usb.c: 118: }
                           00004E   196 	Susb$exit_irqhandler$42 ==.
                           00004E   197 	XG$exit_irqhandler$0$0 ==.
      00004E 81               [ 4]  198 	ret
                           00004F   199 	Susb$exit_irqhandler$43 ==.
                           00004F   200 	Susb$software_reset$44 ==.
                                    201 ;	usb.c: 120: void software_reset(void)
                                    202 ;	-----------------------------------------
                                    203 ;	 function software_reset
                                    204 ;	-----------------------------------------
      00004F                        205 _software_reset:
                           00004F   206 	Susb$software_reset$45 ==.
                           00004F   207 	Susb$software_reset$46 ==.
                                    208 ;	usb.c: 122: usb_tx_buf[0]=2;
      00004F 35 02u00u01      [ 1]  209 	mov	_usb_tx_buf+0, #0x02
                           000053   210 	Susb$software_reset$47 ==.
                                    211 ;	usb.c: 123: WWDG->CR=0x80;//使能WDGA同时清除T6触发复位
      000053 35 80 50 D1      [ 1]  212 	mov	0x50d1+0, #0x80
                           000057   213 	Susb$software_reset$48 ==.
                                    214 ;	usb.c: 124: }
                           000057   215 	Susb$software_reset$49 ==.
                           000057   216 	XG$software_reset$0$0 ==.
      000057 81               [ 4]  217 	ret
                           000058   218 	Susb$software_reset$50 ==.
                                    219 	.area CODE
                                    220 	.area CONST
                           000000   221 G$usb_device_descriptor$0_0$0 == .
      000000                        222 _usb_device_descriptor:
      000000 12                     223 	.db #0x12	; 18
      000001 01                     224 	.db #0x01	; 1
      000002 01 10                  225 	.dw #0x0110
      000004 01                     226 	.db #0x01	; 1
      000005 00                     227 	.db #0x00	; 0
      000006 00                     228 	.db #0x00	; 0
      000007 08                     229 	.db #0x08	; 8
      000008 07 CD                  230 	.dw #0x07cd
      00000A 01 96                  231 	.dw #0x0196
      00000C 00 01                  232 	.dw #0x0001
      00000E 00                     233 	.db #0x00	; 0
      00000F 00                     234 	.db #0x00	; 0
      000010 00                     235 	.db #0x00	; 0
      000011 01                     236 	.db #0x01	; 1
                           000012   237 G$usb_configuration_descriptor$0_0$0 == .
      000012                        238 _usb_configuration_descriptor:
      000012 09                     239 	.db #0x09	; 9
      000013 02                     240 	.db #0x02	; 2
      000014 00 01                  241 	.dw #0x0001
      000016 01                     242 	.db #0x01	; 1
      000017 01                     243 	.db #0x01	; 1
      000018 00                     244 	.db #0x00	; 0
      000019 C0                     245 	.db #0xc0	; 192
      00001A 32                     246 	.db #0x32	; 50	'2'
                           00001B   247 G$usb_interface_descriptor$0_0$0 == .
      00001B                        248 _usb_interface_descriptor:
      00001B 09                     249 	.db #0x09	; 9
      00001C 04                     250 	.db #0x04	; 4
      00001D 00                     251 	.db #0x00	; 0
      00001E 00                     252 	.db #0x00	; 0
      00001F 00                     253 	.db #0x00	; 0
      000020 01                     254 	.db #0x01	; 1
      000021 00                     255 	.db #0x00	; 0
      000022 00                     256 	.db #0x00	; 0
      000023 00                     257 	.db #0x00	; 0
                           000024   258 G$usb_endpoin0_descriptor$0_0$0 == .
      000024                        259 _usb_endpoin0_descriptor:
      000024 07                     260 	.db #0x07	; 7
      000025 05                     261 	.db #0x05	; 5
      000026 00                     262 	.db #0x00	; 0
      000027 00                     263 	.db #0x00	; 0
      000028 00 08                  264 	.dw #0x0008
      00002A 00                     265 	.db #0x00	; 0
                                    266 	.area INITIALIZER
                           000000   267 Fusb$__xinit_usb_bit_state$0_0$0 == .
      000000                        268 __xinit__usb_bit_state:
      000000 00 00                  269 	.dw #0x0000
                                    270 	.area CABS (ABS)
                                    271 
                                    272 	.area .debug_line (NOLOAD)
      000000 00 00 01 80            273 	.dw	0,Ldebug_line_end-Ldebug_line_start
      000004                        274 Ldebug_line_start:
      000004 00 02                  275 	.dw	2
      000006 00 00 00 67            276 	.dw	0,Ldebug_line_stmt-6-Ldebug_line_start
      00000A 01                     277 	.db	1
      00000B 01                     278 	.db	1
      00000C FB                     279 	.db	-5
      00000D 0F                     280 	.db	15
      00000E 0A                     281 	.db	10
      00000F 00                     282 	.db	0
      000010 01                     283 	.db	1
      000011 01                     284 	.db	1
      000012 01                     285 	.db	1
      000013 01                     286 	.db	1
      000014 00                     287 	.db	0
      000015 00                     288 	.db	0
      000016 00                     289 	.db	0
      000017 01                     290 	.db	1
      000018 44 3A 5C 5C 53 6F 66   291 	.ascii "D:\\Software\\SDCC\\bin\\..\\include\\stm8"
             74 77 61 72 65 5C 5C
             53 44 43 43 5C 08 69
             6E 5C 5C 2E 2E 5C 5C
             69 6E 63 6C 75 64 65
             5C 5C 73 74 6D 38
      000041 00                     292 	.db	0
      000042 44 3A 5C 5C 53 6F 66   293 	.ascii "D:\\Software\\SDCC\\bin\\..\\include"
             74 77 61 72 65 5C 5C
             53 44 43 43 5C 08 69
             6E 5C 5C 2E 2E 5C 5C
             69 6E 63 6C 75 64 65
      000065 00                     294 	.db	0
      000066 00                     295 	.db	0
      000067 75 73 62 2E 63         296 	.ascii "usb.c"
      00006C 00                     297 	.db	0
      00006D 00                     298 	.uleb128	0
      00006E 00                     299 	.uleb128	0
      00006F 00                     300 	.uleb128	0
      000070 00                     301 	.db	0
      000071                        302 Ldebug_line_stmt:
      000071 00                     303 	.db	0
      000072 05                     304 	.uleb128	5
      000073 02                     305 	.db	2
      000074 00 00r00r00            306 	.dw	0,(Susb$usb_device_init$0)
      000078 03                     307 	.db	3
      000079 C1 00                  308 	.sleb128	65
      00007B 01                     309 	.db	1
      00007C 00                     310 	.db	0
      00007D 05                     311 	.uleb128	5
      00007E 02                     312 	.db	2
      00007F 00 00r00r00            313 	.dw	0,(Susb$usb_device_init$2)
      000083 03                     314 	.db	3
      000084 03                     315 	.sleb128	3
      000085 01                     316 	.db	1
      000086 00                     317 	.db	0
      000087 05                     318 	.uleb128	5
      000088 02                     319 	.db	2
      000089 00 00r00r01            320 	.dw	0,(Susb$usb_device_init$3)
      00008D 03                     321 	.db	3
      00008E 02                     322 	.sleb128	2
      00008F 01                     323 	.db	1
      000090 00                     324 	.db	0
      000091 05                     325 	.uleb128	5
      000092 02                     326 	.db	2
      000093 00 00r00r06            327 	.dw	0,(Susb$usb_device_init$4)
      000097 03                     328 	.db	3
      000098 02                     329 	.sleb128	2
      000099 01                     330 	.db	1
      00009A 00                     331 	.db	0
      00009B 05                     332 	.uleb128	5
      00009C 02                     333 	.db	2
      00009D 00 00r00r11            334 	.dw	0,(Susb$usb_device_init$9)
      0000A1 03                     335 	.db	3
      0000A2 05                     336 	.sleb128	5
      0000A3 01                     337 	.db	1
      0000A4 00                     338 	.db	0
      0000A5 05                     339 	.uleb128	5
      0000A6 02                     340 	.db	2
      0000A7 00 00r00r18            341 	.dw	0,(Susb$usb_device_init$12)
      0000AB 03                     342 	.db	3
      0000AC 03                     343 	.sleb128	3
      0000AD 01                     344 	.db	1
      0000AE 00                     345 	.db	0
      0000AF 05                     346 	.uleb128	5
      0000B0 02                     347 	.db	2
      0000B1 00 00r00r22            348 	.dw	0,(Susb$usb_device_init$15)
      0000B5 03                     349 	.db	3
      0000B6 04                     350 	.sleb128	4
      0000B7 01                     351 	.db	1
      0000B8 00                     352 	.db	0
      0000B9 05                     353 	.uleb128	5
      0000BA 02                     354 	.db	2
      0000BB 00 00r00r29            355 	.dw	0,(Susb$usb_device_init$18)
      0000BF 03                     356 	.db	3
      0000C0 03                     357 	.sleb128	3
      0000C1 01                     358 	.db	1
      0000C2 00                     359 	.db	0
      0000C3 05                     360 	.uleb128	5
      0000C4 02                     361 	.db	2
      0000C5 00 00r00r2F            362 	.dw	0,(Susb$usb_device_init$21)
      0000C9 03                     363 	.db	3
      0000CA 04                     364 	.sleb128	4
      0000CB 01                     365 	.db	1
      0000CC 00                     366 	.db	0
      0000CD 05                     367 	.uleb128	5
      0000CE 02                     368 	.db	2
      0000CF 00 00r00r30            369 	.dw	0,(Susb$usb_device_init$22)
      0000D3 03                     370 	.db	3
      0000D4 01                     371 	.sleb128	1
      0000D5 01                     372 	.db	1
      0000D6 09                     373 	.db	9
      0000D7 00 01                  374 	.dw	1+Susb$usb_device_init$23-Susb$usb_device_init$22
      0000D9 00                     375 	.db	0
      0000DA 01                     376 	.uleb128	1
      0000DB 01                     377 	.db	1
      0000DC 00                     378 	.db	0
      0000DD 05                     379 	.uleb128	5
      0000DE 02                     380 	.db	2
      0000DF 00 00r00r31            381 	.dw	0,(Susb$EXIT_PORTC_IRQHandler$25)
      0000E3 03                     382 	.db	3
      0000E4 E0 00                  383 	.sleb128	96
      0000E6 01                     384 	.db	1
      0000E7 00                     385 	.db	0
      0000E8 05                     386 	.uleb128	5
      0000E9 02                     387 	.db	2
      0000EA 00 00r00r32            388 	.dw	0,(Susb$EXIT_PORTC_IRQHandler$27)
      0000EE 03                     389 	.db	3
      0000EF 04                     390 	.sleb128	4
      0000F0 01                     391 	.db	1
      0000F1 00                     392 	.db	0
      0000F2 05                     393 	.uleb128	5
      0000F3 02                     394 	.db	2
      0000F4 00 00r00r36            395 	.dw	0,(Susb$EXIT_PORTC_IRQHandler$28)
      0000F8 03                     396 	.db	3
      0000F9 01                     397 	.sleb128	1
      0000FA 01                     398 	.db	1
      0000FB 00                     399 	.db	0
      0000FC 05                     400 	.uleb128	5
      0000FD 02                     401 	.db	2
      0000FE 00 00r00r3B            402 	.dw	0,(Susb$EXIT_PORTC_IRQHandler$29)
      000102 03                     403 	.db	3
      000103 02                     404 	.sleb128	2
      000104 01                     405 	.db	1
      000105 00                     406 	.db	0
      000106 05                     407 	.uleb128	5
      000107 02                     408 	.db	2
      000108 00 00r00r48            409 	.dw	0,(Susb$EXIT_PORTC_IRQHandler$30)
      00010C 03                     410 	.db	3
      00010D 01                     411 	.sleb128	1
      00010E 01                     412 	.db	1
      00010F 00                     413 	.db	0
      000110 05                     414 	.uleb128	5
      000111 02                     415 	.db	2
      000112 00 00r00r4C            416 	.dw	0,(Susb$EXIT_PORTC_IRQHandler$31)
      000116 03                     417 	.db	3
      000117 01                     418 	.sleb128	1
      000118 01                     419 	.db	1
      000119 09                     420 	.db	9
      00011A 00 01                  421 	.dw	1+Susb$EXIT_PORTC_IRQHandler$32-Susb$EXIT_PORTC_IRQHandler$31
      00011C 00                     422 	.db	0
      00011D 01                     423 	.uleb128	1
      00011E 01                     424 	.db	1
      00011F 00                     425 	.db	0
      000120 05                     426 	.uleb128	5
      000121 02                     427 	.db	2
      000122 00 00r00r4D            428 	.dw	0,(Susb$usb_device_service$34)
      000126 03                     429 	.db	3
      000127 EB 00                  430 	.sleb128	107
      000129 01                     431 	.db	1
      00012A 00                     432 	.db	0
      00012B 05                     433 	.uleb128	5
      00012C 02                     434 	.db	2
      00012D 00 00r00r4D            435 	.dw	0,(Susb$usb_device_service$36)
      000131 03                     436 	.db	3
      000132 03                     437 	.sleb128	3
      000133 01                     438 	.db	1
      000134 09                     439 	.db	9
      000135 00 01                  440 	.dw	1+Susb$usb_device_service$37-Susb$usb_device_service$36
      000137 00                     441 	.db	0
      000138 01                     442 	.uleb128	1
      000139 01                     443 	.db	1
      00013A 00                     444 	.db	0
      00013B 05                     445 	.uleb128	5
      00013C 02                     446 	.db	2
      00013D 00 00r00r4E            447 	.dw	0,(Susb$exit_irqhandler$39)
      000141 03                     448 	.db	3
      000142 F0 00                  449 	.sleb128	112
      000144 01                     450 	.db	1
      000145 00                     451 	.db	0
      000146 05                     452 	.uleb128	5
      000147 02                     453 	.db	2
      000148 00 00r00r4E            454 	.dw	0,(Susb$exit_irqhandler$41)
      00014C 03                     455 	.db	3
      00014D 05                     456 	.sleb128	5
      00014E 01                     457 	.db	1
      00014F 09                     458 	.db	9
      000150 00 01                  459 	.dw	1+Susb$exit_irqhandler$42-Susb$exit_irqhandler$41
      000152 00                     460 	.db	0
      000153 01                     461 	.uleb128	1
      000154 01                     462 	.db	1
      000155 00                     463 	.db	0
      000156 05                     464 	.uleb128	5
      000157 02                     465 	.db	2
      000158 00 00r00r4F            466 	.dw	0,(Susb$software_reset$44)
      00015C 03                     467 	.db	3
      00015D F7 00                  468 	.sleb128	119
      00015F 01                     469 	.db	1
      000160 00                     470 	.db	0
      000161 05                     471 	.uleb128	5
      000162 02                     472 	.db	2
      000163 00 00r00r4F            473 	.dw	0,(Susb$software_reset$46)
      000167 03                     474 	.db	3
      000168 02                     475 	.sleb128	2
      000169 01                     476 	.db	1
      00016A 00                     477 	.db	0
      00016B 05                     478 	.uleb128	5
      00016C 02                     479 	.db	2
      00016D 00 00r00r53            480 	.dw	0,(Susb$software_reset$47)
      000171 03                     481 	.db	3
      000172 01                     482 	.sleb128	1
      000173 01                     483 	.db	1
      000174 00                     484 	.db	0
      000175 05                     485 	.uleb128	5
      000176 02                     486 	.db	2
      000177 00 00r00r57            487 	.dw	0,(Susb$software_reset$48)
      00017B 03                     488 	.db	3
      00017C 01                     489 	.sleb128	1
      00017D 01                     490 	.db	1
      00017E 09                     491 	.db	9
      00017F 00 01                  492 	.dw	1+Susb$software_reset$49-Susb$software_reset$48
      000181 00                     493 	.db	0
      000182 01                     494 	.uleb128	1
      000183 01                     495 	.db	1
      000184                        496 Ldebug_line_end:
                                    497 
                                    498 	.area .debug_loc (NOLOAD)
      000000                        499 Ldebug_loc_start:
      000000 00 00r00r4F            500 	.dw	0,(Susb$software_reset$45)
      000004 00 00r00r58            501 	.dw	0,(Susb$software_reset$50)
      000008 00 02                  502 	.dw	2
      00000A 78                     503 	.db	120
      00000B 01                     504 	.sleb128	1
      00000C 00 00 00 00            505 	.dw	0,0
      000010 00 00 00 00            506 	.dw	0,0
      000014 00 00r00r4E            507 	.dw	0,(Susb$exit_irqhandler$40)
      000018 00 00r00r4F            508 	.dw	0,(Susb$exit_irqhandler$43)
      00001C 00 02                  509 	.dw	2
      00001E 78                     510 	.db	120
      00001F 01                     511 	.sleb128	1
      000020 00 00 00 00            512 	.dw	0,0
      000024 00 00 00 00            513 	.dw	0,0
      000028 00 00r00r4D            514 	.dw	0,(Susb$usb_device_service$35)
      00002C 00 00r00r4E            515 	.dw	0,(Susb$usb_device_service$38)
      000030 00 02                  516 	.dw	2
      000032 78                     517 	.db	120
      000033 01                     518 	.sleb128	1
      000034 00 00 00 00            519 	.dw	0,0
      000038 00 00 00 00            520 	.dw	0,0
      00003C 00 00r00r32            521 	.dw	0,(Susb$EXIT_PORTC_IRQHandler$26)
      000040 00 00r00r4D            522 	.dw	0,(Susb$EXIT_PORTC_IRQHandler$33)
      000044 00 02                  523 	.dw	2
      000046 78                     524 	.db	120
      000047 01                     525 	.sleb128	1
      000048 00 00 00 00            526 	.dw	0,0
      00004C 00 00 00 00            527 	.dw	0,0
      000050 00 00r00r2F            528 	.dw	0,(Susb$usb_device_init$20)
      000054 00 00r00r31            529 	.dw	0,(Susb$usb_device_init$24)
      000058 00 02                  530 	.dw	2
      00005A 78                     531 	.db	120
      00005B 01                     532 	.sleb128	1
      00005C 00 00r00r2B            533 	.dw	0,(Susb$usb_device_init$19)
      000060 00 00r00r2F            534 	.dw	0,(Susb$usb_device_init$20)
      000064 00 02                  535 	.dw	2
      000066 78                     536 	.db	120
      000067 02                     537 	.sleb128	2
      000068 00 00r00r29            538 	.dw	0,(Susb$usb_device_init$17)
      00006C 00 00r00r2B            539 	.dw	0,(Susb$usb_device_init$19)
      000070 00 02                  540 	.dw	2
      000072 78                     541 	.db	120
      000073 01                     542 	.sleb128	1
      000074 00 00r00r24            543 	.dw	0,(Susb$usb_device_init$16)
      000078 00 00r00r29            544 	.dw	0,(Susb$usb_device_init$17)
      00007C 00 02                  545 	.dw	2
      00007E 78                     546 	.db	120
      00007F 02                     547 	.sleb128	2
      000080 00 00r00r22            548 	.dw	0,(Susb$usb_device_init$14)
      000084 00 00r00r24            549 	.dw	0,(Susb$usb_device_init$16)
      000088 00 02                  550 	.dw	2
      00008A 78                     551 	.db	120
      00008B 01                     552 	.sleb128	1
      00008C 00 00r00r1A            553 	.dw	0,(Susb$usb_device_init$13)
      000090 00 00r00r22            554 	.dw	0,(Susb$usb_device_init$14)
      000094 00 02                  555 	.dw	2
      000096 78                     556 	.db	120
      000097 02                     557 	.sleb128	2
      000098 00 00r00r18            558 	.dw	0,(Susb$usb_device_init$11)
      00009C 00 00r00r1A            559 	.dw	0,(Susb$usb_device_init$13)
      0000A0 00 02                  560 	.dw	2
      0000A2 78                     561 	.db	120
      0000A3 01                     562 	.sleb128	1
      0000A4 00 00r00r13            563 	.dw	0,(Susb$usb_device_init$10)
      0000A8 00 00r00r18            564 	.dw	0,(Susb$usb_device_init$11)
      0000AC 00 02                  565 	.dw	2
      0000AE 78                     566 	.db	120
      0000AF 02                     567 	.sleb128	2
      0000B0 00 00r00r11            568 	.dw	0,(Susb$usb_device_init$8)
      0000B4 00 00r00r13            569 	.dw	0,(Susb$usb_device_init$10)
      0000B8 00 02                  570 	.dw	2
      0000BA 78                     571 	.db	120
      0000BB 01                     572 	.sleb128	1
      0000BC 00 00r00r0C            573 	.dw	0,(Susb$usb_device_init$7)
      0000C0 00 00r00r11            574 	.dw	0,(Susb$usb_device_init$8)
      0000C4 00 02                  575 	.dw	2
      0000C6 78                     576 	.db	120
      0000C7 04                     577 	.sleb128	4
      0000C8 00 00r00r0A            578 	.dw	0,(Susb$usb_device_init$6)
      0000CC 00 00r00r0C            579 	.dw	0,(Susb$usb_device_init$7)
      0000D0 00 02                  580 	.dw	2
      0000D2 78                     581 	.db	120
      0000D3 03                     582 	.sleb128	3
      0000D4 00 00r00r08            583 	.dw	0,(Susb$usb_device_init$5)
      0000D8 00 00r00r0A            584 	.dw	0,(Susb$usb_device_init$6)
      0000DC 00 02                  585 	.dw	2
      0000DE 78                     586 	.db	120
      0000DF 02                     587 	.sleb128	2
      0000E0 00 00r00r00            588 	.dw	0,(Susb$usb_device_init$1)
      0000E4 00 00r00r08            589 	.dw	0,(Susb$usb_device_init$5)
      0000E8 00 02                  590 	.dw	2
      0000EA 78                     591 	.db	120
      0000EB 01                     592 	.sleb128	1
      0000EC 00 00 00 00            593 	.dw	0,0
      0000F0 00 00 00 00            594 	.dw	0,0
                                    595 
                                    596 	.area .debug_abbrev (NOLOAD)
      000000                        597 Ldebug_abbrev:
      000000 01                     598 	.uleb128	1
      000001 11                     599 	.uleb128	17
      000002 01                     600 	.db	1
      000003 03                     601 	.uleb128	3
      000004 08                     602 	.uleb128	8
      000005 10                     603 	.uleb128	16
      000006 06                     604 	.uleb128	6
      000007 13                     605 	.uleb128	19
      000008 0B                     606 	.uleb128	11
      000009 25                     607 	.uleb128	37
      00000A 08                     608 	.uleb128	8
      00000B 00                     609 	.uleb128	0
      00000C 00                     610 	.uleb128	0
      00000D 02                     611 	.uleb128	2
      00000E 2E                     612 	.uleb128	46
      00000F 00                     613 	.db	0
      000010 03                     614 	.uleb128	3
      000011 08                     615 	.uleb128	8
      000012 11                     616 	.uleb128	17
      000013 01                     617 	.uleb128	1
      000014 12                     618 	.uleb128	18
      000015 01                     619 	.uleb128	1
      000016 3F                     620 	.uleb128	63
      000017 0C                     621 	.uleb128	12
      000018 40                     622 	.uleb128	64
      000019 06                     623 	.uleb128	6
      00001A 00                     624 	.uleb128	0
      00001B 00                     625 	.uleb128	0
      00001C 03                     626 	.uleb128	3
      00001D 2E                     627 	.uleb128	46
      00001E 00                     628 	.db	0
      00001F 03                     629 	.uleb128	3
      000020 08                     630 	.uleb128	8
      000021 11                     631 	.uleb128	17
      000022 01                     632 	.uleb128	1
      000023 12                     633 	.uleb128	18
      000024 01                     634 	.uleb128	1
      000025 36                     635 	.uleb128	54
      000026 0B                     636 	.uleb128	11
      000027 3F                     637 	.uleb128	63
      000028 0C                     638 	.uleb128	12
      000029 40                     639 	.uleb128	64
      00002A 06                     640 	.uleb128	6
      00002B 00                     641 	.uleb128	0
      00002C 00                     642 	.uleb128	0
      00002D 04                     643 	.uleb128	4
      00002E 24                     644 	.uleb128	36
      00002F 00                     645 	.db	0
      000030 03                     646 	.uleb128	3
      000031 08                     647 	.uleb128	8
      000032 0B                     648 	.uleb128	11
      000033 0B                     649 	.uleb128	11
      000034 3E                     650 	.uleb128	62
      000035 0B                     651 	.uleb128	11
      000036 00                     652 	.uleb128	0
      000037 00                     653 	.uleb128	0
      000038 05                     654 	.uleb128	5
      000039 34                     655 	.uleb128	52
      00003A 00                     656 	.db	0
      00003B 02                     657 	.uleb128	2
      00003C 0A                     658 	.uleb128	10
      00003D 03                     659 	.uleb128	3
      00003E 08                     660 	.uleb128	8
      00003F 3F                     661 	.uleb128	63
      000040 0C                     662 	.uleb128	12
      000041 49                     663 	.uleb128	73
      000042 13                     664 	.uleb128	19
      000043 00                     665 	.uleb128	0
      000044 00                     666 	.uleb128	0
      000045 06                     667 	.uleb128	6
      000046 01                     668 	.uleb128	1
      000047 01                     669 	.db	1
      000048 01                     670 	.uleb128	1
      000049 13                     671 	.uleb128	19
      00004A 0B                     672 	.uleb128	11
      00004B 0B                     673 	.uleb128	11
      00004C 49                     674 	.uleb128	73
      00004D 13                     675 	.uleb128	19
      00004E 00                     676 	.uleb128	0
      00004F 00                     677 	.uleb128	0
      000050 07                     678 	.uleb128	7
      000051 21                     679 	.uleb128	33
      000052 00                     680 	.db	0
      000053 2F                     681 	.uleb128	47
      000054 0B                     682 	.uleb128	11
      000055 00                     683 	.uleb128	0
      000056 00                     684 	.uleb128	0
      000057 08                     685 	.uleb128	8
      000058 13                     686 	.uleb128	19
      000059 01                     687 	.db	1
      00005A 01                     688 	.uleb128	1
      00005B 13                     689 	.uleb128	19
      00005C 03                     690 	.uleb128	3
      00005D 08                     691 	.uleb128	8
      00005E 0B                     692 	.uleb128	11
      00005F 0B                     693 	.uleb128	11
      000060 00                     694 	.uleb128	0
      000061 00                     695 	.uleb128	0
      000062 09                     696 	.uleb128	9
      000063 0D                     697 	.uleb128	13
      000064 00                     698 	.db	0
      000065 03                     699 	.uleb128	3
      000066 08                     700 	.uleb128	8
      000067 38                     701 	.uleb128	56
      000068 0A                     702 	.uleb128	10
      000069 49                     703 	.uleb128	73
      00006A 13                     704 	.uleb128	19
      00006B 00                     705 	.uleb128	0
      00006C 00                     706 	.uleb128	0
      00006D 00                     707 	.uleb128	0
                                    708 
                                    709 	.area .debug_info (NOLOAD)
      000000 00 00 05 5A            710 	.dw	0,Ldebug_info_end-Ldebug_info_start
      000004                        711 Ldebug_info_start:
      000004 00 02                  712 	.dw	2
      000006 00 00r00r00            713 	.dw	0,(Ldebug_abbrev)
      00000A 04                     714 	.db	4
      00000B 01                     715 	.uleb128	1
      00000C 75 73 62 2E 63         716 	.ascii "usb.c"
      000011 00                     717 	.db	0
      000012 00 00r00r00            718 	.dw	0,(Ldebug_line_start+-4)
      000016 01                     719 	.db	1
      000017 53 44 43 43 20 76 65   720 	.ascii "SDCC version 4.3.0 #14184"
             72 73 69 6F 6E 20 34
             2E 33 2E 30 20 23 31
             34 31 38 34
      000030 00                     721 	.db	0
      000031 02                     722 	.uleb128	2
      000032 75 73 62 5F 64 65 76   723 	.ascii "usb_device_init"
             69 63 65 5F 69 6E 69
             74
      000041 00                     724 	.db	0
      000042 00 00r00r00            725 	.dw	0,(_usb_device_init)
      000046 00 00r00r31            726 	.dw	0,(XG$usb_device_init$0$0+1)
      00004A 01                     727 	.db	1
      00004B 00 00r00r50            728 	.dw	0,(Ldebug_loc_start+80)
      00004F 03                     729 	.uleb128	3
      000050 45 58 49 54 5F 50 4F   730 	.ascii "EXIT_PORTC_IRQHandler"
             52 54 43 5F 49 52 51
             48 61 6E 64 6C 65 72
      000065 00                     731 	.db	0
      000066 00 00r00r31            732 	.dw	0,(_EXIT_PORTC_IRQHandler)
      00006A 00 00r00r4D            733 	.dw	0,(XG$EXIT_PORTC_IRQHandler$0$0+1)
      00006E 03                     734 	.db	3
      00006F 01                     735 	.db	1
      000070 00 00r00r3C            736 	.dw	0,(Ldebug_loc_start+60)
      000074 02                     737 	.uleb128	2
      000075 75 73 62 5F 64 65 76   738 	.ascii "usb_device_service"
             69 63 65 5F 73 65 72
             76 69 63 65
      000087 00                     739 	.db	0
      000088 00 00r00r4D            740 	.dw	0,(_usb_device_service)
      00008C 00 00r00r4E            741 	.dw	0,(XG$usb_device_service$0$0+1)
      000090 01                     742 	.db	1
      000091 00 00r00r28            743 	.dw	0,(Ldebug_loc_start+40)
      000095 02                     744 	.uleb128	2
      000096 65 78 69 74 5F 69 72   745 	.ascii "exit_irqhandler"
             71 68 61 6E 64 6C 65
             72
      0000A5 00                     746 	.db	0
      0000A6 00 00r00r4E            747 	.dw	0,(_exit_irqhandler)
      0000AA 00 00r00r4F            748 	.dw	0,(XG$exit_irqhandler$0$0+1)
      0000AE 01                     749 	.db	1
      0000AF 00 00r00r14            750 	.dw	0,(Ldebug_loc_start+20)
      0000B3 02                     751 	.uleb128	2
      0000B4 73 6F 66 74 77 61 72   752 	.ascii "software_reset"
             65 5F 72 65 73 65 74
      0000C2 00                     753 	.db	0
      0000C3 00 00r00r4F            754 	.dw	0,(_software_reset)
      0000C7 00 00r00r58            755 	.dw	0,(XG$software_reset$0$0+1)
      0000CB 01                     756 	.db	1
      0000CC 00 00r00r00            757 	.dw	0,(Ldebug_loc_start)
      0000D0 04                     758 	.uleb128	4
      0000D1 69 6E 74               759 	.ascii "int"
      0000D4 00                     760 	.db	0
      0000D5 02                     761 	.db	2
      0000D6 05                     762 	.db	5
      0000D7 05                     763 	.uleb128	5
      0000D8 05                     764 	.db	5
      0000D9 03                     765 	.db	3
      0000DA 00 00r00r00            766 	.dw	0,(_usb_bit_state)
      0000DE 75 73 62 5F 62 69 74   767 	.ascii "usb_bit_state"
             5F 73 74 61 74 65
      0000EB 00                     768 	.db	0
      0000EC 01                     769 	.db	1
      0000ED 00 00 00 D0            770 	.dw	0,208
      0000F1 04                     771 	.uleb128	4
      0000F2 75 6E 73 69 67 6E 65   772 	.ascii "unsigned char"
             64 20 63 68 61 72
      0000FF 00                     773 	.db	0
      000100 01                     774 	.db	1
      000101 08                     775 	.db	8
      000102 05                     776 	.uleb128	5
      000103 05                     777 	.db	5
      000104 03                     778 	.db	3
      000105 00 00r00r00            779 	.dw	0,(_UsbBitStateEnum)
      000109 55 73 62 42 69 74 53   780 	.ascii "UsbBitStateEnum"
             74 61 74 65 45 6E 75
             6D
      000118 00                     781 	.db	0
      000119 01                     782 	.db	1
      00011A 00 00 00 F1            783 	.dw	0,241
      00011E 06                     784 	.uleb128	6
      00011F 00 00 01 2B            785 	.dw	0,299
      000123 0C                     786 	.db	12
      000124 00 00 00 F1            787 	.dw	0,241
      000128 07                     788 	.uleb128	7
      000129 0B                     789 	.db	11
      00012A 00                     790 	.uleb128	0
      00012B 05                     791 	.uleb128	5
      00012C 05                     792 	.db	5
      00012D 03                     793 	.db	3
      00012E 00 00r00r01            794 	.dw	0,(_usb_tx_buf)
      000132 75 73 62 5F 74 78 5F   795 	.ascii "usb_tx_buf"
             62 75 66
      00013C 00                     796 	.db	0
      00013D 01                     797 	.db	1
      00013E 00 00 01 1E            798 	.dw	0,286
      000142 04                     799 	.uleb128	4
      000143 75 6E 73 69 67 6E 65   800 	.ascii "unsigned int"
             64 20 69 6E 74
      00014F 00                     801 	.db	0
      000150 02                     802 	.db	2
      000151 07                     803 	.db	7
      000152 04                     804 	.uleb128	4
      000153 75 6E 73 69 67 6E 65   805 	.ascii "unsigned int"
             64 20 69 6E 74
      00015F 00                     806 	.db	0
      000160 02                     807 	.db	2
      000161 07                     808 	.db	7
      000162 08                     809 	.uleb128	8
      000163 00 00 02 95            810 	.dw	0,661
      000167 5F 5F 30 30 30 30 30   811 	.ascii "__00000009"
             30 30 39
      000171 00                     812 	.db	0
      000172 12                     813 	.db	18
      000173 09                     814 	.uleb128	9
      000174 62 4C 65 6E 67 74 68   815 	.ascii "bLength"
      00017B 00                     816 	.db	0
      00017C 02                     817 	.db	2
      00017D 23                     818 	.db	35
      00017E 00                     819 	.uleb128	0
      00017F 00 00 00 F1            820 	.dw	0,241
      000183 09                     821 	.uleb128	9
      000184 62 44 65 73 63 72 69   822 	.ascii "bDescriptorType"
             70 74 6F 72 54 79 70
             65
      000193 00                     823 	.db	0
      000194 02                     824 	.db	2
      000195 23                     825 	.db	35
      000196 01                     826 	.uleb128	1
      000197 00 00 00 F1            827 	.dw	0,241
      00019B 09                     828 	.uleb128	9
      00019C 62 63 64 55 53 42      829 	.ascii "bcdUSB"
      0001A2 00                     830 	.db	0
      0001A3 02                     831 	.db	2
      0001A4 23                     832 	.db	35
      0001A5 02                     833 	.uleb128	2
      0001A6 00 00 01 42            834 	.dw	0,322
      0001AA 09                     835 	.uleb128	9
      0001AB 62 44 65 76 69 63 65   836 	.ascii "bDeviceClass"
             43 6C 61 73 73
      0001B7 00                     837 	.db	0
      0001B8 02                     838 	.db	2
      0001B9 23                     839 	.db	35
      0001BA 04                     840 	.uleb128	4
      0001BB 00 00 00 F1            841 	.dw	0,241
      0001BF 09                     842 	.uleb128	9
      0001C0 62 44 65 76 69 63 65   843 	.ascii "bDeviceSubClass"
             53 75 62 43 6C 61 73
             73
      0001CF 00                     844 	.db	0
      0001D0 02                     845 	.db	2
      0001D1 23                     846 	.db	35
      0001D2 05                     847 	.uleb128	5
      0001D3 00 00 00 F1            848 	.dw	0,241
      0001D7 09                     849 	.uleb128	9
      0001D8 62 44 65 76 69 63 65   850 	.ascii "bDeviceProtocol"
             50 72 6F 74 6F 63 6F
             6C
      0001E7 00                     851 	.db	0
      0001E8 02                     852 	.db	2
      0001E9 23                     853 	.db	35
      0001EA 06                     854 	.uleb128	6
      0001EB 00 00 00 F1            855 	.dw	0,241
      0001EF 09                     856 	.uleb128	9
      0001F0 62 4D 61 78 50 61 63   857 	.ascii "bMaxPacketSize0"
             6B 65 74 53 69 7A 65
             30
      0001FF 00                     858 	.db	0
      000200 02                     859 	.db	2
      000201 23                     860 	.db	35
      000202 07                     861 	.uleb128	7
      000203 00 00 00 F1            862 	.dw	0,241
      000207 09                     863 	.uleb128	9
      000208 69 64 56 65 6E 64 6F   864 	.ascii "idVendor"
             72
      000210 00                     865 	.db	0
      000211 02                     866 	.db	2
      000212 23                     867 	.db	35
      000213 08                     868 	.uleb128	8
      000214 00 00 01 52            869 	.dw	0,338
      000218 09                     870 	.uleb128	9
      000219 69 64 50 72 6F 64 75   871 	.ascii "idProduct"
             63 74
      000222 00                     872 	.db	0
      000223 02                     873 	.db	2
      000224 23                     874 	.db	35
      000225 0A                     875 	.uleb128	10
      000226 00 00 01 52            876 	.dw	0,338
      00022A 09                     877 	.uleb128	9
      00022B 62 63 64 44 65 76 69   878 	.ascii "bcdDevice"
             63 65
      000234 00                     879 	.db	0
      000235 02                     880 	.db	2
      000236 23                     881 	.db	35
      000237 0C                     882 	.uleb128	12
      000238 00 00 01 52            883 	.dw	0,338
      00023C 09                     884 	.uleb128	9
      00023D 69 4D 61 6E 75 66 61   885 	.ascii "iManufacturer"
             63 74 75 72 65 72
      00024A 00                     886 	.db	0
      00024B 02                     887 	.db	2
      00024C 23                     888 	.db	35
      00024D 0E                     889 	.uleb128	14
      00024E 00 00 00 F1            890 	.dw	0,241
      000252 09                     891 	.uleb128	9
      000253 69 50 72 6F 64 75 63   892 	.ascii "iProduct"
             74
      00025B 00                     893 	.db	0
      00025C 02                     894 	.db	2
      00025D 23                     895 	.db	35
      00025E 0F                     896 	.uleb128	15
      00025F 00 00 00 F1            897 	.dw	0,241
      000263 09                     898 	.uleb128	9
      000264 69 53 65 72 69 61 6C   899 	.ascii "iSerialNumber"
             4E 75 6D 62 65 72
      000271 00                     900 	.db	0
      000272 02                     901 	.db	2
      000273 23                     902 	.db	35
      000274 10                     903 	.uleb128	16
      000275 00 00 00 F1            904 	.dw	0,241
      000279 09                     905 	.uleb128	9
      00027A 62 4E 75 6D 43 6F 6E   906 	.ascii "bNumConfigurations"
             66 69 67 75 72 61 74
             69 6F 6E 73
      00028C 00                     907 	.db	0
      00028D 02                     908 	.db	2
      00028E 23                     909 	.db	35
      00028F 11                     910 	.uleb128	17
      000290 00 00 00 F1            911 	.dw	0,241
      000294 00                     912 	.uleb128	0
      000295 05                     913 	.uleb128	5
      000296 05                     914 	.db	5
      000297 03                     915 	.db	3
      000298 00 00r00r00            916 	.dw	0,(_usb_device_descriptor)
      00029C 75 73 62 5F 64 65 76   917 	.ascii "usb_device_descriptor"
             69 63 65 5F 64 65 73
             63 72 69 70 74 6F 72
      0002B1 00                     918 	.db	0
      0002B2 01                     919 	.db	1
      0002B3 00 00 01 62            920 	.dw	0,354
      0002B7 08                     921 	.uleb128	8
      0002B8 00 00 03 76            922 	.dw	0,886
      0002BC 5F 5F 30 30 30 30 30   923 	.ascii "__00000010"
             30 31 30
      0002C6 00                     924 	.db	0
      0002C7 09                     925 	.db	9
      0002C8 09                     926 	.uleb128	9
      0002C9 62 4C 65 6E 67 74 68   927 	.ascii "bLength"
      0002D0 00                     928 	.db	0
      0002D1 02                     929 	.db	2
      0002D2 23                     930 	.db	35
      0002D3 00                     931 	.uleb128	0
      0002D4 00 00 00 F1            932 	.dw	0,241
      0002D8 09                     933 	.uleb128	9
      0002D9 62 44 65 73 63 72 69   934 	.ascii "bDescriptorType"
             70 74 6F 72 54 79 70
             65
      0002E8 00                     935 	.db	0
      0002E9 02                     936 	.db	2
      0002EA 23                     937 	.db	35
      0002EB 01                     938 	.uleb128	1
      0002EC 00 00 00 F1            939 	.dw	0,241
      0002F0 09                     940 	.uleb128	9
      0002F1 77 54 6F 74 61 6C 4C   941 	.ascii "wTotalLength"
             65 6E 67 74 68
      0002FD 00                     942 	.db	0
      0002FE 02                     943 	.db	2
      0002FF 23                     944 	.db	35
      000300 02                     945 	.uleb128	2
      000301 00 00 01 52            946 	.dw	0,338
      000305 09                     947 	.uleb128	9
      000306 62 4E 75 6D 49 6E 74   948 	.ascii "bNumInterfaces"
             65 72 66 61 63 65 73
      000314 00                     949 	.db	0
      000315 02                     950 	.db	2
      000316 23                     951 	.db	35
      000317 04                     952 	.uleb128	4
      000318 00 00 00 F1            953 	.dw	0,241
      00031C 09                     954 	.uleb128	9
      00031D 62 43 6F 6E 66 69 67   955 	.ascii "bConfigurationValue"
             75 72 61 74 69 6F 6E
             56 61 6C 75 65
      000330 00                     956 	.db	0
      000331 02                     957 	.db	2
      000332 23                     958 	.db	35
      000333 05                     959 	.uleb128	5
      000334 00 00 00 F1            960 	.dw	0,241
      000338 09                     961 	.uleb128	9
      000339 69 43 6F 6E 66 69 67   962 	.ascii "iConfiguration"
             75 72 61 74 69 6F 6E
      000347 00                     963 	.db	0
      000348 02                     964 	.db	2
      000349 23                     965 	.db	35
      00034A 06                     966 	.uleb128	6
      00034B 00 00 00 F1            967 	.dw	0,241
      00034F 09                     968 	.uleb128	9
      000350 62 6D 41 74 74 72 69   969 	.ascii "bmAttributes"
             62 75 74 65 73
      00035C 00                     970 	.db	0
      00035D 02                     971 	.db	2
      00035E 23                     972 	.db	35
      00035F 07                     973 	.uleb128	7
      000360 00 00 00 F1            974 	.dw	0,241
      000364 09                     975 	.uleb128	9
      000365 4D 61 78 50 6F 77 65   976 	.ascii "MaxPower"
             72
      00036D 00                     977 	.db	0
      00036E 02                     978 	.db	2
      00036F 23                     979 	.db	35
      000370 08                     980 	.uleb128	8
      000371 00 00 00 F1            981 	.dw	0,241
      000375 00                     982 	.uleb128	0
      000376 05                     983 	.uleb128	5
      000377 05                     984 	.db	5
      000378 03                     985 	.db	3
      000379 00 00r00r12            986 	.dw	0,(_usb_configuration_descriptor)
      00037D 75 73 62 5F 63 6F 6E   987 	.ascii "usb_configuration_descriptor"
             66 69 67 75 72 61 74
             69 6F 6E 5F 64 65 73
             63 72 69 70 74 6F 72
      000399 00                     988 	.db	0
      00039A 01                     989 	.db	1
      00039B 00 00 02 B7            990 	.dw	0,695
      00039F 08                     991 	.uleb128	8
      0003A0 00 00 04 83            992 	.dw	0,1155
      0003A4 5F 5F 30 30 30 30 30   993 	.ascii "__00000011"
             30 31 31
      0003AE 00                     994 	.db	0
      0003AF 09                     995 	.db	9
      0003B0 09                     996 	.uleb128	9
      0003B1 62 4C 65 6E 67 74 68   997 	.ascii "bLength"
      0003B8 00                     998 	.db	0
      0003B9 02                     999 	.db	2
      0003BA 23                    1000 	.db	35
      0003BB 00                    1001 	.uleb128	0
      0003BC 00 00 00 F1           1002 	.dw	0,241
      0003C0 09                    1003 	.uleb128	9
      0003C1 62 44 65 73 63 72 69  1004 	.ascii "bDescriptorType"
             70 74 6F 72 54 79 70
             65
      0003D0 00                    1005 	.db	0
      0003D1 02                    1006 	.db	2
      0003D2 23                    1007 	.db	35
      0003D3 01                    1008 	.uleb128	1
      0003D4 00 00 00 F1           1009 	.dw	0,241
      0003D8 09                    1010 	.uleb128	9
      0003D9 62 49 6E 74 65 72 66  1011 	.ascii "bInterfaceNumber"
             61 63 65 4E 75 6D 62
             65 72
      0003E9 00                    1012 	.db	0
      0003EA 02                    1013 	.db	2
      0003EB 23                    1014 	.db	35
      0003EC 02                    1015 	.uleb128	2
      0003ED 00 00 00 F1           1016 	.dw	0,241
      0003F1 09                    1017 	.uleb128	9
      0003F2 62 41 6C 74 65 72 6E  1018 	.ascii "bAlternateSetting"
             61 74 65 53 65 74 74
             69 6E 67
      000403 00                    1019 	.db	0
      000404 02                    1020 	.db	2
      000405 23                    1021 	.db	35
      000406 03                    1022 	.uleb128	3
      000407 00 00 00 F1           1023 	.dw	0,241
      00040B 09                    1024 	.uleb128	9
      00040C 62 4E 75 6D 45 6E 64  1025 	.ascii "bNumEndpoints"
             70 6F 69 6E 74 73
      000419 00                    1026 	.db	0
      00041A 02                    1027 	.db	2
      00041B 23                    1028 	.db	35
      00041C 04                    1029 	.uleb128	4
      00041D 00 00 00 F1           1030 	.dw	0,241
      000421 09                    1031 	.uleb128	9
      000422 62 49 6E 74 65 72 66  1032 	.ascii "bInterfaceClass"
             61 63 65 43 6C 61 73
             73
      000431 00                    1033 	.db	0
      000432 02                    1034 	.db	2
      000433 23                    1035 	.db	35
      000434 05                    1036 	.uleb128	5
      000435 00 00 00 F1           1037 	.dw	0,241
      000439 09                    1038 	.uleb128	9
      00043A 62 49 6E 74 65 72 66  1039 	.ascii "bInterfaceSubClass"
             61 63 65 53 75 62 43
             6C 61 73 73
      00044C 00                    1040 	.db	0
      00044D 02                    1041 	.db	2
      00044E 23                    1042 	.db	35
      00044F 06                    1043 	.uleb128	6
      000450 00 00 00 F1           1044 	.dw	0,241
      000454 09                    1045 	.uleb128	9
      000455 62 49 6E 74 65 72 66  1046 	.ascii "bInterfaceProtocol"
             61 63 65 50 72 6F 74
             6F 63 6F 6C
      000467 00                    1047 	.db	0
      000468 02                    1048 	.db	2
      000469 23                    1049 	.db	35
      00046A 07                    1050 	.uleb128	7
      00046B 00 00 00 F1           1051 	.dw	0,241
      00046F 09                    1052 	.uleb128	9
      000470 69 49 6E 74 65 72 66  1053 	.ascii "iInterface"
             61 63 65
      00047A 00                    1054 	.db	0
      00047B 02                    1055 	.db	2
      00047C 23                    1056 	.db	35
      00047D 08                    1057 	.uleb128	8
      00047E 00 00 00 F1           1058 	.dw	0,241
      000482 00                    1059 	.uleb128	0
      000483 05                    1060 	.uleb128	5
      000484 05                    1061 	.db	5
      000485 03                    1062 	.db	3
      000486 00 00r00r1B           1063 	.dw	0,(_usb_interface_descriptor)
      00048A 75 73 62 5F 69 6E 74  1064 	.ascii "usb_interface_descriptor"
             65 72 66 61 63 65 5F
             64 65 73 63 72 69 70
             74 6F 72
      0004A2 00                    1065 	.db	0
      0004A3 01                    1066 	.db	1
      0004A4 00 00 03 9F           1067 	.dw	0,927
      0004A8 08                    1068 	.uleb128	8
      0004A9 00 00 05 39           1069 	.dw	0,1337
      0004AD 5F 5F 30 30 30 30 30  1070 	.ascii "__00000012"
             30 31 32
      0004B7 00                    1071 	.db	0
      0004B8 07                    1072 	.db	7
      0004B9 09                    1073 	.uleb128	9
      0004BA 62 4C 65 6E 67 74 68  1074 	.ascii "bLength"
      0004C1 00                    1075 	.db	0
      0004C2 02                    1076 	.db	2
      0004C3 23                    1077 	.db	35
      0004C4 00                    1078 	.uleb128	0
      0004C5 00 00 00 F1           1079 	.dw	0,241
      0004C9 09                    1080 	.uleb128	9
      0004CA 62 44 65 73 63 72 69  1081 	.ascii "bDescriptorType"
             70 74 6F 72 54 79 70
             65
      0004D9 00                    1082 	.db	0
      0004DA 02                    1083 	.db	2
      0004DB 23                    1084 	.db	35
      0004DC 01                    1085 	.uleb128	1
      0004DD 00 00 00 F1           1086 	.dw	0,241
      0004E1 09                    1087 	.uleb128	9
      0004E2 62 45 6E 64 70 6F 69  1088 	.ascii "bEndpointAddress"
             6E 74 41 64 64 72 65
             73 73
      0004F2 00                    1089 	.db	0
      0004F3 02                    1090 	.db	2
      0004F4 23                    1091 	.db	35
      0004F5 02                    1092 	.uleb128	2
      0004F6 00 00 00 F1           1093 	.dw	0,241
      0004FA 09                    1094 	.uleb128	9
      0004FB 62 6D 41 74 74 72 69  1095 	.ascii "bmAttributes"
             62 75 74 65 73
      000507 00                    1096 	.db	0
      000508 02                    1097 	.db	2
      000509 23                    1098 	.db	35
      00050A 03                    1099 	.uleb128	3
      00050B 00 00 00 F1           1100 	.dw	0,241
      00050F 09                    1101 	.uleb128	9
      000510 77 4D 61 78 50 61 63  1102 	.ascii "wMaxPacketSize"
             6B 65 74 53 69 7A 65
      00051E 00                    1103 	.db	0
      00051F 02                    1104 	.db	2
      000520 23                    1105 	.db	35
      000521 04                    1106 	.uleb128	4
      000522 00 00 01 52           1107 	.dw	0,338
      000526 09                    1108 	.uleb128	9
      000527 62 49 6E 74 65 72 76  1109 	.ascii "bInterval"
             61 6C
      000530 00                    1110 	.db	0
      000531 02                    1111 	.db	2
      000532 23                    1112 	.db	35
      000533 06                    1113 	.uleb128	6
      000534 00 00 00 F1           1114 	.dw	0,241
      000538 00                    1115 	.uleb128	0
      000539 05                    1116 	.uleb128	5
      00053A 05                    1117 	.db	5
      00053B 03                    1118 	.db	3
      00053C 00 00r00r24           1119 	.dw	0,(_usb_endpoin0_descriptor)
      000540 75 73 62 5F 65 6E 64  1120 	.ascii "usb_endpoin0_descriptor"
             70 6F 69 6E 30 5F 64
             65 73 63 72 69 70 74
             6F 72
      000557 00                    1121 	.db	0
      000558 01                    1122 	.db	1
      000559 00 00 04 A8           1123 	.dw	0,1192
      00055D 00                    1124 	.uleb128	0
      00055E                       1125 Ldebug_info_end:
                                   1126 
                                   1127 	.area .debug_pubnames (NOLOAD)
      000000 00 00 01 23           1128 	.dw	0,Ldebug_pubnames_end-Ldebug_pubnames_start
      000004                       1129 Ldebug_pubnames_start:
      000004 00 02                 1130 	.dw	2
      000006 00 00r00r00           1131 	.dw	0,(Ldebug_info_start-4)
      00000A 00 00 05 5E           1132 	.dw	0,4+Ldebug_info_end-Ldebug_info_start
      00000E 00 00 00 31           1133 	.dw	0,49
      000012 75 73 62 5F 64 65 76  1134 	.ascii "usb_device_init"
             69 63 65 5F 69 6E 69
             74
      000021 00                    1135 	.db	0
      000022 00 00 00 4F           1136 	.dw	0,79
      000026 45 58 49 54 5F 50 4F  1137 	.ascii "EXIT_PORTC_IRQHandler"
             52 54 43 5F 49 52 51
             48 61 6E 64 6C 65 72
      00003B 00                    1138 	.db	0
      00003C 00 00 00 74           1139 	.dw	0,116
      000040 75 73 62 5F 64 65 76  1140 	.ascii "usb_device_service"
             69 63 65 5F 73 65 72
             76 69 63 65
      000052 00                    1141 	.db	0
      000053 00 00 00 95           1142 	.dw	0,149
      000057 65 78 69 74 5F 69 72  1143 	.ascii "exit_irqhandler"
             71 68 61 6E 64 6C 65
             72
      000066 00                    1144 	.db	0
      000067 00 00 00 B3           1145 	.dw	0,179
      00006B 73 6F 66 74 77 61 72  1146 	.ascii "software_reset"
             65 5F 72 65 73 65 74
      000079 00                    1147 	.db	0
      00007A 00 00 00 D7           1148 	.dw	0,215
      00007E 75 73 62 5F 62 69 74  1149 	.ascii "usb_bit_state"
             5F 73 74 61 74 65
      00008B 00                    1150 	.db	0
      00008C 00 00 01 02           1151 	.dw	0,258
      000090 55 73 62 42 69 74 53  1152 	.ascii "UsbBitStateEnum"
             74 61 74 65 45 6E 75
             6D
      00009F 00                    1153 	.db	0
      0000A0 00 00 01 2B           1154 	.dw	0,299
      0000A4 75 73 62 5F 74 78 5F  1155 	.ascii "usb_tx_buf"
             62 75 66
      0000AE 00                    1156 	.db	0
      0000AF 00 00 02 95           1157 	.dw	0,661
      0000B3 75 73 62 5F 64 65 76  1158 	.ascii "usb_device_descriptor"
             69 63 65 5F 64 65 73
             63 72 69 70 74 6F 72
      0000C8 00                    1159 	.db	0
      0000C9 00 00 03 76           1160 	.dw	0,886
      0000CD 75 73 62 5F 63 6F 6E  1161 	.ascii "usb_configuration_descriptor"
             66 69 67 75 72 61 74
             69 6F 6E 5F 64 65 73
             63 72 69 70 74 6F 72
      0000E9 00                    1162 	.db	0
      0000EA 00 00 04 83           1163 	.dw	0,1155
      0000EE 75 73 62 5F 69 6E 74  1164 	.ascii "usb_interface_descriptor"
             65 72 66 61 63 65 5F
             64 65 73 63 72 69 70
             74 6F 72
      000106 00                    1165 	.db	0
      000107 00 00 05 39           1166 	.dw	0,1337
      00010B 75 73 62 5F 65 6E 64  1167 	.ascii "usb_endpoin0_descriptor"
             70 6F 69 6E 30 5F 64
             65 73 63 72 69 70 74
             6F 72
      000122 00                    1168 	.db	0
      000123 00 00 00 00           1169 	.dw	0,0
      000127                       1170 Ldebug_pubnames_end:
                                   1171 
                                   1172 	.area .debug_frame (NOLOAD)
      000000 00 00                 1173 	.dw	0
      000002 00 10                 1174 	.dw	Ldebug_CIE0_end-Ldebug_CIE0_start
      000004                       1175 Ldebug_CIE0_start:
      000004 FF FF                 1176 	.dw	0xffff
      000006 FF FF                 1177 	.dw	0xffff
      000008 01                    1178 	.db	1
      000009 00                    1179 	.db	0
      00000A 01                    1180 	.uleb128	1
      00000B 7F                    1181 	.sleb128	-1
      00000C 09                    1182 	.db	9
      00000D 0C                    1183 	.db	12
      00000E 08                    1184 	.uleb128	8
      00000F 02                    1185 	.uleb128	2
      000010 89                    1186 	.db	137
      000011 01                    1187 	.uleb128	1
      000012 00                    1188 	.db	0
      000013 00                    1189 	.db	0
      000014                       1190 Ldebug_CIE0_end:
      000014 00 00 00 14           1191 	.dw	0,20
      000018 00 00r00r00           1192 	.dw	0,(Ldebug_CIE0_start-4)
      00001C 00 00r00r4F           1193 	.dw	0,(Susb$software_reset$45)	;initial loc
      000020 00 00 00 09           1194 	.dw	0,Susb$software_reset$50-Susb$software_reset$45
      000024 01                    1195 	.db	1
      000025 00 00r00r4F           1196 	.dw	0,(Susb$software_reset$45)
      000029 0E                    1197 	.db	14
      00002A 02                    1198 	.uleb128	2
      00002B 00                    1199 	.db	0
                                   1200 
                                   1201 	.area .debug_frame (NOLOAD)
      00002C 00 00                 1202 	.dw	0
      00002E 00 10                 1203 	.dw	Ldebug_CIE1_end-Ldebug_CIE1_start
      000030                       1204 Ldebug_CIE1_start:
      000030 FF FF                 1205 	.dw	0xffff
      000032 FF FF                 1206 	.dw	0xffff
      000034 01                    1207 	.db	1
      000035 00                    1208 	.db	0
      000036 01                    1209 	.uleb128	1
      000037 7F                    1210 	.sleb128	-1
      000038 09                    1211 	.db	9
      000039 0C                    1212 	.db	12
      00003A 08                    1213 	.uleb128	8
      00003B 02                    1214 	.uleb128	2
      00003C 89                    1215 	.db	137
      00003D 01                    1216 	.uleb128	1
      00003E 00                    1217 	.db	0
      00003F 00                    1218 	.db	0
      000040                       1219 Ldebug_CIE1_end:
      000040 00 00 00 14           1220 	.dw	0,20
      000044 00 00r00r2C           1221 	.dw	0,(Ldebug_CIE1_start-4)
      000048 00 00r00r4E           1222 	.dw	0,(Susb$exit_irqhandler$40)	;initial loc
      00004C 00 00 00 01           1223 	.dw	0,Susb$exit_irqhandler$43-Susb$exit_irqhandler$40
      000050 01                    1224 	.db	1
      000051 00 00r00r4E           1225 	.dw	0,(Susb$exit_irqhandler$40)
      000055 0E                    1226 	.db	14
      000056 02                    1227 	.uleb128	2
      000057 00                    1228 	.db	0
                                   1229 
                                   1230 	.area .debug_frame (NOLOAD)
      000058 00 00                 1231 	.dw	0
      00005A 00 10                 1232 	.dw	Ldebug_CIE2_end-Ldebug_CIE2_start
      00005C                       1233 Ldebug_CIE2_start:
      00005C FF FF                 1234 	.dw	0xffff
      00005E FF FF                 1235 	.dw	0xffff
      000060 01                    1236 	.db	1
      000061 00                    1237 	.db	0
      000062 01                    1238 	.uleb128	1
      000063 7F                    1239 	.sleb128	-1
      000064 09                    1240 	.db	9
      000065 0C                    1241 	.db	12
      000066 08                    1242 	.uleb128	8
      000067 02                    1243 	.uleb128	2
      000068 89                    1244 	.db	137
      000069 01                    1245 	.uleb128	1
      00006A 00                    1246 	.db	0
      00006B 00                    1247 	.db	0
      00006C                       1248 Ldebug_CIE2_end:
      00006C 00 00 00 14           1249 	.dw	0,20
      000070 00 00r00r58           1250 	.dw	0,(Ldebug_CIE2_start-4)
      000074 00 00r00r4D           1251 	.dw	0,(Susb$usb_device_service$35)	;initial loc
      000078 00 00 00 01           1252 	.dw	0,Susb$usb_device_service$38-Susb$usb_device_service$35
      00007C 01                    1253 	.db	1
      00007D 00 00r00r4D           1254 	.dw	0,(Susb$usb_device_service$35)
      000081 0E                    1255 	.db	14
      000082 02                    1256 	.uleb128	2
      000083 00                    1257 	.db	0
                                   1258 
                                   1259 	.area .debug_frame (NOLOAD)
      000084 00 00                 1260 	.dw	0
      000086 00 10                 1261 	.dw	Ldebug_CIE3_end-Ldebug_CIE3_start
      000088                       1262 Ldebug_CIE3_start:
      000088 FF FF                 1263 	.dw	0xffff
      00008A FF FF                 1264 	.dw	0xffff
      00008C 01                    1265 	.db	1
      00008D 00                    1266 	.db	0
      00008E 01                    1267 	.uleb128	1
      00008F 7F                    1268 	.sleb128	-1
      000090 09                    1269 	.db	9
      000091 0C                    1270 	.db	12
      000092 08                    1271 	.uleb128	8
      000093 09                    1272 	.uleb128	9
      000094 89                    1273 	.db	137
      000095 01                    1274 	.uleb128	1
      000096 00                    1275 	.db	0
      000097 00                    1276 	.db	0
      000098                       1277 Ldebug_CIE3_end:
      000098 00 00 00 14           1278 	.dw	0,20
      00009C 00 00r00r84           1279 	.dw	0,(Ldebug_CIE3_start-4)
      0000A0 00 00r00r32           1280 	.dw	0,(Susb$EXIT_PORTC_IRQHandler$26)	;initial loc
      0000A4 00 00 00 1B           1281 	.dw	0,Susb$EXIT_PORTC_IRQHandler$33-Susb$EXIT_PORTC_IRQHandler$26
      0000A8 01                    1282 	.db	1
      0000A9 00 00r00r32           1283 	.dw	0,(Susb$EXIT_PORTC_IRQHandler$26)
      0000AD 0E                    1284 	.db	14
      0000AE 09                    1285 	.uleb128	9
      0000AF 00                    1286 	.db	0
                                   1287 
                                   1288 	.area .debug_frame (NOLOAD)
      0000B0 00 00                 1289 	.dw	0
      0000B2 00 10                 1290 	.dw	Ldebug_CIE4_end-Ldebug_CIE4_start
      0000B4                       1291 Ldebug_CIE4_start:
      0000B4 FF FF                 1292 	.dw	0xffff
      0000B6 FF FF                 1293 	.dw	0xffff
      0000B8 01                    1294 	.db	1
      0000B9 00                    1295 	.db	0
      0000BA 01                    1296 	.uleb128	1
      0000BB 7F                    1297 	.sleb128	-1
      0000BC 09                    1298 	.db	9
      0000BD 0C                    1299 	.db	12
      0000BE 08                    1300 	.uleb128	8
      0000BF 02                    1301 	.uleb128	2
      0000C0 89                    1302 	.db	137
      0000C1 01                    1303 	.uleb128	1
      0000C2 00                    1304 	.db	0
      0000C3 00                    1305 	.db	0
      0000C4                       1306 Ldebug_CIE4_end:
      0000C4 00 00 00 68           1307 	.dw	0,104
      0000C8 00 00r00rB0           1308 	.dw	0,(Ldebug_CIE4_start-4)
      0000CC 00 00r00r00           1309 	.dw	0,(Susb$usb_device_init$1)	;initial loc
      0000D0 00 00 00 31           1310 	.dw	0,Susb$usb_device_init$24-Susb$usb_device_init$1
      0000D4 01                    1311 	.db	1
      0000D5 00 00r00r00           1312 	.dw	0,(Susb$usb_device_init$1)
      0000D9 0E                    1313 	.db	14
      0000DA 02                    1314 	.uleb128	2
      0000DB 01                    1315 	.db	1
      0000DC 00 00r00r08           1316 	.dw	0,(Susb$usb_device_init$5)
      0000E0 0E                    1317 	.db	14
      0000E1 03                    1318 	.uleb128	3
      0000E2 01                    1319 	.db	1
      0000E3 00 00r00r0A           1320 	.dw	0,(Susb$usb_device_init$6)
      0000E7 0E                    1321 	.db	14
      0000E8 04                    1322 	.uleb128	4
      0000E9 01                    1323 	.db	1
      0000EA 00 00r00r0C           1324 	.dw	0,(Susb$usb_device_init$7)
      0000EE 0E                    1325 	.db	14
      0000EF 05                    1326 	.uleb128	5
      0000F0 01                    1327 	.db	1
      0000F1 00 00r00r11           1328 	.dw	0,(Susb$usb_device_init$8)
      0000F5 0E                    1329 	.db	14
      0000F6 02                    1330 	.uleb128	2
      0000F7 01                    1331 	.db	1
      0000F8 00 00r00r13           1332 	.dw	0,(Susb$usb_device_init$10)
      0000FC 0E                    1333 	.db	14
      0000FD 03                    1334 	.uleb128	3
      0000FE 01                    1335 	.db	1
      0000FF 00 00r00r18           1336 	.dw	0,(Susb$usb_device_init$11)
      000103 0E                    1337 	.db	14
      000104 02                    1338 	.uleb128	2
      000105 01                    1339 	.db	1
      000106 00 00r00r1A           1340 	.dw	0,(Susb$usb_device_init$13)
      00010A 0E                    1341 	.db	14
      00010B 03                    1342 	.uleb128	3
      00010C 01                    1343 	.db	1
      00010D 00 00r00r22           1344 	.dw	0,(Susb$usb_device_init$14)
      000111 0E                    1345 	.db	14
      000112 02                    1346 	.uleb128	2
      000113 01                    1347 	.db	1
      000114 00 00r00r24           1348 	.dw	0,(Susb$usb_device_init$16)
      000118 0E                    1349 	.db	14
      000119 03                    1350 	.uleb128	3
      00011A 01                    1351 	.db	1
      00011B 00 00r00r29           1352 	.dw	0,(Susb$usb_device_init$17)
      00011F 0E                    1353 	.db	14
      000120 02                    1354 	.uleb128	2
      000121 01                    1355 	.db	1
      000122 00 00r00r2B           1356 	.dw	0,(Susb$usb_device_init$19)
      000126 0E                    1357 	.db	14
      000127 03                    1358 	.uleb128	3
      000128 01                    1359 	.db	1
      000129 00 00r00r2F           1360 	.dw	0,(Susb$usb_device_init$20)
      00012D 0E                    1361 	.db	14
      00012E 02                    1362 	.uleb128	2
      00012F 00                    1363 	.db	0
