                                      1 ;--------------------------------------------------------
                                      2 ; File Created by SDCC : free open source ISO C Compiler 
                                      3 ; Version 4.4.0 #14620 (MINGW64)
                                      4 ;--------------------------------------------------------
                                      5 	.module usb_tx
                                      6 	.optsdcc -mstm8
                                      7 	
                                      8 ;--------------------------------------------------------
                                      9 ; Public variables in this module
                                     10 ;--------------------------------------------------------
                                     11 	.globl _usb_tx
                                     12 ;--------------------------------------------------------
                                     13 ; ram data
                                     14 ;--------------------------------------------------------
                                     15 	.area DATA
                                     16 ;--------------------------------------------------------
                                     17 ; ram data
                                     18 ;--------------------------------------------------------
                                     19 	.area INITIALIZED
                           000000    20 Fusb_tx$tx_buf_size$0_0$0==.
      000000                         21 _tx_buf_size:
      000000                         22 	.ds 1
                           000001    23 Fusb_tx$usb_tx_buf$0_0$0==.
      000001                         24 _usb_tx_buf:
      000001                         25 	.ds 12
                                     26 ;--------------------------------------------------------
                                     27 ; absolute external ram data
                                     28 ;--------------------------------------------------------
                                     29 	.area DABS (ABS)
                                     30 
                                     31 ; default segment ordering for linker
                                     32 	.area HOME
                                     33 	.area GSINIT
                                     34 	.area GSFINAL
                                     35 	.area CONST
                                     36 	.area INITIALIZER
                                     37 	.area CODE
                                     38 
                                     39 ;--------------------------------------------------------
                                     40 ; global & static initialisations
                                     41 ;--------------------------------------------------------
                                     42 	.area HOME
                                     43 	.area GSINIT
                                     44 	.area GSFINAL
                                     45 	.area GSINIT
                                     46 ;--------------------------------------------------------
                                     47 ; Home
                                     48 ;--------------------------------------------------------
                                     49 	.area HOME
                                     50 	.area HOME
                                     51 ;--------------------------------------------------------
                                     52 ; code
                                     53 ;--------------------------------------------------------
                                     54 	.area CODE
                           000000    55 	Susb_tx$usb_tx$0 ==.
                                     56 ;	usb_tx.c: 6: void usb_tx(void)
                                     57 ;	-----------------------------------------
                                     58 ;	 function usb_tx
                                     59 ;	-----------------------------------------
      000000                         60 _usb_tx:
                           000000    61 	Susb_tx$usb_tx$1 ==.
                           000000    62 	Susb_tx$usb_tx$2 ==.
                                     63 ;	usb_tx.c: 269: __endasm;
      000000 3Bu00u00         [ 1]   64 	push	_tx_buf_size
      000003 3Bu00u01         [ 1]   65 	push	_usb_tx_buf+0
      000006 3Bu00u02         [ 1]   66 	push	_usb_tx_buf+1
      000009 3Bu00u03         [ 1]   67 	push	_usb_tx_buf+2
      00000C 3Bu00u04         [ 1]   68 	push	_usb_tx_buf+3
      00000F 3Bu00u05         [ 1]   69 	push	_usb_tx_buf+4
      000012 3Bu00u06         [ 1]   70 	push	_usb_tx_buf+5
      000015 3Bu00u07         [ 1]   71 	push	_usb_tx_buf+6
      000018 3Bu00u08         [ 1]   72 	push	_usb_tx_buf+7
      00001B 3Bu00u09         [ 1]   73 	push	_usb_tx_buf+8
      00001E 3Bu00u0A         [ 1]   74 	push	_usb_tx_buf+9
      000021 3Bu00u0B         [ 1]   75 	push	_usb_tx_buf+10
      000024 3Bu00u0C         [ 1]   76 	push	_usb_tx_buf+11
      000027                         77 Tx_Bit0_0:
      000027 76               [ 1]   78 	rrc	(X)
      000028 25 0B            [ 1]   79 	jrc	Tx_Bit0_1;\U00004e0d\U00007ffb\U00008f6c\U00007535\U00005e73 j2 nj1
      00002A 72 53 50 0A      [ 1]   80 	cpl	0x500A;\U00007ffb\U00008f6c\U00008f93\U000051fa 1
      00002E A6 06            [ 1]   81 	ld	A,#6;\U0000590d\U00004f4d\U00008fde\U00007eed1\U00008ba1\U00006570 1
      000030 9D               [ 1]   82 	nop
      000031 9D               [ 1]   83 	nop
      000032 CCr00r48         [ 2]   84 	jp	Tx_Bit1_0; 2
      000035                         85 Tx_Bit0_1:
      000035 4A               [ 1]   86 	dec	a;\U0000524d\U00004e00\U00004f4d\U00007684\U00007b2c10\U00004e2a\U00005468\U0000671f
      000036 9D               [ 1]   87 	nop
      000037 9D               [ 1]   88 	nop
      000038 26 0E            [ 1]   89 	jrne	Tx_Bit1_0;a\U000051cf\U00004e86\U00004e4b\U0000540e\U00004e0d\U00007b49\U00004e8e0\U0000ff0c\U00005c31\U00008df32\U0000ff0c\U00007b49\U00004e8e\U000096f6 \U00004e0b\U00009762\U00004f4d\U000053cd\U00008f6c+\U00004f4d\U0000586b\U000051451
      00003A A6 06            [ 1]   90 	ld	A,#6;\U0000590d\U00004f4d\U00008fde\U00007eed1\U00008ba1\U00006570 1
      00003C 9D               [ 1]   91 	nop
      00003D 9D               [ 1]   92 	nop
                                     93 ;\U00005982\U0000679c\U00008fde\U00007eed\U000053d1\U00004e866\U00004f4d1\U0000ff0c\U00005219\U00009700\U00008981\U000053cd\U00008f6c\U000063d2\U00005165\U00004e00\U00004f4d
      00003E 72 53 50 0A      [ 1]   94 	cpl	0x500A;
      000042 9D               [ 1]   95 	nop
      000043 9D               [ 1]   96 	nop
      000044 9D               [ 1]   97 	nop
      000045 CCr00r48         [ 2]   98 	jp	Tx_Bit1_0;2
      000048                         99 Tx_Bit1_0:
      000048 76               [ 1]  100 	rrc	(X)
      000049 25 0B            [ 1]  101 	jrc	Tx_Bit1_1;\U00004e0d\U00007ffb\U00008f6c\U00007535\U00005e73 j2 nj1
      00004B 72 53 50 0A      [ 1]  102 	cpl	0x500A;\U00007ffb\U00008f6c\U00008f93\U000051fa 1
      00004F A6 06            [ 1]  103 	ld	A,#6;\U0000590d\U00004f4d\U00008fde\U00007eed1\U00008ba1\U00006570 1
      000051 9D               [ 1]  104 	nop
      000052 9D               [ 1]  105 	nop
      000053 CCr00r69         [ 2]  106 	jp	Tx_Bit2_0; 2
      000056                        107 Tx_Bit1_1:
      000056 4A               [ 1]  108 	dec	a;\U0000524d\U00004e00\U00004f4d\U00007684\U00007b2c10\U00004e2a\U00005468\U0000671f
      000057 9D               [ 1]  109 	nop
      000058 9D               [ 1]  110 	nop
      000059 26 0E            [ 1]  111 	jrne	Tx_Bit2_0;a\U000051cf\U00004e86\U00004e4b\U0000540e\U00004e0d\U00007b49\U00004e8e0\U0000ff0c\U00005c31\U00008df32\U0000ff0c\U00007b49\U00004e8e\U000096f6 \U00004e0b\U00009762\U00004f4d\U000053cd\U00008f6c+\U00004f4d\U0000586b\U000051451
      00005B A6 06            [ 1]  112 	ld	A,#6;\U0000590d\U00004f4d\U00008fde\U00007eed1\U00008ba1\U00006570 1
      00005D 9D               [ 1]  113 	nop
      00005E 9D               [ 1]  114 	nop
                                    115 ;\U00005982\U0000679c\U00008fde\U00007eed\U000053d1\U00004e866\U00004f4d1\U0000ff0c\U00005219\U00009700\U00008981\U000053cd\U00008f6c\U000063d2\U00005165\U00004e00\U00004f4d
      00005F 72 53 50 0A      [ 1]  116 	cpl	0x500A;
      000063 9D               [ 1]  117 	nop
      000064 9D               [ 1]  118 	nop
      000065 9D               [ 1]  119 	nop
      000066 CCr00r69         [ 2]  120 	jp	Tx_Bit2_0;2
      000069                        121 Tx_Bit2_0:
      000069 76               [ 1]  122 	rrc	(X)
      00006A 25 0B            [ 1]  123 	jrc	Tx_Bit2_1;\U00004e0d\U00007ffb\U00008f6c\U00007535\U00005e73 j2 nj1
      00006C 72 53 50 0A      [ 1]  124 	cpl	0x500A;\U00007ffb\U00008f6c\U00008f93\U000051fa 1
      000070 A6 06            [ 1]  125 	ld	A,#6;\U0000590d\U00004f4d\U00008fde\U00007eed1\U00008ba1\U00006570 1
      000072 9D               [ 1]  126 	nop
      000073 9D               [ 1]  127 	nop
      000074 CCr00r8A         [ 2]  128 	jp	Tx_Bit3_0; 2
      000077                        129 Tx_Bit2_1:
      000077 4A               [ 1]  130 	dec	a;\U0000524d\U00004e00\U00004f4d\U00007684\U00007b2c10\U00004e2a\U00005468\U0000671f
      000078 9D               [ 1]  131 	nop
      000079 9D               [ 1]  132 	nop
      00007A 26 0E            [ 1]  133 	jrne	Tx_Bit3_0;a\U000051cf\U00004e86\U00004e4b\U0000540e\U00004e0d\U00007b49\U00004e8e0\U0000ff0c\U00005c31\U00008df32\U0000ff0c\U00007b49\U00004e8e\U000096f6 \U00004e0b\U00009762\U00004f4d\U000053cd\U00008f6c+\U00004f4d\U0000586b\U000051451
      00007C A6 06            [ 1]  134 	ld	A,#6;\U0000590d\U00004f4d\U00008fde\U00007eed1\U00008ba1\U00006570 1
      00007E 9D               [ 1]  135 	nop
      00007F 9D               [ 1]  136 	nop
                                    137 ;\U00005982\U0000679c\U00008fde\U00007eed\U000053d1\U00004e866\U00004f4d1\U0000ff0c\U00005219\U00009700\U00008981\U000053cd\U00008f6c\U000063d2\U00005165\U00004e00\U00004f4d
      000080 72 53 50 0A      [ 1]  138 	cpl	0x500A;
      000084 9D               [ 1]  139 	nop
      000085 9D               [ 1]  140 	nop
      000086 9D               [ 1]  141 	nop
      000087 CCr00r8A         [ 2]  142 	jp	Tx_Bit3_0;2
      00008A                        143 Tx_Bit3_0:
      00008A 76               [ 1]  144 	rrc	(X)
      00008B 25 0B            [ 1]  145 	jrc	Tx_Bit3_1;\U00004e0d\U00007ffb\U00008f6c\U00007535\U00005e73 j2 nj1
      00008D 72 53 50 0A      [ 1]  146 	cpl	0x500A;\U00007ffb\U00008f6c\U00008f93\U000051fa 1
      000091 A6 06            [ 1]  147 	ld	A,#6;\U0000590d\U00004f4d\U00008fde\U00007eed1\U00008ba1\U00006570 1
      000093 9D               [ 1]  148 	nop
      000094 9D               [ 1]  149 	nop
      000095 CCr00rAB         [ 2]  150 	jp	Tx_Bit4_0; 2
      000098                        151 Tx_Bit3_1:
      000098 4A               [ 1]  152 	dec	a;\U0000524d\U00004e00\U00004f4d\U00007684\U00007b2c10\U00004e2a\U00005468\U0000671f
      000099 9D               [ 1]  153 	nop
      00009A 9D               [ 1]  154 	nop
      00009B 26 0E            [ 1]  155 	jrne	Tx_Bit4_0;a\U000051cf\U00004e86\U00004e4b\U0000540e\U00004e0d\U00007b49\U00004e8e0\U0000ff0c\U00005c31\U00008df32\U0000ff0c\U00007b49\U00004e8e\U000096f6 \U00004e0b\U00009762\U00004f4d\U000053cd\U00008f6c+\U00004f4d\U0000586b\U000051451
      00009D A6 06            [ 1]  156 	ld	A,#6;\U0000590d\U00004f4d\U00008fde\U00007eed1\U00008ba1\U00006570 1
      00009F 9D               [ 1]  157 	nop
      0000A0 9D               [ 1]  158 	nop
                                    159 ;\U00005982\U0000679c\U00008fde\U00007eed\U000053d1\U00004e866\U00004f4d1\U0000ff0c\U00005219\U00009700\U00008981\U000053cd\U00008f6c\U000063d2\U00005165\U00004e00\U00004f4d
      0000A1 72 53 50 0A      [ 1]  160 	cpl	0x500A;
      0000A5 9D               [ 1]  161 	nop
      0000A6 9D               [ 1]  162 	nop
      0000A7 9D               [ 1]  163 	nop
      0000A8 CCr00rAB         [ 2]  164 	jp	Tx_Bit4_0;2
      0000AB                        165 Tx_Bit4_0:
      0000AB 76               [ 1]  166 	rrc	(X)
      0000AC 25 0B            [ 1]  167 	jrc	Tx_Bit4_1;\U00004e0d\U00007ffb\U00008f6c\U00007535\U00005e73 j2 nj1
      0000AE 72 53 50 0A      [ 1]  168 	cpl	0x500A;\U00007ffb\U00008f6c\U00008f93\U000051fa 1
      0000B2 A6 06            [ 1]  169 	ld	A,#6;\U0000590d\U00004f4d\U00008fde\U00007eed1\U00008ba1\U00006570 1
      0000B4 9D               [ 1]  170 	nop
      0000B5 9D               [ 1]  171 	nop
      0000B6 CCr00rCC         [ 2]  172 	jp	Tx_Bit5_0;
      0000B9                        173 Tx_Bit4_1:
      0000B9 4A               [ 1]  174 	dec	a;\U0000524d\U00004e00\U00004f4d\U00007684\U00007b2c10\U00004e2a\U00005468\U0000671f
      0000BA 9D               [ 1]  175 	nop
      0000BB 9D               [ 1]  176 	nop
      0000BC 26 0E            [ 1]  177 	jrne	Tx_Bit5_0;a\U000051cf\U00004e86\U00004e4b\U0000540e\U00004e0d\U00007b49\U00004e8e0\U0000ff0c\U00005c31\U00008df32\U0000ff0c\U00007b49\U00004e8e\U000096f6 \U00004e0b\U00009762\U00004f4d\U000053cd\U00008f6c+\U00004f4d\U0000586b\U000051451
      0000BE A6 06            [ 1]  178 	ld	A,#6;\U0000590d\U00004f4d\U00008fde\U00007eed1\U00008ba1\U00006570 1
      0000C0 9D               [ 1]  179 	nop
      0000C1 9D               [ 1]  180 	nop
                                    181 ;\U00005982\U0000679c\U00008fde\U00007eed\U000053d1\U00004e866\U00004f4d1\U0000ff0c\U00005219\U00009700\U00008981\U000053cd\U00008f6c\U000063d2\U00005165\U00004e00\U00004f4d
      0000C2 72 53 50 0A      [ 1]  182 	cpl	0x500A;
      0000C6 9D               [ 1]  183 	nop
      0000C7 9D               [ 1]  184 	nop
      0000C8 9D               [ 1]  185 	nop
      0000C9 CCr00rCC         [ 2]  186 	jp	Tx_Bit5_0;2
      0000CC                        187 Tx_Bit5_0:
      0000CC 76               [ 1]  188 	rrc	(X)
      0000CD 25 0A            [ 1]  189 	jrc	Tx_Bit5_1;\U00004e0d\U00007ffb\U00008f6c\U00007535\U00005e73 j2 nj1
      0000CF 72 53 50 0A      [ 1]  190 	cpl	0x500A;\U00007ffb\U00008f6c\U00008f93\U000051fa 1
      0000D3 A6 06            [ 1]  191 	ld	A,#6;\U0000590d\U00004f4d\U00008fde\U00007eed1\U00008ba1\U00006570 1
      0000D5 76               [ 1]  192 	rrc	(X)
      0000D6 CCr00rEB         [ 2]  193 	jp	Tx_Bit6_0; 2
      0000D9                        194 Tx_Bit5_1:
      0000D9 76               [ 1]  195 	rrc	(X) ;10实际上是第六位的位移
      0000DA 4A               [ 1]  196 	dec	a;\U0000524d\U00004e00\U00004f4d\U00007684\U00007b2c10\U00004e2a\U00005468\U0000671f
      0000DB 26 0E            [ 1]  197 	jrne	Tx_Bit6_0;a\U000051cf\U00004e86\U00004e4b\U0000540e\U00004e0d\U00007b49\U00004e8e0\U0000ff0c\U00005c31\U00008df32\U0000ff0c\U00007b49\U00004e8e\U000096f6 \U00004e0b\U00009762\U00004f4d\U000053cd\U00008f6c+\U00004f4d\U0000586b\U000051451
      0000DD A6 06            [ 1]  198 	ld	A,#6;\U0000590d\U00004f4d\U00008fde\U00007eed1\U00008ba1\U00006570 1
      0000DF 9D               [ 1]  199 	nop
      0000E0 9D               [ 1]  200 	nop
      0000E1 8A               [ 1]  201 	push	CC
                                    202 ;\U00005982\U0000679c\U00008fde\U00007eed\U000053d1\U00004e866\U00004f4d1\U0000ff0c\U00005219\U00009700\U00008981\U000053cd\U00008f6c\U000063d2\U00005165\U00004e00\U00004f4d
      0000E2 72 53 50 0A      [ 1]  203 	cpl	0x500A;
      0000E6 86               [ 1]  204 	pop	CC
      0000E7 9D               [ 1]  205 	nop
      0000E8 CCr00rEB         [ 2]  206 	jp	Tx_Bit6_0;2
      0000EB                        207 Tx_Bit6_0:
      0000EB 25 0A            [ 1]  208 	jrc	Tx_Bit6_1;\U00004e0d\U00007ffb\U00008f6c\U00007535\U00005e73 j2 nj1 6/14
      0000ED A6 06            [ 1]  209 	ld	A,#6;\U0000590d\U00004f4d\U00008fde\U00007eed1\U00008ba1\U00006570 1
      0000EF 9D               [ 1]  210 	nop
      0000F0 72 53 50 0A      [ 1]  211 	cpl	0x500A;\U00007ffb\U00008f6c\U00008f93\U000051fa 1
      0000F4 CCr01r09         [ 2]  212 	jp	Tx_Bit7_0; 2
      0000F7                        213 Tx_Bit6_1:
      0000F7 4A               [ 1]  214 	dec	a;\U0000524d\U00004e00\U00004f4d\U00007684\U00007b2c8\U00004e2a\U00005468\U0000671f
      0000F8 9D               [ 1]  215 	nop
      0000F9 26 0E            [ 1]  216 	jrne	Tx_Bit7_0;
      0000FB A6 06            [ 1]  217 	ld	A,#6;\U0000590d\U00004f4d\U00008fde\U00007eed1\U00008ba1\U00006570 1
      0000FD 9D               [ 1]  218 	nop
      0000FE 9D               [ 1]  219 	nop
      0000FF 9D               [ 1]  220 	nop
      000100 9D               [ 1]  221 	nop
      000101 9D               [ 1]  222 	nop
      000102 72 53 50 0A      [ 1]  223 	cpl	0x500A;\U00005b9e\U00009645\U00004e0a\U00005c31\U0000662f7_0
      000106 CCr01r09         [ 2]  224 	jp	Tx_Bit7_0;2
      000109                        225 Tx_Bit7_0:
      000109 76               [ 1]  226 	rrc	(X) ;4/12
      00010A 5C               [ 1]  227 	incw	X;ptxbuf+1
      00010B 25 10            [ 1]  228 	jrc	Tx_Bit7_1;\U00004e0d\U00007ffb\U00008f6c\U00007535\U00005e73 j2 nj1
      00010D 9D               [ 1]  229 	nop
      00010E 72 53 50 0A      [ 1]  230 	cpl	0x500A;\U00007ffb\U00008f6c\U00008f93\U000051fa 1
      000112 A6 06            [ 1]  231 	ld	A,#6;\U0000590d\U00004f4d\U00008fde\U00007eed1\U00008ba1\U00006570 1
      000114 72 5Au00u00      [ 1]  232 	dec	_tx_buf_size;\U0000957f\U00005ea6-1
      000118 27 24            [ 1]  233 	jreq	Tx_Eop6
      00011A CCr00r27         [ 2]  234 	jp	Tx_Bit0_0
      00011D                        235 Tx_Bit7_1:
      00011D 4A               [ 1]  236 	dec	a;9/17
      00011E 27 09            [ 1]  237 	jreq	Tx_7_1_Flip
                                    238 ;\U00004e0d\U00007528\U00007ffb\U00008f6c\U00007684\U000060c5\U000051b5
      000120 72 5Au00u00      [ 1]  239 	dec	_tx_buf_size;11
      000124 27 18            [ 1]  240 	jreq	Tx_Eop6;\U00005982\U0000679c\U000053d1\U00005b8c\U00004e86\U0000ff0c\U000053bb\U00007ed3\U0000675f\U00006d41\U00007a0b
      000126 CCr00r27         [ 2]  241 	jp	Tx_Bit0_0;\U00006ca1\U000053d1\U00005b8c\U0000ff0c\U00007ee7\U00007eed
                                    242 ;\U00005904\U00007406\U00007535\U00005e73\U000053cd\U00008f6c
      000129                        243 Tx_7_1_Flip:
      000129 A6 06            [ 1]  244 	ld	A,#6;12
      00012B 9D               [ 1]  245 	nop
      00012C 9D               [ 1]  246 	nop
      00012D 9D               [ 1]  247 	nop
      00012E 9D               [ 1]  248 	nop
      00012F 72 53 50 0A      [ 1]  249 	cpl	0x500A;\U00007ffb\U00008f6c\U00008f93\U000051fa 1
      000133 72 5Au00u00      [ 1]  250 	dec	_tx_buf_size;\U0000957f\U00005ea6-1
      000137 27 04            [ 1]  251 	jreq	Tx_Eop5;\U00005982\U0000679c\U000053d1\U00005b8c\U00004e86\U0000ff0c\U000053bb\U00007ed3\U0000675f\U00006d41\U00007a0b
      000139 9D               [ 1]  252 	nop
      00013A CCr00r27         [ 2]  253 	jp	Tx_Bit0_0
                                    254 ;\U000053d1\U000090012bit	time\U00007684se0
                                    255 ;\U000053d1\U000090011bit	time\U00007684j
      00013D                        256 Tx_Eop5:
      00013D 9D               [ 1]  257 	nop
      00013E                        258 Tx_Eop6:
      00013E 9D               [ 1]  259 	nop
      00013F 9D               [ 1]  260 	nop
      000140 9D               [ 1]  261 	nop
      000141 72 5F 50 0A      [ 1]  262 	clr	0x500A;se0
      000145 90 AE 00 03      [ 2]  263 	ldw	Y,#3;2
      000149                        264 NOP_delay1:
      000149 90 5A            [ 2]  265 	decw	Y
      00014B 26 FC            [ 1]  266 	jrne	NOP_delay1
      00014D 9D               [ 1]  267 	nop
      00014E 9D               [ 1]  268 	nop
      00014F 72 1C 50 0A      [ 1]  269 	bset	0x500A,#6;pc6\U000062c9\U00009ad8\U0000ff0c\U00005230\U00008fd9\U000091cc\U00005dee\U00004e0d\U0000591a\U0000662f2bit time
      000153 32u00u0C         [ 1]  270 	pop	_usb_tx_buf+11
      000156 32u00u0B         [ 1]  271 	pop	_usb_tx_buf+10
      000159 32u00u0A         [ 1]  272 	pop	_usb_tx_buf+9
      00015C 32u00u09         [ 1]  273 	pop	_usb_tx_buf+8
      00015F 32u00u08         [ 1]  274 	pop	_usb_tx_buf+7
      000162 32u00u07         [ 1]  275 	pop	_usb_tx_buf+6
      000165 32u00u06         [ 1]  276 	pop	_usb_tx_buf+5
      000168 32u00u05         [ 1]  277 	pop	_usb_tx_buf+4
      00016B 32u00u04         [ 1]  278 	pop	_usb_tx_buf+3
      00016E 32u00u03         [ 1]  279 	pop	_usb_tx_buf+2
      000171 32u00u02         [ 1]  280 	pop	_usb_tx_buf+1
      000174 32u00u01         [ 1]  281 	pop	_usb_tx_buf+0
      000177 32u00u00         [ 1]  282 	pop	_tx_buf_size
                           00017A   283 	Susb_tx$usb_tx$3 ==.
                                    284 ;	usb_tx.c: 270: }
                           00017A   285 	Susb_tx$usb_tx$4 ==.
                           00017A   286 	XG$usb_tx$0$0 ==.
      00017A 81               [ 4]  287 	ret
                           00017B   288 	Susb_tx$usb_tx$5 ==.
                                    289 	.area CODE
                                    290 	.area CONST
                                    291 	.area INITIALIZER
                           000000   292 Fusb_tx$__xinit_tx_buf_size$0_0$0 == .
      000000                        293 __xinit__tx_buf_size:
      000000 02                     294 	.db #0x02	; 2
                           000001   295 Fusb_tx$__xinit_usb_tx_buf$0_0$0 == .
      000001                        296 __xinit__usb_tx_buf:
      000001 00                     297 	.db #0x00	; 0
      000002 00                     298 	.db 0x00
      000003 00                     299 	.db 0x00
      000004 00                     300 	.db 0x00
      000005 00                     301 	.db 0x00
      000006 00                     302 	.db 0x00
      000007 00                     303 	.db 0x00
      000008 00                     304 	.db 0x00
      000009 00                     305 	.db 0x00
      00000A 00                     306 	.db 0x00
      00000B 00                     307 	.db 0x00
      00000C 00                     308 	.db 0x00
                                    309 	.area CABS (ABS)
                                    310 
                                    311 	.area .debug_line (NOLOAD)
      000000 00 00 00 A1            312 	.dw	0,Ldebug_line_end-Ldebug_line_start
      000004                        313 Ldebug_line_start:
      000004 00 02                  314 	.dw	2
      000006 00 00 00 76            315 	.dw	0,Ldebug_line_stmt-6-Ldebug_line_start
      00000A 01                     316 	.db	1
      00000B 01                     317 	.db	1
      00000C FB                     318 	.db	-5
      00000D 0F                     319 	.db	15
      00000E 0A                     320 	.db	10
      00000F 00                     321 	.db	0
      000010 01                     322 	.db	1
      000011 01                     323 	.db	1
      000012 01                     324 	.db	1
      000013 01                     325 	.db	1
      000014 00                     326 	.db	0
      000015 00                     327 	.db	0
      000016 00                     328 	.db	0
      000017 01                     329 	.db	1
      000018 44 3A 5C 5C 53 6F 66   330 	.ascii "D:\\Software\\Work\\SDCC\\bin\\..\\include\\stm8"
             74 77 61 72 65 5C 5C
             57 6F 72 6B 5C 5C 53
             44 43 43 5C 08 69 6E
             5C 5C 2E 2E 5C 5C 69
             6E 63 6C 75 64 65 5C
             5C 73 74 6D 38
      000047 00                     331 	.db	0
      000048 44 3A 5C 5C 53 6F 66   332 	.ascii "D:\\Software\\Work\\SDCC\\bin\\..\\include"
             74 77 61 72 65 5C 5C
             57 6F 72 6B 5C 5C 53
             44 43 43 5C 08 69 6E
             5C 5C 2E 2E 5C 5C 69
             6E 63 6C 75 64 65
      000071 00                     333 	.db	0
      000072 00                     334 	.db	0
      000073 75 73 62 5F 74 78 2E   335 	.ascii "usb_tx.c"
             63
      00007B 00                     336 	.db	0
      00007C 00                     337 	.uleb128	0
      00007D 00                     338 	.uleb128	0
      00007E 00                     339 	.uleb128	0
      00007F 00                     340 	.db	0
      000080                        341 Ldebug_line_stmt:
      000080 00                     342 	.db	0
      000081 05                     343 	.uleb128	5
      000082 02                     344 	.db	2
      000083 00 00r00r00            345 	.dw	0,(Susb_tx$usb_tx$0)
      000087 03                     346 	.db	3
      000088 05                     347 	.sleb128	5
      000089 01                     348 	.db	1
      00008A 00                     349 	.db	0
      00008B 05                     350 	.uleb128	5
      00008C 02                     351 	.db	2
      00008D 00 00r00r00            352 	.dw	0,(Susb_tx$usb_tx$2)
      000091 03                     353 	.db	3
      000092 87 02                  354 	.sleb128	263
      000094 01                     355 	.db	1
      000095 00                     356 	.db	0
      000096 05                     357 	.uleb128	5
      000097 02                     358 	.db	2
      000098 00 00r01r7A            359 	.dw	0,(Susb_tx$usb_tx$3)
      00009C 03                     360 	.db	3
      00009D 01                     361 	.sleb128	1
      00009E 01                     362 	.db	1
      00009F 09                     363 	.db	9
      0000A0 00 01                  364 	.dw	1+Susb_tx$usb_tx$4-Susb_tx$usb_tx$3
      0000A2 00                     365 	.db	0
      0000A3 01                     366 	.uleb128	1
      0000A4 01                     367 	.db	1
      0000A5                        368 Ldebug_line_end:
                                    369 
                                    370 	.area .debug_loc (NOLOAD)
      000000                        371 Ldebug_loc_start:
      000000 00 00r00r00            372 	.dw	0,(Susb_tx$usb_tx$1)
      000004 00 00r01r7B            373 	.dw	0,(Susb_tx$usb_tx$5)
      000008 00 02                  374 	.dw	2
      00000A 78                     375 	.db	120
      00000B 01                     376 	.sleb128	1
      00000C 00 00 00 00            377 	.dw	0,0
      000010 00 00 00 00            378 	.dw	0,0
                                    379 
                                    380 	.area .debug_abbrev (NOLOAD)
      000000                        381 Ldebug_abbrev:
      000000 01                     382 	.uleb128	1
      000001 11                     383 	.uleb128	17
      000002 01                     384 	.db	1
      000003 03                     385 	.uleb128	3
      000004 08                     386 	.uleb128	8
      000005 10                     387 	.uleb128	16
      000006 06                     388 	.uleb128	6
      000007 13                     389 	.uleb128	19
      000008 0B                     390 	.uleb128	11
      000009 25                     391 	.uleb128	37
      00000A 08                     392 	.uleb128	8
      00000B 00                     393 	.uleb128	0
      00000C 00                     394 	.uleb128	0
      00000D 02                     395 	.uleb128	2
      00000E 2E                     396 	.uleb128	46
      00000F 00                     397 	.db	0
      000010 03                     398 	.uleb128	3
      000011 08                     399 	.uleb128	8
      000012 11                     400 	.uleb128	17
      000013 01                     401 	.uleb128	1
      000014 12                     402 	.uleb128	18
      000015 01                     403 	.uleb128	1
      000016 3F                     404 	.uleb128	63
      000017 0C                     405 	.uleb128	12
      000018 40                     406 	.uleb128	64
      000019 06                     407 	.uleb128	6
      00001A 00                     408 	.uleb128	0
      00001B 00                     409 	.uleb128	0
      00001C 03                     410 	.uleb128	3
      00001D 24                     411 	.uleb128	36
      00001E 00                     412 	.db	0
      00001F 03                     413 	.uleb128	3
      000020 08                     414 	.uleb128	8
      000021 0B                     415 	.uleb128	11
      000022 0B                     416 	.uleb128	11
      000023 3E                     417 	.uleb128	62
      000024 0B                     418 	.uleb128	11
      000025 00                     419 	.uleb128	0
      000026 00                     420 	.uleb128	0
      000027 04                     421 	.uleb128	4
      000028 34                     422 	.uleb128	52
      000029 00                     423 	.db	0
      00002A 02                     424 	.uleb128	2
      00002B 0A                     425 	.uleb128	10
      00002C 03                     426 	.uleb128	3
      00002D 08                     427 	.uleb128	8
      00002E 49                     428 	.uleb128	73
      00002F 13                     429 	.uleb128	19
      000030 00                     430 	.uleb128	0
      000031 00                     431 	.uleb128	0
      000032 05                     432 	.uleb128	5
      000033 01                     433 	.uleb128	1
      000034 01                     434 	.db	1
      000035 01                     435 	.uleb128	1
      000036 13                     436 	.uleb128	19
      000037 0B                     437 	.uleb128	11
      000038 0B                     438 	.uleb128	11
      000039 49                     439 	.uleb128	73
      00003A 13                     440 	.uleb128	19
      00003B 00                     441 	.uleb128	0
      00003C 00                     442 	.uleb128	0
      00003D 06                     443 	.uleb128	6
      00003E 21                     444 	.uleb128	33
      00003F 00                     445 	.db	0
      000040 2F                     446 	.uleb128	47
      000041 0B                     447 	.uleb128	11
      000042 00                     448 	.uleb128	0
      000043 00                     449 	.uleb128	0
      000044 00                     450 	.uleb128	0
                                    451 
                                    452 	.area .debug_info (NOLOAD)
      000000 00 00 00 91            453 	.dw	0,Ldebug_info_end-Ldebug_info_start
      000004                        454 Ldebug_info_start:
      000004 00 02                  455 	.dw	2
      000006 00 00r00r00            456 	.dw	0,(Ldebug_abbrev)
      00000A 04                     457 	.db	4
      00000B 01                     458 	.uleb128	1
      00000C 75 73 62 5F 74 78 2E   459 	.ascii "usb_tx.c"
             63
      000014 00                     460 	.db	0
      000015 00 00r00r00            461 	.dw	0,(Ldebug_line_start+-4)
      000019 01                     462 	.db	1
      00001A 53 44 43 43 20 76 65   463 	.ascii "SDCC version 4.4.0 #14620"
             72 73 69 6F 6E 20 34
             2E 34 2E 30 20 23 31
             34 36 32 30
      000033 00                     464 	.db	0
      000034 02                     465 	.uleb128	2
      000035 75 73 62 5F 74 78      466 	.ascii "usb_tx"
      00003B 00                     467 	.db	0
      00003C 00 00r00r00            468 	.dw	0,(_usb_tx)
      000040 00 00r01r7B            469 	.dw	0,(XG$usb_tx$0$0+1)
      000044 01                     470 	.db	1
      000045 00 00r00r00            471 	.dw	0,(Ldebug_loc_start)
      000049 03                     472 	.uleb128	3
      00004A 75 6E 73 69 67 6E 65   473 	.ascii "unsigned char"
             64 20 63 68 61 72
      000057 00                     474 	.db	0
      000058 01                     475 	.db	1
      000059 08                     476 	.db	8
      00005A 04                     477 	.uleb128	4
      00005B 05                     478 	.db	5
      00005C 03                     479 	.db	3
      00005D 00 00r00r00            480 	.dw	0,(_tx_buf_size)
      000061 74 78 5F 62 75 66 5F   481 	.ascii "tx_buf_size"
             73 69 7A 65
      00006C 00                     482 	.db	0
      00006D 00 00 00 49            483 	.dw	0,73
      000071 05                     484 	.uleb128	5
      000072 00 00 00 7E            485 	.dw	0,126
      000076 0C                     486 	.db	12
      000077 00 00 00 49            487 	.dw	0,73
      00007B 06                     488 	.uleb128	6
      00007C 0B                     489 	.db	11
      00007D 00                     490 	.uleb128	0
      00007E 04                     491 	.uleb128	4
      00007F 05                     492 	.db	5
      000080 03                     493 	.db	3
      000081 00 00r00r01            494 	.dw	0,(_usb_tx_buf)
      000085 75 73 62 5F 74 78 5F   495 	.ascii "usb_tx_buf"
             62 75 66
      00008F 00                     496 	.db	0
      000090 00 00 00 71            497 	.dw	0,113
      000094 00                     498 	.uleb128	0
      000095                        499 Ldebug_info_end:
                                    500 
                                    501 	.area .debug_pubnames (NOLOAD)
      000000 00 00 00 19            502 	.dw	0,Ldebug_pubnames_end-Ldebug_pubnames_start
      000004                        503 Ldebug_pubnames_start:
      000004 00 02                  504 	.dw	2
      000006 00 00r00r00            505 	.dw	0,(Ldebug_info_start-4)
      00000A 00 00 00 95            506 	.dw	0,4+Ldebug_info_end-Ldebug_info_start
      00000E 00 00 00 34            507 	.dw	0,52
      000012 75 73 62 5F 74 78      508 	.ascii "usb_tx"
      000018 00                     509 	.db	0
      000019 00 00 00 00            510 	.dw	0,0
      00001D                        511 Ldebug_pubnames_end:
                                    512 
                                    513 	.area .debug_frame (NOLOAD)
      000000 00 00                  514 	.dw	0
      000002 00 10                  515 	.dw	Ldebug_CIE0_end-Ldebug_CIE0_start
      000004                        516 Ldebug_CIE0_start:
      000004 FF FF                  517 	.dw	0xffff
      000006 FF FF                  518 	.dw	0xffff
      000008 01                     519 	.db	1
      000009 00                     520 	.db	0
      00000A 01                     521 	.uleb128	1
      00000B 7F                     522 	.sleb128	-1
      00000C 09                     523 	.db	9
      00000D 0C                     524 	.db	12
      00000E 08                     525 	.uleb128	8
      00000F 02                     526 	.uleb128	2
      000010 89                     527 	.db	137
      000011 01                     528 	.uleb128	1
      000012 00                     529 	.db	0
      000013 00                     530 	.db	0
      000014                        531 Ldebug_CIE0_end:
      000014 00 00 00 14            532 	.dw	0,20
      000018 00 00r00r00            533 	.dw	0,(Ldebug_CIE0_start-4)
      00001C 00 00r00r00            534 	.dw	0,(Susb_tx$usb_tx$1)	;initial loc
      000020 00 00 01 7B            535 	.dw	0,Susb_tx$usb_tx$5-Susb_tx$usb_tx$1
      000024 01                     536 	.db	1
      000025 00 00r00r00            537 	.dw	0,(Susb_tx$usb_tx$1)
      000029 0E                     538 	.db	14
      00002A 02                     539 	.uleb128	2
      00002B 00                     540 	.db	0
