                                      1 ;--------------------------------------------------------
                                      2 ; File Created by SDCC : free open source ISO C Compiler 
                                      3 ; Version 4.4.0 #14620 (MINGW64)
                                      4 ;--------------------------------------------------------
                                      5 	.module stm8s_gpio
                                      6 	.optsdcc -mstm8
                                      7 	
                                      8 ;--------------------------------------------------------
                                      9 ; Public variables in this module
                                     10 ;--------------------------------------------------------
                                     11 	.globl _assert_failed
                                     12 	.globl _GPIO_DeInit
                                     13 	.globl _GPIO_Init
                                     14 	.globl _GPIO_Write
                                     15 	.globl _GPIO_WriteHigh
                                     16 	.globl _GPIO_WriteLow
                                     17 	.globl _GPIO_WriteReverse
                                     18 	.globl _GPIO_ReadOutputData
                                     19 	.globl _GPIO_ReadInputData
                                     20 	.globl _GPIO_ReadInputPin
                                     21 	.globl _GPIO_ExternalPullUpConfig
                                     22 ;--------------------------------------------------------
                                     23 ; ram data
                                     24 ;--------------------------------------------------------
                                     25 	.area DATA
                                     26 ;--------------------------------------------------------
                                     27 ; ram data
                                     28 ;--------------------------------------------------------
                                     29 	.area INITIALIZED
                                     30 ;--------------------------------------------------------
                                     31 ; absolute external ram data
                                     32 ;--------------------------------------------------------
                                     33 	.area DABS (ABS)
                                     34 
                                     35 ; default segment ordering for linker
                                     36 	.area HOME
                                     37 	.area GSINIT
                                     38 	.area GSFINAL
                                     39 	.area CONST
                                     40 	.area INITIALIZER
                                     41 	.area CODE
                                     42 
                                     43 ;--------------------------------------------------------
                                     44 ; global & static initialisations
                                     45 ;--------------------------------------------------------
                                     46 	.area HOME
                                     47 	.area GSINIT
                                     48 	.area GSFINAL
                                     49 	.area GSINIT
                                     50 ;--------------------------------------------------------
                                     51 ; Home
                                     52 ;--------------------------------------------------------
                                     53 	.area HOME
                                     54 	.area HOME
                                     55 ;--------------------------------------------------------
                                     56 ; code
                                     57 ;--------------------------------------------------------
                                     58 	.area CODE
                                     59 ;	./STM8S_StdPeriph_Lib/Libraries/STM8S_StdPeriph_Driver/src/stm8s_gpio.c: 53: void GPIO_DeInit(GPIO_TypeDef* GPIOx)
                                     60 ;	-----------------------------------------
                                     61 ;	 function GPIO_DeInit
                                     62 ;	-----------------------------------------
      000000                         63 _GPIO_DeInit:
      000000 51               [ 1]   64 	exgw	x, y
                                     65 ;	./STM8S_StdPeriph_Lib/Libraries/STM8S_StdPeriph_Driver/src/stm8s_gpio.c: 55: GPIOx->ODR = GPIO_ODR_RESET_VALUE; /* Reset Output Data Register */
      000001 90 7F            [ 1]   66 	clr	(y)
                                     67 ;	./STM8S_StdPeriph_Lib/Libraries/STM8S_StdPeriph_Driver/src/stm8s_gpio.c: 56: GPIOx->DDR = GPIO_DDR_RESET_VALUE; /* Reset Data Direction Register */
      000003 93               [ 1]   68 	ldw	x, y
      000004 5C               [ 1]   69 	incw	x
      000005 5C               [ 1]   70 	incw	x
      000006 7F               [ 1]   71 	clr	(x)
                                     72 ;	./STM8S_StdPeriph_Lib/Libraries/STM8S_StdPeriph_Driver/src/stm8s_gpio.c: 57: GPIOx->CR1 = GPIO_CR1_RESET_VALUE; /* Reset Control Register 1 */
      000007 93               [ 1]   73 	ldw	x, y
      000008 6F 03            [ 1]   74 	clr	(0x0003, x)
                                     75 ;	./STM8S_StdPeriph_Lib/Libraries/STM8S_StdPeriph_Driver/src/stm8s_gpio.c: 58: GPIOx->CR2 = GPIO_CR2_RESET_VALUE; /* Reset Control Register 2 */
      00000A 93               [ 1]   76 	ldw	x, y
      00000B 6F 04            [ 1]   77 	clr	(0x0004, x)
                                     78 ;	./STM8S_StdPeriph_Lib/Libraries/STM8S_StdPeriph_Driver/src/stm8s_gpio.c: 59: }
      00000D 81               [ 4]   79 	ret
                                     80 ;	./STM8S_StdPeriph_Lib/Libraries/STM8S_StdPeriph_Driver/src/stm8s_gpio.c: 71: void GPIO_Init(GPIO_TypeDef* GPIOx, GPIO_Pin_TypeDef GPIO_Pin, GPIO_Mode_TypeDef GPIO_Mode)
                                     81 ;	-----------------------------------------
                                     82 ;	 function GPIO_Init
                                     83 ;	-----------------------------------------
      00000E                         84 _GPIO_Init:
      00000E 52 06            [ 2]   85 	sub	sp, #6
      000010 1F 05            [ 2]   86 	ldw	(0x05, sp), x
      000012 6B 04            [ 1]   87 	ld	(0x04, sp), a
                                     88 ;	./STM8S_StdPeriph_Lib/Libraries/STM8S_StdPeriph_Driver/src/stm8s_gpio.c: 77: assert_param(IS_GPIO_MODE_OK(GPIO_Mode));
      000014 0D 09            [ 1]   89 	tnz	(0x09, sp)
      000016 27 4E            [ 1]   90 	jreq	00116$
      000018 7B 09            [ 1]   91 	ld	a, (0x09, sp)
      00001A A1 40            [ 1]   92 	cp	a, #0x40
      00001C 27 48            [ 1]   93 	jreq	00116$
      00001E 7B 09            [ 1]   94 	ld	a, (0x09, sp)
      000020 A1 20            [ 1]   95 	cp	a, #0x20
      000022 27 42            [ 1]   96 	jreq	00116$
      000024 7B 09            [ 1]   97 	ld	a, (0x09, sp)
      000026 A1 60            [ 1]   98 	cp	a, #0x60
      000028 27 3C            [ 1]   99 	jreq	00116$
      00002A 7B 09            [ 1]  100 	ld	a, (0x09, sp)
      00002C A1 A0            [ 1]  101 	cp	a, #0xa0
      00002E 27 36            [ 1]  102 	jreq	00116$
      000030 7B 09            [ 1]  103 	ld	a, (0x09, sp)
      000032 A1 E0            [ 1]  104 	cp	a, #0xe0
      000034 27 30            [ 1]  105 	jreq	00116$
      000036 7B 09            [ 1]  106 	ld	a, (0x09, sp)
      000038 A1 80            [ 1]  107 	cp	a, #0x80
      00003A 27 2A            [ 1]  108 	jreq	00116$
      00003C 7B 09            [ 1]  109 	ld	a, (0x09, sp)
      00003E A1 C0            [ 1]  110 	cp	a, #0xc0
      000040 27 24            [ 1]  111 	jreq	00116$
      000042 7B 09            [ 1]  112 	ld	a, (0x09, sp)
      000044 A1 B0            [ 1]  113 	cp	a, #0xb0
      000046 27 1E            [ 1]  114 	jreq	00116$
      000048 7B 09            [ 1]  115 	ld	a, (0x09, sp)
      00004A A1 F0            [ 1]  116 	cp	a, #0xf0
      00004C 27 18            [ 1]  117 	jreq	00116$
      00004E 7B 09            [ 1]  118 	ld	a, (0x09, sp)
      000050 A1 90            [ 1]  119 	cp	a, #0x90
      000052 27 12            [ 1]  120 	jreq	00116$
      000054 7B 09            [ 1]  121 	ld	a, (0x09, sp)
      000056 A1 D0            [ 1]  122 	cp	a, #0xd0
      000058 27 0C            [ 1]  123 	jreq	00116$
      00005A 4B 4D            [ 1]  124 	push	#0x4d
      00005C 5F               [ 1]  125 	clrw	x
      00005D 89               [ 2]  126 	pushw	x
      00005E 4B 00            [ 1]  127 	push	#0x00
      000060 AEr00r00         [ 2]  128 	ldw	x, #(___str_0+0)
      000063 CDr00r00         [ 4]  129 	call	_assert_failed
      000066                        130 00116$:
                                    131 ;	./STM8S_StdPeriph_Lib/Libraries/STM8S_StdPeriph_Driver/src/stm8s_gpio.c: 78: assert_param(IS_GPIO_PIN_OK(GPIO_Pin));
      000066 0D 04            [ 1]  132 	tnz	(0x04, sp)
      000068 26 0C            [ 1]  133 	jrne	00151$
      00006A 4B 4E            [ 1]  134 	push	#0x4e
      00006C 5F               [ 1]  135 	clrw	x
      00006D 89               [ 2]  136 	pushw	x
      00006E 4B 00            [ 1]  137 	push	#0x00
      000070 AEr00r00         [ 2]  138 	ldw	x, #(___str_0+0)
      000073 CDr00r00         [ 4]  139 	call	_assert_failed
      000076                        140 00151$:
                                    141 ;	./STM8S_StdPeriph_Lib/Libraries/STM8S_StdPeriph_Driver/src/stm8s_gpio.c: 81: GPIOx->CR2 &= (uint8_t)(~(GPIO_Pin));
      000076 1E 05            [ 2]  142 	ldw	x, (0x05, sp)
      000078 1C 00 04         [ 2]  143 	addw	x, #0x0004
      00007B 1F 01            [ 2]  144 	ldw	(0x01, sp), x
      00007D F6               [ 1]  145 	ld	a, (x)
      00007E 88               [ 1]  146 	push	a
      00007F 7B 05            [ 1]  147 	ld	a, (0x05, sp)
      000081 43               [ 1]  148 	cpl	a
      000082 6B 04            [ 1]  149 	ld	(0x04, sp), a
      000084 84               [ 1]  150 	pop	a
      000085 14 03            [ 1]  151 	and	a, (0x03, sp)
      000087 1E 01            [ 2]  152 	ldw	x, (0x01, sp)
      000089 F7               [ 1]  153 	ld	(x), a
                                    154 ;	./STM8S_StdPeriph_Lib/Libraries/STM8S_StdPeriph_Driver/src/stm8s_gpio.c: 98: GPIOx->DDR |= (uint8_t)GPIO_Pin;
      00008A 1E 05            [ 2]  155 	ldw	x, (0x05, sp)
      00008C 5C               [ 1]  156 	incw	x
      00008D 5C               [ 1]  157 	incw	x
                                    158 ;	./STM8S_StdPeriph_Lib/Libraries/STM8S_StdPeriph_Driver/src/stm8s_gpio.c: 87: if ((((uint8_t)(GPIO_Mode)) & (uint8_t)0x80) != (uint8_t)0x00) /* Output mode */
      00008E 0D 09            [ 1]  159 	tnz	(0x09, sp)
      000090 2A 20            [ 1]  160 	jrpl	00105$
                                    161 ;	./STM8S_StdPeriph_Lib/Libraries/STM8S_StdPeriph_Driver/src/stm8s_gpio.c: 91: GPIOx->ODR |= (uint8_t)GPIO_Pin;
      000092 16 05            [ 2]  162 	ldw	y, (0x05, sp)
      000094 90 F6            [ 1]  163 	ld	a, (y)
                                    164 ;	./STM8S_StdPeriph_Lib/Libraries/STM8S_StdPeriph_Driver/src/stm8s_gpio.c: 89: if ((((uint8_t)(GPIO_Mode)) & (uint8_t)0x10) != (uint8_t)0x00) /* High level */
      000096 88               [ 1]  165 	push	a
      000097 7B 0A            [ 1]  166 	ld	a, (0x0a, sp)
      000099 A5 10            [ 1]  167 	bcp	a, #0x10
      00009B 84               [ 1]  168 	pop	a
      00009C 27 08            [ 1]  169 	jreq	00102$
                                    170 ;	./STM8S_StdPeriph_Lib/Libraries/STM8S_StdPeriph_Driver/src/stm8s_gpio.c: 91: GPIOx->ODR |= (uint8_t)GPIO_Pin;
      00009E 1A 04            [ 1]  171 	or	a, (0x04, sp)
      0000A0 16 05            [ 2]  172 	ldw	y, (0x05, sp)
      0000A2 90 F7            [ 1]  173 	ld	(y), a
      0000A4 20 06            [ 2]  174 	jra	00103$
      0000A6                        175 00102$:
                                    176 ;	./STM8S_StdPeriph_Lib/Libraries/STM8S_StdPeriph_Driver/src/stm8s_gpio.c: 95: GPIOx->ODR &= (uint8_t)(~(GPIO_Pin));
      0000A6 14 03            [ 1]  177 	and	a, (0x03, sp)
      0000A8 16 05            [ 2]  178 	ldw	y, (0x05, sp)
      0000AA 90 F7            [ 1]  179 	ld	(y), a
      0000AC                        180 00103$:
                                    181 ;	./STM8S_StdPeriph_Lib/Libraries/STM8S_StdPeriph_Driver/src/stm8s_gpio.c: 98: GPIOx->DDR |= (uint8_t)GPIO_Pin;
      0000AC F6               [ 1]  182 	ld	a, (x)
      0000AD 1A 04            [ 1]  183 	or	a, (0x04, sp)
      0000AF F7               [ 1]  184 	ld	(x), a
      0000B0 20 04            [ 2]  185 	jra	00106$
      0000B2                        186 00105$:
                                    187 ;	./STM8S_StdPeriph_Lib/Libraries/STM8S_StdPeriph_Driver/src/stm8s_gpio.c: 103: GPIOx->DDR &= (uint8_t)(~(GPIO_Pin));
      0000B2 F6               [ 1]  188 	ld	a, (x)
      0000B3 14 03            [ 1]  189 	and	a, (0x03, sp)
      0000B5 F7               [ 1]  190 	ld	(x), a
      0000B6                        191 00106$:
                                    192 ;	./STM8S_StdPeriph_Lib/Libraries/STM8S_StdPeriph_Driver/src/stm8s_gpio.c: 112: GPIOx->CR1 |= (uint8_t)GPIO_Pin;
      0000B6 1E 05            [ 2]  193 	ldw	x, (0x05, sp)
      0000B8 1C 00 03         [ 2]  194 	addw	x, #0x0003
      0000BB F6               [ 1]  195 	ld	a, (x)
                                    196 ;	./STM8S_StdPeriph_Lib/Libraries/STM8S_StdPeriph_Driver/src/stm8s_gpio.c: 110: if ((((uint8_t)(GPIO_Mode)) & (uint8_t)0x40) != (uint8_t)0x00) /* Pull-Up or Push-Pull */
      0000BC 88               [ 1]  197 	push	a
      0000BD 7B 0A            [ 1]  198 	ld	a, (0x0a, sp)
      0000BF A5 40            [ 1]  199 	bcp	a, #0x40
      0000C1 84               [ 1]  200 	pop	a
      0000C2 27 05            [ 1]  201 	jreq	00108$
                                    202 ;	./STM8S_StdPeriph_Lib/Libraries/STM8S_StdPeriph_Driver/src/stm8s_gpio.c: 112: GPIOx->CR1 |= (uint8_t)GPIO_Pin;
      0000C4 1A 04            [ 1]  203 	or	a, (0x04, sp)
      0000C6 F7               [ 1]  204 	ld	(x), a
      0000C7 20 03            [ 2]  205 	jra	00109$
      0000C9                        206 00108$:
                                    207 ;	./STM8S_StdPeriph_Lib/Libraries/STM8S_StdPeriph_Driver/src/stm8s_gpio.c: 116: GPIOx->CR1 &= (uint8_t)(~(GPIO_Pin));
      0000C9 14 03            [ 1]  208 	and	a, (0x03, sp)
      0000CB F7               [ 1]  209 	ld	(x), a
      0000CC                        210 00109$:
                                    211 ;	./STM8S_StdPeriph_Lib/Libraries/STM8S_StdPeriph_Driver/src/stm8s_gpio.c: 81: GPIOx->CR2 &= (uint8_t)(~(GPIO_Pin));
      0000CC 1E 01            [ 2]  212 	ldw	x, (0x01, sp)
      0000CE F6               [ 1]  213 	ld	a, (x)
                                    214 ;	./STM8S_StdPeriph_Lib/Libraries/STM8S_StdPeriph_Driver/src/stm8s_gpio.c: 123: if ((((uint8_t)(GPIO_Mode)) & (uint8_t)0x20) != (uint8_t)0x00) /* Interrupt or Slow slope */
      0000CF 88               [ 1]  215 	push	a
      0000D0 7B 0A            [ 1]  216 	ld	a, (0x0a, sp)
      0000D2 A5 20            [ 1]  217 	bcp	a, #0x20
      0000D4 84               [ 1]  218 	pop	a
      0000D5 27 07            [ 1]  219 	jreq	00111$
                                    220 ;	./STM8S_StdPeriph_Lib/Libraries/STM8S_StdPeriph_Driver/src/stm8s_gpio.c: 125: GPIOx->CR2 |= (uint8_t)GPIO_Pin;
      0000D7 1A 04            [ 1]  221 	or	a, (0x04, sp)
      0000D9 1E 01            [ 2]  222 	ldw	x, (0x01, sp)
      0000DB F7               [ 1]  223 	ld	(x), a
      0000DC 20 05            [ 2]  224 	jra	00113$
      0000DE                        225 00111$:
                                    226 ;	./STM8S_StdPeriph_Lib/Libraries/STM8S_StdPeriph_Driver/src/stm8s_gpio.c: 129: GPIOx->CR2 &= (uint8_t)(~(GPIO_Pin));
      0000DE 14 03            [ 1]  227 	and	a, (0x03, sp)
      0000E0 1E 01            [ 2]  228 	ldw	x, (0x01, sp)
      0000E2 F7               [ 1]  229 	ld	(x), a
      0000E3                        230 00113$:
                                    231 ;	./STM8S_StdPeriph_Lib/Libraries/STM8S_StdPeriph_Driver/src/stm8s_gpio.c: 131: }
      0000E3 5B 06            [ 2]  232 	addw	sp, #6
      0000E5 85               [ 2]  233 	popw	x
      0000E6 84               [ 1]  234 	pop	a
      0000E7 FC               [ 2]  235 	jp	(x)
                                    236 ;	./STM8S_StdPeriph_Lib/Libraries/STM8S_StdPeriph_Driver/src/stm8s_gpio.c: 141: void GPIO_Write(GPIO_TypeDef* GPIOx, uint8_t PortVal)
                                    237 ;	-----------------------------------------
                                    238 ;	 function GPIO_Write
                                    239 ;	-----------------------------------------
      0000E8                        240 _GPIO_Write:
                                    241 ;	./STM8S_StdPeriph_Lib/Libraries/STM8S_StdPeriph_Driver/src/stm8s_gpio.c: 143: GPIOx->ODR = PortVal;
      0000E8 F7               [ 1]  242 	ld	(x), a
                                    243 ;	./STM8S_StdPeriph_Lib/Libraries/STM8S_StdPeriph_Driver/src/stm8s_gpio.c: 144: }
      0000E9 81               [ 4]  244 	ret
                                    245 ;	./STM8S_StdPeriph_Lib/Libraries/STM8S_StdPeriph_Driver/src/stm8s_gpio.c: 154: void GPIO_WriteHigh(GPIO_TypeDef* GPIOx, GPIO_Pin_TypeDef PortPins)
                                    246 ;	-----------------------------------------
                                    247 ;	 function GPIO_WriteHigh
                                    248 ;	-----------------------------------------
      0000EA                        249 _GPIO_WriteHigh:
      0000EA 88               [ 1]  250 	push	a
      0000EB 6B 01            [ 1]  251 	ld	(0x01, sp), a
                                    252 ;	./STM8S_StdPeriph_Lib/Libraries/STM8S_StdPeriph_Driver/src/stm8s_gpio.c: 156: GPIOx->ODR |= (uint8_t)PortPins;
      0000ED F6               [ 1]  253 	ld	a, (x)
      0000EE 1A 01            [ 1]  254 	or	a, (0x01, sp)
      0000F0 F7               [ 1]  255 	ld	(x), a
                                    256 ;	./STM8S_StdPeriph_Lib/Libraries/STM8S_StdPeriph_Driver/src/stm8s_gpio.c: 157: }
      0000F1 84               [ 1]  257 	pop	a
      0000F2 81               [ 4]  258 	ret
                                    259 ;	./STM8S_StdPeriph_Lib/Libraries/STM8S_StdPeriph_Driver/src/stm8s_gpio.c: 167: void GPIO_WriteLow(GPIO_TypeDef* GPIOx, GPIO_Pin_TypeDef PortPins)
                                    260 ;	-----------------------------------------
                                    261 ;	 function GPIO_WriteLow
                                    262 ;	-----------------------------------------
      0000F3                        263 _GPIO_WriteLow:
      0000F3 88               [ 1]  264 	push	a
                                    265 ;	./STM8S_StdPeriph_Lib/Libraries/STM8S_StdPeriph_Driver/src/stm8s_gpio.c: 169: GPIOx->ODR &= (uint8_t)(~PortPins);
      0000F4 88               [ 1]  266 	push	a
      0000F5 F6               [ 1]  267 	ld	a, (x)
      0000F6 6B 02            [ 1]  268 	ld	(0x02, sp), a
      0000F8 84               [ 1]  269 	pop	a
      0000F9 43               [ 1]  270 	cpl	a
      0000FA 14 01            [ 1]  271 	and	a, (0x01, sp)
      0000FC F7               [ 1]  272 	ld	(x), a
                                    273 ;	./STM8S_StdPeriph_Lib/Libraries/STM8S_StdPeriph_Driver/src/stm8s_gpio.c: 170: }
      0000FD 84               [ 1]  274 	pop	a
      0000FE 81               [ 4]  275 	ret
                                    276 ;	./STM8S_StdPeriph_Lib/Libraries/STM8S_StdPeriph_Driver/src/stm8s_gpio.c: 180: void GPIO_WriteReverse(GPIO_TypeDef* GPIOx, GPIO_Pin_TypeDef PortPins)
                                    277 ;	-----------------------------------------
                                    278 ;	 function GPIO_WriteReverse
                                    279 ;	-----------------------------------------
      0000FF                        280 _GPIO_WriteReverse:
      0000FF 88               [ 1]  281 	push	a
      000100 6B 01            [ 1]  282 	ld	(0x01, sp), a
                                    283 ;	./STM8S_StdPeriph_Lib/Libraries/STM8S_StdPeriph_Driver/src/stm8s_gpio.c: 182: GPIOx->ODR ^= (uint8_t)PortPins;
      000102 F6               [ 1]  284 	ld	a, (x)
      000103 18 01            [ 1]  285 	xor	a, (0x01, sp)
      000105 F7               [ 1]  286 	ld	(x), a
                                    287 ;	./STM8S_StdPeriph_Lib/Libraries/STM8S_StdPeriph_Driver/src/stm8s_gpio.c: 183: }
      000106 84               [ 1]  288 	pop	a
      000107 81               [ 4]  289 	ret
                                    290 ;	./STM8S_StdPeriph_Lib/Libraries/STM8S_StdPeriph_Driver/src/stm8s_gpio.c: 191: uint8_t GPIO_ReadOutputData(GPIO_TypeDef* GPIOx)
                                    291 ;	-----------------------------------------
                                    292 ;	 function GPIO_ReadOutputData
                                    293 ;	-----------------------------------------
      000108                        294 _GPIO_ReadOutputData:
                                    295 ;	./STM8S_StdPeriph_Lib/Libraries/STM8S_StdPeriph_Driver/src/stm8s_gpio.c: 193: return ((uint8_t)GPIOx->ODR);
      000108 F6               [ 1]  296 	ld	a, (x)
                                    297 ;	./STM8S_StdPeriph_Lib/Libraries/STM8S_StdPeriph_Driver/src/stm8s_gpio.c: 194: }
      000109 81               [ 4]  298 	ret
                                    299 ;	./STM8S_StdPeriph_Lib/Libraries/STM8S_StdPeriph_Driver/src/stm8s_gpio.c: 202: uint8_t GPIO_ReadInputData(GPIO_TypeDef* GPIOx)
                                    300 ;	-----------------------------------------
                                    301 ;	 function GPIO_ReadInputData
                                    302 ;	-----------------------------------------
      00010A                        303 _GPIO_ReadInputData:
                                    304 ;	./STM8S_StdPeriph_Lib/Libraries/STM8S_StdPeriph_Driver/src/stm8s_gpio.c: 204: return ((uint8_t)GPIOx->IDR);
      00010A E6 01            [ 1]  305 	ld	a, (0x1, x)
                                    306 ;	./STM8S_StdPeriph_Lib/Libraries/STM8S_StdPeriph_Driver/src/stm8s_gpio.c: 205: }
      00010C 81               [ 4]  307 	ret
                                    308 ;	./STM8S_StdPeriph_Lib/Libraries/STM8S_StdPeriph_Driver/src/stm8s_gpio.c: 213: BitStatus GPIO_ReadInputPin(GPIO_TypeDef* GPIOx, GPIO_Pin_TypeDef GPIO_Pin)
                                    309 ;	-----------------------------------------
                                    310 ;	 function GPIO_ReadInputPin
                                    311 ;	-----------------------------------------
      00010D                        312 _GPIO_ReadInputPin:
      00010D 88               [ 1]  313 	push	a
      00010E 6B 01            [ 1]  314 	ld	(0x01, sp), a
                                    315 ;	./STM8S_StdPeriph_Lib/Libraries/STM8S_StdPeriph_Driver/src/stm8s_gpio.c: 215: return ((BitStatus)(GPIOx->IDR & (uint8_t)GPIO_Pin));
      000110 E6 01            [ 1]  316 	ld	a, (0x1, x)
      000112 14 01            [ 1]  317 	and	a, (0x01, sp)
      000114 40               [ 1]  318 	neg	a
      000115 4F               [ 1]  319 	clr	a
      000116 49               [ 1]  320 	rlc	a
                                    321 ;	./STM8S_StdPeriph_Lib/Libraries/STM8S_StdPeriph_Driver/src/stm8s_gpio.c: 216: }
      000117 5B 01            [ 2]  322 	addw	sp, #1
      000119 81               [ 4]  323 	ret
                                    324 ;	./STM8S_StdPeriph_Lib/Libraries/STM8S_StdPeriph_Driver/src/stm8s_gpio.c: 225: void GPIO_ExternalPullUpConfig(GPIO_TypeDef* GPIOx, GPIO_Pin_TypeDef GPIO_Pin, FunctionalState NewState)
                                    325 ;	-----------------------------------------
                                    326 ;	 function GPIO_ExternalPullUpConfig
                                    327 ;	-----------------------------------------
      00011A                        328 _GPIO_ExternalPullUpConfig:
      00011A 52 03            [ 2]  329 	sub	sp, #3
      00011C 1F 02            [ 2]  330 	ldw	(0x02, sp), x
                                    331 ;	./STM8S_StdPeriph_Lib/Libraries/STM8S_StdPeriph_Driver/src/stm8s_gpio.c: 228: assert_param(IS_GPIO_PIN_OK(GPIO_Pin));
      00011E 4D               [ 1]  332 	tnz	a
      00011F 26 0E            [ 1]  333 	jrne	00107$
      000121 88               [ 1]  334 	push	a
      000122 4B E4            [ 1]  335 	push	#0xe4
      000124 5F               [ 1]  336 	clrw	x
      000125 89               [ 2]  337 	pushw	x
      000126 4B 00            [ 1]  338 	push	#0x00
      000128 AEr00r00         [ 2]  339 	ldw	x, #(___str_0+0)
      00012B CDr00r00         [ 4]  340 	call	_assert_failed
      00012E 84               [ 1]  341 	pop	a
      00012F                        342 00107$:
                                    343 ;	./STM8S_StdPeriph_Lib/Libraries/STM8S_StdPeriph_Driver/src/stm8s_gpio.c: 229: assert_param(IS_FUNCTIONALSTATE_OK(NewState));
      00012F 0D 06            [ 1]  344 	tnz	(0x06, sp)
      000131 27 12            [ 1]  345 	jreq	00109$
      000133 0D 06            [ 1]  346 	tnz	(0x06, sp)
      000135 26 0E            [ 1]  347 	jrne	00109$
      000137 88               [ 1]  348 	push	a
      000138 4B E5            [ 1]  349 	push	#0xe5
      00013A 5F               [ 1]  350 	clrw	x
      00013B 89               [ 2]  351 	pushw	x
      00013C 4B 00            [ 1]  352 	push	#0x00
      00013E AEr00r00         [ 2]  353 	ldw	x, #(___str_0+0)
      000141 CDr00r00         [ 4]  354 	call	_assert_failed
      000144 84               [ 1]  355 	pop	a
      000145                        356 00109$:
                                    357 ;	./STM8S_StdPeriph_Lib/Libraries/STM8S_StdPeriph_Driver/src/stm8s_gpio.c: 233: GPIOx->CR1 |= (uint8_t)GPIO_Pin;
      000145 1E 02            [ 2]  358 	ldw	x, (0x02, sp)
      000147 1C 00 03         [ 2]  359 	addw	x, #0x0003
      00014A 88               [ 1]  360 	push	a
      00014B F6               [ 1]  361 	ld	a, (x)
      00014C 6B 02            [ 1]  362 	ld	(0x02, sp), a
      00014E 84               [ 1]  363 	pop	a
                                    364 ;	./STM8S_StdPeriph_Lib/Libraries/STM8S_StdPeriph_Driver/src/stm8s_gpio.c: 231: if (NewState != DISABLE) /* External Pull-Up Set*/
      00014F 0D 06            [ 1]  365 	tnz	(0x06, sp)
      000151 27 05            [ 1]  366 	jreq	00102$
                                    367 ;	./STM8S_StdPeriph_Lib/Libraries/STM8S_StdPeriph_Driver/src/stm8s_gpio.c: 233: GPIOx->CR1 |= (uint8_t)GPIO_Pin;
      000153 1A 01            [ 1]  368 	or	a, (0x01, sp)
      000155 F7               [ 1]  369 	ld	(x), a
      000156 20 04            [ 2]  370 	jra	00104$
      000158                        371 00102$:
                                    372 ;	./STM8S_StdPeriph_Lib/Libraries/STM8S_StdPeriph_Driver/src/stm8s_gpio.c: 236: GPIOx->CR1 &= (uint8_t)(~(GPIO_Pin));
      000158 43               [ 1]  373 	cpl	a
      000159 14 01            [ 1]  374 	and	a, (0x01, sp)
      00015B F7               [ 1]  375 	ld	(x), a
      00015C                        376 00104$:
                                    377 ;	./STM8S_StdPeriph_Lib/Libraries/STM8S_StdPeriph_Driver/src/stm8s_gpio.c: 238: }
      00015C 5B 03            [ 2]  378 	addw	sp, #3
      00015E 85               [ 2]  379 	popw	x
      00015F 84               [ 1]  380 	pop	a
      000160 FC               [ 2]  381 	jp	(x)
                                    382 	.area CODE
                                    383 	.area CONST
                                    384 	.area CONST
      000000                        385 ___str_0:
      000000 2E 2F 53 54 4D 38 53   386 	.ascii "./STM8S_StdPeriph_Lib/Libraries/STM8S_StdPeriph_Driver/src/s"
             5F 53 74 64 50 65 72
             69 70 68 5F 4C 69 62
             2F 4C 69 62 72 61 72
             69 65 73 2F 53 54 4D
             38 53 5F 53 74 64 50
             65 72 69 70 68 5F 44
             72 69 76 65 72 2F 73
             72 63 2F 73
      00003C 74 6D 38 73 5F 67 70   387 	.ascii "tm8s_gpio.c"
             69 6F 2E 63
      000047 00                     388 	.db 0x00
                                    389 	.area CODE
                                    390 	.area INITIALIZER
                                    391 	.area CABS (ABS)
