                                      1 ;--------------------------------------------------------
                                      2 ; File Created by SDCC : free open source ISO C Compiler 
                                      3 ; Version 4.3.0 #14184 (MINGW64)
                                      4 ;--------------------------------------------------------
                                      5 	.module stm8s_rst
                                      6 	.optsdcc -mstm8
                                      7 	
                                      8 ;--------------------------------------------------------
                                      9 ; Public variables in this module
                                     10 ;--------------------------------------------------------
                                     11 	.globl _assert_failed
                                     12 	.globl _RST_GetFlagStatus
                                     13 	.globl _RST_ClearFlag
                                     14 ;--------------------------------------------------------
                                     15 ; ram data
                                     16 ;--------------------------------------------------------
                                     17 	.area DATA
                                     18 ;--------------------------------------------------------
                                     19 ; ram data
                                     20 ;--------------------------------------------------------
                                     21 	.area INITIALIZED
                                     22 ;--------------------------------------------------------
                                     23 ; absolute external ram data
                                     24 ;--------------------------------------------------------
                                     25 	.area DABS (ABS)
                                     26 
                                     27 ; default segment ordering for linker
                                     28 	.area HOME
                                     29 	.area GSINIT
                                     30 	.area GSFINAL
                                     31 	.area CONST
                                     32 	.area INITIALIZER
                                     33 	.area CODE
                                     34 
                                     35 ;--------------------------------------------------------
                                     36 ; global & static initialisations
                                     37 ;--------------------------------------------------------
                                     38 	.area HOME
                                     39 	.area GSINIT
                                     40 	.area GSFINAL
                                     41 	.area GSINIT
                                     42 ;--------------------------------------------------------
                                     43 ; Home
                                     44 ;--------------------------------------------------------
                                     45 	.area HOME
                                     46 	.area HOME
                                     47 ;--------------------------------------------------------
                                     48 ; code
                                     49 ;--------------------------------------------------------
                                     50 	.area CODE
                                     51 ;	./STM8S_StdPeriph_Lib/Libraries/STM8S_StdPeriph_Driver/src/stm8s_rst.c: 54: FlagStatus RST_GetFlagStatus(RST_Flag_TypeDef RST_Flag)
                                     52 ;	-----------------------------------------
                                     53 ;	 function RST_GetFlagStatus
                                     54 ;	-----------------------------------------
      000000                         55 _RST_GetFlagStatus:
      000000 88               [ 1]   56 	push	a
                                     57 ;	./STM8S_StdPeriph_Lib/Libraries/STM8S_StdPeriph_Driver/src/stm8s_rst.c: 57: assert_param(IS_RST_FLAG_OK(RST_Flag));
      000001 A1 10            [ 1]   58 	cp	a, #0x10
      000003 27 1E            [ 1]   59 	jreq	00104$
      000005 A1 08            [ 1]   60 	cp	a, #0x08
      000007 27 1A            [ 1]   61 	jreq	00104$
      000009 A1 04            [ 1]   62 	cp	a, #0x04
      00000B 27 16            [ 1]   63 	jreq	00104$
      00000D A1 02            [ 1]   64 	cp	a, #0x02
      00000F 27 12            [ 1]   65 	jreq	00104$
      000011 A1 01            [ 1]   66 	cp	a, #0x01
      000013 27 0E            [ 1]   67 	jreq	00104$
      000015 88               [ 1]   68 	push	a
      000016 4B 39            [ 1]   69 	push	#0x39
      000018 5F               [ 1]   70 	clrw	x
      000019 89               [ 2]   71 	pushw	x
      00001A 4B 00            [ 1]   72 	push	#0x00
      00001C AEr00r00         [ 2]   73 	ldw	x, #(___str_0+0)
      00001F CDr00r00         [ 4]   74 	call	_assert_failed
      000022 84               [ 1]   75 	pop	a
      000023                         76 00104$:
                                     77 ;	./STM8S_StdPeriph_Lib/Libraries/STM8S_StdPeriph_Driver/src/stm8s_rst.c: 60: return((FlagStatus)(((uint8_t)(RST->SR & RST_Flag) == (uint8_t)0x00) ? RESET : SET));
      000023 AE 50 B3         [ 2]   78 	ldw	x, #0x50b3
      000026 88               [ 1]   79 	push	a
      000027 F6               [ 1]   80 	ld	a, (x)
      000028 6B 02            [ 1]   81 	ld	(0x02, sp), a
      00002A 84               [ 1]   82 	pop	a
      00002B 14 01            [ 1]   83 	and	a, (0x01, sp)
      00002D A0 01            [ 1]   84 	sub	a, #0x01
      00002F 4F               [ 1]   85 	clr	a
      000030 8C               [ 1]   86 	ccf
      000031 49               [ 1]   87 	rlc	a
                                     88 ;	./STM8S_StdPeriph_Lib/Libraries/STM8S_StdPeriph_Driver/src/stm8s_rst.c: 61: }
      000032 5B 01            [ 2]   89 	addw	sp, #1
      000034 81               [ 4]   90 	ret
                                     91 ;	./STM8S_StdPeriph_Lib/Libraries/STM8S_StdPeriph_Driver/src/stm8s_rst.c: 69: void RST_ClearFlag(RST_Flag_TypeDef RST_Flag)
                                     92 ;	-----------------------------------------
                                     93 ;	 function RST_ClearFlag
                                     94 ;	-----------------------------------------
      000035                         95 _RST_ClearFlag:
                                     96 ;	./STM8S_StdPeriph_Lib/Libraries/STM8S_StdPeriph_Driver/src/stm8s_rst.c: 72: assert_param(IS_RST_FLAG_OK(RST_Flag));
      000035 A1 10            [ 1]   97 	cp	a, #0x10
      000037 27 1E            [ 1]   98 	jreq	00104$
      000039 A1 08            [ 1]   99 	cp	a, #0x08
      00003B 27 1A            [ 1]  100 	jreq	00104$
      00003D A1 04            [ 1]  101 	cp	a, #0x04
      00003F 27 16            [ 1]  102 	jreq	00104$
      000041 A1 02            [ 1]  103 	cp	a, #0x02
      000043 27 12            [ 1]  104 	jreq	00104$
      000045 A1 01            [ 1]  105 	cp	a, #0x01
      000047 27 0E            [ 1]  106 	jreq	00104$
      000049 88               [ 1]  107 	push	a
      00004A 4B 48            [ 1]  108 	push	#0x48
      00004C 5F               [ 1]  109 	clrw	x
      00004D 89               [ 2]  110 	pushw	x
      00004E 4B 00            [ 1]  111 	push	#0x00
      000050 AEr00r00         [ 2]  112 	ldw	x, #(___str_0+0)
      000053 CDr00r00         [ 4]  113 	call	_assert_failed
      000056 84               [ 1]  114 	pop	a
      000057                        115 00104$:
                                    116 ;	./STM8S_StdPeriph_Lib/Libraries/STM8S_StdPeriph_Driver/src/stm8s_rst.c: 74: RST->SR = (uint8_t)RST_Flag;
      000057 C7 50 B3         [ 1]  117 	ld	0x50b3, a
                                    118 ;	./STM8S_StdPeriph_Lib/Libraries/STM8S_StdPeriph_Driver/src/stm8s_rst.c: 75: }
      00005A 81               [ 4]  119 	ret
                                    120 	.area CODE
                                    121 	.area CONST
                                    122 	.area CONST
      000000                        123 ___str_0:
      000000 2E 2F 53 54 4D 38 53   124 	.ascii "./STM8S_StdPeriph_Lib/Libraries/STM8S_StdPeriph_Driver/src/s"
             5F 53 74 64 50 65 72
             69 70 68 5F 4C 69 62
             2F 4C 69 62 72 61 72
             69 65 73 2F 53 54 4D
             38 53 5F 53 74 64 50
             65 72 69 70 68 5F 44
             72 69 76 65 72 2F 73
             72 63 2F 73
      00003C 74 6D 38 73 5F 72 73   125 	.ascii "tm8s_rst.c"
             74 2E 63
      000046 00                     126 	.db 0x00
                                    127 	.area CODE
                                    128 	.area INITIALIZER
                                    129 	.area CABS (ABS)
