                                      1 ;--------------------------------------------------------
                                      2 ; File Created by SDCC : free open source ISO C Compiler 
                                      3 ; Version 4.3.0 #14184 (MINGW64)
                                      4 ;--------------------------------------------------------
                                      5 	.module stm8s_itc
                                      6 	.optsdcc -mstm8
                                      7 	
                                      8 ;--------------------------------------------------------
                                      9 ; Public variables in this module
                                     10 ;--------------------------------------------------------
                                     11 	.globl _assert_failed
                                     12 	.globl _ITC_GetCPUCC
                                     13 	.globl _ITC_DeInit
                                     14 	.globl _ITC_GetSoftIntStatus
                                     15 	.globl _ITC_GetSoftwarePriority
                                     16 	.globl _ITC_SetSoftwarePriority
                                     17 ;--------------------------------------------------------
                                     18 ; ram data
                                     19 ;--------------------------------------------------------
                                     20 	.area DATA
                                     21 ;--------------------------------------------------------
                                     22 ; ram data
                                     23 ;--------------------------------------------------------
                                     24 	.area INITIALIZED
                                     25 ;--------------------------------------------------------
                                     26 ; absolute external ram data
                                     27 ;--------------------------------------------------------
                                     28 	.area DABS (ABS)
                                     29 
                                     30 ; default segment ordering for linker
                                     31 	.area HOME
                                     32 	.area GSINIT
                                     33 	.area GSFINAL
                                     34 	.area CONST
                                     35 	.area INITIALIZER
                                     36 	.area CODE
                                     37 
                                     38 ;--------------------------------------------------------
                                     39 ; global & static initialisations
                                     40 ;--------------------------------------------------------
                                     41 	.area HOME
                                     42 	.area GSINIT
                                     43 	.area GSFINAL
                                     44 	.area GSINIT
                                     45 ;--------------------------------------------------------
                                     46 ; Home
                                     47 ;--------------------------------------------------------
                                     48 	.area HOME
                                     49 	.area HOME
                                     50 ;--------------------------------------------------------
                                     51 ; code
                                     52 ;--------------------------------------------------------
                                     53 	.area CODE
                                     54 ;	./STM8S_StdPeriph_Lib/Libraries/STM8S_StdPeriph_Driver/src/stm8s_itc.c: 50: uint8_t ITC_GetCPUCC(void)
                                     55 ;	-----------------------------------------
                                     56 ;	 function ITC_GetCPUCC
                                     57 ;	-----------------------------------------
      000000                         58 _ITC_GetCPUCC:
                                     59 ;	./STM8S_StdPeriph_Lib/Libraries/STM8S_StdPeriph_Driver/src/stm8s_itc.c: 59: __asm__("push cc");
      000000 8A               [ 1]   60 	push	cc
                                     61 ;	./STM8S_StdPeriph_Lib/Libraries/STM8S_StdPeriph_Driver/src/stm8s_itc.c: 60: __asm__("pop a");
      000001 84               [ 1]   62 	pop	a
                                     63 ;	./STM8S_StdPeriph_Lib/Libraries/STM8S_StdPeriph_Driver/src/stm8s_itc.c: 65: }
      000002 81               [ 4]   64 	ret
                                     65 ;	./STM8S_StdPeriph_Lib/Libraries/STM8S_StdPeriph_Driver/src/stm8s_itc.c: 83: void ITC_DeInit(void)
                                     66 ;	-----------------------------------------
                                     67 ;	 function ITC_DeInit
                                     68 ;	-----------------------------------------
      000003                         69 _ITC_DeInit:
                                     70 ;	./STM8S_StdPeriph_Lib/Libraries/STM8S_StdPeriph_Driver/src/stm8s_itc.c: 85: ITC->ISPR1 = ITC_SPRX_RESET_VALUE;
      000003 35 FF 7F 70      [ 1]   71 	mov	0x7f70+0, #0xff
                                     72 ;	./STM8S_StdPeriph_Lib/Libraries/STM8S_StdPeriph_Driver/src/stm8s_itc.c: 86: ITC->ISPR2 = ITC_SPRX_RESET_VALUE;
      000007 35 FF 7F 71      [ 1]   73 	mov	0x7f71+0, #0xff
                                     74 ;	./STM8S_StdPeriph_Lib/Libraries/STM8S_StdPeriph_Driver/src/stm8s_itc.c: 87: ITC->ISPR3 = ITC_SPRX_RESET_VALUE;
      00000B 35 FF 7F 72      [ 1]   75 	mov	0x7f72+0, #0xff
                                     76 ;	./STM8S_StdPeriph_Lib/Libraries/STM8S_StdPeriph_Driver/src/stm8s_itc.c: 88: ITC->ISPR4 = ITC_SPRX_RESET_VALUE;
      00000F 35 FF 7F 73      [ 1]   77 	mov	0x7f73+0, #0xff
                                     78 ;	./STM8S_StdPeriph_Lib/Libraries/STM8S_StdPeriph_Driver/src/stm8s_itc.c: 89: ITC->ISPR5 = ITC_SPRX_RESET_VALUE;
      000013 35 FF 7F 74      [ 1]   79 	mov	0x7f74+0, #0xff
                                     80 ;	./STM8S_StdPeriph_Lib/Libraries/STM8S_StdPeriph_Driver/src/stm8s_itc.c: 90: ITC->ISPR6 = ITC_SPRX_RESET_VALUE;
      000017 35 FF 7F 75      [ 1]   81 	mov	0x7f75+0, #0xff
                                     82 ;	./STM8S_StdPeriph_Lib/Libraries/STM8S_StdPeriph_Driver/src/stm8s_itc.c: 91: ITC->ISPR7 = ITC_SPRX_RESET_VALUE;
      00001B 35 FF 7F 76      [ 1]   83 	mov	0x7f76+0, #0xff
                                     84 ;	./STM8S_StdPeriph_Lib/Libraries/STM8S_StdPeriph_Driver/src/stm8s_itc.c: 92: ITC->ISPR8 = ITC_SPRX_RESET_VALUE;
      00001F 35 FF 7F 77      [ 1]   85 	mov	0x7f77+0, #0xff
                                     86 ;	./STM8S_StdPeriph_Lib/Libraries/STM8S_StdPeriph_Driver/src/stm8s_itc.c: 93: }
      000023 81               [ 4]   87 	ret
                                     88 ;	./STM8S_StdPeriph_Lib/Libraries/STM8S_StdPeriph_Driver/src/stm8s_itc.c: 100: uint8_t ITC_GetSoftIntStatus(void)
                                     89 ;	-----------------------------------------
                                     90 ;	 function ITC_GetSoftIntStatus
                                     91 ;	-----------------------------------------
      000024                         92 _ITC_GetSoftIntStatus:
                                     93 ;	./STM8S_StdPeriph_Lib/Libraries/STM8S_StdPeriph_Driver/src/stm8s_itc.c: 102: return (uint8_t)(ITC_GetCPUCC() & CPU_CC_I1I0);
      000024 CDr00r00         [ 4]   94 	call	_ITC_GetCPUCC
      000027 A4 28            [ 1]   95 	and	a, #0x28
                                     96 ;	./STM8S_StdPeriph_Lib/Libraries/STM8S_StdPeriph_Driver/src/stm8s_itc.c: 103: }
      000029 81               [ 4]   97 	ret
                                     98 ;	./STM8S_StdPeriph_Lib/Libraries/STM8S_StdPeriph_Driver/src/stm8s_itc.c: 110: ITC_PriorityLevel_TypeDef ITC_GetSoftwarePriority(ITC_Irq_TypeDef IrqNum)
                                     99 ;	-----------------------------------------
                                    100 ;	 function ITC_GetSoftwarePriority
                                    101 ;	-----------------------------------------
      00002A                        102 _ITC_GetSoftwarePriority:
      00002A 52 05            [ 2]  103 	sub	sp, #5
      00002C 6B 05            [ 1]  104 	ld	(0x05, sp), a
                                    105 ;	./STM8S_StdPeriph_Lib/Libraries/STM8S_StdPeriph_Driver/src/stm8s_itc.c: 112: uint8_t Value = 0;
      00002E 0F 01            [ 1]  106 	clr	(0x01, sp)
                                    107 ;	./STM8S_StdPeriph_Lib/Libraries/STM8S_StdPeriph_Driver/src/stm8s_itc.c: 116: assert_param(IS_ITC_IRQ_OK((uint8_t)IrqNum));
      000030 7B 05            [ 1]  108 	ld	a, (0x05, sp)
      000032 A1 18            [ 1]  109 	cp	a, #0x18
      000034 22 04            [ 1]  110 	jrugt	00138$
      000036 0F 02            [ 1]  111 	clr	(0x02, sp)
      000038 20 04            [ 2]  112 	jra	00139$
      00003A                        113 00138$:
      00003A A6 01            [ 1]  114 	ld	a, #0x01
      00003C 6B 02            [ 1]  115 	ld	(0x02, sp), a
      00003E                        116 00139$:
      00003E 0D 02            [ 1]  117 	tnz	(0x02, sp)
      000040 27 0C            [ 1]  118 	jreq	00127$
      000042 4B 74            [ 1]  119 	push	#0x74
      000044 5F               [ 1]  120 	clrw	x
      000045 89               [ 2]  121 	pushw	x
      000046 4B 00            [ 1]  122 	push	#0x00
      000048 AEr00r00         [ 2]  123 	ldw	x, #(___str_0+0)
      00004B CDr00r00         [ 4]  124 	call	_assert_failed
      00004E                        125 00127$:
                                    126 ;	./STM8S_StdPeriph_Lib/Libraries/STM8S_StdPeriph_Driver/src/stm8s_itc.c: 119: Mask = (uint8_t)(0x03U << (((uint8_t)IrqNum % 4U) * 2U));
      00004E 7B 05            [ 1]  127 	ld	a, (0x05, sp)
      000050 A4 03            [ 1]  128 	and	a, #0x03
      000052 48               [ 1]  129 	sll	a
      000053 6B 03            [ 1]  130 	ld	(0x03, sp), a
      000055 A6 03            [ 1]  131 	ld	a, #0x03
      000057 6B 04            [ 1]  132 	ld	(0x04, sp), a
      000059 7B 03            [ 1]  133 	ld	a, (0x03, sp)
      00005B 27 05            [ 1]  134 	jreq	00142$
      00005D                        135 00141$:
      00005D 08 04            [ 1]  136 	sll	(0x04, sp)
      00005F 4A               [ 1]  137 	dec	a
      000060 26 FB            [ 1]  138 	jrne	00141$
      000062                        139 00142$:
                                    140 ;	./STM8S_StdPeriph_Lib/Libraries/STM8S_StdPeriph_Driver/src/stm8s_itc.c: 121: switch (IrqNum)
      000062 7B 02            [ 1]  141 	ld	a, (0x02, sp)
      000064 26 78            [ 1]  142 	jrne	00123$
      000066 5F               [ 1]  143 	clrw	x
      000067 7B 05            [ 1]  144 	ld	a, (0x05, sp)
      000069 97               [ 1]  145 	ld	xl, a
      00006A 58               [ 2]  146 	sllw	x
      00006B DEu00u6F         [ 2]  147 	ldw	x, (#00144$, x)
      00006E FC               [ 2]  148 	jp	(x)
      00006F                        149 00144$:
      00006Fr00rA1                  150 	.dw	#00104$
      000071r00rA1                  151 	.dw	#00104$
      000073r00rA1                  152 	.dw	#00104$
      000075r00rA1                  153 	.dw	#00104$
      000077r00rAA                  154 	.dw	#00108$
      000079r00rAA                  155 	.dw	#00108$
      00007Br00rAA                  156 	.dw	#00108$
      00007Dr00rAA                  157 	.dw	#00108$
      00007Fr00rDE                  158 	.dw	#00123$
      000081r00rDE                  159 	.dw	#00123$
      000083r00rB3                  160 	.dw	#00110$
      000085r00rB3                  161 	.dw	#00110$
      000087r00rBC                  162 	.dw	#00114$
      000089r00rBC                  163 	.dw	#00114$
      00008Br00rBC                  164 	.dw	#00114$
      00008Dr00rBC                  165 	.dw	#00114$
      00008Fr00rC5                  166 	.dw	#00118$
      000091r00rC5                  167 	.dw	#00118$
      000093r00rC5                  168 	.dw	#00118$
      000095r00rC5                  169 	.dw	#00118$
      000097r00rDE                  170 	.dw	#00123$
      000099r00rDE                  171 	.dw	#00123$
      00009Br00rCE                  172 	.dw	#00120$
      00009Dr00rCE                  173 	.dw	#00120$
      00009Fr00rD7                  174 	.dw	#00121$
                                    175 ;	./STM8S_StdPeriph_Lib/Libraries/STM8S_StdPeriph_Driver/src/stm8s_itc.c: 126: case ITC_IRQ_PORTA:
      0000A1                        176 00104$:
                                    177 ;	./STM8S_StdPeriph_Lib/Libraries/STM8S_StdPeriph_Driver/src/stm8s_itc.c: 127: Value = (uint8_t)(ITC->ISPR1 & Mask); /* Read software priority */
      0000A1 C6 7F 70         [ 1]  178 	ld	a, 0x7f70
      0000A4 14 04            [ 1]  179 	and	a, (0x04, sp)
      0000A6 6B 01            [ 1]  180 	ld	(0x01, sp), a
                                    181 ;	./STM8S_StdPeriph_Lib/Libraries/STM8S_StdPeriph_Driver/src/stm8s_itc.c: 128: break;
      0000A8 20 34            [ 2]  182 	jra	00123$
                                    183 ;	./STM8S_StdPeriph_Lib/Libraries/STM8S_StdPeriph_Driver/src/stm8s_itc.c: 133: case ITC_IRQ_PORTE:
      0000AA                        184 00108$:
                                    185 ;	./STM8S_StdPeriph_Lib/Libraries/STM8S_StdPeriph_Driver/src/stm8s_itc.c: 134: Value = (uint8_t)(ITC->ISPR2 & Mask); /* Read software priority */
      0000AA C6 7F 71         [ 1]  186 	ld	a, 0x7f71
      0000AD 14 04            [ 1]  187 	and	a, (0x04, sp)
      0000AF 6B 01            [ 1]  188 	ld	(0x01, sp), a
                                    189 ;	./STM8S_StdPeriph_Lib/Libraries/STM8S_StdPeriph_Driver/src/stm8s_itc.c: 135: break;
      0000B1 20 2B            [ 2]  190 	jra	00123$
                                    191 ;	./STM8S_StdPeriph_Lib/Libraries/STM8S_StdPeriph_Driver/src/stm8s_itc.c: 145: case ITC_IRQ_TIM1_OVF:
      0000B3                        192 00110$:
                                    193 ;	./STM8S_StdPeriph_Lib/Libraries/STM8S_StdPeriph_Driver/src/stm8s_itc.c: 146: Value = (uint8_t)(ITC->ISPR3 & Mask); /* Read software priority */
      0000B3 C6 7F 72         [ 1]  194 	ld	a, 0x7f72
      0000B6 14 04            [ 1]  195 	and	a, (0x04, sp)
      0000B8 6B 01            [ 1]  196 	ld	(0x01, sp), a
                                    197 ;	./STM8S_StdPeriph_Lib/Libraries/STM8S_StdPeriph_Driver/src/stm8s_itc.c: 147: break;
      0000BA 20 22            [ 2]  198 	jra	00123$
                                    199 ;	./STM8S_StdPeriph_Lib/Libraries/STM8S_StdPeriph_Driver/src/stm8s_itc.c: 157: case ITC_IRQ_TIM3_OVF:
      0000BC                        200 00114$:
                                    201 ;	./STM8S_StdPeriph_Lib/Libraries/STM8S_StdPeriph_Driver/src/stm8s_itc.c: 158: Value = (uint8_t)(ITC->ISPR4 & Mask); /* Read software priority */
      0000BC C6 7F 73         [ 1]  202 	ld	a, 0x7f73
      0000BF 14 04            [ 1]  203 	and	a, (0x04, sp)
      0000C1 6B 01            [ 1]  204 	ld	(0x01, sp), a
                                    205 ;	./STM8S_StdPeriph_Lib/Libraries/STM8S_StdPeriph_Driver/src/stm8s_itc.c: 159: break;
      0000C3 20 19            [ 2]  206 	jra	00123$
                                    207 ;	./STM8S_StdPeriph_Lib/Libraries/STM8S_StdPeriph_Driver/src/stm8s_itc.c: 171: case ITC_IRQ_I2C:
      0000C5                        208 00118$:
                                    209 ;	./STM8S_StdPeriph_Lib/Libraries/STM8S_StdPeriph_Driver/src/stm8s_itc.c: 172: Value = (uint8_t)(ITC->ISPR5 & Mask); /* Read software priority */
      0000C5 C6 7F 74         [ 1]  210 	ld	a, 0x7f74
      0000C8 14 04            [ 1]  211 	and	a, (0x04, sp)
      0000CA 6B 01            [ 1]  212 	ld	(0x01, sp), a
                                    213 ;	./STM8S_StdPeriph_Lib/Libraries/STM8S_StdPeriph_Driver/src/stm8s_itc.c: 173: break;
      0000CC 20 10            [ 2]  214 	jra	00123$
                                    215 ;	./STM8S_StdPeriph_Lib/Libraries/STM8S_StdPeriph_Driver/src/stm8s_itc.c: 192: case ITC_IRQ_TIM4_OVF:
      0000CE                        216 00120$:
                                    217 ;	./STM8S_StdPeriph_Lib/Libraries/STM8S_StdPeriph_Driver/src/stm8s_itc.c: 194: Value = (uint8_t)(ITC->ISPR6 & Mask); /* Read software priority */
      0000CE C6 7F 75         [ 1]  218 	ld	a, 0x7f75
      0000D1 14 04            [ 1]  219 	and	a, (0x04, sp)
      0000D3 6B 01            [ 1]  220 	ld	(0x01, sp), a
                                    221 ;	./STM8S_StdPeriph_Lib/Libraries/STM8S_StdPeriph_Driver/src/stm8s_itc.c: 195: break;
      0000D5 20 07            [ 2]  222 	jra	00123$
                                    223 ;	./STM8S_StdPeriph_Lib/Libraries/STM8S_StdPeriph_Driver/src/stm8s_itc.c: 197: case ITC_IRQ_EEPROM_EEC:
      0000D7                        224 00121$:
                                    225 ;	./STM8S_StdPeriph_Lib/Libraries/STM8S_StdPeriph_Driver/src/stm8s_itc.c: 198: Value = (uint8_t)(ITC->ISPR7 & Mask); /* Read software priority */
      0000D7 C6 7F 76         [ 1]  226 	ld	a, 0x7f76
      0000DA 14 04            [ 1]  227 	and	a, (0x04, sp)
      0000DC 6B 01            [ 1]  228 	ld	(0x01, sp), a
                                    229 ;	./STM8S_StdPeriph_Lib/Libraries/STM8S_StdPeriph_Driver/src/stm8s_itc.c: 203: }
      0000DE                        230 00123$:
                                    231 ;	./STM8S_StdPeriph_Lib/Libraries/STM8S_StdPeriph_Driver/src/stm8s_itc.c: 205: Value >>= (uint8_t)(((uint8_t)IrqNum % 4u) * 2u);
      0000DE 7B 01            [ 1]  232 	ld	a, (0x01, sp)
      0000E0 88               [ 1]  233 	push	a
      0000E1 7B 04            [ 1]  234 	ld	a, (0x04, sp)
      0000E3 27 05            [ 1]  235 	jreq	00146$
      0000E5                        236 00145$:
      0000E5 04 01            [ 1]  237 	srl	(1, sp)
      0000E7 4A               [ 1]  238 	dec	a
      0000E8 26 FB            [ 1]  239 	jrne	00145$
      0000EA                        240 00146$:
      0000EA 84               [ 1]  241 	pop	a
                                    242 ;	./STM8S_StdPeriph_Lib/Libraries/STM8S_StdPeriph_Driver/src/stm8s_itc.c: 207: return((ITC_PriorityLevel_TypeDef)Value);
                                    243 ;	./STM8S_StdPeriph_Lib/Libraries/STM8S_StdPeriph_Driver/src/stm8s_itc.c: 208: }
      0000EB 5B 05            [ 2]  244 	addw	sp, #5
      0000ED 81               [ 4]  245 	ret
                                    246 ;	./STM8S_StdPeriph_Lib/Libraries/STM8S_StdPeriph_Driver/src/stm8s_itc.c: 223: void ITC_SetSoftwarePriority(ITC_Irq_TypeDef IrqNum, ITC_PriorityLevel_TypeDef PriorityValue)
                                    247 ;	-----------------------------------------
                                    248 ;	 function ITC_SetSoftwarePriority
                                    249 ;	-----------------------------------------
      0000EE                        250 _ITC_SetSoftwarePriority:
      0000EE 52 04            [ 2]  251 	sub	sp, #4
                                    252 ;	./STM8S_StdPeriph_Lib/Libraries/STM8S_StdPeriph_Driver/src/stm8s_itc.c: 229: assert_param(IS_ITC_IRQ_OK((uint8_t)IrqNum));
      0000F0 6B 04            [ 1]  253 	ld	(0x04, sp), a
      0000F2 A1 18            [ 1]  254 	cp	a, #0x18
      0000F4 22 04            [ 1]  255 	jrugt	00176$
      0000F6 0F 01            [ 1]  256 	clr	(0x01, sp)
      0000F8 20 04            [ 2]  257 	jra	00177$
      0000FA                        258 00176$:
      0000FA A6 01            [ 1]  259 	ld	a, #0x01
      0000FC 6B 01            [ 1]  260 	ld	(0x01, sp), a
      0000FE                        261 00177$:
      0000FE 0D 01            [ 1]  262 	tnz	(0x01, sp)
      000100 27 0C            [ 1]  263 	jreq	00127$
      000102 4B E5            [ 1]  264 	push	#0xe5
      000104 5F               [ 1]  265 	clrw	x
      000105 89               [ 2]  266 	pushw	x
      000106 4B 00            [ 1]  267 	push	#0x00
      000108 AEr00r00         [ 2]  268 	ldw	x, #(___str_0+0)
      00010B CDr00r00         [ 4]  269 	call	_assert_failed
      00010E                        270 00127$:
                                    271 ;	./STM8S_StdPeriph_Lib/Libraries/STM8S_StdPeriph_Driver/src/stm8s_itc.c: 230: assert_param(IS_ITC_PRIORITY_OK(PriorityValue));
      00010E 7B 07            [ 1]  272 	ld	a, (0x07, sp)
      000110 A1 02            [ 1]  273 	cp	a, #0x02
      000112 27 1B            [ 1]  274 	jreq	00129$
      000114 7B 07            [ 1]  275 	ld	a, (0x07, sp)
      000116 4A               [ 1]  276 	dec	a
      000117 27 16            [ 1]  277 	jreq	00129$
      000119 0D 07            [ 1]  278 	tnz	(0x07, sp)
      00011B 27 12            [ 1]  279 	jreq	00129$
      00011D 7B 07            [ 1]  280 	ld	a, (0x07, sp)
      00011F A1 03            [ 1]  281 	cp	a, #0x03
      000121 27 0C            [ 1]  282 	jreq	00129$
      000123 4B E6            [ 1]  283 	push	#0xe6
      000125 5F               [ 1]  284 	clrw	x
      000126 89               [ 2]  285 	pushw	x
      000127 4B 00            [ 1]  286 	push	#0x00
      000129 AEr00r00         [ 2]  287 	ldw	x, #(___str_0+0)
      00012C CDr00r00         [ 4]  288 	call	_assert_failed
      00012F                        289 00129$:
                                    290 ;	./STM8S_StdPeriph_Lib/Libraries/STM8S_StdPeriph_Driver/src/stm8s_itc.c: 233: assert_param(IS_ITC_INTERRUPTS_DISABLED);
      00012F CDr00r24         [ 4]  291 	call	_ITC_GetSoftIntStatus
      000132 A1 28            [ 1]  292 	cp	a, #0x28
      000134 27 0C            [ 1]  293 	jreq	00140$
      000136 4B E9            [ 1]  294 	push	#0xe9
      000138 5F               [ 1]  295 	clrw	x
      000139 89               [ 2]  296 	pushw	x
      00013A 4B 00            [ 1]  297 	push	#0x00
      00013C AEr00r00         [ 2]  298 	ldw	x, #(___str_0+0)
      00013F CDr00r00         [ 4]  299 	call	_assert_failed
      000142                        300 00140$:
                                    301 ;	./STM8S_StdPeriph_Lib/Libraries/STM8S_StdPeriph_Driver/src/stm8s_itc.c: 237: Mask = (uint8_t)(~(uint8_t)(0x03U << (((uint8_t)IrqNum % 4U) * 2U)));
      000142 7B 04            [ 1]  302 	ld	a, (0x04, sp)
      000144 5F               [ 1]  303 	clrw	x
      000145 A4 03            [ 1]  304 	and	a, #0x03
      000147 97               [ 1]  305 	ld	xl, a
      000148 58               [ 2]  306 	sllw	x
      000149 A6 03            [ 1]  307 	ld	a, #0x03
      00014B 88               [ 1]  308 	push	a
      00014C 9F               [ 1]  309 	ld	a, xl
      00014D 4D               [ 1]  310 	tnz	a
      00014E 27 05            [ 1]  311 	jreq	00193$
      000150                        312 00192$:
      000150 08 01            [ 1]  313 	sll	(1, sp)
      000152 4A               [ 1]  314 	dec	a
      000153 26 FB            [ 1]  315 	jrne	00192$
      000155                        316 00193$:
      000155 84               [ 1]  317 	pop	a
      000156 43               [ 1]  318 	cpl	a
      000157 6B 02            [ 1]  319 	ld	(0x02, sp), a
                                    320 ;	./STM8S_StdPeriph_Lib/Libraries/STM8S_StdPeriph_Driver/src/stm8s_itc.c: 240: NewPriority = (uint8_t)((uint8_t)(PriorityValue) << (((uint8_t)IrqNum % 4U) * 2U));
      000159 7B 07            [ 1]  321 	ld	a, (0x07, sp)
      00015B 88               [ 1]  322 	push	a
      00015C 9F               [ 1]  323 	ld	a, xl
      00015D 4D               [ 1]  324 	tnz	a
      00015E 27 05            [ 1]  325 	jreq	00195$
      000160                        326 00194$:
      000160 08 01            [ 1]  327 	sll	(1, sp)
      000162 4A               [ 1]  328 	dec	a
      000163 26 FB            [ 1]  329 	jrne	00194$
      000165                        330 00195$:
      000165 84               [ 1]  331 	pop	a
      000166 6B 03            [ 1]  332 	ld	(0x03, sp), a
                                    333 ;	./STM8S_StdPeriph_Lib/Libraries/STM8S_StdPeriph_Driver/src/stm8s_itc.c: 242: switch (IrqNum)
      000168 7B 01            [ 1]  334 	ld	a, (0x01, sp)
      00016A 27 03            [ 1]  335 	jreq	00196$
      00016C CCr02r26         [ 2]  336 	jp	00124$
      00016F                        337 00196$:
      00016F 5F               [ 1]  338 	clrw	x
      000170 7B 04            [ 1]  339 	ld	a, (0x04, sp)
      000172 97               [ 1]  340 	ld	xl, a
      000173 58               [ 2]  341 	sllw	x
      000174 DEu01u78         [ 2]  342 	ldw	x, (#00197$, x)
      000177 FC               [ 2]  343 	jp	(x)
      000178                        344 00197$:
      000178r01rAA                  345 	.dw	#00104$
      00017Ar01rAA                  346 	.dw	#00104$
      00017Cr01rAA                  347 	.dw	#00104$
      00017Er01rAA                  348 	.dw	#00104$
      000180r01rBC                  349 	.dw	#00108$
      000182r01rBC                  350 	.dw	#00108$
      000184r01rBC                  351 	.dw	#00108$
      000186r01rBC                  352 	.dw	#00108$
      000188r02r26                  353 	.dw	#00124$
      00018Ar02r26                  354 	.dw	#00124$
      00018Cr01rCE                  355 	.dw	#00110$
      00018Er01rCE                  356 	.dw	#00110$
      000190r01rE0                  357 	.dw	#00114$
      000192r01rE0                  358 	.dw	#00114$
      000194r01rE0                  359 	.dw	#00114$
      000196r01rE0                  360 	.dw	#00114$
      000198r01rF2                  361 	.dw	#00118$
      00019Ar01rF2                  362 	.dw	#00118$
      00019Cr01rF2                  363 	.dw	#00118$
      00019Er01rF2                  364 	.dw	#00118$
      0001A0r02r26                  365 	.dw	#00124$
      0001A2r02r26                  366 	.dw	#00124$
      0001A4r02r04                  367 	.dw	#00120$
      0001A6r02r04                  368 	.dw	#00120$
      0001A8r02r16                  369 	.dw	#00121$
                                    370 ;	./STM8S_StdPeriph_Lib/Libraries/STM8S_StdPeriph_Driver/src/stm8s_itc.c: 247: case ITC_IRQ_PORTA:
      0001AA                        371 00104$:
                                    372 ;	./STM8S_StdPeriph_Lib/Libraries/STM8S_StdPeriph_Driver/src/stm8s_itc.c: 248: ITC->ISPR1 &= Mask;
      0001AA C6 7F 70         [ 1]  373 	ld	a, 0x7f70
      0001AD 14 02            [ 1]  374 	and	a, (0x02, sp)
      0001AF C7 7F 70         [ 1]  375 	ld	0x7f70, a
                                    376 ;	./STM8S_StdPeriph_Lib/Libraries/STM8S_StdPeriph_Driver/src/stm8s_itc.c: 249: ITC->ISPR1 |= NewPriority;
      0001B2 C6 7F 70         [ 1]  377 	ld	a, 0x7f70
      0001B5 1A 03            [ 1]  378 	or	a, (0x03, sp)
      0001B7 C7 7F 70         [ 1]  379 	ld	0x7f70, a
                                    380 ;	./STM8S_StdPeriph_Lib/Libraries/STM8S_StdPeriph_Driver/src/stm8s_itc.c: 250: break;
      0001BA 20 6A            [ 2]  381 	jra	00124$
                                    382 ;	./STM8S_StdPeriph_Lib/Libraries/STM8S_StdPeriph_Driver/src/stm8s_itc.c: 255: case ITC_IRQ_PORTE:
      0001BC                        383 00108$:
                                    384 ;	./STM8S_StdPeriph_Lib/Libraries/STM8S_StdPeriph_Driver/src/stm8s_itc.c: 256: ITC->ISPR2 &= Mask;
      0001BC C6 7F 71         [ 1]  385 	ld	a, 0x7f71
      0001BF 14 02            [ 1]  386 	and	a, (0x02, sp)
      0001C1 C7 7F 71         [ 1]  387 	ld	0x7f71, a
                                    388 ;	./STM8S_StdPeriph_Lib/Libraries/STM8S_StdPeriph_Driver/src/stm8s_itc.c: 257: ITC->ISPR2 |= NewPriority;
      0001C4 C6 7F 71         [ 1]  389 	ld	a, 0x7f71
      0001C7 1A 03            [ 1]  390 	or	a, (0x03, sp)
      0001C9 C7 7F 71         [ 1]  391 	ld	0x7f71, a
                                    392 ;	./STM8S_StdPeriph_Lib/Libraries/STM8S_StdPeriph_Driver/src/stm8s_itc.c: 258: break;
      0001CC 20 58            [ 2]  393 	jra	00124$
                                    394 ;	./STM8S_StdPeriph_Lib/Libraries/STM8S_StdPeriph_Driver/src/stm8s_itc.c: 268: case ITC_IRQ_TIM1_OVF:
      0001CE                        395 00110$:
                                    396 ;	./STM8S_StdPeriph_Lib/Libraries/STM8S_StdPeriph_Driver/src/stm8s_itc.c: 269: ITC->ISPR3 &= Mask;
      0001CE C6 7F 72         [ 1]  397 	ld	a, 0x7f72
      0001D1 14 02            [ 1]  398 	and	a, (0x02, sp)
      0001D3 C7 7F 72         [ 1]  399 	ld	0x7f72, a
                                    400 ;	./STM8S_StdPeriph_Lib/Libraries/STM8S_StdPeriph_Driver/src/stm8s_itc.c: 270: ITC->ISPR3 |= NewPriority;
      0001D6 C6 7F 72         [ 1]  401 	ld	a, 0x7f72
      0001D9 1A 03            [ 1]  402 	or	a, (0x03, sp)
      0001DB C7 7F 72         [ 1]  403 	ld	0x7f72, a
                                    404 ;	./STM8S_StdPeriph_Lib/Libraries/STM8S_StdPeriph_Driver/src/stm8s_itc.c: 271: break;
      0001DE 20 46            [ 2]  405 	jra	00124$
                                    406 ;	./STM8S_StdPeriph_Lib/Libraries/STM8S_StdPeriph_Driver/src/stm8s_itc.c: 281: case ITC_IRQ_TIM3_OVF:
      0001E0                        407 00114$:
                                    408 ;	./STM8S_StdPeriph_Lib/Libraries/STM8S_StdPeriph_Driver/src/stm8s_itc.c: 282: ITC->ISPR4 &= Mask;
      0001E0 C6 7F 73         [ 1]  409 	ld	a, 0x7f73
      0001E3 14 02            [ 1]  410 	and	a, (0x02, sp)
      0001E5 C7 7F 73         [ 1]  411 	ld	0x7f73, a
                                    412 ;	./STM8S_StdPeriph_Lib/Libraries/STM8S_StdPeriph_Driver/src/stm8s_itc.c: 283: ITC->ISPR4 |= NewPriority;
      0001E8 C6 7F 73         [ 1]  413 	ld	a, 0x7f73
      0001EB 1A 03            [ 1]  414 	or	a, (0x03, sp)
      0001ED C7 7F 73         [ 1]  415 	ld	0x7f73, a
                                    416 ;	./STM8S_StdPeriph_Lib/Libraries/STM8S_StdPeriph_Driver/src/stm8s_itc.c: 284: break;
      0001F0 20 34            [ 2]  417 	jra	00124$
                                    418 ;	./STM8S_StdPeriph_Lib/Libraries/STM8S_StdPeriph_Driver/src/stm8s_itc.c: 296: case ITC_IRQ_I2C:
      0001F2                        419 00118$:
                                    420 ;	./STM8S_StdPeriph_Lib/Libraries/STM8S_StdPeriph_Driver/src/stm8s_itc.c: 297: ITC->ISPR5 &= Mask;
      0001F2 C6 7F 74         [ 1]  421 	ld	a, 0x7f74
      0001F5 14 02            [ 1]  422 	and	a, (0x02, sp)
      0001F7 C7 7F 74         [ 1]  423 	ld	0x7f74, a
                                    424 ;	./STM8S_StdPeriph_Lib/Libraries/STM8S_StdPeriph_Driver/src/stm8s_itc.c: 298: ITC->ISPR5 |= NewPriority;
      0001FA C6 7F 74         [ 1]  425 	ld	a, 0x7f74
      0001FD 1A 03            [ 1]  426 	or	a, (0x03, sp)
      0001FF C7 7F 74         [ 1]  427 	ld	0x7f74, a
                                    428 ;	./STM8S_StdPeriph_Lib/Libraries/STM8S_StdPeriph_Driver/src/stm8s_itc.c: 299: break;
      000202 20 22            [ 2]  429 	jra	00124$
                                    430 ;	./STM8S_StdPeriph_Lib/Libraries/STM8S_StdPeriph_Driver/src/stm8s_itc.c: 321: case ITC_IRQ_TIM4_OVF:
      000204                        431 00120$:
                                    432 ;	./STM8S_StdPeriph_Lib/Libraries/STM8S_StdPeriph_Driver/src/stm8s_itc.c: 323: ITC->ISPR6 &= Mask;
      000204 C6 7F 75         [ 1]  433 	ld	a, 0x7f75
      000207 14 02            [ 1]  434 	and	a, (0x02, sp)
      000209 C7 7F 75         [ 1]  435 	ld	0x7f75, a
                                    436 ;	./STM8S_StdPeriph_Lib/Libraries/STM8S_StdPeriph_Driver/src/stm8s_itc.c: 324: ITC->ISPR6 |= NewPriority;
      00020C C6 7F 75         [ 1]  437 	ld	a, 0x7f75
      00020F 1A 03            [ 1]  438 	or	a, (0x03, sp)
      000211 C7 7F 75         [ 1]  439 	ld	0x7f75, a
                                    440 ;	./STM8S_StdPeriph_Lib/Libraries/STM8S_StdPeriph_Driver/src/stm8s_itc.c: 325: break;
      000214 20 10            [ 2]  441 	jra	00124$
                                    442 ;	./STM8S_StdPeriph_Lib/Libraries/STM8S_StdPeriph_Driver/src/stm8s_itc.c: 327: case ITC_IRQ_EEPROM_EEC:
      000216                        443 00121$:
                                    444 ;	./STM8S_StdPeriph_Lib/Libraries/STM8S_StdPeriph_Driver/src/stm8s_itc.c: 328: ITC->ISPR7 &= Mask;
      000216 C6 7F 76         [ 1]  445 	ld	a, 0x7f76
      000219 14 02            [ 1]  446 	and	a, (0x02, sp)
      00021B C7 7F 76         [ 1]  447 	ld	0x7f76, a
                                    448 ;	./STM8S_StdPeriph_Lib/Libraries/STM8S_StdPeriph_Driver/src/stm8s_itc.c: 329: ITC->ISPR7 |= NewPriority;
      00021E C6 7F 76         [ 1]  449 	ld	a, 0x7f76
      000221 1A 03            [ 1]  450 	or	a, (0x03, sp)
      000223 C7 7F 76         [ 1]  451 	ld	0x7f76, a
                                    452 ;	./STM8S_StdPeriph_Lib/Libraries/STM8S_StdPeriph_Driver/src/stm8s_itc.c: 334: }
      000226                        453 00124$:
                                    454 ;	./STM8S_StdPeriph_Lib/Libraries/STM8S_StdPeriph_Driver/src/stm8s_itc.c: 335: }
      000226 5B 04            [ 2]  455 	addw	sp, #4
      000228 85               [ 2]  456 	popw	x
      000229 84               [ 1]  457 	pop	a
      00022A FC               [ 2]  458 	jp	(x)
                                    459 	.area CODE
                                    460 	.area CONST
                                    461 	.area CONST
      000000                        462 ___str_0:
      000000 2E 2F 53 54 4D 38 53   463 	.ascii "./STM8S_StdPeriph_Lib/Libraries/STM8S_StdPeriph_Driver/src/s"
             5F 53 74 64 50 65 72
             69 70 68 5F 4C 69 62
             2F 4C 69 62 72 61 72
             69 65 73 2F 53 54 4D
             38 53 5F 53 74 64 50
             65 72 69 70 68 5F 44
             72 69 76 65 72 2F 73
             72 63 2F 73
      00003C 74 6D 38 73 5F 69 74   464 	.ascii "tm8s_itc.c"
             63 2E 63
      000046 00                     465 	.db 0x00
                                    466 	.area CODE
                                    467 	.area INITIALIZER
                                    468 	.area CABS (ABS)
